<?xml version="1.0" encoding="utf-8"?><Tests><edtdocversion branch="retail" build="50727" revision="42" /><TestRun type="Microsoft.VisualStudio.TestTools.Common.TestRun"><id type="System.Guid">0934e09b-aed6-47ec-9418-b3123de1ee80</id><name type="System.String">Administrator@MYCHAT-2E812B01 2006-02-25 21:44:14</name><runUser type="System.String">MYCHAT-2E812B01\Administrator</runUser><runConfig type="Microsoft.VisualStudio.TestTools.Common.TestRunConfiguration"><id type="Microsoft.VisualStudio.TestTools.Common.TestRunConfigurationId"><id type="System.Guid">9c2d2341-1797-4354-9454-a122001ec55d</id></id><name type="System.String">Local Test Run</name><description type="System.String">This is a default test run configuration for a local test run.</description><isCodeCoverageEnabled type="System.Boolean">False</isCodeCoverageEnabled><codeCoverageItems type="System.Collections.Generic.List`1[[Microsoft.VisualStudio.TestTools.Common.CodeCoverageItem, Microsoft.VisualStudio.QualityTools.Common, Version=8.0.0.0, Culture=neutral, PublicKeyToken=b03f5f7f11d50a3a]]"><_size type="System.Int32">0</_size><_version type="System.Int32">0</_version></codeCoverageItems><codeCoverageKeyFile type="System.String" /><aspNetProjectCoverageItems type="System.Collections.Generic.List`1[[Microsoft.VisualStudio.TestTools.Common.AspNetProjectItem, Microsoft.VisualStudio.QualityTools.Common, Version=8.0.0.0, Culture=neutral, PublicKeyToken=b03f5f7f11d50a3a]]"><_size type="System.Int32">0</_size><_version type="System.Int32">0</_version></aspNetProjectCoverageItems><isExecutedRemotely type="System.Boolean">False</isExecutedRemotely><bucketSize type="System.Int32">200</bucketSize><bucketThreshold type="System.Int32">1000</bucketThreshold><runTimeout type="System.Int32">0</runTimeout><testTimeout type="System.Int32">300000</testTimeout><agentNotRespondingTimeout type="System.Int32">300000</agentNotRespondingTimeout><deploymentTimeout type="System.Int32">300000</deploymentTimeout><controllerName type="System.String" /><plugins type="System.Collections.Generic.List`1[[System.String, mscorlib, Version=2.0.0.0, Culture=neutral, PublicKeyToken=b77a5c561934e089]]"><_items type="System.String[]"><element type="System.String">Microsoft.VisualStudio.TestTools.HostAdapters.AspNetPlugin, Microsoft.VisualStudio.QualityTools.HostAdapters.ASPNETAgent, Version=8.0.0.0, PublicKeyToken=b03f5f7f11d50a3a</element><element /><element /><element /></_items><_size type="System.Int32">1</_size><_version type="System.Int32">1</_version></plugins><testTypeSpecificData type="System.Collections.Generic.Dictionary`2[[Microsoft.VisualStudio.TestTools.Common.TestType, Microsoft.VisualStudio.QualityTools.Common, Version=8.0.0.0, Culture=neutral, PublicKeyToken=b03f5f7f11d50a3a],[Microsoft.VisualStudio.TestTools.Common.ITestTypeSpecificRunConfigurationData, Microsoft.VisualStudio.QualityTools.Common, Version=8.0.0.0, Culture=neutral, PublicKeyToken=b03f5f7f11d50a3a]]"><count type="System.Int32">0</count><version type="System.Int32">0</version><freeList type="System.Int32">0</freeList><freeCount type="System.Int32">0</freeCount><comparer type="System.Collections.Generic.ObjectEqualityComparer`1[[Microsoft.VisualStudio.TestTools.Common.TestType, Microsoft.VisualStudio.QualityTools.Common, Version=8.0.0.0, Culture=neutral, PublicKeyToken=b03f5f7f11d50a3a]]" /></testTypeSpecificData><userDeploymentRoot type="System.String" /><useDefaultDeploymentRoot type="System.Boolean">True</useDefaultDeploymentRoot><runDeploymentRoot type="System.String">C:\Downloads\ConsoleApplication2\TestResults\Administrator_MYCHAT-2E812B01 2006-02-25 21_44_14</runDeploymentRoot><deploymentItems type="Microsoft.VisualStudio.TestTools.Common.DeploymentItemCollection"><m_container type="System.Collections.Hashtable"><key type="Microsoft.VisualStudio.TestTools.Common.DeploymentItem"><path type="System.String">C:\Downloads\ConsoleApplication2\TestProject2\bin\Debug\TestProject2.dll</path><outputDirectory type="System.String" /></key><value /><key type="Microsoft.VisualStudio.TestTools.Common.DeploymentItem"><path type="System.String">C:\Downloads\ConsoleApplication2\ChuiWenChiu.Utility\bin\Debug\ChuiWenChiu.Utility.dll</path><outputDirectory type="System.String" /></key><value /></m_container></deploymentItems><testRunNamingScheme type="Microsoft.VisualStudio.TestTools.Common.TestRunNamingScheme"><appendTimeStamp type="System.Boolean">True</appendTimeStamp><useDefault type="System.Boolean">True</useDefault></testRunNamingScheme><setupCommand type="System.String" /><cleanupCommand type="System.String" /><abortRunOnError type="System.Boolean">False</abortRunOnError><mapIPAddresses type="System.Boolean">False</mapIPAddresses><agentProperties type="System.Collections.Specialized.StringDictionary, System, Version=2.0.0.0, Culture=neutral, PublicKeyToken=b77a5c561934e089" /><hostData type="Microsoft.VisualStudio.TestTools.Common.HostRunConfigurationData"><mapHostSpecificData type="System.Collections.Generic.Dictionary`2[[System.String, mscorlib, Version=2.0.0.0, Culture=neutral, PublicKeyToken=b77a5c561934e089],[Microsoft.VisualStudio.TestTools.Common.IHostSpecificRunConfigurationData, Microsoft.VisualStudio.QualityTools.Common, Version=8.0.0.0, Culture=neutral, PublicKeyToken=b03f5f7f11d50a3a]]"><count type="System.Int32">0</count><version type="System.Int32">0</version><freeList type="System.Int32">0</freeList><freeCount type="System.Int32">0</freeCount><comparer type="System.Collections.Generic.GenericEqualityComparer`1[[System.String, mscorlib, Version=2.0.0.0, Culture=neutral, PublicKeyToken=b77a5c561934e089]]" /></mapHostSpecificData></hostData><ignoredDependentAssemblies type="System.String" /><apartmentState type="System.Threading.ApartmentState"><value__ type="System.Int32">0</value__></apartmentState></runConfig><result type="Microsoft.VisualStudio.TestTools.Common.RunResultAndStatistics"><runInfoList type="System.Collections.Generic.List`1[[Microsoft.VisualStudio.TestTools.Common.RunInfo, Microsoft.VisualStudio.QualityTools.Common, Version=8.0.0.0, Culture=neutral, PublicKeyToken=b03f5f7f11d50a3a]]"><_size type="System.Int32">0</_size><_version type="System.Int32">0</_version></runInfoList><totalTestCount type="System.Int32">89</totalTestCount><executedTestCount type="System.Int32">89</executedTestCount><passedTestCount type="System.Int32">0</passedTestCount><stdout type="System.String" /><stderr type="System.String" /><debugTrace type="System.String" /><outcome type="Microsoft.VisualStudio.TestTools.Common.TestOutcome"><value__ type="System.Int32">1</value__></outcome><counters type="System.Int32">0,39,0,0,50,0,0,0,0,0,0,0,0,0</counters><isPartialRun type="System.Boolean">False</isPartialRun></result><creationTime type="System.DateTime"><dateData type="System.UInt64">5244450736971450404</dateData></creationTime><queueingTime type="System.DateTime"><dateData type="System.UInt64">5244450737013794154</dateData></queueingTime><startTime type="System.DateTime"><dateData type="System.UInt64">5244450737022231654</dateData></startTime><finishTime type="System.DateTime"><dateData type="System.UInt64">5244450737118950404</dateData></finishTime><tests type="System.Collections.Hashtable"><key type="Microsoft.VisualStudio.TestTools.Common.TestId"><id type="System.Guid">4baa049e-d8f1-64d8-a8cd-5104e2570818</id></key><value type="Microsoft.VisualStudio.TestTools.TestTypes.Unit.UnitTestElement, Microsoft.VisualStudio.QualityTools.Tips.UnitTest.ObjectModel, Version=8.0.0.0, Culture=neutral, PublicKeyToken=b03f5f7f11d50a3a"><codeBase type="System.String">C:\Downloads\ConsoleApplication2\TestProject2\bin\Debug\TestProject2.dll</codeBase><adapterTypeName type="System.String">Microsoft.VisualStudio.TestTools.TestTypes.Unit.UnitTestAdapter, Microsoft.VisualStudio.QualityTools.Tips.UnitTest.Adapter, Version=8.0.0.0, Culture=neutral, PublicKeyToken=b03f5f7f11d50a3a</adapterTypeName><testMethod type="Microsoft.VisualStudio.TestTools.TestTypes.Unit.TestMethod, Microsoft.VisualStudio.QualityTools.Tips.UnitTest.ObjectModel, Version=8.0.0.0, Culture=neutral, PublicKeyToken=b03f5f7f11d50a3a"><className type="System.String">TestProject2.CWMVersionTest, TestProject2</className><name type="System.String">ConstructorTest</name><expectedExceptionMessage type="System.String" /><isValid type="System.Boolean">False</isValid></testMethod><aspNetDevServers type="System.Collections.Generic.List`1[[Microsoft.VisualStudio.TestTools.Common.AspNetDevelopmentServer, Microsoft.VisualStudio.QualityTools.Common, Version=8.0.0.0, Culture=neutral, PublicKeyToken=b03f5f7f11d50a3a]]"><_size type="System.Int32">0</_size><_version type="System.Int32">0</_version></aspNetDevServers><dataAccessMethod type="Microsoft.VisualStudio.TestTools.UnitTesting.DataAccessMethod, Microsoft.VisualStudio.QualityTools.UnitTestFramework, Version=8.0.0.0, Culture=neutral, PublicKeyToken=b03f5f7f11d50a3a"><value__ type="System.Int32">0</value__></dataAccessMethod><cssProjectStructure type="System.String" /><isRunOnRestart type="System.Boolean">False</isRunOnRestart><timeOut type="System.Int32">0</timeOut><isGroupable type="System.Boolean">True</isGroupable><abortRunOnAgentFailure type="System.Boolean">False</abortRunOnAgentFailure><cssIteration type="System.String" /><workItemIds type="System.Collections.Generic.List`1[[System.Int32, mscorlib, Version=2.0.0.0, Culture=neutral, PublicKeyToken=b77a5c561934e089]]"><_size type="System.Int32">0</_size><_version type="System.Int32">1</_version></workItemIds><id type="Microsoft.VisualStudio.TestTools.Common.TestId"><id type="System.Guid">4baa049e-d8f1-64d8-a8cd-5104e2570818</id></id><name type="System.String">ConstructorTest</name><description type="System.String" /><enabled type="System.Boolean">True</enabled><owner type="System.String" /><priority type="System.Int32">0</priority><executionId type="Microsoft.VisualStudio.TestTools.Common.TestExecId"><id type="System.Guid">00000000-0000-0000-0000-000000000000</id></executionId><parentExecutId type="Microsoft.VisualStudio.TestTools.Common.TestExecId"><id type="System.Guid">00000000-0000-0000-0000-000000000000</id></parentExecutId><deploymentItems type="Microsoft.VisualStudio.TestTools.Common.DeploymentItemCollection" /><agentAttributes type="System.Collections.Specialized.StringDictionary, System, Version=2.0.0.0, Culture=neutral, PublicKeyToken=b77a5c561934e089" /><storage type="System.String">c:\downloads\consoleapplication2\testproject2\bin\debug\testproject2.dll</storage><projectData type="Microsoft.VisualStudio.TestTools.Common.ProjectData"><id type="System.Guid">087a098d-18f5-4600-b1e1-7a4bbfae9b7b</id><projectName type="System.String">TestProject2</projectName><solutionName type="System.String">ConsoleApplication2</solutionName><projectRelativePath type="System.String">TestProject2\TestProject2.csproj</projectRelativePath></projectData><m_nonRunnableReason type="System.String" /></value><key type="Microsoft.VisualStudio.TestTools.Common.TestId"><id type="System.Guid">817820d8-0940-dfd4-7da5-3e52da9e3001</id></key><value type="Microsoft.VisualStudio.TestTools.TestTypes.Unit.UnitTestElement, Microsoft.VisualStudio.QualityTools.Tips.UnitTest.ObjectModel, Version=8.0.0.0, Culture=neutral, PublicKeyToken=b03f5f7f11d50a3a"><codeBase type="System.String">C:\Downloads\ConsoleApplication2\TestProject2\bin\Debug\TestProject2.dll</codeBase><adapterTypeName type="System.String">Microsoft.VisualStudio.TestTools.TestTypes.Unit.UnitTestAdapter, Microsoft.VisualStudio.QualityTools.Tips.UnitTest.Adapter, Version=8.0.0.0, Culture=neutral, PublicKeyToken=b03f5f7f11d50a3a</adapterTypeName><testMethod type="Microsoft.VisualStudio.TestTools.TestTypes.Unit.TestMethod, Microsoft.VisualStudio.QualityTools.Tips.UnitTest.ObjectModel, Version=8.0.0.0, Culture=neutral, PublicKeyToken=b03f5f7f11d50a3a"><className type="System.String">TestProject2.CWMVersionTest, TestProject2</className><name type="System.String">ProjectsTest</name><expectedExceptionMessage type="System.String" /><isValid type="System.Boolean">False</isValid></testMethod><aspNetDevServers type="System.Collections.Generic.List`1[[Microsoft.VisualStudio.TestTools.Common.AspNetDevelopmentServer, Microsoft.VisualStudio.QualityTools.Common, Version=8.0.0.0, Culture=neutral, PublicKeyToken=b03f5f7f11d50a3a]]"><_size type="System.Int32">0</_size><_version type="System.Int32">0</_version></aspNetDevServers><dataAccessMethod type="Microsoft.VisualStudio.TestTools.UnitTesting.DataAccessMethod, Microsoft.VisualStudio.QualityTools.UnitTestFramework, Version=8.0.0.0, Culture=neutral, PublicKeyToken=b03f5f7f11d50a3a"><value__ type="System.Int32">0</value__></dataAccessMethod><cssProjectStructure type="System.String" /><isRunOnRestart type="System.Boolean">False</isRunOnRestart><timeOut type="System.Int32">0</timeOut><isGroupable type="System.Boolean">True</isGroupable><abortRunOnAgentFailure type="System.Boolean">False</abortRunOnAgentFailure><cssIteration type="System.String" /><workItemIds type="System.Collections.Generic.List`1[[System.Int32, mscorlib, Version=2.0.0.0, Culture=neutral, PublicKeyToken=b77a5c561934e089]]"><_size type="System.Int32">0</_size><_version type="System.Int32">1</_version></workItemIds><id type="Microsoft.VisualStudio.TestTools.Common.TestId"><id type="System.Guid">817820d8-0940-dfd4-7da5-3e52da9e3001</id></id><name type="System.String">ProjectsTest</name><description type="System.String" /><enabled type="System.Boolean">True</enabled><owner type="System.String" /><priority type="System.Int32">0</priority><executionId type="Microsoft.VisualStudio.TestTools.Common.TestExecId"><id type="System.Guid">00000000-0000-0000-0000-000000000000</id></executionId><parentExecutId type="Microsoft.VisualStudio.TestTools.Common.TestExecId"><id type="System.Guid">00000000-0000-0000-0000-000000000000</id></parentExecutId><deploymentItems type="Microsoft.VisualStudio.TestTools.Common.DeploymentItemCollection" /><agentAttributes type="System.Collections.Specialized.StringDictionary, System, Version=2.0.0.0, Culture=neutral, PublicKeyToken=b77a5c561934e089" /><storage type="System.String">c:\downloads\consoleapplication2\testproject2\bin\debug\testproject2.dll</storage><projectData type="Microsoft.VisualStudio.TestTools.Common.ProjectData"><id type="System.Guid">087a098d-18f5-4600-b1e1-7a4bbfae9b7b</id><projectName type="System.String">TestProject2</projectName><solutionName type="System.String">ConsoleApplication2</solutionName><projectRelativePath type="System.String">TestProject2\TestProject2.csproj</projectRelativePath></projectData><m_nonRunnableReason type="System.String" /></value><key type="Microsoft.VisualStudio.TestTools.Common.TestId"><id type="System.Guid">802b5280-4c00-8661-e170-9538279338f0</id></key><value type="Microsoft.VisualStudio.TestTools.TestTypes.Unit.UnitTestElement, Microsoft.VisualStudio.QualityTools.Tips.UnitTest.ObjectModel, Version=8.0.0.0, Culture=neutral, PublicKeyToken=b03f5f7f11d50a3a"><codeBase type="System.String">C:\Downloads\ConsoleApplication2\TestProject2\bin\Debug\TestProject2.dll</codeBase><adapterTypeName type="System.String">Microsoft.VisualStudio.TestTools.TestTypes.Unit.UnitTestAdapter, Microsoft.VisualStudio.QualityTools.Tips.UnitTest.Adapter, Version=8.0.0.0, Culture=neutral, PublicKeyToken=b03f5f7f11d50a3a</adapterTypeName><testMethod type="Microsoft.VisualStudio.TestTools.TestTypes.Unit.TestMethod, Microsoft.VisualStudio.QualityTools.Tips.UnitTest.ObjectModel, Version=8.0.0.0, Culture=neutral, PublicKeyToken=b03f5f7f11d50a3a"><className type="System.String">TestProject2.CXMLConfigTest, TestProject2</className><name type="System.String">PackFolderTest</name><expectedExceptionMessage type="System.String" /><isValid type="System.Boolean">False</isValid></testMethod><aspNetDevServers type="System.Collections.Generic.List`1[[Microsoft.VisualStudio.TestTools.Common.AspNetDevelopmentServer, Microsoft.VisualStudio.QualityTools.Common, Version=8.0.0.0, Culture=neutral, PublicKeyToken=b03f5f7f11d50a3a]]"><_size type="System.Int32">0</_size><_version type="System.Int32">0</_version></aspNetDevServers><dataAccessMethod type="Microsoft.VisualStudio.TestTools.UnitTesting.DataAccessMethod, Microsoft.VisualStudio.QualityTools.UnitTestFramework, Version=8.0.0.0, Culture=neutral, PublicKeyToken=b03f5f7f11d50a3a"><value__ type="System.Int32">0</value__></dataAccessMethod><cssProjectStructure type="System.String" /><isRunOnRestart type="System.Boolean">False</isRunOnRestart><timeOut type="System.Int32">0</timeOut><isGroupable type="System.Boolean">True</isGroupable><abortRunOnAgentFailure type="System.Boolean">False</abortRunOnAgentFailure><cssIteration type="System.String" /><workItemIds type="System.Collections.Generic.List`1[[System.Int32, mscorlib, Version=2.0.0.0, Culture=neutral, PublicKeyToken=b77a5c561934e089]]"><_size type="System.Int32">0</_size><_version type="System.Int32">1</_version></workItemIds><id type="Microsoft.VisualStudio.TestTools.Common.TestId"><id type="System.Guid">802b5280-4c00-8661-e170-9538279338f0</id></id><name type="System.String">PackFolderTest</name><description type="System.String" /><enabled type="System.Boolean">True</enabled><owner type="System.String" /><priority type="System.Int32">0</priority><executionId type="Microsoft.VisualStudio.TestTools.Common.TestExecId"><id type="System.Guid">00000000-0000-0000-0000-000000000000</id></executionId><parentExecutId type="Microsoft.VisualStudio.TestTools.Common.TestExecId"><id type="System.Guid">00000000-0000-0000-0000-000000000000</id></parentExecutId><deploymentItems type="Microsoft.VisualStudio.TestTools.Common.DeploymentItemCollection" /><agentAttributes type="System.Collections.Specialized.StringDictionary, System, Version=2.0.0.0, Culture=neutral, PublicKeyToken=b77a5c561934e089" /><storage type="System.String">c:\downloads\consoleapplication2\testproject2\bin\debug\testproject2.dll</storage><projectData type="Microsoft.VisualStudio.TestTools.Common.ProjectData"><id type="System.Guid">087a098d-18f5-4600-b1e1-7a4bbfae9b7b</id><projectName type="System.String">TestProject2</projectName><solutionName type="System.String">ConsoleApplication2</solutionName><projectRelativePath type="System.String">TestProject2\TestProject2.csproj</projectRelativePath></projectData><m_nonRunnableReason type="System.String" /></value><key type="Microsoft.VisualStudio.TestTools.Common.TestId"><id type="System.Guid">c1cdd32f-2964-5d26-5882-de4d0229562e</id></key><value type="Microsoft.VisualStudio.TestTools.TestTypes.Unit.UnitTestElement, Microsoft.VisualStudio.QualityTools.Tips.UnitTest.ObjectModel, Version=8.0.0.0, Culture=neutral, PublicKeyToken=b03f5f7f11d50a3a"><codeBase type="System.String">C:\Downloads\ConsoleApplication2\TestProject2\bin\Debug\TestProject2.dll</codeBase><adapterTypeName type="System.String">Microsoft.VisualStudio.TestTools.TestTypes.Unit.UnitTestAdapter, Microsoft.VisualStudio.QualityTools.Tips.UnitTest.Adapter, Version=8.0.0.0, Culture=neutral, PublicKeyToken=b03f5f7f11d50a3a</adapterTypeName><testMethod type="Microsoft.VisualStudio.TestTools.TestTypes.Unit.TestMethod, Microsoft.VisualStudio.QualityTools.Tips.UnitTest.ObjectModel, Version=8.0.0.0, Culture=neutral, PublicKeyToken=b03f5f7f11d50a3a"><className type="System.String">TestProject2.RegexPackNameTest, TestProject2</className><name type="System.String">ConstructorTest</name><expectedExceptionMessage type="System.String" /><isValid type="System.Boolean">False</isValid></testMethod><aspNetDevServers type="System.Collections.Generic.List`1[[Microsoft.VisualStudio.TestTools.Common.AspNetDevelopmentServer, Microsoft.VisualStudio.QualityTools.Common, Version=8.0.0.0, Culture=neutral, PublicKeyToken=b03f5f7f11d50a3a]]"><_size type="System.Int32">0</_size><_version type="System.Int32">0</_version></aspNetDevServers><dataAccessMethod type="Microsoft.VisualStudio.TestTools.UnitTesting.DataAccessMethod, Microsoft.VisualStudio.QualityTools.UnitTestFramework, Version=8.0.0.0, Culture=neutral, PublicKeyToken=b03f5f7f11d50a3a"><value__ type="System.Int32">0</value__></dataAccessMethod><cssProjectStructure type="System.String" /><isRunOnRestart type="System.Boolean">False</isRunOnRestart><timeOut type="System.Int32">0</timeOut><isGroupable type="System.Boolean">True</isGroupable><abortRunOnAgentFailure type="System.Boolean">False</abortRunOnAgentFailure><cssIteration type="System.String" /><workItemIds type="System.Collections.Generic.List`1[[System.Int32, mscorlib, Version=2.0.0.0, Culture=neutral, PublicKeyToken=b77a5c561934e089]]"><_size type="System.Int32">0</_size><_version type="System.Int32">1</_version></workItemIds><id type="Microsoft.VisualStudio.TestTools.Common.TestId"><id type="System.Guid">c1cdd32f-2964-5d26-5882-de4d0229562e</id></id><name type="System.String">ConstructorTest</name><description type="System.String" /><enabled type="System.Boolean">True</enabled><owner type="System.String" /><priority type="System.Int32">0</priority><executionId type="Microsoft.VisualStudio.TestTools.Common.TestExecId"><id type="System.Guid">00000000-0000-0000-0000-000000000000</id></executionId><parentExecutId type="Microsoft.VisualStudio.TestTools.Common.TestExecId"><id type="System.Guid">00000000-0000-0000-0000-000000000000</id></parentExecutId><deploymentItems type="Microsoft.VisualStudio.TestTools.Common.DeploymentItemCollection" /><agentAttributes type="System.Collections.Specialized.StringDictionary, System, Version=2.0.0.0, Culture=neutral, PublicKeyToken=b77a5c561934e089" /><storage type="System.String">c:\downloads\consoleapplication2\testproject2\bin\debug\testproject2.dll</storage><projectData type="Microsoft.VisualStudio.TestTools.Common.ProjectData"><id type="System.Guid">087a098d-18f5-4600-b1e1-7a4bbfae9b7b</id><projectName type="System.String">TestProject2</projectName><solutionName type="System.String">ConsoleApplication2</solutionName><projectRelativePath type="System.String">TestProject2\TestProject2.csproj</projectRelativePath></projectData><m_nonRunnableReason type="System.String" /></value><key type="Microsoft.VisualStudio.TestTools.Common.TestId"><id type="System.Guid">9f11d4d2-960b-8eb8-debf-b70d8e9000e6</id></key><value type="Microsoft.VisualStudio.TestTools.TestTypes.Unit.UnitTestElement, Microsoft.VisualStudio.QualityTools.Tips.UnitTest.ObjectModel, Version=8.0.0.0, Culture=neutral, PublicKeyToken=b03f5f7f11d50a3a"><codeBase type="System.String">C:\Downloads\ConsoleApplication2\TestProject2\bin\Debug\TestProject2.dll</codeBase><adapterTypeName type="System.String">Microsoft.VisualStudio.TestTools.TestTypes.Unit.UnitTestAdapter, Microsoft.VisualStudio.QualityTools.Tips.UnitTest.Adapter, Version=8.0.0.0, Culture=neutral, PublicKeyToken=b03f5f7f11d50a3a</adapterTypeName><testMethod type="Microsoft.VisualStudio.TestTools.TestTypes.Unit.TestMethod, Microsoft.VisualStudio.QualityTools.Tips.UnitTest.ObjectModel, Version=8.0.0.0, Culture=neutral, PublicKeyToken=b03f5f7f11d50a3a"><className type="System.String">TestProject2.CStateTest, TestProject2</className><name type="System.String">UnencodeListTest</name><expectedExceptionMessage type="System.String" /><isValid type="System.Boolean">False</isValid></testMethod><aspNetDevServers type="System.Collections.Generic.List`1[[Microsoft.VisualStudio.TestTools.Common.AspNetDevelopmentServer, Microsoft.VisualStudio.QualityTools.Common, Version=8.0.0.0, Culture=neutral, PublicKeyToken=b03f5f7f11d50a3a]]"><_size type="System.Int32">0</_size><_version type="System.Int32">0</_version></aspNetDevServers><dataAccessMethod type="Microsoft.VisualStudio.TestTools.UnitTesting.DataAccessMethod, Microsoft.VisualStudio.QualityTools.UnitTestFramework, Version=8.0.0.0, Culture=neutral, PublicKeyToken=b03f5f7f11d50a3a"><value__ type="System.Int32">0</value__></dataAccessMethod><cssProjectStructure type="System.String" /><isRunOnRestart type="System.Boolean">False</isRunOnRestart><timeOut type="System.Int32">0</timeOut><isGroupable type="System.Boolean">True</isGroupable><abortRunOnAgentFailure type="System.Boolean">False</abortRunOnAgentFailure><cssIteration type="System.String" /><workItemIds type="System.Collections.Generic.List`1[[System.Int32, mscorlib, Version=2.0.0.0, Culture=neutral, PublicKeyToken=b77a5c561934e089]]"><_size type="System.Int32">0</_size><_version type="System.Int32">1</_version></workItemIds><id type="Microsoft.VisualStudio.TestTools.Common.TestId"><id type="System.Guid">9f11d4d2-960b-8eb8-debf-b70d8e9000e6</id></id><name type="System.String">UnencodeListTest</name><description type="System.String" /><enabled type="System.Boolean">True</enabled><owner type="System.String" /><priority type="System.Int32">0</priority><executionId type="Microsoft.VisualStudio.TestTools.Common.TestExecId"><id type="System.Guid">00000000-0000-0000-0000-000000000000</id></executionId><parentExecutId type="Microsoft.VisualStudio.TestTools.Common.TestExecId"><id type="System.Guid">00000000-0000-0000-0000-000000000000</id></parentExecutId><deploymentItems type="Microsoft.VisualStudio.TestTools.Common.DeploymentItemCollection" /><agentAttributes type="System.Collections.Specialized.StringDictionary, System, Version=2.0.0.0, Culture=neutral, PublicKeyToken=b77a5c561934e089" /><storage type="System.String">c:\downloads\consoleapplication2\testproject2\bin\debug\testproject2.dll</storage><projectData type="Microsoft.VisualStudio.TestTools.Common.ProjectData"><id type="System.Guid">087a098d-18f5-4600-b1e1-7a4bbfae9b7b</id><projectName type="System.String">TestProject2</projectName><solutionName type="System.String">ConsoleApplication2</solutionName><projectRelativePath type="System.String">TestProject2\TestProject2.csproj</projectRelativePath></projectData><m_nonRunnableReason type="System.String" /></value><key type="Microsoft.VisualStudio.TestTools.Common.TestId"><id type="System.Guid">ae5d35ed-e499-9fbf-2cd0-62ee4af477db</id></key><value type="Microsoft.VisualStudio.TestTools.TestTypes.Unit.UnitTestElement, Microsoft.VisualStudio.QualityTools.Tips.UnitTest.ObjectModel, Version=8.0.0.0, Culture=neutral, PublicKeyToken=b03f5f7f11d50a3a"><codeBase type="System.String">C:\Downloads\ConsoleApplication2\TestProject2\bin\Debug\TestProject2.dll</codeBase><adapterTypeName type="System.String">Microsoft.VisualStudio.TestTools.TestTypes.Unit.UnitTestAdapter, Microsoft.VisualStudio.QualityTools.Tips.UnitTest.Adapter, Version=8.0.0.0, Culture=neutral, PublicKeyToken=b03f5f7f11d50a3a</adapterTypeName><testMethod type="Microsoft.VisualStudio.TestTools.TestTypes.Unit.TestMethod, Microsoft.VisualStudio.QualityTools.Tips.UnitTest.ObjectModel, Version=8.0.0.0, Culture=neutral, PublicKeyToken=b03f5f7f11d50a3a"><className type="System.String">TestProject2.CXMLConfigTest, TestProject2</className><name type="System.String">EncoderUsernameTest</name><expectedExceptionMessage type="System.String" /><isValid type="System.Boolean">False</isValid></testMethod><aspNetDevServers type="System.Collections.Generic.List`1[[Microsoft.VisualStudio.TestTools.Common.AspNetDevelopmentServer, Microsoft.VisualStudio.QualityTools.Common, Version=8.0.0.0, Culture=neutral, PublicKeyToken=b03f5f7f11d50a3a]]"><_size type="System.Int32">0</_size><_version type="System.Int32">0</_version></aspNetDevServers><dataAccessMethod type="Microsoft.VisualStudio.TestTools.UnitTesting.DataAccessMethod, Microsoft.VisualStudio.QualityTools.UnitTestFramework, Version=8.0.0.0, Culture=neutral, PublicKeyToken=b03f5f7f11d50a3a"><value__ type="System.Int32">0</value__></dataAccessMethod><cssProjectStructure type="System.String" /><isRunOnRestart type="System.Boolean">False</isRunOnRestart><timeOut type="System.Int32">0</timeOut><isGroupable type="System.Boolean">True</isGroupable><abortRunOnAgentFailure type="System.Boolean">False</abortRunOnAgentFailure><cssIteration type="System.String" /><workItemIds type="System.Collections.Generic.List`1[[System.Int32, mscorlib, Version=2.0.0.0, Culture=neutral, PublicKeyToken=b77a5c561934e089]]"><_size type="System.Int32">0</_size><_version type="System.Int32">1</_version></workItemIds><id type="Microsoft.VisualStudio.TestTools.Common.TestId"><id type="System.Guid">ae5d35ed-e499-9fbf-2cd0-62ee4af477db</id></id><name type="System.String">EncoderUsernameTest</name><description type="System.String" /><enabled type="System.Boolean">True</enabled><owner type="System.String" /><priority type="System.Int32">0</priority><executionId type="Microsoft.VisualStudio.TestTools.Common.TestExecId"><id type="System.Guid">00000000-0000-0000-0000-000000000000</id></executionId><parentExecutId type="Microsoft.VisualStudio.TestTools.Common.TestExecId"><id type="System.Guid">00000000-0000-0000-0000-000000000000</id></parentExecutId><deploymentItems type="Microsoft.VisualStudio.TestTools.Common.DeploymentItemCollection" /><agentAttributes type="System.Collections.Specialized.StringDictionary, System, Version=2.0.0.0, Culture=neutral, PublicKeyToken=b77a5c561934e089" /><storage type="System.String">c:\downloads\consoleapplication2\testproject2\bin\debug\testproject2.dll</storage><projectData type="Microsoft.VisualStudio.TestTools.Common.ProjectData"><id type="System.Guid">087a098d-18f5-4600-b1e1-7a4bbfae9b7b</id><projectName type="System.String">TestProject2</projectName><solutionName type="System.String">ConsoleApplication2</solutionName><projectRelativePath type="System.String">TestProject2\TestProject2.csproj</projectRelativePath></projectData><m_nonRunnableReason type="System.String" /></value><key type="Microsoft.VisualStudio.TestTools.Common.TestId"><id type="System.Guid">dc58626d-fe61-7d1a-5e3d-2600720813f5</id></key><value type="Microsoft.VisualStudio.TestTools.TestTypes.Unit.UnitTestElement, Microsoft.VisualStudio.QualityTools.Tips.UnitTest.ObjectModel, Version=8.0.0.0, Culture=neutral, PublicKeyToken=b03f5f7f11d50a3a"><codeBase type="System.String">C:\Downloads\ConsoleApplication2\TestProject2\bin\Debug\TestProject2.dll</codeBase><adapterTypeName type="System.String">Microsoft.VisualStudio.TestTools.TestTypes.Unit.UnitTestAdapter, Microsoft.VisualStudio.QualityTools.Tips.UnitTest.Adapter, Version=8.0.0.0, Culture=neutral, PublicKeyToken=b03f5f7f11d50a3a</adapterTypeName><testMethod type="Microsoft.VisualStudio.TestTools.TestTypes.Unit.TestMethod, Microsoft.VisualStudio.QualityTools.Tips.UnitTest.ObjectModel, Version=8.0.0.0, Culture=neutral, PublicKeyToken=b03f5f7f11d50a3a"><className type="System.String">TestProject2.CXMLConfigTest, TestProject2</className><name type="System.String">EncoderFolderTest</name><expectedExceptionMessage type="System.String" /><isValid type="System.Boolean">False</isValid></testMethod><aspNetDevServers type="System.Collections.Generic.List`1[[Microsoft.VisualStudio.TestTools.Common.AspNetDevelopmentServer, Microsoft.VisualStudio.QualityTools.Common, Version=8.0.0.0, Culture=neutral, PublicKeyToken=b03f5f7f11d50a3a]]"><_size type="System.Int32">0</_size><_version type="System.Int32">0</_version></aspNetDevServers><dataAccessMethod type="Microsoft.VisualStudio.TestTools.UnitTesting.DataAccessMethod, Microsoft.VisualStudio.QualityTools.UnitTestFramework, Version=8.0.0.0, Culture=neutral, PublicKeyToken=b03f5f7f11d50a3a"><value__ type="System.Int32">0</value__></dataAccessMethod><cssProjectStructure type="System.String" /><isRunOnRestart type="System.Boolean">False</isRunOnRestart><timeOut type="System.Int32">0</timeOut><isGroupable type="System.Boolean">True</isGroupable><abortRunOnAgentFailure type="System.Boolean">False</abortRunOnAgentFailure><cssIteration type="System.String" /><workItemIds type="System.Collections.Generic.List`1[[System.Int32, mscorlib, Version=2.0.0.0, Culture=neutral, PublicKeyToken=b77a5c561934e089]]"><_size type="System.Int32">0</_size><_version type="System.Int32">1</_version></workItemIds><id type="Microsoft.VisualStudio.TestTools.Common.TestId"><id type="System.Guid">dc58626d-fe61-7d1a-5e3d-2600720813f5</id></id><name type="System.String">EncoderFolderTest</name><description type="System.String" /><enabled type="System.Boolean">True</enabled><owner type="System.String" /><priority type="System.Int32">0</priority><executionId type="Microsoft.VisualStudio.TestTools.Common.TestExecId"><id type="System.Guid">00000000-0000-0000-0000-000000000000</id></executionId><parentExecutId type="Microsoft.VisualStudio.TestTools.Common.TestExecId"><id type="System.Guid">00000000-0000-0000-0000-000000000000</id></parentExecutId><deploymentItems type="Microsoft.VisualStudio.TestTools.Common.DeploymentItemCollection" /><agentAttributes type="System.Collections.Specialized.StringDictionary, System, Version=2.0.0.0, Culture=neutral, PublicKeyToken=b77a5c561934e089" /><storage type="System.String">c:\downloads\consoleapplication2\testproject2\bin\debug\testproject2.dll</storage><projectData type="Microsoft.VisualStudio.TestTools.Common.ProjectData"><id type="System.Guid">087a098d-18f5-4600-b1e1-7a4bbfae9b7b</id><projectName type="System.String">TestProject2</projectName><solutionName type="System.String">ConsoleApplication2</solutionName><projectRelativePath type="System.String">TestProject2\TestProject2.csproj</projectRelativePath></projectData><m_nonRunnableReason type="System.String" /></value><key type="Microsoft.VisualStudio.TestTools.Common.TestId"><id type="System.Guid">01a5f2d3-193b-526d-e294-40a3149cf9cb</id></key><value type="Microsoft.VisualStudio.TestTools.TestTypes.Unit.UnitTestElement, Microsoft.VisualStudio.QualityTools.Tips.UnitTest.ObjectModel, Version=8.0.0.0, Culture=neutral, PublicKeyToken=b03f5f7f11d50a3a"><codeBase type="System.String">C:\Downloads\ConsoleApplication2\TestProject2\bin\Debug\TestProject2.dll</codeBase><adapterTypeName type="System.String">Microsoft.VisualStudio.TestTools.TestTypes.Unit.UnitTestAdapter, Microsoft.VisualStudio.QualityTools.Tips.UnitTest.Adapter, Version=8.0.0.0, Culture=neutral, PublicKeyToken=b03f5f7f11d50a3a</adapterTypeName><testMethod type="Microsoft.VisualStudio.TestTools.TestTypes.Unit.TestMethod, Microsoft.VisualStudio.QualityTools.Tips.UnitTest.ObjectModel, Version=8.0.0.0, Culture=neutral, PublicKeyToken=b03f5f7f11d50a3a"><className type="System.String">TestProject2.CExtractorTest, TestProject2</className><name type="System.String">ExtractItemTest</name><expectedExceptionMessage type="System.String" /><isValid type="System.Boolean">False</isValid></testMethod><aspNetDevServers type="System.Collections.Generic.List`1[[Microsoft.VisualStudio.TestTools.Common.AspNetDevelopmentServer, Microsoft.VisualStudio.QualityTools.Common, Version=8.0.0.0, Culture=neutral, PublicKeyToken=b03f5f7f11d50a3a]]"><_size type="System.Int32">0</_size><_version type="System.Int32">0</_version></aspNetDevServers><dataAccessMethod type="Microsoft.VisualStudio.TestTools.UnitTesting.DataAccessMethod, Microsoft.VisualStudio.QualityTools.UnitTestFramework, Version=8.0.0.0, Culture=neutral, PublicKeyToken=b03f5f7f11d50a3a"><value__ type="System.Int32">0</value__></dataAccessMethod><cssProjectStructure type="System.String" /><isRunOnRestart type="System.Boolean">False</isRunOnRestart><timeOut type="System.Int32">0</timeOut><isGroupable type="System.Boolean">True</isGroupable><abortRunOnAgentFailure type="System.Boolean">False</abortRunOnAgentFailure><cssIteration type="System.String" /><workItemIds type="System.Collections.Generic.List`1[[System.Int32, mscorlib, Version=2.0.0.0, Culture=neutral, PublicKeyToken=b77a5c561934e089]]"><_size type="System.Int32">0</_size><_version type="System.Int32">1</_version></workItemIds><id type="Microsoft.VisualStudio.TestTools.Common.TestId"><id type="System.Guid">01a5f2d3-193b-526d-e294-40a3149cf9cb</id></id><name type="System.String">ExtractItemTest</name><description type="System.String" /><enabled type="System.Boolean">True</enabled><owner type="System.String" /><priority type="System.Int32">0</priority><executionId type="Microsoft.VisualStudio.TestTools.Common.TestExecId"><id type="System.Guid">00000000-0000-0000-0000-000000000000</id></executionId><parentExecutId type="Microsoft.VisualStudio.TestTools.Common.TestExecId"><id type="System.Guid">00000000-0000-0000-0000-000000000000</id></parentExecutId><deploymentItems type="Microsoft.VisualStudio.TestTools.Common.DeploymentItemCollection"><m_container type="System.Collections.Hashtable"><key type="Microsoft.VisualStudio.TestTools.Common.DeploymentItem"><path type="System.String">ChuiWenChiu.Utility.dll</path><outputDirectory type="System.String" /></key><value /></m_container></deploymentItems><agentAttributes type="System.Collections.Specialized.StringDictionary, System, Version=2.0.0.0, Culture=neutral, PublicKeyToken=b77a5c561934e089" /><storage type="System.String">c:\downloads\consoleapplication2\testproject2\bin\debug\testproject2.dll</storage><projectData type="Microsoft.VisualStudio.TestTools.Common.ProjectData"><id type="System.Guid">087a098d-18f5-4600-b1e1-7a4bbfae9b7b</id><projectName type="System.String">TestProject2</projectName><solutionName type="System.String">ConsoleApplication2</solutionName><projectRelativePath type="System.String">TestProject2\TestProject2.csproj</projectRelativePath></projectData><m_nonRunnableReason type="System.String" /></value><key type="Microsoft.VisualStudio.TestTools.Common.TestId"><id type="System.Guid">f91fdc7e-5f0d-aa2c-746b-02250f3863f5</id></key><value type="Microsoft.VisualStudio.TestTools.TestTypes.Unit.UnitTestElement, Microsoft.VisualStudio.QualityTools.Tips.UnitTest.ObjectModel, Version=8.0.0.0, Culture=neutral, PublicKeyToken=b03f5f7f11d50a3a"><codeBase type="System.String">C:\Downloads\ConsoleApplication2\TestProject2\bin\Debug\TestProject2.dll</codeBase><adapterTypeName type="System.String">Microsoft.VisualStudio.TestTools.TestTypes.Unit.UnitTestAdapter, Microsoft.VisualStudio.QualityTools.Tips.UnitTest.Adapter, Version=8.0.0.0, Culture=neutral, PublicKeyToken=b03f5f7f11d50a3a</adapterTypeName><testMethod type="Microsoft.VisualStudio.TestTools.TestTypes.Unit.TestMethod, Microsoft.VisualStudio.QualityTools.Tips.UnitTest.ObjectModel, Version=8.0.0.0, Culture=neutral, PublicKeyToken=b03f5f7f11d50a3a"><className type="System.String">TestProject2.CollectEventArgsTest, TestProject2</className><name type="System.String">MessageTest</name><expectedExceptionMessage type="System.String" /><isValid type="System.Boolean">False</isValid></testMethod><aspNetDevServers type="System.Collections.Generic.List`1[[Microsoft.VisualStudio.TestTools.Common.AspNetDevelopmentServer, Microsoft.VisualStudio.QualityTools.Common, Version=8.0.0.0, Culture=neutral, PublicKeyToken=b03f5f7f11d50a3a]]"><_size type="System.Int32">0</_size><_version type="System.Int32">0</_version></aspNetDevServers><dataAccessMethod type="Microsoft.VisualStudio.TestTools.UnitTesting.DataAccessMethod, Microsoft.VisualStudio.QualityTools.UnitTestFramework, Version=8.0.0.0, Culture=neutral, PublicKeyToken=b03f5f7f11d50a3a"><value__ type="System.Int32">0</value__></dataAccessMethod><cssProjectStructure type="System.String" /><isRunOnRestart type="System.Boolean">False</isRunOnRestart><timeOut type="System.Int32">0</timeOut><isGroupable type="System.Boolean">True</isGroupable><abortRunOnAgentFailure type="System.Boolean">False</abortRunOnAgentFailure><cssIteration type="System.String" /><workItemIds type="System.Collections.Generic.List`1[[System.Int32, mscorlib, Version=2.0.0.0, Culture=neutral, PublicKeyToken=b77a5c561934e089]]"><_size type="System.Int32">0</_size><_version type="System.Int32">1</_version></workItemIds><id type="Microsoft.VisualStudio.TestTools.Common.TestId"><id type="System.Guid">f91fdc7e-5f0d-aa2c-746b-02250f3863f5</id></id><name type="System.String">MessageTest</name><description type="System.String" /><enabled type="System.Boolean">True</enabled><owner type="System.String" /><priority type="System.Int32">0</priority><executionId type="Microsoft.VisualStudio.TestTools.Common.TestExecId"><id type="System.Guid">00000000-0000-0000-0000-000000000000</id></executionId><parentExecutId type="Microsoft.VisualStudio.TestTools.Common.TestExecId"><id type="System.Guid">00000000-0000-0000-0000-000000000000</id></parentExecutId><deploymentItems type="Microsoft.VisualStudio.TestTools.Common.DeploymentItemCollection" /><agentAttributes type="System.Collections.Specialized.StringDictionary, System, Version=2.0.0.0, Culture=neutral, PublicKeyToken=b77a5c561934e089" /><storage type="System.String">c:\downloads\consoleapplication2\testproject2\bin\debug\testproject2.dll</storage><projectData type="Microsoft.VisualStudio.TestTools.Common.ProjectData"><id type="System.Guid">087a098d-18f5-4600-b1e1-7a4bbfae9b7b</id><projectName type="System.String">TestProject2</projectName><solutionName type="System.String">ConsoleApplication2</solutionName><projectRelativePath type="System.String">TestProject2\TestProject2.csproj</projectRelativePath></projectData><m_nonRunnableReason type="System.String" /></value><key type="Microsoft.VisualStudio.TestTools.Common.TestId"><id type="System.Guid">322da1f8-92cb-bccb-877c-aff5e53d9e66</id></key><value type="Microsoft.VisualStudio.TestTools.TestTypes.Unit.UnitTestElement, Microsoft.VisualStudio.QualityTools.Tips.UnitTest.ObjectModel, Version=8.0.0.0, Culture=neutral, PublicKeyToken=b03f5f7f11d50a3a"><codeBase type="System.String">C:\Downloads\ConsoleApplication2\TestProject2\bin\Debug\TestProject2.dll</codeBase><adapterTypeName type="System.String">Microsoft.VisualStudio.TestTools.TestTypes.Unit.UnitTestAdapter, Microsoft.VisualStudio.QualityTools.Tips.UnitTest.Adapter, Version=8.0.0.0, Culture=neutral, PublicKeyToken=b03f5f7f11d50a3a</adapterTypeName><testMethod type="Microsoft.VisualStudio.TestTools.TestTypes.Unit.TestMethod, Microsoft.VisualStudio.QualityTools.Tips.UnitTest.ObjectModel, Version=8.0.0.0, Culture=neutral, PublicKeyToken=b03f5f7f11d50a3a"><className type="System.String">TestProject2.CollectEventArgsTest, TestProject2</className><name type="System.String">ConstructorTest</name><expectedExceptionMessage type="System.String" /><isValid type="System.Boolean">False</isValid></testMethod><aspNetDevServers type="System.Collections.Generic.List`1[[Microsoft.VisualStudio.TestTools.Common.AspNetDevelopmentServer, Microsoft.VisualStudio.QualityTools.Common, Version=8.0.0.0, Culture=neutral, PublicKeyToken=b03f5f7f11d50a3a]]"><_size type="System.Int32">0</_size><_version type="System.Int32">0</_version></aspNetDevServers><dataAccessMethod type="Microsoft.VisualStudio.TestTools.UnitTesting.DataAccessMethod, Microsoft.VisualStudio.QualityTools.UnitTestFramework, Version=8.0.0.0, Culture=neutral, PublicKeyToken=b03f5f7f11d50a3a"><value__ type="System.Int32">0</value__></dataAccessMethod><cssProjectStructure type="System.String" /><isRunOnRestart type="System.Boolean">False</isRunOnRestart><timeOut type="System.Int32">0</timeOut><isGroupable type="System.Boolean">True</isGroupable><abortRunOnAgentFailure type="System.Boolean">False</abortRunOnAgentFailure><cssIteration type="System.String" /><workItemIds type="System.Collections.Generic.List`1[[System.Int32, mscorlib, Version=2.0.0.0, Culture=neutral, PublicKeyToken=b77a5c561934e089]]"><_size type="System.Int32">0</_size><_version type="System.Int32">1</_version></workItemIds><id type="Microsoft.VisualStudio.TestTools.Common.TestId"><id type="System.Guid">322da1f8-92cb-bccb-877c-aff5e53d9e66</id></id><name type="System.String">ConstructorTest</name><description type="System.String" /><enabled type="System.Boolean">True</enabled><owner type="System.String" /><priority type="System.Int32">0</priority><executionId type="Microsoft.VisualStudio.TestTools.Common.TestExecId"><id type="System.Guid">00000000-0000-0000-0000-000000000000</id></executionId><parentExecutId type="Microsoft.VisualStudio.TestTools.Common.TestExecId"><id type="System.Guid">00000000-0000-0000-0000-000000000000</id></parentExecutId><deploymentItems type="Microsoft.VisualStudio.TestTools.Common.DeploymentItemCollection" /><agentAttributes type="System.Collections.Specialized.StringDictionary, System, Version=2.0.0.0, Culture=neutral, PublicKeyToken=b77a5c561934e089" /><storage type="System.String">c:\downloads\consoleapplication2\testproject2\bin\debug\testproject2.dll</storage><projectData type="Microsoft.VisualStudio.TestTools.Common.ProjectData"><id type="System.Guid">087a098d-18f5-4600-b1e1-7a4bbfae9b7b</id><projectName type="System.String">TestProject2</projectName><solutionName type="System.String">ConsoleApplication2</solutionName><projectRelativePath type="System.String">TestProject2\TestProject2.csproj</projectRelativePath></projectData><m_nonRunnableReason type="System.String" /></value><key type="Microsoft.VisualStudio.TestTools.Common.TestId"><id type="System.Guid">923da155-950a-9c90-6906-07dce58087c2</id></key><value type="Microsoft.VisualStudio.TestTools.TestTypes.Unit.UnitTestElement, Microsoft.VisualStudio.QualityTools.Tips.UnitTest.ObjectModel, Version=8.0.0.0, Culture=neutral, PublicKeyToken=b03f5f7f11d50a3a"><codeBase type="System.String">C:\Downloads\ConsoleApplication2\TestProject2\bin\Debug\TestProject2.dll</codeBase><adapterTypeName type="System.String">Microsoft.VisualStudio.TestTools.TestTypes.Unit.UnitTestAdapter, Microsoft.VisualStudio.QualityTools.Tips.UnitTest.Adapter, Version=8.0.0.0, Culture=neutral, PublicKeyToken=b03f5f7f11d50a3a</adapterTypeName><testMethod type="Microsoft.VisualStudio.TestTools.TestTypes.Unit.TestMethod, Microsoft.VisualStudio.QualityTools.Tips.UnitTest.ObjectModel, Version=8.0.0.0, Culture=neutral, PublicKeyToken=b03f5f7f11d50a3a"><className type="System.String">TestProject2.CXMLConfigTest, TestProject2</className><name type="System.String">SourceServerTest</name><expectedExceptionMessage type="System.String" /><isValid type="System.Boolean">False</isValid></testMethod><aspNetDevServers type="System.Collections.Generic.List`1[[Microsoft.VisualStudio.TestTools.Common.AspNetDevelopmentServer, Microsoft.VisualStudio.QualityTools.Common, Version=8.0.0.0, Culture=neutral, PublicKeyToken=b03f5f7f11d50a3a]]"><_size type="System.Int32">0</_size><_version type="System.Int32">0</_version></aspNetDevServers><dataAccessMethod type="Microsoft.VisualStudio.TestTools.UnitTesting.DataAccessMethod, Microsoft.VisualStudio.QualityTools.UnitTestFramework, Version=8.0.0.0, Culture=neutral, PublicKeyToken=b03f5f7f11d50a3a"><value__ type="System.Int32">0</value__></dataAccessMethod><cssProjectStructure type="System.String" /><isRunOnRestart type="System.Boolean">False</isRunOnRestart><timeOut type="System.Int32">0</timeOut><isGroupable type="System.Boolean">True</isGroupable><abortRunOnAgentFailure type="System.Boolean">False</abortRunOnAgentFailure><cssIteration type="System.String" /><workItemIds type="System.Collections.Generic.List`1[[System.Int32, mscorlib, Version=2.0.0.0, Culture=neutral, PublicKeyToken=b77a5c561934e089]]"><_size type="System.Int32">0</_size><_version type="System.Int32">1</_version></workItemIds><id type="Microsoft.VisualStudio.TestTools.Common.TestId"><id type="System.Guid">923da155-950a-9c90-6906-07dce58087c2</id></id><name type="System.String">SourceServerTest</name><description type="System.String" /><enabled type="System.Boolean">True</enabled><owner type="System.String" /><priority type="System.Int32">0</priority><executionId type="Microsoft.VisualStudio.TestTools.Common.TestExecId"><id type="System.Guid">00000000-0000-0000-0000-000000000000</id></executionId><parentExecutId type="Microsoft.VisualStudio.TestTools.Common.TestExecId"><id type="System.Guid">00000000-0000-0000-0000-000000000000</id></parentExecutId><deploymentItems type="Microsoft.VisualStudio.TestTools.Common.DeploymentItemCollection" /><agentAttributes type="System.Collections.Specialized.StringDictionary, System, Version=2.0.0.0, Culture=neutral, PublicKeyToken=b77a5c561934e089" /><storage type="System.String">c:\downloads\consoleapplication2\testproject2\bin\debug\testproject2.dll</storage><projectData type="Microsoft.VisualStudio.TestTools.Common.ProjectData"><id type="System.Guid">087a098d-18f5-4600-b1e1-7a4bbfae9b7b</id><projectName type="System.String">TestProject2</projectName><solutionName type="System.String">ConsoleApplication2</solutionName><projectRelativePath type="System.String">TestProject2\TestProject2.csproj</projectRelativePath></projectData><m_nonRunnableReason type="System.String" /></value><key type="Microsoft.VisualStudio.TestTools.Common.TestId"><id type="System.Guid">b5972d34-ce91-faf3-1382-d172a2430324</id></key><value type="Microsoft.VisualStudio.TestTools.TestTypes.Unit.UnitTestElement, Microsoft.VisualStudio.QualityTools.Tips.UnitTest.ObjectModel, Version=8.0.0.0, Culture=neutral, PublicKeyToken=b03f5f7f11d50a3a"><codeBase type="System.String">C:\Downloads\ConsoleApplication2\TestProject2\bin\Debug\TestProject2.dll</codeBase><adapterTypeName type="System.String">Microsoft.VisualStudio.TestTools.TestTypes.Unit.UnitTestAdapter, Microsoft.VisualStudio.QualityTools.Tips.UnitTest.Adapter, Version=8.0.0.0, Culture=neutral, PublicKeyToken=b03f5f7f11d50a3a</adapterTypeName><testMethod type="Microsoft.VisualStudio.TestTools.TestTypes.Unit.TestMethod, Microsoft.VisualStudio.QualityTools.Tips.UnitTest.ObjectModel, Version=8.0.0.0, Culture=neutral, PublicKeyToken=b03f5f7f11d50a3a"><className type="System.String">TestProject2.CCollectTest, TestProject2</className><name type="System.String">abortTest</name><expectedExceptionMessage type="System.String" /><isValid type="System.Boolean">False</isValid></testMethod><aspNetDevServers type="System.Collections.Generic.List`1[[Microsoft.VisualStudio.TestTools.Common.AspNetDevelopmentServer, Microsoft.VisualStudio.QualityTools.Common, Version=8.0.0.0, Culture=neutral, PublicKeyToken=b03f5f7f11d50a3a]]"><_size type="System.Int32">0</_size><_version type="System.Int32">0</_version></aspNetDevServers><dataAccessMethod type="Microsoft.VisualStudio.TestTools.UnitTesting.DataAccessMethod, Microsoft.VisualStudio.QualityTools.UnitTestFramework, Version=8.0.0.0, Culture=neutral, PublicKeyToken=b03f5f7f11d50a3a"><value__ type="System.Int32">0</value__></dataAccessMethod><cssProjectStructure type="System.String" /><isRunOnRestart type="System.Boolean">False</isRunOnRestart><timeOut type="System.Int32">0</timeOut><isGroupable type="System.Boolean">True</isGroupable><abortRunOnAgentFailure type="System.Boolean">False</abortRunOnAgentFailure><cssIteration type="System.String" /><workItemIds type="System.Collections.Generic.List`1[[System.Int32, mscorlib, Version=2.0.0.0, Culture=neutral, PublicKeyToken=b77a5c561934e089]]"><_size type="System.Int32">0</_size><_version type="System.Int32">1</_version></workItemIds><id type="Microsoft.VisualStudio.TestTools.Common.TestId"><id type="System.Guid">b5972d34-ce91-faf3-1382-d172a2430324</id></id><name type="System.String">abortTest</name><description type="System.String" /><enabled type="System.Boolean">True</enabled><owner type="System.String" /><priority type="System.Int32">0</priority><executionId type="Microsoft.VisualStudio.TestTools.Common.TestExecId"><id type="System.Guid">00000000-0000-0000-0000-000000000000</id></executionId><parentExecutId type="Microsoft.VisualStudio.TestTools.Common.TestExecId"><id type="System.Guid">00000000-0000-0000-0000-000000000000</id></parentExecutId><deploymentItems type="Microsoft.VisualStudio.TestTools.Common.DeploymentItemCollection" /><agentAttributes type="System.Collections.Specialized.StringDictionary, System, Version=2.0.0.0, Culture=neutral, PublicKeyToken=b77a5c561934e089" /><storage type="System.String">c:\downloads\consoleapplication2\testproject2\bin\debug\testproject2.dll</storage><projectData type="Microsoft.VisualStudio.TestTools.Common.ProjectData"><id type="System.Guid">087a098d-18f5-4600-b1e1-7a4bbfae9b7b</id><projectName type="System.String">TestProject2</projectName><solutionName type="System.String">ConsoleApplication2</solutionName><projectRelativePath type="System.String">TestProject2\TestProject2.csproj</projectRelativePath></projectData><m_nonRunnableReason type="System.String" /></value><key type="Microsoft.VisualStudio.TestTools.Common.TestId"><id type="System.Guid">5fb21fa6-0600-90e9-8638-91495cddc057</id></key><value type="Microsoft.VisualStudio.TestTools.TestTypes.Unit.UnitTestElement, Microsoft.VisualStudio.QualityTools.Tips.UnitTest.ObjectModel, Version=8.0.0.0, Culture=neutral, PublicKeyToken=b03f5f7f11d50a3a"><codeBase type="System.String">C:\Downloads\ConsoleApplication2\TestProject2\bin\Debug\TestProject2.dll</codeBase><adapterTypeName type="System.String">Microsoft.VisualStudio.TestTools.TestTypes.Unit.UnitTestAdapter, Microsoft.VisualStudio.QualityTools.Tips.UnitTest.Adapter, Version=8.0.0.0, Culture=neutral, PublicKeyToken=b03f5f7f11d50a3a</adapterTypeName><testMethod type="Microsoft.VisualStudio.TestTools.TestTypes.Unit.TestMethod, Microsoft.VisualStudio.QualityTools.Tips.UnitTest.ObjectModel, Version=8.0.0.0, Culture=neutral, PublicKeyToken=b03f5f7f11d50a3a"><className type="System.String">TestProject2.CWMVersionTest, TestProject2</className><name type="System.String">IPTest</name><expectedExceptionMessage type="System.String" /><isValid type="System.Boolean">False</isValid></testMethod><aspNetDevServers type="System.Collections.Generic.List`1[[Microsoft.VisualStudio.TestTools.Common.AspNetDevelopmentServer, Microsoft.VisualStudio.QualityTools.Common, Version=8.0.0.0, Culture=neutral, PublicKeyToken=b03f5f7f11d50a3a]]"><_size type="System.Int32">0</_size><_version type="System.Int32">0</_version></aspNetDevServers><dataAccessMethod type="Microsoft.VisualStudio.TestTools.UnitTesting.DataAccessMethod, Microsoft.VisualStudio.QualityTools.UnitTestFramework, Version=8.0.0.0, Culture=neutral, PublicKeyToken=b03f5f7f11d50a3a"><value__ type="System.Int32">0</value__></dataAccessMethod><cssProjectStructure type="System.String" /><isRunOnRestart type="System.Boolean">False</isRunOnRestart><timeOut type="System.Int32">0</timeOut><isGroupable type="System.Boolean">True</isGroupable><abortRunOnAgentFailure type="System.Boolean">False</abortRunOnAgentFailure><cssIteration type="System.String" /><workItemIds type="System.Collections.Generic.List`1[[System.Int32, mscorlib, Version=2.0.0.0, Culture=neutral, PublicKeyToken=b77a5c561934e089]]"><_size type="System.Int32">0</_size><_version type="System.Int32">1</_version></workItemIds><id type="Microsoft.VisualStudio.TestTools.Common.TestId"><id type="System.Guid">5fb21fa6-0600-90e9-8638-91495cddc057</id></id><name type="System.String">IPTest</name><description type="System.String" /><enabled type="System.Boolean">True</enabled><owner type="System.String" /><priority type="System.Int32">0</priority><executionId type="Microsoft.VisualStudio.TestTools.Common.TestExecId"><id type="System.Guid">00000000-0000-0000-0000-000000000000</id></executionId><parentExecutId type="Microsoft.VisualStudio.TestTools.Common.TestExecId"><id type="System.Guid">00000000-0000-0000-0000-000000000000</id></parentExecutId><deploymentItems type="Microsoft.VisualStudio.TestTools.Common.DeploymentItemCollection" /><agentAttributes type="System.Collections.Specialized.StringDictionary, System, Version=2.0.0.0, Culture=neutral, PublicKeyToken=b77a5c561934e089" /><storage type="System.String">c:\downloads\consoleapplication2\testproject2\bin\debug\testproject2.dll</storage><projectData type="Microsoft.VisualStudio.TestTools.Common.ProjectData"><id type="System.Guid">087a098d-18f5-4600-b1e1-7a4bbfae9b7b</id><projectName type="System.String">TestProject2</projectName><solutionName type="System.String">ConsoleApplication2</solutionName><projectRelativePath type="System.String">TestProject2\TestProject2.csproj</projectRelativePath></projectData><m_nonRunnableReason type="System.String" /></value><key type="Microsoft.VisualStudio.TestTools.Common.TestId"><id type="System.Guid">d752c84b-0fa3-c3ea-a8f6-6ee7d6614433</id></key><value type="Microsoft.VisualStudio.TestTools.TestTypes.Unit.UnitTestElement, Microsoft.VisualStudio.QualityTools.Tips.UnitTest.ObjectModel, Version=8.0.0.0, Culture=neutral, PublicKeyToken=b03f5f7f11d50a3a"><codeBase type="System.String">C:\Downloads\ConsoleApplication2\TestProject2\bin\Debug\TestProject2.dll</codeBase><adapterTypeName type="System.String">Microsoft.VisualStudio.TestTools.TestTypes.Unit.UnitTestAdapter, Microsoft.VisualStudio.QualityTools.Tips.UnitTest.Adapter, Version=8.0.0.0, Culture=neutral, PublicKeyToken=b03f5f7f11d50a3a</adapterTypeName><testMethod type="Microsoft.VisualStudio.TestTools.TestTypes.Unit.TestMethod, Microsoft.VisualStudio.QualityTools.Tips.UnitTest.ObjectModel, Version=8.0.0.0, Culture=neutral, PublicKeyToken=b03f5f7f11d50a3a"><className type="System.String">TestProject2.CCollectTest, TestProject2</className><name type="System.String">isFolderTest</name><expectedExceptionMessage type="System.String" /><isValid type="System.Boolean">False</isValid></testMethod><aspNetDevServers type="System.Collections.Generic.List`1[[Microsoft.VisualStudio.TestTools.Common.AspNetDevelopmentServer, Microsoft.VisualStudio.QualityTools.Common, Version=8.0.0.0, Culture=neutral, PublicKeyToken=b03f5f7f11d50a3a]]"><_size type="System.Int32">0</_size><_version type="System.Int32">0</_version></aspNetDevServers><dataAccessMethod type="Microsoft.VisualStudio.TestTools.UnitTesting.DataAccessMethod, Microsoft.VisualStudio.QualityTools.UnitTestFramework, Version=8.0.0.0, Culture=neutral, PublicKeyToken=b03f5f7f11d50a3a"><value__ type="System.Int32">0</value__></dataAccessMethod><cssProjectStructure type="System.String" /><isRunOnRestart type="System.Boolean">False</isRunOnRestart><timeOut type="System.Int32">0</timeOut><isGroupable type="System.Boolean">True</isGroupable><abortRunOnAgentFailure type="System.Boolean">False</abortRunOnAgentFailure><cssIteration type="System.String" /><workItemIds type="System.Collections.Generic.List`1[[System.Int32, mscorlib, Version=2.0.0.0, Culture=neutral, PublicKeyToken=b77a5c561934e089]]"><_size type="System.Int32">0</_size><_version type="System.Int32">1</_version></workItemIds><id type="Microsoft.VisualStudio.TestTools.Common.TestId"><id type="System.Guid">d752c84b-0fa3-c3ea-a8f6-6ee7d6614433</id></id><name type="System.String">isFolderTest</name><description type="System.String" /><enabled type="System.Boolean">True</enabled><owner type="System.String" /><priority type="System.Int32">0</priority><executionId type="Microsoft.VisualStudio.TestTools.Common.TestExecId"><id type="System.Guid">00000000-0000-0000-0000-000000000000</id></executionId><parentExecutId type="Microsoft.VisualStudio.TestTools.Common.TestExecId"><id type="System.Guid">00000000-0000-0000-0000-000000000000</id></parentExecutId><deploymentItems type="Microsoft.VisualStudio.TestTools.Common.DeploymentItemCollection"><m_container type="System.Collections.Hashtable"><key type="Microsoft.VisualStudio.TestTools.Common.DeploymentItem"><path type="System.String">ChuiWenChiu.Utility.dll</path><outputDirectory type="System.String" /></key><value /></m_container></deploymentItems><agentAttributes type="System.Collections.Specialized.StringDictionary, System, Version=2.0.0.0, Culture=neutral, PublicKeyToken=b77a5c561934e089" /><storage type="System.String">c:\downloads\consoleapplication2\testproject2\bin\debug\testproject2.dll</storage><projectData type="Microsoft.VisualStudio.TestTools.Common.ProjectData"><id type="System.Guid">087a098d-18f5-4600-b1e1-7a4bbfae9b7b</id><projectName type="System.String">TestProject2</projectName><solutionName type="System.String">ConsoleApplication2</solutionName><projectRelativePath type="System.String">TestProject2\TestProject2.csproj</projectRelativePath></projectData><m_nonRunnableReason type="System.String" /></value><key type="Microsoft.VisualStudio.TestTools.Common.TestId"><id type="System.Guid">716d4a0b-8fb2-3048-1eea-ce3d4ca89880</id></key><value type="Microsoft.VisualStudio.TestTools.TestTypes.Unit.UnitTestElement, Microsoft.VisualStudio.QualityTools.Tips.UnitTest.ObjectModel, Version=8.0.0.0, Culture=neutral, PublicKeyToken=b03f5f7f11d50a3a"><codeBase type="System.String">C:\Downloads\ConsoleApplication2\TestProject2\bin\Debug\TestProject2.dll</codeBase><adapterTypeName type="System.String">Microsoft.VisualStudio.TestTools.TestTypes.Unit.UnitTestAdapter, Microsoft.VisualStudio.QualityTools.Tips.UnitTest.Adapter, Version=8.0.0.0, Culture=neutral, PublicKeyToken=b03f5f7f11d50a3a</adapterTypeName><testMethod type="Microsoft.VisualStudio.TestTools.TestTypes.Unit.TestMethod, Microsoft.VisualStudio.QualityTools.Tips.UnitTest.ObjectModel, Version=8.0.0.0, Culture=neutral, PublicKeyToken=b03f5f7f11d50a3a"><className type="System.String">TestProject2.CCollectTest, TestProject2</className><name type="System.String">catchFileTest</name><expectedExceptionMessage type="System.String" /><isValid type="System.Boolean">False</isValid></testMethod><aspNetDevServers type="System.Collections.Generic.List`1[[Microsoft.VisualStudio.TestTools.Common.AspNetDevelopmentServer, Microsoft.VisualStudio.QualityTools.Common, Version=8.0.0.0, Culture=neutral, PublicKeyToken=b03f5f7f11d50a3a]]"><_size type="System.Int32">0</_size><_version type="System.Int32">0</_version></aspNetDevServers><dataAccessMethod type="Microsoft.VisualStudio.TestTools.UnitTesting.DataAccessMethod, Microsoft.VisualStudio.QualityTools.UnitTestFramework, Version=8.0.0.0, Culture=neutral, PublicKeyToken=b03f5f7f11d50a3a"><value__ type="System.Int32">0</value__></dataAccessMethod><cssProjectStructure type="System.String" /><isRunOnRestart type="System.Boolean">False</isRunOnRestart><timeOut type="System.Int32">0</timeOut><isGroupable type="System.Boolean">True</isGroupable><abortRunOnAgentFailure type="System.Boolean">False</abortRunOnAgentFailure><cssIteration type="System.String" /><workItemIds type="System.Collections.Generic.List`1[[System.Int32, mscorlib, Version=2.0.0.0, Culture=neutral, PublicKeyToken=b77a5c561934e089]]"><_size type="System.Int32">0</_size><_version type="System.Int32">1</_version></workItemIds><id type="Microsoft.VisualStudio.TestTools.Common.TestId"><id type="System.Guid">716d4a0b-8fb2-3048-1eea-ce3d4ca89880</id></id><name type="System.String">catchFileTest</name><description type="System.String" /><enabled type="System.Boolean">True</enabled><owner type="System.String" /><priority type="System.Int32">0</priority><executionId type="Microsoft.VisualStudio.TestTools.Common.TestExecId"><id type="System.Guid">00000000-0000-0000-0000-000000000000</id></executionId><parentExecutId type="Microsoft.VisualStudio.TestTools.Common.TestExecId"><id type="System.Guid">00000000-0000-0000-0000-000000000000</id></parentExecutId><deploymentItems type="Microsoft.VisualStudio.TestTools.Common.DeploymentItemCollection"><m_container type="System.Collections.Hashtable"><key type="Microsoft.VisualStudio.TestTools.Common.DeploymentItem"><path type="System.String">ChuiWenChiu.Utility.dll</path><outputDirectory type="System.String" /></key><value /></m_container></deploymentItems><agentAttributes type="System.Collections.Specialized.StringDictionary, System, Version=2.0.0.0, Culture=neutral, PublicKeyToken=b77a5c561934e089" /><storage type="System.String">c:\downloads\consoleapplication2\testproject2\bin\debug\testproject2.dll</storage><projectData type="Microsoft.VisualStudio.TestTools.Common.ProjectData"><id type="System.Guid">087a098d-18f5-4600-b1e1-7a4bbfae9b7b</id><projectName type="System.String">TestProject2</projectName><solutionName type="System.String">ConsoleApplication2</solutionName><projectRelativePath type="System.String">TestProject2\TestProject2.csproj</projectRelativePath></projectData><m_nonRunnableReason type="System.String" /></value><key type="Microsoft.VisualStudio.TestTools.Common.TestId"><id type="System.Guid">5b2c98ee-a00d-1293-b40e-de6dbea693ff</id></key><value type="Microsoft.VisualStudio.TestTools.TestTypes.Unit.UnitTestElement, Microsoft.VisualStudio.QualityTools.Tips.UnitTest.ObjectModel, Version=8.0.0.0, Culture=neutral, PublicKeyToken=b03f5f7f11d50a3a"><codeBase type="System.String">C:\Downloads\ConsoleApplication2\TestProject2\bin\Debug\TestProject2.dll</codeBase><adapterTypeName type="System.String">Microsoft.VisualStudio.TestTools.TestTypes.Unit.UnitTestAdapter, Microsoft.VisualStudio.QualityTools.Tips.UnitTest.Adapter, Version=8.0.0.0, Culture=neutral, PublicKeyToken=b03f5f7f11d50a3a</adapterTypeName><testMethod type="Microsoft.VisualStudio.TestTools.TestTypes.Unit.TestMethod, Microsoft.VisualStudio.QualityTools.Tips.UnitTest.ObjectModel, Version=8.0.0.0, Culture=neutral, PublicKeyToken=b03f5f7f11d50a3a"><className type="System.String">TestProject2.CWMProjectTest, TestProject2</className><name type="System.String">tagTest</name><expectedExceptionMessage type="System.String" /><isValid type="System.Boolean">False</isValid></testMethod><aspNetDevServers type="System.Collections.Generic.List`1[[Microsoft.VisualStudio.TestTools.Common.AspNetDevelopmentServer, Microsoft.VisualStudio.QualityTools.Common, Version=8.0.0.0, Culture=neutral, PublicKeyToken=b03f5f7f11d50a3a]]"><_size type="System.Int32">0</_size><_version type="System.Int32">0</_version></aspNetDevServers><dataAccessMethod type="Microsoft.VisualStudio.TestTools.UnitTesting.DataAccessMethod, Microsoft.VisualStudio.QualityTools.UnitTestFramework, Version=8.0.0.0, Culture=neutral, PublicKeyToken=b03f5f7f11d50a3a"><value__ type="System.Int32">0</value__></dataAccessMethod><cssProjectStructure type="System.String" /><isRunOnRestart type="System.Boolean">False</isRunOnRestart><timeOut type="System.Int32">0</timeOut><isGroupable type="System.Boolean">True</isGroupable><abortRunOnAgentFailure type="System.Boolean">False</abortRunOnAgentFailure><cssIteration type="System.String" /><workItemIds type="System.Collections.Generic.List`1[[System.Int32, mscorlib, Version=2.0.0.0, Culture=neutral, PublicKeyToken=b77a5c561934e089]]"><_size type="System.Int32">0</_size><_version type="System.Int32">1</_version></workItemIds><id type="Microsoft.VisualStudio.TestTools.Common.TestId"><id type="System.Guid">5b2c98ee-a00d-1293-b40e-de6dbea693ff</id></id><name type="System.String">tagTest</name><description type="System.String" /><enabled type="System.Boolean">True</enabled><owner type="System.String" /><priority type="System.Int32">0</priority><executionId type="Microsoft.VisualStudio.TestTools.Common.TestExecId"><id type="System.Guid">00000000-0000-0000-0000-000000000000</id></executionId><parentExecutId type="Microsoft.VisualStudio.TestTools.Common.TestExecId"><id type="System.Guid">00000000-0000-0000-0000-000000000000</id></parentExecutId><deploymentItems type="Microsoft.VisualStudio.TestTools.Common.DeploymentItemCollection" /><agentAttributes type="System.Collections.Specialized.StringDictionary, System, Version=2.0.0.0, Culture=neutral, PublicKeyToken=b77a5c561934e089" /><storage type="System.String">c:\downloads\consoleapplication2\testproject2\bin\debug\testproject2.dll</storage><projectData type="Microsoft.VisualStudio.TestTools.Common.ProjectData"><id type="System.Guid">087a098d-18f5-4600-b1e1-7a4bbfae9b7b</id><projectName type="System.String">TestProject2</projectName><solutionName type="System.String">ConsoleApplication2</solutionName><projectRelativePath type="System.String">TestProject2\TestProject2.csproj</projectRelativePath></projectData><m_nonRunnableReason type="System.String" /></value><key type="Microsoft.VisualStudio.TestTools.Common.TestId"><id type="System.Guid">c9fd94c7-0af2-a61e-0bc7-4d5c4df1a08a</id></key><value type="Microsoft.VisualStudio.TestTools.TestTypes.Unit.UnitTestElement, Microsoft.VisualStudio.QualityTools.Tips.UnitTest.ObjectModel, Version=8.0.0.0, Culture=neutral, PublicKeyToken=b03f5f7f11d50a3a"><codeBase type="System.String">C:\Downloads\ConsoleApplication2\TestProject2\bin\Debug\TestProject2.dll</codeBase><adapterTypeName type="System.String">Microsoft.VisualStudio.TestTools.TestTypes.Unit.UnitTestAdapter, Microsoft.VisualStudio.QualityTools.Tips.UnitTest.Adapter, Version=8.0.0.0, Culture=neutral, PublicKeyToken=b03f5f7f11d50a3a</adapterTypeName><testMethod type="Microsoft.VisualStudio.TestTools.TestTypes.Unit.TestMethod, Microsoft.VisualStudio.QualityTools.Tips.UnitTest.ObjectModel, Version=8.0.0.0, Culture=neutral, PublicKeyToken=b03f5f7f11d50a3a"><className type="System.String">TestProject2.CXMLConfigTest, TestProject2</className><name type="System.String">getTextTest</name><expectedExceptionMessage type="System.String" /><isValid type="System.Boolean">False</isValid></testMethod><aspNetDevServers type="System.Collections.Generic.List`1[[Microsoft.VisualStudio.TestTools.Common.AspNetDevelopmentServer, Microsoft.VisualStudio.QualityTools.Common, Version=8.0.0.0, Culture=neutral, PublicKeyToken=b03f5f7f11d50a3a]]"><_size type="System.Int32">0</_size><_version type="System.Int32">0</_version></aspNetDevServers><dataAccessMethod type="Microsoft.VisualStudio.TestTools.UnitTesting.DataAccessMethod, Microsoft.VisualStudio.QualityTools.UnitTestFramework, Version=8.0.0.0, Culture=neutral, PublicKeyToken=b03f5f7f11d50a3a"><value__ type="System.Int32">0</value__></dataAccessMethod><cssProjectStructure type="System.String" /><isRunOnRestart type="System.Boolean">False</isRunOnRestart><timeOut type="System.Int32">0</timeOut><isGroupable type="System.Boolean">True</isGroupable><abortRunOnAgentFailure type="System.Boolean">False</abortRunOnAgentFailure><cssIteration type="System.String" /><workItemIds type="System.Collections.Generic.List`1[[System.Int32, mscorlib, Version=2.0.0.0, Culture=neutral, PublicKeyToken=b77a5c561934e089]]"><_size type="System.Int32">0</_size><_version type="System.Int32">1</_version></workItemIds><id type="Microsoft.VisualStudio.TestTools.Common.TestId"><id type="System.Guid">c9fd94c7-0af2-a61e-0bc7-4d5c4df1a08a</id></id><name type="System.String">getTextTest</name><description type="System.String" /><enabled type="System.Boolean">True</enabled><owner type="System.String" /><priority type="System.Int32">0</priority><executionId type="Microsoft.VisualStudio.TestTools.Common.TestExecId"><id type="System.Guid">00000000-0000-0000-0000-000000000000</id></executionId><parentExecutId type="Microsoft.VisualStudio.TestTools.Common.TestExecId"><id type="System.Guid">00000000-0000-0000-0000-000000000000</id></parentExecutId><deploymentItems type="Microsoft.VisualStudio.TestTools.Common.DeploymentItemCollection"><m_container type="System.Collections.Hashtable"><key type="Microsoft.VisualStudio.TestTools.Common.DeploymentItem"><path type="System.String">ChuiWenChiu.Utility.dll</path><outputDirectory type="System.String" /></key><value /></m_container></deploymentItems><agentAttributes type="System.Collections.Specialized.StringDictionary, System, Version=2.0.0.0, Culture=neutral, PublicKeyToken=b77a5c561934e089" /><storage type="System.String">c:\downloads\consoleapplication2\testproject2\bin\debug\testproject2.dll</storage><projectData type="Microsoft.VisualStudio.TestTools.Common.ProjectData"><id type="System.Guid">087a098d-18f5-4600-b1e1-7a4bbfae9b7b</id><projectName type="System.String">TestProject2</projectName><solutionName type="System.String">ConsoleApplication2</solutionName><projectRelativePath type="System.String">TestProject2\TestProject2.csproj</projectRelativePath></projectData><m_nonRunnableReason type="System.String" /></value><key type="Microsoft.VisualStudio.TestTools.Common.TestId"><id type="System.Guid">6b07cf31-515b-510f-4b52-6e189178bdb4</id></key><value type="Microsoft.VisualStudio.TestTools.TestTypes.Unit.UnitTestElement, Microsoft.VisualStudio.QualityTools.Tips.UnitTest.ObjectModel, Version=8.0.0.0, Culture=neutral, PublicKeyToken=b03f5f7f11d50a3a"><codeBase type="System.String">C:\Downloads\ConsoleApplication2\TestProject2\bin\Debug\TestProject2.dll</codeBase><adapterTypeName type="System.String">Microsoft.VisualStudio.TestTools.TestTypes.Unit.UnitTestAdapter, Microsoft.VisualStudio.QualityTools.Tips.UnitTest.Adapter, Version=8.0.0.0, Culture=neutral, PublicKeyToken=b03f5f7f11d50a3a</adapterTypeName><testMethod type="Microsoft.VisualStudio.TestTools.TestTypes.Unit.TestMethod, Microsoft.VisualStudio.QualityTools.Tips.UnitTest.ObjectModel, Version=8.0.0.0, Culture=neutral, PublicKeyToken=b03f5f7f11d50a3a"><className type="System.String">TestProject2.CWMVersionTest, TestProject2</className><name type="System.String">ConstructorTest1</name><expectedExceptionMessage type="System.String" /><isValid type="System.Boolean">False</isValid></testMethod><aspNetDevServers type="System.Collections.Generic.List`1[[Microsoft.VisualStudio.TestTools.Common.AspNetDevelopmentServer, Microsoft.VisualStudio.QualityTools.Common, Version=8.0.0.0, Culture=neutral, PublicKeyToken=b03f5f7f11d50a3a]]"><_size type="System.Int32">0</_size><_version type="System.Int32">0</_version></aspNetDevServers><dataAccessMethod type="Microsoft.VisualStudio.TestTools.UnitTesting.DataAccessMethod, Microsoft.VisualStudio.QualityTools.UnitTestFramework, Version=8.0.0.0, Culture=neutral, PublicKeyToken=b03f5f7f11d50a3a"><value__ type="System.Int32">0</value__></dataAccessMethod><cssProjectStructure type="System.String" /><isRunOnRestart type="System.Boolean">False</isRunOnRestart><timeOut type="System.Int32">0</timeOut><isGroupable type="System.Boolean">True</isGroupable><abortRunOnAgentFailure type="System.Boolean">False</abortRunOnAgentFailure><cssIteration type="System.String" /><workItemIds type="System.Collections.Generic.List`1[[System.Int32, mscorlib, Version=2.0.0.0, Culture=neutral, PublicKeyToken=b77a5c561934e089]]"><_size type="System.Int32">0</_size><_version type="System.Int32">1</_version></workItemIds><id type="Microsoft.VisualStudio.TestTools.Common.TestId"><id type="System.Guid">6b07cf31-515b-510f-4b52-6e189178bdb4</id></id><name type="System.String">ConstructorTest1</name><description type="System.String" /><enabled type="System.Boolean">True</enabled><owner type="System.String" /><priority type="System.Int32">0</priority><executionId type="Microsoft.VisualStudio.TestTools.Common.TestExecId"><id type="System.Guid">00000000-0000-0000-0000-000000000000</id></executionId><parentExecutId type="Microsoft.VisualStudio.TestTools.Common.TestExecId"><id type="System.Guid">00000000-0000-0000-0000-000000000000</id></parentExecutId><deploymentItems type="Microsoft.VisualStudio.TestTools.Common.DeploymentItemCollection" /><agentAttributes type="System.Collections.Specialized.StringDictionary, System, Version=2.0.0.0, Culture=neutral, PublicKeyToken=b77a5c561934e089" /><storage type="System.String">c:\downloads\consoleapplication2\testproject2\bin\debug\testproject2.dll</storage><projectData type="Microsoft.VisualStudio.TestTools.Common.ProjectData"><id type="System.Guid">087a098d-18f5-4600-b1e1-7a4bbfae9b7b</id><projectName type="System.String">TestProject2</projectName><solutionName type="System.String">ConsoleApplication2</solutionName><projectRelativePath type="System.String">TestProject2\TestProject2.csproj</projectRelativePath></projectData><m_nonRunnableReason type="System.String" /></value><key type="Microsoft.VisualStudio.TestTools.Common.TestId"><id type="System.Guid">ba35bdcb-9db0-ee0e-2d0d-918edbf9c45d</id></key><value type="Microsoft.VisualStudio.TestTools.TestTypes.Unit.UnitTestElement, Microsoft.VisualStudio.QualityTools.Tips.UnitTest.ObjectModel, Version=8.0.0.0, Culture=neutral, PublicKeyToken=b03f5f7f11d50a3a"><codeBase type="System.String">C:\Downloads\ConsoleApplication2\TestProject2\bin\Debug\TestProject2.dll</codeBase><adapterTypeName type="System.String">Microsoft.VisualStudio.TestTools.TestTypes.Unit.UnitTestAdapter, Microsoft.VisualStudio.QualityTools.Tips.UnitTest.Adapter, Version=8.0.0.0, Culture=neutral, PublicKeyToken=b03f5f7f11d50a3a</adapterTypeName><testMethod type="Microsoft.VisualStudio.TestTools.TestTypes.Unit.TestMethod, Microsoft.VisualStudio.QualityTools.Tips.UnitTest.ObjectModel, Version=8.0.0.0, Culture=neutral, PublicKeyToken=b03f5f7f11d50a3a"><className type="System.String">TestProject2.CCollectTest, TestProject2</className><name type="System.String">OnNoExistTest</name><expectedExceptionMessage type="System.String" /><isValid type="System.Boolean">False</isValid></testMethod><aspNetDevServers type="System.Collections.Generic.List`1[[Microsoft.VisualStudio.TestTools.Common.AspNetDevelopmentServer, Microsoft.VisualStudio.QualityTools.Common, Version=8.0.0.0, Culture=neutral, PublicKeyToken=b03f5f7f11d50a3a]]"><_size type="System.Int32">0</_size><_version type="System.Int32">0</_version></aspNetDevServers><dataAccessMethod type="Microsoft.VisualStudio.TestTools.UnitTesting.DataAccessMethod, Microsoft.VisualStudio.QualityTools.UnitTestFramework, Version=8.0.0.0, Culture=neutral, PublicKeyToken=b03f5f7f11d50a3a"><value__ type="System.Int32">0</value__></dataAccessMethod><cssProjectStructure type="System.String" /><isRunOnRestart type="System.Boolean">False</isRunOnRestart><timeOut type="System.Int32">0</timeOut><isGroupable type="System.Boolean">True</isGroupable><abortRunOnAgentFailure type="System.Boolean">False</abortRunOnAgentFailure><cssIteration type="System.String" /><workItemIds type="System.Collections.Generic.List`1[[System.Int32, mscorlib, Version=2.0.0.0, Culture=neutral, PublicKeyToken=b77a5c561934e089]]"><_size type="System.Int32">0</_size><_version type="System.Int32">1</_version></workItemIds><id type="Microsoft.VisualStudio.TestTools.Common.TestId"><id type="System.Guid">ba35bdcb-9db0-ee0e-2d0d-918edbf9c45d</id></id><name type="System.String">OnNoExistTest</name><description type="System.String" /><enabled type="System.Boolean">True</enabled><owner type="System.String" /><priority type="System.Int32">0</priority><executionId type="Microsoft.VisualStudio.TestTools.Common.TestExecId"><id type="System.Guid">00000000-0000-0000-0000-000000000000</id></executionId><parentExecutId type="Microsoft.VisualStudio.TestTools.Common.TestExecId"><id type="System.Guid">00000000-0000-0000-0000-000000000000</id></parentExecutId><deploymentItems type="Microsoft.VisualStudio.TestTools.Common.DeploymentItemCollection"><m_container type="System.Collections.Hashtable"><key type="Microsoft.VisualStudio.TestTools.Common.DeploymentItem"><path type="System.String">ChuiWenChiu.Utility.dll</path><outputDirectory type="System.String" /></key><value /></m_container></deploymentItems><agentAttributes type="System.Collections.Specialized.StringDictionary, System, Version=2.0.0.0, Culture=neutral, PublicKeyToken=b77a5c561934e089" /><storage type="System.String">c:\downloads\consoleapplication2\testproject2\bin\debug\testproject2.dll</storage><projectData type="Microsoft.VisualStudio.TestTools.Common.ProjectData"><id type="System.Guid">087a098d-18f5-4600-b1e1-7a4bbfae9b7b</id><projectName type="System.String">TestProject2</projectName><solutionName type="System.String">ConsoleApplication2</solutionName><projectRelativePath type="System.String">TestProject2\TestProject2.csproj</projectRelativePath></projectData><m_nonRunnableReason type="System.String" /></value><key type="Microsoft.VisualStudio.TestTools.Common.TestId"><id type="System.Guid">97e7eaa6-7039-8471-5070-72ef559473cc</id></key><value type="Microsoft.VisualStudio.TestTools.TestTypes.Unit.UnitTestElement, Microsoft.VisualStudio.QualityTools.Tips.UnitTest.ObjectModel, Version=8.0.0.0, Culture=neutral, PublicKeyToken=b03f5f7f11d50a3a"><codeBase type="System.String">C:\Downloads\ConsoleApplication2\TestProject2\bin\Debug\TestProject2.dll</codeBase><adapterTypeName type="System.String">Microsoft.VisualStudio.TestTools.TestTypes.Unit.UnitTestAdapter, Microsoft.VisualStudio.QualityTools.Tips.UnitTest.Adapter, Version=8.0.0.0, Culture=neutral, PublicKeyToken=b03f5f7f11d50a3a</adapterTypeName><testMethod type="Microsoft.VisualStudio.TestTools.TestTypes.Unit.TestMethod, Microsoft.VisualStudio.QualityTools.Tips.UnitTest.ObjectModel, Version=8.0.0.0, Culture=neutral, PublicKeyToken=b03f5f7f11d50a3a"><className type="System.String">TestProject2.CXMLConfigTest, TestProject2</className><name type="System.String">ConstructorTest1</name><expectedExceptionMessage type="System.String" /><isValid type="System.Boolean">False</isValid></testMethod><aspNetDevServers type="System.Collections.Generic.List`1[[Microsoft.VisualStudio.TestTools.Common.AspNetDevelopmentServer, Microsoft.VisualStudio.QualityTools.Common, Version=8.0.0.0, Culture=neutral, PublicKeyToken=b03f5f7f11d50a3a]]"><_size type="System.Int32">0</_size><_version type="System.Int32">0</_version></aspNetDevServers><dataAccessMethod type="Microsoft.VisualStudio.TestTools.UnitTesting.DataAccessMethod, Microsoft.VisualStudio.QualityTools.UnitTestFramework, Version=8.0.0.0, Culture=neutral, PublicKeyToken=b03f5f7f11d50a3a"><value__ type="System.Int32">0</value__></dataAccessMethod><cssProjectStructure type="System.String" /><isRunOnRestart type="System.Boolean">False</isRunOnRestart><timeOut type="System.Int32">0</timeOut><isGroupable type="System.Boolean">True</isGroupable><abortRunOnAgentFailure type="System.Boolean">False</abortRunOnAgentFailure><cssIteration type="System.String" /><workItemIds type="System.Collections.Generic.List`1[[System.Int32, mscorlib, Version=2.0.0.0, Culture=neutral, PublicKeyToken=b77a5c561934e089]]"><_size type="System.Int32">0</_size><_version type="System.Int32">1</_version></workItemIds><id type="Microsoft.VisualStudio.TestTools.Common.TestId"><id type="System.Guid">97e7eaa6-7039-8471-5070-72ef559473cc</id></id><name type="System.String">ConstructorTest1</name><description type="System.String" /><enabled type="System.Boolean">True</enabled><owner type="System.String" /><priority type="System.Int32">0</priority><executionId type="Microsoft.VisualStudio.TestTools.Common.TestExecId"><id type="System.Guid">00000000-0000-0000-0000-000000000000</id></executionId><parentExecutId type="Microsoft.VisualStudio.TestTools.Common.TestExecId"><id type="System.Guid">00000000-0000-0000-0000-000000000000</id></parentExecutId><deploymentItems type="Microsoft.VisualStudio.TestTools.Common.DeploymentItemCollection" /><agentAttributes type="System.Collections.Specialized.StringDictionary, System, Version=2.0.0.0, Culture=neutral, PublicKeyToken=b77a5c561934e089" /><storage type="System.String">c:\downloads\consoleapplication2\testproject2\bin\debug\testproject2.dll</storage><projectData type="Microsoft.VisualStudio.TestTools.Common.ProjectData"><id type="System.Guid">087a098d-18f5-4600-b1e1-7a4bbfae9b7b</id><projectName type="System.String">TestProject2</projectName><solutionName type="System.String">ConsoleApplication2</solutionName><projectRelativePath type="System.String">TestProject2\TestProject2.csproj</projectRelativePath></projectData><m_nonRunnableReason type="System.String" /></value><key type="Microsoft.VisualStudio.TestTools.Common.TestId"><id type="System.Guid">c6b0fd5b-acac-4b87-8c17-0ccf3a4649f1</id></key><value type="Microsoft.VisualStudio.TestTools.TestTypes.Unit.UnitTestElement, Microsoft.VisualStudio.QualityTools.Tips.UnitTest.ObjectModel, Version=8.0.0.0, Culture=neutral, PublicKeyToken=b03f5f7f11d50a3a"><codeBase type="System.String">C:\Downloads\ConsoleApplication2\TestProject2\bin\Debug\TestProject2.dll</codeBase><adapterTypeName type="System.String">Microsoft.VisualStudio.TestTools.TestTypes.Unit.UnitTestAdapter, Microsoft.VisualStudio.QualityTools.Tips.UnitTest.Adapter, Version=8.0.0.0, Culture=neutral, PublicKeyToken=b03f5f7f11d50a3a</adapterTypeName><testMethod type="Microsoft.VisualStudio.TestTools.TestTypes.Unit.TestMethod, Microsoft.VisualStudio.QualityTools.Tips.UnitTest.ObjectModel, Version=8.0.0.0, Culture=neutral, PublicKeyToken=b03f5f7f11d50a3a"><className type="System.String">TestProject2.CExtractorTest, TestProject2</className><name type="System.String">ItemTest</name><expectedExceptionMessage type="System.String" /><isValid type="System.Boolean">False</isValid></testMethod><aspNetDevServers type="System.Collections.Generic.List`1[[Microsoft.VisualStudio.TestTools.Common.AspNetDevelopmentServer, Microsoft.VisualStudio.QualityTools.Common, Version=8.0.0.0, Culture=neutral, PublicKeyToken=b03f5f7f11d50a3a]]"><_size type="System.Int32">0</_size><_version type="System.Int32">0</_version></aspNetDevServers><dataAccessMethod type="Microsoft.VisualStudio.TestTools.UnitTesting.DataAccessMethod, Microsoft.VisualStudio.QualityTools.UnitTestFramework, Version=8.0.0.0, Culture=neutral, PublicKeyToken=b03f5f7f11d50a3a"><value__ type="System.Int32">0</value__></dataAccessMethod><cssProjectStructure type="System.String" /><isRunOnRestart type="System.Boolean">False</isRunOnRestart><timeOut type="System.Int32">0</timeOut><isGroupable type="System.Boolean">True</isGroupable><abortRunOnAgentFailure type="System.Boolean">False</abortRunOnAgentFailure><cssIteration type="System.String" /><workItemIds type="System.Collections.Generic.List`1[[System.Int32, mscorlib, Version=2.0.0.0, Culture=neutral, PublicKeyToken=b77a5c561934e089]]"><_size type="System.Int32">0</_size><_version type="System.Int32">1</_version></workItemIds><id type="Microsoft.VisualStudio.TestTools.Common.TestId"><id type="System.Guid">c6b0fd5b-acac-4b87-8c17-0ccf3a4649f1</id></id><name type="System.String">ItemTest</name><description type="System.String" /><enabled type="System.Boolean">True</enabled><owner type="System.String" /><priority type="System.Int32">0</priority><executionId type="Microsoft.VisualStudio.TestTools.Common.TestExecId"><id type="System.Guid">00000000-0000-0000-0000-000000000000</id></executionId><parentExecutId type="Microsoft.VisualStudio.TestTools.Common.TestExecId"><id type="System.Guid">00000000-0000-0000-0000-000000000000</id></parentExecutId><deploymentItems type="Microsoft.VisualStudio.TestTools.Common.DeploymentItemCollection" /><agentAttributes type="System.Collections.Specialized.StringDictionary, System, Version=2.0.0.0, Culture=neutral, PublicKeyToken=b77a5c561934e089" /><storage type="System.String">c:\downloads\consoleapplication2\testproject2\bin\debug\testproject2.dll</storage><projectData type="Microsoft.VisualStudio.TestTools.Common.ProjectData"><id type="System.Guid">087a098d-18f5-4600-b1e1-7a4bbfae9b7b</id><projectName type="System.String">TestProject2</projectName><solutionName type="System.String">ConsoleApplication2</solutionName><projectRelativePath type="System.String">TestProject2\TestProject2.csproj</projectRelativePath></projectData><m_nonRunnableReason type="System.String" /></value><key type="Microsoft.VisualStudio.TestTools.Common.TestId"><id type="System.Guid">dbc5eb0e-b78b-901e-4594-cb3c1dd8b3c2</id></key><value type="Microsoft.VisualStudio.TestTools.TestTypes.Unit.UnitTestElement, Microsoft.VisualStudio.QualityTools.Tips.UnitTest.ObjectModel, Version=8.0.0.0, Culture=neutral, PublicKeyToken=b03f5f7f11d50a3a"><codeBase type="System.String">C:\Downloads\ConsoleApplication2\TestProject2\bin\Debug\TestProject2.dll</codeBase><adapterTypeName type="System.String">Microsoft.VisualStudio.TestTools.TestTypes.Unit.UnitTestAdapter, Microsoft.VisualStudio.QualityTools.Tips.UnitTest.Adapter, Version=8.0.0.0, Culture=neutral, PublicKeyToken=b03f5f7f11d50a3a</adapterTypeName><testMethod type="Microsoft.VisualStudio.TestTools.TestTypes.Unit.TestMethod, Microsoft.VisualStudio.QualityTools.Tips.UnitTest.ObjectModel, Version=8.0.0.0, Culture=neutral, PublicKeyToken=b03f5f7f11d50a3a"><className type="System.String">TestProject2.CStateTest, TestProject2</className><name type="System.String">SourcePathTest</name><expectedExceptionMessage type="System.String" /><isValid type="System.Boolean">False</isValid></testMethod><aspNetDevServers type="System.Collections.Generic.List`1[[Microsoft.VisualStudio.TestTools.Common.AspNetDevelopmentServer, Microsoft.VisualStudio.QualityTools.Common, Version=8.0.0.0, Culture=neutral, PublicKeyToken=b03f5f7f11d50a3a]]"><_size type="System.Int32">0</_size><_version type="System.Int32">0</_version></aspNetDevServers><dataAccessMethod type="Microsoft.VisualStudio.TestTools.UnitTesting.DataAccessMethod, Microsoft.VisualStudio.QualityTools.UnitTestFramework, Version=8.0.0.0, Culture=neutral, PublicKeyToken=b03f5f7f11d50a3a"><value__ type="System.Int32">0</value__></dataAccessMethod><cssProjectStructure type="System.String" /><isRunOnRestart type="System.Boolean">False</isRunOnRestart><timeOut type="System.Int32">0</timeOut><isGroupable type="System.Boolean">True</isGroupable><abortRunOnAgentFailure type="System.Boolean">False</abortRunOnAgentFailure><cssIteration type="System.String" /><workItemIds type="System.Collections.Generic.List`1[[System.Int32, mscorlib, Version=2.0.0.0, Culture=neutral, PublicKeyToken=b77a5c561934e089]]"><_size type="System.Int32">0</_size><_version type="System.Int32">1</_version></workItemIds><id type="Microsoft.VisualStudio.TestTools.Common.TestId"><id type="System.Guid">dbc5eb0e-b78b-901e-4594-cb3c1dd8b3c2</id></id><name type="System.String">SourcePathTest</name><description type="System.String" /><enabled type="System.Boolean">True</enabled><owner type="System.String" /><priority type="System.Int32">0</priority><executionId type="Microsoft.VisualStudio.TestTools.Common.TestExecId"><id type="System.Guid">00000000-0000-0000-0000-000000000000</id></executionId><parentExecutId type="Microsoft.VisualStudio.TestTools.Common.TestExecId"><id type="System.Guid">00000000-0000-0000-0000-000000000000</id></parentExecutId><deploymentItems type="Microsoft.VisualStudio.TestTools.Common.DeploymentItemCollection" /><agentAttributes type="System.Collections.Specialized.StringDictionary, System, Version=2.0.0.0, Culture=neutral, PublicKeyToken=b77a5c561934e089" /><storage type="System.String">c:\downloads\consoleapplication2\testproject2\bin\debug\testproject2.dll</storage><projectData type="Microsoft.VisualStudio.TestTools.Common.ProjectData"><id type="System.Guid">087a098d-18f5-4600-b1e1-7a4bbfae9b7b</id><projectName type="System.String">TestProject2</projectName><solutionName type="System.String">ConsoleApplication2</solutionName><projectRelativePath type="System.String">TestProject2\TestProject2.csproj</projectRelativePath></projectData><m_nonRunnableReason type="System.String" /></value><key type="Microsoft.VisualStudio.TestTools.Common.TestId"><id type="System.Guid">34faeb91-f5e7-923a-9a5b-d63d8dfdf48a</id></key><value type="Microsoft.VisualStudio.TestTools.TestTypes.Unit.UnitTestElement, Microsoft.VisualStudio.QualityTools.Tips.UnitTest.ObjectModel, Version=8.0.0.0, Culture=neutral, PublicKeyToken=b03f5f7f11d50a3a"><codeBase type="System.String">C:\Downloads\ConsoleApplication2\TestProject2\bin\Debug\TestProject2.dll</codeBase><adapterTypeName type="System.String">Microsoft.VisualStudio.TestTools.TestTypes.Unit.UnitTestAdapter, Microsoft.VisualStudio.QualityTools.Tips.UnitTest.Adapter, Version=8.0.0.0, Culture=neutral, PublicKeyToken=b03f5f7f11d50a3a</adapterTypeName><testMethod type="Microsoft.VisualStudio.TestTools.TestTypes.Unit.TestMethod, Microsoft.VisualStudio.QualityTools.Tips.UnitTest.ObjectModel, Version=8.0.0.0, Culture=neutral, PublicKeyToken=b03f5f7f11d50a3a"><className type="System.String">TestProject2.CWMConfigTest, TestProject2</className><name type="System.String">GetWMsTest</name><expectedExceptionMessage type="System.String" /><isValid type="System.Boolean">False</isValid></testMethod><aspNetDevServers type="System.Collections.Generic.List`1[[Microsoft.VisualStudio.TestTools.Common.AspNetDevelopmentServer, Microsoft.VisualStudio.QualityTools.Common, Version=8.0.0.0, Culture=neutral, PublicKeyToken=b03f5f7f11d50a3a]]"><_size type="System.Int32">0</_size><_version type="System.Int32">0</_version></aspNetDevServers><dataAccessMethod type="Microsoft.VisualStudio.TestTools.UnitTesting.DataAccessMethod, Microsoft.VisualStudio.QualityTools.UnitTestFramework, Version=8.0.0.0, Culture=neutral, PublicKeyToken=b03f5f7f11d50a3a"><value__ type="System.Int32">0</value__></dataAccessMethod><cssProjectStructure type="System.String" /><isRunOnRestart type="System.Boolean">False</isRunOnRestart><timeOut type="System.Int32">0</timeOut><isGroupable type="System.Boolean">True</isGroupable><abortRunOnAgentFailure type="System.Boolean">False</abortRunOnAgentFailure><cssIteration type="System.String" /><workItemIds type="System.Collections.Generic.List`1[[System.Int32, mscorlib, Version=2.0.0.0, Culture=neutral, PublicKeyToken=b77a5c561934e089]]"><_size type="System.Int32">0</_size><_version type="System.Int32">1</_version></workItemIds><id type="Microsoft.VisualStudio.TestTools.Common.TestId"><id type="System.Guid">34faeb91-f5e7-923a-9a5b-d63d8dfdf48a</id></id><name type="System.String">GetWMsTest</name><description type="System.String" /><enabled type="System.Boolean">True</enabled><owner type="System.String" /><priority type="System.Int32">0</priority><executionId type="Microsoft.VisualStudio.TestTools.Common.TestExecId"><id type="System.Guid">00000000-0000-0000-0000-000000000000</id></executionId><parentExecutId type="Microsoft.VisualStudio.TestTools.Common.TestExecId"><id type="System.Guid">00000000-0000-0000-0000-000000000000</id></parentExecutId><deploymentItems type="Microsoft.VisualStudio.TestTools.Common.DeploymentItemCollection" /><agentAttributes type="System.Collections.Specialized.StringDictionary, System, Version=2.0.0.0, Culture=neutral, PublicKeyToken=b77a5c561934e089" /><storage type="System.String">c:\downloads\consoleapplication2\testproject2\bin\debug\testproject2.dll</storage><projectData type="Microsoft.VisualStudio.TestTools.Common.ProjectData"><id type="System.Guid">087a098d-18f5-4600-b1e1-7a4bbfae9b7b</id><projectName type="System.String">TestProject2</projectName><solutionName type="System.String">ConsoleApplication2</solutionName><projectRelativePath type="System.String">TestProject2\TestProject2.csproj</projectRelativePath></projectData><m_nonRunnableReason type="System.String" /></value><key type="Microsoft.VisualStudio.TestTools.Common.TestId"><id type="System.Guid">da94bf9d-d1bc-969d-fef6-97262e1589cc</id></key><value type="Microsoft.VisualStudio.TestTools.TestTypes.Unit.UnitTestElement, Microsoft.VisualStudio.QualityTools.Tips.UnitTest.ObjectModel, Version=8.0.0.0, Culture=neutral, PublicKeyToken=b03f5f7f11d50a3a"><codeBase type="System.String">C:\Downloads\ConsoleApplication2\TestProject2\bin\Debug\TestProject2.dll</codeBase><adapterTypeName type="System.String">Microsoft.VisualStudio.TestTools.TestTypes.Unit.UnitTestAdapter, Microsoft.VisualStudio.QualityTools.Tips.UnitTest.Adapter, Version=8.0.0.0, Culture=neutral, PublicKeyToken=b03f5f7f11d50a3a</adapterTypeName><testMethod type="Microsoft.VisualStudio.TestTools.TestTypes.Unit.TestMethod, Microsoft.VisualStudio.QualityTools.Tips.UnitTest.ObjectModel, Version=8.0.0.0, Culture=neutral, PublicKeyToken=b03f5f7f11d50a3a"><className type="System.String">TestProject2.CWMConfigTest, TestProject2</className><name type="System.String">getTextTest</name><expectedExceptionMessage type="System.String" /><isValid type="System.Boolean">False</isValid></testMethod><aspNetDevServers type="System.Collections.Generic.List`1[[Microsoft.VisualStudio.TestTools.Common.AspNetDevelopmentServer, Microsoft.VisualStudio.QualityTools.Common, Version=8.0.0.0, Culture=neutral, PublicKeyToken=b03f5f7f11d50a3a]]"><_size type="System.Int32">0</_size><_version type="System.Int32">0</_version></aspNetDevServers><dataAccessMethod type="Microsoft.VisualStudio.TestTools.UnitTesting.DataAccessMethod, Microsoft.VisualStudio.QualityTools.UnitTestFramework, Version=8.0.0.0, Culture=neutral, PublicKeyToken=b03f5f7f11d50a3a"><value__ type="System.Int32">0</value__></dataAccessMethod><cssProjectStructure type="System.String" /><isRunOnRestart type="System.Boolean">False</isRunOnRestart><timeOut type="System.Int32">0</timeOut><isGroupable type="System.Boolean">True</isGroupable><abortRunOnAgentFailure type="System.Boolean">False</abortRunOnAgentFailure><cssIteration type="System.String" /><workItemIds type="System.Collections.Generic.List`1[[System.Int32, mscorlib, Version=2.0.0.0, Culture=neutral, PublicKeyToken=b77a5c561934e089]]"><_size type="System.Int32">0</_size><_version type="System.Int32">1</_version></workItemIds><id type="Microsoft.VisualStudio.TestTools.Common.TestId"><id type="System.Guid">da94bf9d-d1bc-969d-fef6-97262e1589cc</id></id><name type="System.String">getTextTest</name><description type="System.String" /><enabled type="System.Boolean">True</enabled><owner type="System.String" /><priority type="System.Int32">0</priority><executionId type="Microsoft.VisualStudio.TestTools.Common.TestExecId"><id type="System.Guid">00000000-0000-0000-0000-000000000000</id></executionId><parentExecutId type="Microsoft.VisualStudio.TestTools.Common.TestExecId"><id type="System.Guid">00000000-0000-0000-0000-000000000000</id></parentExecutId><deploymentItems type="Microsoft.VisualStudio.TestTools.Common.DeploymentItemCollection"><m_container type="System.Collections.Hashtable"><key type="Microsoft.VisualStudio.TestTools.Common.DeploymentItem"><path type="System.String">ChuiWenChiu.Utility.dll</path><outputDirectory type="System.String" /></key><value /></m_container></deploymentItems><agentAttributes type="System.Collections.Specialized.StringDictionary, System, Version=2.0.0.0, Culture=neutral, PublicKeyToken=b77a5c561934e089" /><storage type="System.String">c:\downloads\consoleapplication2\testproject2\bin\debug\testproject2.dll</storage><projectData type="Microsoft.VisualStudio.TestTools.Common.ProjectData"><id type="System.Guid">087a098d-18f5-4600-b1e1-7a4bbfae9b7b</id><projectName type="System.String">TestProject2</projectName><solutionName type="System.String">ConsoleApplication2</solutionName><projectRelativePath type="System.String">TestProject2\TestProject2.csproj</projectRelativePath></projectData><m_nonRunnableReason type="System.String" /></value><key type="Microsoft.VisualStudio.TestTools.Common.TestId"><id type="System.Guid">df31bb2d-a423-298e-4f8a-23d99bdae02d</id></key><value type="Microsoft.VisualStudio.TestTools.TestTypes.Unit.UnitTestElement, Microsoft.VisualStudio.QualityTools.Tips.UnitTest.ObjectModel, Version=8.0.0.0, Culture=neutral, PublicKeyToken=b03f5f7f11d50a3a"><codeBase type="System.String">C:\Downloads\ConsoleApplication2\TestProject2\bin\Debug\TestProject2.dll</codeBase><adapterTypeName type="System.String">Microsoft.VisualStudio.TestTools.TestTypes.Unit.UnitTestAdapter, Microsoft.VisualStudio.QualityTools.Tips.UnitTest.Adapter, Version=8.0.0.0, Culture=neutral, PublicKeyToken=b03f5f7f11d50a3a</adapterTypeName><testMethod type="Microsoft.VisualStudio.TestTools.TestTypes.Unit.TestMethod, Microsoft.VisualStudio.QualityTools.Tips.UnitTest.ObjectModel, Version=8.0.0.0, Culture=neutral, PublicKeyToken=b03f5f7f11d50a3a"><className type="System.String">TestProject2.CWMConfigTest, TestProject2</className><name type="System.String">ConstructorTest2</name><expectedExceptionMessage type="System.String" /><isValid type="System.Boolean">False</isValid></testMethod><aspNetDevServers type="System.Collections.Generic.List`1[[Microsoft.VisualStudio.TestTools.Common.AspNetDevelopmentServer, Microsoft.VisualStudio.QualityTools.Common, Version=8.0.0.0, Culture=neutral, PublicKeyToken=b03f5f7f11d50a3a]]"><_size type="System.Int32">0</_size><_version type="System.Int32">0</_version></aspNetDevServers><dataAccessMethod type="Microsoft.VisualStudio.TestTools.UnitTesting.DataAccessMethod, Microsoft.VisualStudio.QualityTools.UnitTestFramework, Version=8.0.0.0, Culture=neutral, PublicKeyToken=b03f5f7f11d50a3a"><value__ type="System.Int32">0</value__></dataAccessMethod><cssProjectStructure type="System.String" /><isRunOnRestart type="System.Boolean">False</isRunOnRestart><timeOut type="System.Int32">0</timeOut><isGroupable type="System.Boolean">True</isGroupable><abortRunOnAgentFailure type="System.Boolean">False</abortRunOnAgentFailure><cssIteration type="System.String" /><workItemIds type="System.Collections.Generic.List`1[[System.Int32, mscorlib, Version=2.0.0.0, Culture=neutral, PublicKeyToken=b77a5c561934e089]]"><_size type="System.Int32">0</_size><_version type="System.Int32">1</_version></workItemIds><id type="Microsoft.VisualStudio.TestTools.Common.TestId"><id type="System.Guid">df31bb2d-a423-298e-4f8a-23d99bdae02d</id></id><name type="System.String">ConstructorTest2</name><description type="System.String" /><enabled type="System.Boolean">True</enabled><owner type="System.String" /><priority type="System.Int32">0</priority><executionId type="Microsoft.VisualStudio.TestTools.Common.TestExecId"><id type="System.Guid">00000000-0000-0000-0000-000000000000</id></executionId><parentExecutId type="Microsoft.VisualStudio.TestTools.Common.TestExecId"><id type="System.Guid">00000000-0000-0000-0000-000000000000</id></parentExecutId><deploymentItems type="Microsoft.VisualStudio.TestTools.Common.DeploymentItemCollection" /><agentAttributes type="System.Collections.Specialized.StringDictionary, System, Version=2.0.0.0, Culture=neutral, PublicKeyToken=b77a5c561934e089" /><storage type="System.String">c:\downloads\consoleapplication2\testproject2\bin\debug\testproject2.dll</storage><projectData type="Microsoft.VisualStudio.TestTools.Common.ProjectData"><id type="System.Guid">087a098d-18f5-4600-b1e1-7a4bbfae9b7b</id><projectName type="System.String">TestProject2</projectName><solutionName type="System.String">ConsoleApplication2</solutionName><projectRelativePath type="System.String">TestProject2\TestProject2.csproj</projectRelativePath></projectData><m_nonRunnableReason type="System.String" /></value><key type="Microsoft.VisualStudio.TestTools.Common.TestId"><id type="System.Guid">3d3bcad1-0b5f-1f1d-5cbb-4b6ed44ee1dd</id></key><value type="Microsoft.VisualStudio.TestTools.TestTypes.Unit.UnitTestElement, Microsoft.VisualStudio.QualityTools.Tips.UnitTest.ObjectModel, Version=8.0.0.0, Culture=neutral, PublicKeyToken=b03f5f7f11d50a3a"><codeBase type="System.String">C:\Downloads\ConsoleApplication2\TestProject2\bin\Debug\TestProject2.dll</codeBase><adapterTypeName type="System.String">Microsoft.VisualStudio.TestTools.TestTypes.Unit.UnitTestAdapter, Microsoft.VisualStudio.QualityTools.Tips.UnitTest.Adapter, Version=8.0.0.0, Culture=neutral, PublicKeyToken=b03f5f7f11d50a3a</adapterTypeName><testMethod type="Microsoft.VisualStudio.TestTools.TestTypes.Unit.TestMethod, Microsoft.VisualStudio.QualityTools.Tips.UnitTest.ObjectModel, Version=8.0.0.0, Culture=neutral, PublicKeyToken=b03f5f7f11d50a3a"><className type="System.String">TestProject2.CStateTest, TestProject2</className><name type="System.String">PackAllTest</name><expectedExceptionMessage type="System.String" /><isValid type="System.Boolean">False</isValid></testMethod><aspNetDevServers type="System.Collections.Generic.List`1[[Microsoft.VisualStudio.TestTools.Common.AspNetDevelopmentServer, Microsoft.VisualStudio.QualityTools.Common, Version=8.0.0.0, Culture=neutral, PublicKeyToken=b03f5f7f11d50a3a]]"><_size type="System.Int32">0</_size><_version type="System.Int32">0</_version></aspNetDevServers><dataAccessMethod type="Microsoft.VisualStudio.TestTools.UnitTesting.DataAccessMethod, Microsoft.VisualStudio.QualityTools.UnitTestFramework, Version=8.0.0.0, Culture=neutral, PublicKeyToken=b03f5f7f11d50a3a"><value__ type="System.Int32">0</value__></dataAccessMethod><cssProjectStructure type="System.String" /><isRunOnRestart type="System.Boolean">False</isRunOnRestart><timeOut type="System.Int32">0</timeOut><isGroupable type="System.Boolean">True</isGroupable><abortRunOnAgentFailure type="System.Boolean">False</abortRunOnAgentFailure><cssIteration type="System.String" /><workItemIds type="System.Collections.Generic.List`1[[System.Int32, mscorlib, Version=2.0.0.0, Culture=neutral, PublicKeyToken=b77a5c561934e089]]"><_size type="System.Int32">0</_size><_version type="System.Int32">1</_version></workItemIds><id type="Microsoft.VisualStudio.TestTools.Common.TestId"><id type="System.Guid">3d3bcad1-0b5f-1f1d-5cbb-4b6ed44ee1dd</id></id><name type="System.String">PackAllTest</name><description type="System.String" /><enabled type="System.Boolean">True</enabled><owner type="System.String" /><priority type="System.Int32">0</priority><executionId type="Microsoft.VisualStudio.TestTools.Common.TestExecId"><id type="System.Guid">00000000-0000-0000-0000-000000000000</id></executionId><parentExecutId type="Microsoft.VisualStudio.TestTools.Common.TestExecId"><id type="System.Guid">00000000-0000-0000-0000-000000000000</id></parentExecutId><deploymentItems type="Microsoft.VisualStudio.TestTools.Common.DeploymentItemCollection" /><agentAttributes type="System.Collections.Specialized.StringDictionary, System, Version=2.0.0.0, Culture=neutral, PublicKeyToken=b77a5c561934e089" /><storage type="System.String">c:\downloads\consoleapplication2\testproject2\bin\debug\testproject2.dll</storage><projectData type="Microsoft.VisualStudio.TestTools.Common.ProjectData"><id type="System.Guid">087a098d-18f5-4600-b1e1-7a4bbfae9b7b</id><projectName type="System.String">TestProject2</projectName><solutionName type="System.String">ConsoleApplication2</solutionName><projectRelativePath type="System.String">TestProject2\TestProject2.csproj</projectRelativePath></projectData><m_nonRunnableReason type="System.String" /></value><key type="Microsoft.VisualStudio.TestTools.Common.TestId"><id type="System.Guid">74224eb0-ed75-90a1-08b7-066f695ef676</id></key><value type="Microsoft.VisualStudio.TestTools.TestTypes.Unit.UnitTestElement, Microsoft.VisualStudio.QualityTools.Tips.UnitTest.ObjectModel, Version=8.0.0.0, Culture=neutral, PublicKeyToken=b03f5f7f11d50a3a"><codeBase type="System.String">C:\Downloads\ConsoleApplication2\TestProject2\bin\Debug\TestProject2.dll</codeBase><adapterTypeName type="System.String">Microsoft.VisualStudio.TestTools.TestTypes.Unit.UnitTestAdapter, Microsoft.VisualStudio.QualityTools.Tips.UnitTest.Adapter, Version=8.0.0.0, Culture=neutral, PublicKeyToken=b03f5f7f11d50a3a</adapterTypeName><testMethod type="Microsoft.VisualStudio.TestTools.TestTypes.Unit.TestMethod, Microsoft.VisualStudio.QualityTools.Tips.UnitTest.ObjectModel, Version=8.0.0.0, Culture=neutral, PublicKeyToken=b03f5f7f11d50a3a"><className type="System.String">TestProject2.CWMProjectTest, TestProject2</className><name type="System.String">ConstructorTest1</name><expectedExceptionMessage type="System.String" /><isValid type="System.Boolean">False</isValid></testMethod><aspNetDevServers type="System.Collections.Generic.List`1[[Microsoft.VisualStudio.TestTools.Common.AspNetDevelopmentServer, Microsoft.VisualStudio.QualityTools.Common, Version=8.0.0.0, Culture=neutral, PublicKeyToken=b03f5f7f11d50a3a]]"><_size type="System.Int32">0</_size><_version type="System.Int32">0</_version></aspNetDevServers><dataAccessMethod type="Microsoft.VisualStudio.TestTools.UnitTesting.DataAccessMethod, Microsoft.VisualStudio.QualityTools.UnitTestFramework, Version=8.0.0.0, Culture=neutral, PublicKeyToken=b03f5f7f11d50a3a"><value__ type="System.Int32">0</value__></dataAccessMethod><cssProjectStructure type="System.String" /><isRunOnRestart type="System.Boolean">False</isRunOnRestart><timeOut type="System.Int32">0</timeOut><isGroupable type="System.Boolean">True</isGroupable><abortRunOnAgentFailure type="System.Boolean">False</abortRunOnAgentFailure><cssIteration type="System.String" /><workItemIds type="System.Collections.Generic.List`1[[System.Int32, mscorlib, Version=2.0.0.0, Culture=neutral, PublicKeyToken=b77a5c561934e089]]"><_size type="System.Int32">0</_size><_version type="System.Int32">1</_version></workItemIds><id type="Microsoft.VisualStudio.TestTools.Common.TestId"><id type="System.Guid">74224eb0-ed75-90a1-08b7-066f695ef676</id></id><name type="System.String">ConstructorTest1</name><description type="System.String" /><enabled type="System.Boolean">True</enabled><owner type="System.String" /><priority type="System.Int32">0</priority><executionId type="Microsoft.VisualStudio.TestTools.Common.TestExecId"><id type="System.Guid">00000000-0000-0000-0000-000000000000</id></executionId><parentExecutId type="Microsoft.VisualStudio.TestTools.Common.TestExecId"><id type="System.Guid">00000000-0000-0000-0000-000000000000</id></parentExecutId><deploymentItems type="Microsoft.VisualStudio.TestTools.Common.DeploymentItemCollection" /><agentAttributes type="System.Collections.Specialized.StringDictionary, System, Version=2.0.0.0, Culture=neutral, PublicKeyToken=b77a5c561934e089" /><storage type="System.String">c:\downloads\consoleapplication2\testproject2\bin\debug\testproject2.dll</storage><projectData type="Microsoft.VisualStudio.TestTools.Common.ProjectData"><id type="System.Guid">087a098d-18f5-4600-b1e1-7a4bbfae9b7b</id><projectName type="System.String">TestProject2</projectName><solutionName type="System.String">ConsoleApplication2</solutionName><projectRelativePath type="System.String">TestProject2\TestProject2.csproj</projectRelativePath></projectData><m_nonRunnableReason type="System.String" /></value><key type="Microsoft.VisualStudio.TestTools.Common.TestId"><id type="System.Guid">ea36e490-9e53-1087-202d-ce0854a11cce</id></key><value type="Microsoft.VisualStudio.TestTools.TestTypes.Unit.UnitTestElement, Microsoft.VisualStudio.QualityTools.Tips.UnitTest.ObjectModel, Version=8.0.0.0, Culture=neutral, PublicKeyToken=b03f5f7f11d50a3a"><codeBase type="System.String">C:\Downloads\ConsoleApplication2\TestProject2\bin\Debug\TestProject2.dll</codeBase><adapterTypeName type="System.String">Microsoft.VisualStudio.TestTools.TestTypes.Unit.UnitTestAdapter, Microsoft.VisualStudio.QualityTools.Tips.UnitTest.Adapter, Version=8.0.0.0, Culture=neutral, PublicKeyToken=b03f5f7f11d50a3a</adapterTypeName><testMethod type="Microsoft.VisualStudio.TestTools.TestTypes.Unit.TestMethod, Microsoft.VisualStudio.QualityTools.Tips.UnitTest.ObjectModel, Version=8.0.0.0, Culture=neutral, PublicKeyToken=b03f5f7f11d50a3a"><className type="System.String">TestProject2.CXMLConfigTest, TestProject2</className><name type="System.String">EncoderShellScriptTest</name><expectedExceptionMessage type="System.String" /><isValid type="System.Boolean">False</isValid></testMethod><aspNetDevServers type="System.Collections.Generic.List`1[[Microsoft.VisualStudio.TestTools.Common.AspNetDevelopmentServer, Microsoft.VisualStudio.QualityTools.Common, Version=8.0.0.0, Culture=neutral, PublicKeyToken=b03f5f7f11d50a3a]]"><_size type="System.Int32">0</_size><_version type="System.Int32">0</_version></aspNetDevServers><dataAccessMethod type="Microsoft.VisualStudio.TestTools.UnitTesting.DataAccessMethod, Microsoft.VisualStudio.QualityTools.UnitTestFramework, Version=8.0.0.0, Culture=neutral, PublicKeyToken=b03f5f7f11d50a3a"><value__ type="System.Int32">0</value__></dataAccessMethod><cssProjectStructure type="System.String" /><isRunOnRestart type="System.Boolean">False</isRunOnRestart><timeOut type="System.Int32">0</timeOut><isGroupable type="System.Boolean">True</isGroupable><abortRunOnAgentFailure type="System.Boolean">False</abortRunOnAgentFailure><cssIteration type="System.String" /><workItemIds type="System.Collections.Generic.List`1[[System.Int32, mscorlib, Version=2.0.0.0, Culture=neutral, PublicKeyToken=b77a5c561934e089]]"><_size type="System.Int32">0</_size><_version type="System.Int32">1</_version></workItemIds><id type="Microsoft.VisualStudio.TestTools.Common.TestId"><id type="System.Guid">ea36e490-9e53-1087-202d-ce0854a11cce</id></id><name type="System.String">EncoderShellScriptTest</name><description type="System.String" /><enabled type="System.Boolean">True</enabled><owner type="System.String" /><priority type="System.Int32">0</priority><executionId type="Microsoft.VisualStudio.TestTools.Common.TestExecId"><id type="System.Guid">00000000-0000-0000-0000-000000000000</id></executionId><parentExecutId type="Microsoft.VisualStudio.TestTools.Common.TestExecId"><id type="System.Guid">00000000-0000-0000-0000-000000000000</id></parentExecutId><deploymentItems type="Microsoft.VisualStudio.TestTools.Common.DeploymentItemCollection" /><agentAttributes type="System.Collections.Specialized.StringDictionary, System, Version=2.0.0.0, Culture=neutral, PublicKeyToken=b77a5c561934e089" /><storage type="System.String">c:\downloads\consoleapplication2\testproject2\bin\debug\testproject2.dll</storage><projectData type="Microsoft.VisualStudio.TestTools.Common.ProjectData"><id type="System.Guid">087a098d-18f5-4600-b1e1-7a4bbfae9b7b</id><projectName type="System.String">TestProject2</projectName><solutionName type="System.String">ConsoleApplication2</solutionName><projectRelativePath type="System.String">TestProject2\TestProject2.csproj</projectRelativePath></projectData><m_nonRunnableReason type="System.String" /></value><key type="Microsoft.VisualStudio.TestTools.Common.TestId"><id type="System.Guid">104233c9-7bab-310c-32f1-b7ce55682642</id></key><value type="Microsoft.VisualStudio.TestTools.TestTypes.Unit.UnitTestElement, Microsoft.VisualStudio.QualityTools.Tips.UnitTest.ObjectModel, Version=8.0.0.0, Culture=neutral, PublicKeyToken=b03f5f7f11d50a3a"><codeBase type="System.String">C:\Downloads\ConsoleApplication2\TestProject2\bin\Debug\TestProject2.dll</codeBase><adapterTypeName type="System.String">Microsoft.VisualStudio.TestTools.TestTypes.Unit.UnitTestAdapter, Microsoft.VisualStudio.QualityTools.Tips.UnitTest.Adapter, Version=8.0.0.0, Culture=neutral, PublicKeyToken=b03f5f7f11d50a3a</adapterTypeName><testMethod type="Microsoft.VisualStudio.TestTools.TestTypes.Unit.TestMethod, Microsoft.VisualStudio.QualityTools.Tips.UnitTest.ObjectModel, Version=8.0.0.0, Culture=neutral, PublicKeyToken=b03f5f7f11d50a3a"><className type="System.String">TestProject2.CStateTest, TestProject2</className><name type="System.String">InstallGuideTest</name><expectedExceptionMessage type="System.String" /><isValid type="System.Boolean">False</isValid></testMethod><aspNetDevServers type="System.Collections.Generic.List`1[[Microsoft.VisualStudio.TestTools.Common.AspNetDevelopmentServer, Microsoft.VisualStudio.QualityTools.Common, Version=8.0.0.0, Culture=neutral, PublicKeyToken=b03f5f7f11d50a3a]]"><_size type="System.Int32">0</_size><_version type="System.Int32">0</_version></aspNetDevServers><dataAccessMethod type="Microsoft.VisualStudio.TestTools.UnitTesting.DataAccessMethod, Microsoft.VisualStudio.QualityTools.UnitTestFramework, Version=8.0.0.0, Culture=neutral, PublicKeyToken=b03f5f7f11d50a3a"><value__ type="System.Int32">0</value__></dataAccessMethod><cssProjectStructure type="System.String" /><isRunOnRestart type="System.Boolean">False</isRunOnRestart><timeOut type="System.Int32">0</timeOut><isGroupable type="System.Boolean">True</isGroupable><abortRunOnAgentFailure type="System.Boolean">False</abortRunOnAgentFailure><cssIteration type="System.String" /><workItemIds type="System.Collections.Generic.List`1[[System.Int32, mscorlib, Version=2.0.0.0, Culture=neutral, PublicKeyToken=b77a5c561934e089]]"><_size type="System.Int32">0</_size><_version type="System.Int32">1</_version></workItemIds><id type="Microsoft.VisualStudio.TestTools.Common.TestId"><id type="System.Guid">104233c9-7bab-310c-32f1-b7ce55682642</id></id><name type="System.String">InstallGuideTest</name><description type="System.String" /><enabled type="System.Boolean">True</enabled><owner type="System.String" /><priority type="System.Int32">0</priority><executionId type="Microsoft.VisualStudio.TestTools.Common.TestExecId"><id type="System.Guid">00000000-0000-0000-0000-000000000000</id></executionId><parentExecutId type="Microsoft.VisualStudio.TestTools.Common.TestExecId"><id type="System.Guid">00000000-0000-0000-0000-000000000000</id></parentExecutId><deploymentItems type="Microsoft.VisualStudio.TestTools.Common.DeploymentItemCollection" /><agentAttributes type="System.Collections.Specialized.StringDictionary, System, Version=2.0.0.0, Culture=neutral, PublicKeyToken=b77a5c561934e089" /><storage type="System.String">c:\downloads\consoleapplication2\testproject2\bin\debug\testproject2.dll</storage><projectData type="Microsoft.VisualStudio.TestTools.Common.ProjectData"><id type="System.Guid">087a098d-18f5-4600-b1e1-7a4bbfae9b7b</id><projectName type="System.String">TestProject2</projectName><solutionName type="System.String">ConsoleApplication2</solutionName><projectRelativePath type="System.String">TestProject2\TestProject2.csproj</projectRelativePath></projectData><m_nonRunnableReason type="System.String" /></value><key type="Microsoft.VisualStudio.TestTools.Common.TestId"><id type="System.Guid">7be6ea42-5844-a330-4f2b-c62f7882f026</id></key><value type="Microsoft.VisualStudio.TestTools.TestTypes.Unit.UnitTestElement, Microsoft.VisualStudio.QualityTools.Tips.UnitTest.ObjectModel, Version=8.0.0.0, Culture=neutral, PublicKeyToken=b03f5f7f11d50a3a"><codeBase type="System.String">C:\Downloads\ConsoleApplication2\TestProject2\bin\Debug\TestProject2.dll</codeBase><adapterTypeName type="System.String">Microsoft.VisualStudio.TestTools.TestTypes.Unit.UnitTestAdapter, Microsoft.VisualStudio.QualityTools.Tips.UnitTest.Adapter, Version=8.0.0.0, Culture=neutral, PublicKeyToken=b03f5f7f11d50a3a</adapterTypeName><testMethod type="Microsoft.VisualStudio.TestTools.TestTypes.Unit.TestMethod, Microsoft.VisualStudio.QualityTools.Tips.UnitTest.ObjectModel, Version=8.0.0.0, Culture=neutral, PublicKeyToken=b03f5f7f11d50a3a"><className type="System.String">TestProject2.CXMLConfigTest, TestProject2</className><name type="System.String">SourceFolderTest</name><expectedExceptionMessage type="System.String" /><isValid type="System.Boolean">False</isValid></testMethod><aspNetDevServers type="System.Collections.Generic.List`1[[Microsoft.VisualStudio.TestTools.Common.AspNetDevelopmentServer, Microsoft.VisualStudio.QualityTools.Common, Version=8.0.0.0, Culture=neutral, PublicKeyToken=b03f5f7f11d50a3a]]"><_size type="System.Int32">0</_size><_version type="System.Int32">0</_version></aspNetDevServers><dataAccessMethod type="Microsoft.VisualStudio.TestTools.UnitTesting.DataAccessMethod, Microsoft.VisualStudio.QualityTools.UnitTestFramework, Version=8.0.0.0, Culture=neutral, PublicKeyToken=b03f5f7f11d50a3a"><value__ type="System.Int32">0</value__></dataAccessMethod><cssProjectStructure type="System.String" /><isRunOnRestart type="System.Boolean">False</isRunOnRestart><timeOut type="System.Int32">0</timeOut><isGroupable type="System.Boolean">True</isGroupable><abortRunOnAgentFailure type="System.Boolean">False</abortRunOnAgentFailure><cssIteration type="System.String" /><workItemIds type="System.Collections.Generic.List`1[[System.Int32, mscorlib, Version=2.0.0.0, Culture=neutral, PublicKeyToken=b77a5c561934e089]]"><_size type="System.Int32">0</_size><_version type="System.Int32">1</_version></workItemIds><id type="Microsoft.VisualStudio.TestTools.Common.TestId"><id type="System.Guid">7be6ea42-5844-a330-4f2b-c62f7882f026</id></id><name type="System.String">SourceFolderTest</name><description type="System.String" /><enabled type="System.Boolean">True</enabled><owner type="System.String" /><priority type="System.Int32">0</priority><executionId type="Microsoft.VisualStudio.TestTools.Common.TestExecId"><id type="System.Guid">00000000-0000-0000-0000-000000000000</id></executionId><parentExecutId type="Microsoft.VisualStudio.TestTools.Common.TestExecId"><id type="System.Guid">00000000-0000-0000-0000-000000000000</id></parentExecutId><deploymentItems type="Microsoft.VisualStudio.TestTools.Common.DeploymentItemCollection" /><agentAttributes type="System.Collections.Specialized.StringDictionary, System, Version=2.0.0.0, Culture=neutral, PublicKeyToken=b77a5c561934e089" /><storage type="System.String">c:\downloads\consoleapplication2\testproject2\bin\debug\testproject2.dll</storage><projectData type="Microsoft.VisualStudio.TestTools.Common.ProjectData"><id type="System.Guid">087a098d-18f5-4600-b1e1-7a4bbfae9b7b</id><projectName type="System.String">TestProject2</projectName><solutionName type="System.String">ConsoleApplication2</solutionName><projectRelativePath type="System.String">TestProject2\TestProject2.csproj</projectRelativePath></projectData><m_nonRunnableReason type="System.String" /></value><key type="Microsoft.VisualStudio.TestTools.Common.TestId"><id type="System.Guid">76422338-8352-e7fb-9bfa-e9183d1e5f74</id></key><value type="Microsoft.VisualStudio.TestTools.TestTypes.Unit.UnitTestElement, Microsoft.VisualStudio.QualityTools.Tips.UnitTest.ObjectModel, Version=8.0.0.0, Culture=neutral, PublicKeyToken=b03f5f7f11d50a3a"><codeBase type="System.String">C:\Downloads\ConsoleApplication2\TestProject2\bin\Debug\TestProject2.dll</codeBase><adapterTypeName type="System.String">Microsoft.VisualStudio.TestTools.TestTypes.Unit.UnitTestAdapter, Microsoft.VisualStudio.QualityTools.Tips.UnitTest.Adapter, Version=8.0.0.0, Culture=neutral, PublicKeyToken=b03f5f7f11d50a3a</adapterTypeName><testMethod type="Microsoft.VisualStudio.TestTools.TestTypes.Unit.TestMethod, Microsoft.VisualStudio.QualityTools.Tips.UnitTest.ObjectModel, Version=8.0.0.0, Culture=neutral, PublicKeyToken=b03f5f7f11d50a3a"><className type="System.String">TestProject2.CXMLConfigTest, TestProject2</className><name type="System.String">EncoderServerTest</name><expectedExceptionMessage type="System.String" /><isValid type="System.Boolean">False</isValid></testMethod><aspNetDevServers type="System.Collections.Generic.List`1[[Microsoft.VisualStudio.TestTools.Common.AspNetDevelopmentServer, Microsoft.VisualStudio.QualityTools.Common, Version=8.0.0.0, Culture=neutral, PublicKeyToken=b03f5f7f11d50a3a]]"><_size type="System.Int32">0</_size><_version type="System.Int32">0</_version></aspNetDevServers><dataAccessMethod type="Microsoft.VisualStudio.TestTools.UnitTesting.DataAccessMethod, Microsoft.VisualStudio.QualityTools.UnitTestFramework, Version=8.0.0.0, Culture=neutral, PublicKeyToken=b03f5f7f11d50a3a"><value__ type="System.Int32">0</value__></dataAccessMethod><cssProjectStructure type="System.String" /><isRunOnRestart type="System.Boolean">False</isRunOnRestart><timeOut type="System.Int32">0</timeOut><isGroupable type="System.Boolean">True</isGroupable><abortRunOnAgentFailure type="System.Boolean">False</abortRunOnAgentFailure><cssIteration type="System.String" /><workItemIds type="System.Collections.Generic.List`1[[System.Int32, mscorlib, Version=2.0.0.0, Culture=neutral, PublicKeyToken=b77a5c561934e089]]"><_size type="System.Int32">0</_size><_version type="System.Int32">1</_version></workItemIds><id type="Microsoft.VisualStudio.TestTools.Common.TestId"><id type="System.Guid">76422338-8352-e7fb-9bfa-e9183d1e5f74</id></id><name type="System.String">EncoderServerTest</name><description type="System.String" /><enabled type="System.Boolean">True</enabled><owner type="System.String" /><priority type="System.Int32">0</priority><executionId type="Microsoft.VisualStudio.TestTools.Common.TestExecId"><id type="System.Guid">00000000-0000-0000-0000-000000000000</id></executionId><parentExecutId type="Microsoft.VisualStudio.TestTools.Common.TestExecId"><id type="System.Guid">00000000-0000-0000-0000-000000000000</id></parentExecutId><deploymentItems type="Microsoft.VisualStudio.TestTools.Common.DeploymentItemCollection" /><agentAttributes type="System.Collections.Specialized.StringDictionary, System, Version=2.0.0.0, Culture=neutral, PublicKeyToken=b77a5c561934e089" /><storage type="System.String">c:\downloads\consoleapplication2\testproject2\bin\debug\testproject2.dll</storage><projectData type="Microsoft.VisualStudio.TestTools.Common.ProjectData"><id type="System.Guid">087a098d-18f5-4600-b1e1-7a4bbfae9b7b</id><projectName type="System.String">TestProject2</projectName><solutionName type="System.String">ConsoleApplication2</solutionName><projectRelativePath type="System.String">TestProject2\TestProject2.csproj</projectRelativePath></projectData><m_nonRunnableReason type="System.String" /></value><key type="Microsoft.VisualStudio.TestTools.Common.TestId"><id type="System.Guid">b155b1c0-ca7b-1875-0ad6-b407d01f3c44</id></key><value type="Microsoft.VisualStudio.TestTools.TestTypes.Unit.UnitTestElement, Microsoft.VisualStudio.QualityTools.Tips.UnitTest.ObjectModel, Version=8.0.0.0, Culture=neutral, PublicKeyToken=b03f5f7f11d50a3a"><codeBase type="System.String">C:\Downloads\ConsoleApplication2\TestProject2\bin\Debug\TestProject2.dll</codeBase><adapterTypeName type="System.String">Microsoft.VisualStudio.TestTools.TestTypes.Unit.UnitTestAdapter, Microsoft.VisualStudio.QualityTools.Tips.UnitTest.Adapter, Version=8.0.0.0, Culture=neutral, PublicKeyToken=b03f5f7f11d50a3a</adapterTypeName><testMethod type="Microsoft.VisualStudio.TestTools.TestTypes.Unit.TestMethod, Microsoft.VisualStudio.QualityTools.Tips.UnitTest.ObjectModel, Version=8.0.0.0, Culture=neutral, PublicKeyToken=b03f5f7f11d50a3a"><className type="System.String">TestProject2.CXMLConfigTest, TestProject2</className><name type="System.String">EncoderPortTest</name><expectedExceptionMessage type="System.String" /><isValid type="System.Boolean">False</isValid></testMethod><aspNetDevServers type="System.Collections.Generic.List`1[[Microsoft.VisualStudio.TestTools.Common.AspNetDevelopmentServer, Microsoft.VisualStudio.QualityTools.Common, Version=8.0.0.0, Culture=neutral, PublicKeyToken=b03f5f7f11d50a3a]]"><_size type="System.Int32">0</_size><_version type="System.Int32">0</_version></aspNetDevServers><dataAccessMethod type="Microsoft.VisualStudio.TestTools.UnitTesting.DataAccessMethod, Microsoft.VisualStudio.QualityTools.UnitTestFramework, Version=8.0.0.0, Culture=neutral, PublicKeyToken=b03f5f7f11d50a3a"><value__ type="System.Int32">0</value__></dataAccessMethod><cssProjectStructure type="System.String" /><isRunOnRestart type="System.Boolean">False</isRunOnRestart><timeOut type="System.Int32">0</timeOut><isGroupable type="System.Boolean">True</isGroupable><abortRunOnAgentFailure type="System.Boolean">False</abortRunOnAgentFailure><cssIteration type="System.String" /><workItemIds type="System.Collections.Generic.List`1[[System.Int32, mscorlib, Version=2.0.0.0, Culture=neutral, PublicKeyToken=b77a5c561934e089]]"><_size type="System.Int32">0</_size><_version type="System.Int32">1</_version></workItemIds><id type="Microsoft.VisualStudio.TestTools.Common.TestId"><id type="System.Guid">b155b1c0-ca7b-1875-0ad6-b407d01f3c44</id></id><name type="System.String">EncoderPortTest</name><description type="System.String" /><enabled type="System.Boolean">True</enabled><owner type="System.String" /><priority type="System.Int32">0</priority><executionId type="Microsoft.VisualStudio.TestTools.Common.TestExecId"><id type="System.Guid">00000000-0000-0000-0000-000000000000</id></executionId><parentExecutId type="Microsoft.VisualStudio.TestTools.Common.TestExecId"><id type="System.Guid">00000000-0000-0000-0000-000000000000</id></parentExecutId><deploymentItems type="Microsoft.VisualStudio.TestTools.Common.DeploymentItemCollection" /><agentAttributes type="System.Collections.Specialized.StringDictionary, System, Version=2.0.0.0, Culture=neutral, PublicKeyToken=b77a5c561934e089" /><storage type="System.String">c:\downloads\consoleapplication2\testproject2\bin\debug\testproject2.dll</storage><projectData type="Microsoft.VisualStudio.TestTools.Common.ProjectData"><id type="System.Guid">087a098d-18f5-4600-b1e1-7a4bbfae9b7b</id><projectName type="System.String">TestProject2</projectName><solutionName type="System.String">ConsoleApplication2</solutionName><projectRelativePath type="System.String">TestProject2\TestProject2.csproj</projectRelativePath></projectData><m_nonRunnableReason type="System.String" /></value><key type="Microsoft.VisualStudio.TestTools.Common.TestId"><id type="System.Guid">0f4278cf-a9a4-3a20-c553-5a210cc57751</id></key><value type="Microsoft.VisualStudio.TestTools.TestTypes.Unit.UnitTestElement, Microsoft.VisualStudio.QualityTools.Tips.UnitTest.ObjectModel, Version=8.0.0.0, Culture=neutral, PublicKeyToken=b03f5f7f11d50a3a"><codeBase type="System.String">C:\Downloads\ConsoleApplication2\TestProject2\bin\Debug\TestProject2.dll</codeBase><adapterTypeName type="System.String">Microsoft.VisualStudio.TestTools.TestTypes.Unit.UnitTestAdapter, Microsoft.VisualStudio.QualityTools.Tips.UnitTest.Adapter, Version=8.0.0.0, Culture=neutral, PublicKeyToken=b03f5f7f11d50a3a</adapterTypeName><testMethod type="Microsoft.VisualStudio.TestTools.TestTypes.Unit.TestMethod, Microsoft.VisualStudio.QualityTools.Tips.UnitTest.ObjectModel, Version=8.0.0.0, Culture=neutral, PublicKeyToken=b03f5f7f11d50a3a"><className type="System.String">TestProject2.CWMProjectTest, TestProject2</className><name type="System.String">ConstructorTest</name><expectedExceptionMessage type="System.String" /><isValid type="System.Boolean">False</isValid></testMethod><aspNetDevServers type="System.Collections.Generic.List`1[[Microsoft.VisualStudio.TestTools.Common.AspNetDevelopmentServer, Microsoft.VisualStudio.QualityTools.Common, Version=8.0.0.0, Culture=neutral, PublicKeyToken=b03f5f7f11d50a3a]]"><_size type="System.Int32">0</_size><_version type="System.Int32">0</_version></aspNetDevServers><dataAccessMethod type="Microsoft.VisualStudio.TestTools.UnitTesting.DataAccessMethod, Microsoft.VisualStudio.QualityTools.UnitTestFramework, Version=8.0.0.0, Culture=neutral, PublicKeyToken=b03f5f7f11d50a3a"><value__ type="System.Int32">0</value__></dataAccessMethod><cssProjectStructure type="System.String" /><isRunOnRestart type="System.Boolean">False</isRunOnRestart><timeOut type="System.Int32">0</timeOut><isGroupable type="System.Boolean">True</isGroupable><abortRunOnAgentFailure type="System.Boolean">False</abortRunOnAgentFailure><cssIteration type="System.String" /><workItemIds type="System.Collections.Generic.List`1[[System.Int32, mscorlib, Version=2.0.0.0, Culture=neutral, PublicKeyToken=b77a5c561934e089]]"><_size type="System.Int32">0</_size><_version type="System.Int32">1</_version></workItemIds><id type="Microsoft.VisualStudio.TestTools.Common.TestId"><id type="System.Guid">0f4278cf-a9a4-3a20-c553-5a210cc57751</id></id><name type="System.String">ConstructorTest</name><description type="System.String" /><enabled type="System.Boolean">True</enabled><owner type="System.String" /><priority type="System.Int32">0</priority><executionId type="Microsoft.VisualStudio.TestTools.Common.TestExecId"><id type="System.Guid">00000000-0000-0000-0000-000000000000</id></executionId><parentExecutId type="Microsoft.VisualStudio.TestTools.Common.TestExecId"><id type="System.Guid">00000000-0000-0000-0000-000000000000</id></parentExecutId><deploymentItems type="Microsoft.VisualStudio.TestTools.Common.DeploymentItemCollection" /><agentAttributes type="System.Collections.Specialized.StringDictionary, System, Version=2.0.0.0, Culture=neutral, PublicKeyToken=b77a5c561934e089" /><storage type="System.String">c:\downloads\consoleapplication2\testproject2\bin\debug\testproject2.dll</storage><projectData type="Microsoft.VisualStudio.TestTools.Common.ProjectData"><id type="System.Guid">087a098d-18f5-4600-b1e1-7a4bbfae9b7b</id><projectName type="System.String">TestProject2</projectName><solutionName type="System.String">ConsoleApplication2</solutionName><projectRelativePath type="System.String">TestProject2\TestProject2.csproj</projectRelativePath></projectData><m_nonRunnableReason type="System.String" /></value><key type="Microsoft.VisualStudio.TestTools.Common.TestId"><id type="System.Guid">e6d1594b-40a2-4911-c853-0289cae0360d</id></key><value type="Microsoft.VisualStudio.TestTools.TestTypes.Unit.UnitTestElement, Microsoft.VisualStudio.QualityTools.Tips.UnitTest.ObjectModel, Version=8.0.0.0, Culture=neutral, PublicKeyToken=b03f5f7f11d50a3a"><codeBase type="System.String">C:\Downloads\ConsoleApplication2\TestProject2\bin\Debug\TestProject2.dll</codeBase><adapterTypeName type="System.String">Microsoft.VisualStudio.TestTools.TestTypes.Unit.UnitTestAdapter, Microsoft.VisualStudio.QualityTools.Tips.UnitTest.Adapter, Version=8.0.0.0, Culture=neutral, PublicKeyToken=b03f5f7f11d50a3a</adapterTypeName><testMethod type="Microsoft.VisualStudio.TestTools.TestTypes.Unit.TestMethod, Microsoft.VisualStudio.QualityTools.Tips.UnitTest.ObjectModel, Version=8.0.0.0, Culture=neutral, PublicKeyToken=b03f5f7f11d50a3a"><className type="System.String">TestProject2.CExtractorTest, TestProject2</className><name type="System.String">IsHaveValueTest</name><expectedExceptionMessage type="System.String" /><isValid type="System.Boolean">False</isValid></testMethod><aspNetDevServers type="System.Collections.Generic.List`1[[Microsoft.VisualStudio.TestTools.Common.AspNetDevelopmentServer, Microsoft.VisualStudio.QualityTools.Common, Version=8.0.0.0, Culture=neutral, PublicKeyToken=b03f5f7f11d50a3a]]"><_size type="System.Int32">0</_size><_version type="System.Int32">0</_version></aspNetDevServers><dataAccessMethod type="Microsoft.VisualStudio.TestTools.UnitTesting.DataAccessMethod, Microsoft.VisualStudio.QualityTools.UnitTestFramework, Version=8.0.0.0, Culture=neutral, PublicKeyToken=b03f5f7f11d50a3a"><value__ type="System.Int32">0</value__></dataAccessMethod><cssProjectStructure type="System.String" /><isRunOnRestart type="System.Boolean">False</isRunOnRestart><timeOut type="System.Int32">0</timeOut><isGroupable type="System.Boolean">True</isGroupable><abortRunOnAgentFailure type="System.Boolean">False</abortRunOnAgentFailure><cssIteration type="System.String" /><workItemIds type="System.Collections.Generic.List`1[[System.Int32, mscorlib, Version=2.0.0.0, Culture=neutral, PublicKeyToken=b77a5c561934e089]]"><_size type="System.Int32">0</_size><_version type="System.Int32">1</_version></workItemIds><id type="Microsoft.VisualStudio.TestTools.Common.TestId"><id type="System.Guid">e6d1594b-40a2-4911-c853-0289cae0360d</id></id><name type="System.String">IsHaveValueTest</name><description type="System.String" /><enabled type="System.Boolean">True</enabled><owner type="System.String" /><priority type="System.Int32">0</priority><executionId type="Microsoft.VisualStudio.TestTools.Common.TestExecId"><id type="System.Guid">00000000-0000-0000-0000-000000000000</id></executionId><parentExecutId type="Microsoft.VisualStudio.TestTools.Common.TestExecId"><id type="System.Guid">00000000-0000-0000-0000-000000000000</id></parentExecutId><deploymentItems type="Microsoft.VisualStudio.TestTools.Common.DeploymentItemCollection" /><agentAttributes type="System.Collections.Specialized.StringDictionary, System, Version=2.0.0.0, Culture=neutral, PublicKeyToken=b77a5c561934e089" /><storage type="System.String">c:\downloads\consoleapplication2\testproject2\bin\debug\testproject2.dll</storage><projectData type="Microsoft.VisualStudio.TestTools.Common.ProjectData"><id type="System.Guid">087a098d-18f5-4600-b1e1-7a4bbfae9b7b</id><projectName type="System.String">TestProject2</projectName><solutionName type="System.String">ConsoleApplication2</solutionName><projectRelativePath type="System.String">TestProject2\TestProject2.csproj</projectRelativePath></projectData><m_nonRunnableReason type="System.String" /></value><key type="Microsoft.VisualStudio.TestTools.Common.TestId"><id type="System.Guid">8176b07e-8685-9d7c-a506-1bf5749f04e7</id></key><value type="Microsoft.VisualStudio.TestTools.TestTypes.Unit.UnitTestElement, Microsoft.VisualStudio.QualityTools.Tips.UnitTest.ObjectModel, Version=8.0.0.0, Culture=neutral, PublicKeyToken=b03f5f7f11d50a3a"><codeBase type="System.String">C:\Downloads\ConsoleApplication2\TestProject2\bin\Debug\TestProject2.dll</codeBase><adapterTypeName type="System.String">Microsoft.VisualStudio.TestTools.TestTypes.Unit.UnitTestAdapter, Microsoft.VisualStudio.QualityTools.Tips.UnitTest.Adapter, Version=8.0.0.0, Culture=neutral, PublicKeyToken=b03f5f7f11d50a3a</adapterTypeName><testMethod type="Microsoft.VisualStudio.TestTools.TestTypes.Unit.TestMethod, Microsoft.VisualStudio.QualityTools.Tips.UnitTest.ObjectModel, Version=8.0.0.0, Culture=neutral, PublicKeyToken=b03f5f7f11d50a3a"><className type="System.String">TestProject2.CStateTest, TestProject2</className><name type="System.String">VersionTest</name><expectedExceptionMessage type="System.String" /><isValid type="System.Boolean">False</isValid></testMethod><aspNetDevServers type="System.Collections.Generic.List`1[[Microsoft.VisualStudio.TestTools.Common.AspNetDevelopmentServer, Microsoft.VisualStudio.QualityTools.Common, Version=8.0.0.0, Culture=neutral, PublicKeyToken=b03f5f7f11d50a3a]]"><_size type="System.Int32">0</_size><_version type="System.Int32">0</_version></aspNetDevServers><dataAccessMethod type="Microsoft.VisualStudio.TestTools.UnitTesting.DataAccessMethod, Microsoft.VisualStudio.QualityTools.UnitTestFramework, Version=8.0.0.0, Culture=neutral, PublicKeyToken=b03f5f7f11d50a3a"><value__ type="System.Int32">0</value__></dataAccessMethod><cssProjectStructure type="System.String" /><isRunOnRestart type="System.Boolean">False</isRunOnRestart><timeOut type="System.Int32">0</timeOut><isGroupable type="System.Boolean">True</isGroupable><abortRunOnAgentFailure type="System.Boolean">False</abortRunOnAgentFailure><cssIteration type="System.String" /><workItemIds type="System.Collections.Generic.List`1[[System.Int32, mscorlib, Version=2.0.0.0, Culture=neutral, PublicKeyToken=b77a5c561934e089]]"><_size type="System.Int32">0</_size><_version type="System.Int32">1</_version></workItemIds><id type="Microsoft.VisualStudio.TestTools.Common.TestId"><id type="System.Guid">8176b07e-8685-9d7c-a506-1bf5749f04e7</id></id><name type="System.String">VersionTest</name><description type="System.String" /><enabled type="System.Boolean">True</enabled><owner type="System.String" /><priority type="System.Int32">0</priority><executionId type="Microsoft.VisualStudio.TestTools.Common.TestExecId"><id type="System.Guid">00000000-0000-0000-0000-000000000000</id></executionId><parentExecutId type="Microsoft.VisualStudio.TestTools.Common.TestExecId"><id type="System.Guid">00000000-0000-0000-0000-000000000000</id></parentExecutId><deploymentItems type="Microsoft.VisualStudio.TestTools.Common.DeploymentItemCollection" /><agentAttributes type="System.Collections.Specialized.StringDictionary, System, Version=2.0.0.0, Culture=neutral, PublicKeyToken=b77a5c561934e089" /><storage type="System.String">c:\downloads\consoleapplication2\testproject2\bin\debug\testproject2.dll</storage><projectData type="Microsoft.VisualStudio.TestTools.Common.ProjectData"><id type="System.Guid">087a098d-18f5-4600-b1e1-7a4bbfae9b7b</id><projectName type="System.String">TestProject2</projectName><solutionName type="System.String">ConsoleApplication2</solutionName><projectRelativePath type="System.String">TestProject2\TestProject2.csproj</projectRelativePath></projectData><m_nonRunnableReason type="System.String" /></value><key type="Microsoft.VisualStudio.TestTools.Common.TestId"><id type="System.Guid">5136b357-52d7-3247-3bbb-361aea14ebd6</id></key><value type="Microsoft.VisualStudio.TestTools.TestTypes.Unit.UnitTestElement, Microsoft.VisualStudio.QualityTools.Tips.UnitTest.ObjectModel, Version=8.0.0.0, Culture=neutral, PublicKeyToken=b03f5f7f11d50a3a"><codeBase type="System.String">C:\Downloads\ConsoleApplication2\TestProject2\bin\Debug\TestProject2.dll</codeBase><adapterTypeName type="System.String">Microsoft.VisualStudio.TestTools.TestTypes.Unit.UnitTestAdapter, Microsoft.VisualStudio.QualityTools.Tips.UnitTest.Adapter, Version=8.0.0.0, Culture=neutral, PublicKeyToken=b03f5f7f11d50a3a</adapterTypeName><testMethod type="Microsoft.VisualStudio.TestTools.TestTypes.Unit.TestMethod, Microsoft.VisualStudio.QualityTools.Tips.UnitTest.ObjectModel, Version=8.0.0.0, Culture=neutral, PublicKeyToken=b03f5f7f11d50a3a"><className type="System.String">TestProject2.CWMConfigTest, TestProject2</className><name type="System.String">ConstructorTest1</name><expectedExceptionMessage type="System.String" /><isValid type="System.Boolean">False</isValid></testMethod><aspNetDevServers type="System.Collections.Generic.List`1[[Microsoft.VisualStudio.TestTools.Common.AspNetDevelopmentServer, Microsoft.VisualStudio.QualityTools.Common, Version=8.0.0.0, Culture=neutral, PublicKeyToken=b03f5f7f11d50a3a]]"><_size type="System.Int32">0</_size><_version type="System.Int32">0</_version></aspNetDevServers><dataAccessMethod type="Microsoft.VisualStudio.TestTools.UnitTesting.DataAccessMethod, Microsoft.VisualStudio.QualityTools.UnitTestFramework, Version=8.0.0.0, Culture=neutral, PublicKeyToken=b03f5f7f11d50a3a"><value__ type="System.Int32">0</value__></dataAccessMethod><cssProjectStructure type="System.String" /><isRunOnRestart type="System.Boolean">False</isRunOnRestart><timeOut type="System.Int32">0</timeOut><isGroupable type="System.Boolean">True</isGroupable><abortRunOnAgentFailure type="System.Boolean">False</abortRunOnAgentFailure><cssIteration type="System.String" /><workItemIds type="System.Collections.Generic.List`1[[System.Int32, mscorlib, Version=2.0.0.0, Culture=neutral, PublicKeyToken=b77a5c561934e089]]"><_size type="System.Int32">0</_size><_version type="System.Int32">1</_version></workItemIds><id type="Microsoft.VisualStudio.TestTools.Common.TestId"><id type="System.Guid">5136b357-52d7-3247-3bbb-361aea14ebd6</id></id><name type="System.String">ConstructorTest1</name><description type="System.String" /><enabled type="System.Boolean">True</enabled><owner type="System.String" /><priority type="System.Int32">0</priority><executionId type="Microsoft.VisualStudio.TestTools.Common.TestExecId"><id type="System.Guid">00000000-0000-0000-0000-000000000000</id></executionId><parentExecutId type="Microsoft.VisualStudio.TestTools.Common.TestExecId"><id type="System.Guid">00000000-0000-0000-0000-000000000000</id></parentExecutId><deploymentItems type="Microsoft.VisualStudio.TestTools.Common.DeploymentItemCollection" /><agentAttributes type="System.Collections.Specialized.StringDictionary, System, Version=2.0.0.0, Culture=neutral, PublicKeyToken=b77a5c561934e089" /><storage type="System.String">c:\downloads\consoleapplication2\testproject2\bin\debug\testproject2.dll</storage><projectData type="Microsoft.VisualStudio.TestTools.Common.ProjectData"><id type="System.Guid">087a098d-18f5-4600-b1e1-7a4bbfae9b7b</id><projectName type="System.String">TestProject2</projectName><solutionName type="System.String">ConsoleApplication2</solutionName><projectRelativePath type="System.String">TestProject2\TestProject2.csproj</projectRelativePath></projectData><m_nonRunnableReason type="System.String" /></value><key type="Microsoft.VisualStudio.TestTools.Common.TestId"><id type="System.Guid">9a3ecbeb-eb4a-5ac7-dd92-832228276eae</id></key><value type="Microsoft.VisualStudio.TestTools.TestTypes.Unit.UnitTestElement, Microsoft.VisualStudio.QualityTools.Tips.UnitTest.ObjectModel, Version=8.0.0.0, Culture=neutral, PublicKeyToken=b03f5f7f11d50a3a"><codeBase type="System.String">C:\Downloads\ConsoleApplication2\TestProject2\bin\Debug\TestProject2.dll</codeBase><adapterTypeName type="System.String">Microsoft.VisualStudio.TestTools.TestTypes.Unit.UnitTestAdapter, Microsoft.VisualStudio.QualityTools.Tips.UnitTest.Adapter, Version=8.0.0.0, Culture=neutral, PublicKeyToken=b03f5f7f11d50a3a</adapterTypeName><testMethod type="Microsoft.VisualStudio.TestTools.TestTypes.Unit.TestMethod, Microsoft.VisualStudio.QualityTools.Tips.UnitTest.ObjectModel, Version=8.0.0.0, Culture=neutral, PublicKeyToken=b03f5f7f11d50a3a"><className type="System.String">TestProject2.CCollectTest, TestProject2</className><name type="System.String">OnAbortTest</name><expectedExceptionMessage type="System.String" /><isValid type="System.Boolean">False</isValid></testMethod><aspNetDevServers type="System.Collections.Generic.List`1[[Microsoft.VisualStudio.TestTools.Common.AspNetDevelopmentServer, Microsoft.VisualStudio.QualityTools.Common, Version=8.0.0.0, Culture=neutral, PublicKeyToken=b03f5f7f11d50a3a]]"><_size type="System.Int32">0</_size><_version type="System.Int32">0</_version></aspNetDevServers><dataAccessMethod type="Microsoft.VisualStudio.TestTools.UnitTesting.DataAccessMethod, Microsoft.VisualStudio.QualityTools.UnitTestFramework, Version=8.0.0.0, Culture=neutral, PublicKeyToken=b03f5f7f11d50a3a"><value__ type="System.Int32">0</value__></dataAccessMethod><cssProjectStructure type="System.String" /><isRunOnRestart type="System.Boolean">False</isRunOnRestart><timeOut type="System.Int32">0</timeOut><isGroupable type="System.Boolean">True</isGroupable><abortRunOnAgentFailure type="System.Boolean">False</abortRunOnAgentFailure><cssIteration type="System.String" /><workItemIds type="System.Collections.Generic.List`1[[System.Int32, mscorlib, Version=2.0.0.0, Culture=neutral, PublicKeyToken=b77a5c561934e089]]"><_size type="System.Int32">0</_size><_version type="System.Int32">1</_version></workItemIds><id type="Microsoft.VisualStudio.TestTools.Common.TestId"><id type="System.Guid">9a3ecbeb-eb4a-5ac7-dd92-832228276eae</id></id><name type="System.String">OnAbortTest</name><description type="System.String" /><enabled type="System.Boolean">True</enabled><owner type="System.String" /><priority type="System.Int32">0</priority><executionId type="Microsoft.VisualStudio.TestTools.Common.TestExecId"><id type="System.Guid">00000000-0000-0000-0000-000000000000</id></executionId><parentExecutId type="Microsoft.VisualStudio.TestTools.Common.TestExecId"><id type="System.Guid">00000000-0000-0000-0000-000000000000</id></parentExecutId><deploymentItems type="Microsoft.VisualStudio.TestTools.Common.DeploymentItemCollection"><m_container type="System.Collections.Hashtable"><key type="Microsoft.VisualStudio.TestTools.Common.DeploymentItem"><path type="System.String">ChuiWenChiu.Utility.dll</path><outputDirectory type="System.String" /></key><value /></m_container></deploymentItems><agentAttributes type="System.Collections.Specialized.StringDictionary, System, Version=2.0.0.0, Culture=neutral, PublicKeyToken=b77a5c561934e089" /><storage type="System.String">c:\downloads\consoleapplication2\testproject2\bin\debug\testproject2.dll</storage><projectData type="Microsoft.VisualStudio.TestTools.Common.ProjectData"><id type="System.Guid">087a098d-18f5-4600-b1e1-7a4bbfae9b7b</id><projectName type="System.String">TestProject2</projectName><solutionName type="System.String">ConsoleApplication2</solutionName><projectRelativePath type="System.String">TestProject2\TestProject2.csproj</projectRelativePath></projectData><m_nonRunnableReason type="System.String" /></value><key type="Microsoft.VisualStudio.TestTools.Common.TestId"><id type="System.Guid">78978cc9-5f64-724d-a404-1571961d553b</id></key><value type="Microsoft.VisualStudio.TestTools.TestTypes.Unit.UnitTestElement, Microsoft.VisualStudio.QualityTools.Tips.UnitTest.ObjectModel, Version=8.0.0.0, Culture=neutral, PublicKeyToken=b03f5f7f11d50a3a"><codeBase type="System.String">C:\Downloads\ConsoleApplication2\TestProject2\bin\Debug\TestProject2.dll</codeBase><adapterTypeName type="System.String">Microsoft.VisualStudio.TestTools.TestTypes.Unit.UnitTestAdapter, Microsoft.VisualStudio.QualityTools.Tips.UnitTest.Adapter, Version=8.0.0.0, Culture=neutral, PublicKeyToken=b03f5f7f11d50a3a</adapterTypeName><testMethod type="Microsoft.VisualStudio.TestTools.TestTypes.Unit.TestMethod, Microsoft.VisualStudio.QualityTools.Tips.UnitTest.ObjectModel, Version=8.0.0.0, Culture=neutral, PublicKeyToken=b03f5f7f11d50a3a"><className type="System.String">TestProject2.CWMProjectsTest, TestProject2</className><name type="System.String">ConstructorTest</name><expectedExceptionMessage type="System.String" /><isValid type="System.Boolean">False</isValid></testMethod><aspNetDevServers type="System.Collections.Generic.List`1[[Microsoft.VisualStudio.TestTools.Common.AspNetDevelopmentServer, Microsoft.VisualStudio.QualityTools.Common, Version=8.0.0.0, Culture=neutral, PublicKeyToken=b03f5f7f11d50a3a]]"><_size type="System.Int32">0</_size><_version type="System.Int32">0</_version></aspNetDevServers><dataAccessMethod type="Microsoft.VisualStudio.TestTools.UnitTesting.DataAccessMethod, Microsoft.VisualStudio.QualityTools.UnitTestFramework, Version=8.0.0.0, Culture=neutral, PublicKeyToken=b03f5f7f11d50a3a"><value__ type="System.Int32">0</value__></dataAccessMethod><cssProjectStructure type="System.String" /><isRunOnRestart type="System.Boolean">False</isRunOnRestart><timeOut type="System.Int32">0</timeOut><isGroupable type="System.Boolean">True</isGroupable><abortRunOnAgentFailure type="System.Boolean">False</abortRunOnAgentFailure><cssIteration type="System.String" /><workItemIds type="System.Collections.Generic.List`1[[System.Int32, mscorlib, Version=2.0.0.0, Culture=neutral, PublicKeyToken=b77a5c561934e089]]"><_size type="System.Int32">0</_size><_version type="System.Int32">1</_version></workItemIds><id type="Microsoft.VisualStudio.TestTools.Common.TestId"><id type="System.Guid">78978cc9-5f64-724d-a404-1571961d553b</id></id><name type="System.String">ConstructorTest</name><description type="System.String" /><enabled type="System.Boolean">True</enabled><owner type="System.String" /><priority type="System.Int32">0</priority><executionId type="Microsoft.VisualStudio.TestTools.Common.TestExecId"><id type="System.Guid">00000000-0000-0000-0000-000000000000</id></executionId><parentExecutId type="Microsoft.VisualStudio.TestTools.Common.TestExecId"><id type="System.Guid">00000000-0000-0000-0000-000000000000</id></parentExecutId><deploymentItems type="Microsoft.VisualStudio.TestTools.Common.DeploymentItemCollection" /><agentAttributes type="System.Collections.Specialized.StringDictionary, System, Version=2.0.0.0, Culture=neutral, PublicKeyToken=b77a5c561934e089" /><storage type="System.String">c:\downloads\consoleapplication2\testproject2\bin\debug\testproject2.dll</storage><projectData type="Microsoft.VisualStudio.TestTools.Common.ProjectData"><id type="System.Guid">087a098d-18f5-4600-b1e1-7a4bbfae9b7b</id><projectName type="System.String">TestProject2</projectName><solutionName type="System.String">ConsoleApplication2</solutionName><projectRelativePath type="System.String">TestProject2\TestProject2.csproj</projectRelativePath></projectData><m_nonRunnableReason type="System.String" /></value><key type="Microsoft.VisualStudio.TestTools.Common.TestId"><id type="System.Guid">c7580dcf-f9ff-e968-ea6e-b0da4918be2e</id></key><value type="Microsoft.VisualStudio.TestTools.TestTypes.Unit.UnitTestElement, Microsoft.VisualStudio.QualityTools.Tips.UnitTest.ObjectModel, Version=8.0.0.0, Culture=neutral, PublicKeyToken=b03f5f7f11d50a3a"><codeBase type="System.String">C:\Downloads\ConsoleApplication2\TestProject2\bin\Debug\TestProject2.dll</codeBase><adapterTypeName type="System.String">Microsoft.VisualStudio.TestTools.TestTypes.Unit.UnitTestAdapter, Microsoft.VisualStudio.QualityTools.Tips.UnitTest.Adapter, Version=8.0.0.0, Culture=neutral, PublicKeyToken=b03f5f7f11d50a3a</adapterTypeName><testMethod type="Microsoft.VisualStudio.TestTools.TestTypes.Unit.TestMethod, Microsoft.VisualStudio.QualityTools.Tips.UnitTest.ObjectModel, Version=8.0.0.0, Culture=neutral, PublicKeyToken=b03f5f7f11d50a3a"><className type="System.String">TestProject2.CCollectTest, TestProject2</className><name type="System.String">GoTest</name><expectedExceptionMessage type="System.String" /><isValid type="System.Boolean">False</isValid></testMethod><aspNetDevServers type="System.Collections.Generic.List`1[[Microsoft.VisualStudio.TestTools.Common.AspNetDevelopmentServer, Microsoft.VisualStudio.QualityTools.Common, Version=8.0.0.0, Culture=neutral, PublicKeyToken=b03f5f7f11d50a3a]]"><_size type="System.Int32">0</_size><_version type="System.Int32">0</_version></aspNetDevServers><dataAccessMethod type="Microsoft.VisualStudio.TestTools.UnitTesting.DataAccessMethod, Microsoft.VisualStudio.QualityTools.UnitTestFramework, Version=8.0.0.0, Culture=neutral, PublicKeyToken=b03f5f7f11d50a3a"><value__ type="System.Int32">0</value__></dataAccessMethod><cssProjectStructure type="System.String" /><isRunOnRestart type="System.Boolean">False</isRunOnRestart><timeOut type="System.Int32">0</timeOut><isGroupable type="System.Boolean">True</isGroupable><abortRunOnAgentFailure type="System.Boolean">False</abortRunOnAgentFailure><cssIteration type="System.String" /><workItemIds type="System.Collections.Generic.List`1[[System.Int32, mscorlib, Version=2.0.0.0, Culture=neutral, PublicKeyToken=b77a5c561934e089]]"><_size type="System.Int32">0</_size><_version type="System.Int32">1</_version></workItemIds><id type="Microsoft.VisualStudio.TestTools.Common.TestId"><id type="System.Guid">c7580dcf-f9ff-e968-ea6e-b0da4918be2e</id></id><name type="System.String">GoTest</name><description type="System.String" /><enabled type="System.Boolean">True</enabled><owner type="System.String" /><priority type="System.Int32">0</priority><executionId type="Microsoft.VisualStudio.TestTools.Common.TestExecId"><id type="System.Guid">00000000-0000-0000-0000-000000000000</id></executionId><parentExecutId type="Microsoft.VisualStudio.TestTools.Common.TestExecId"><id type="System.Guid">00000000-0000-0000-0000-000000000000</id></parentExecutId><deploymentItems type="Microsoft.VisualStudio.TestTools.Common.DeploymentItemCollection" /><agentAttributes type="System.Collections.Specialized.StringDictionary, System, Version=2.0.0.0, Culture=neutral, PublicKeyToken=b77a5c561934e089" /><storage type="System.String">c:\downloads\consoleapplication2\testproject2\bin\debug\testproject2.dll</storage><projectData type="Microsoft.VisualStudio.TestTools.Common.ProjectData"><id type="System.Guid">087a098d-18f5-4600-b1e1-7a4bbfae9b7b</id><projectName type="System.String">TestProject2</projectName><solutionName type="System.String">ConsoleApplication2</solutionName><projectRelativePath type="System.String">TestProject2\TestProject2.csproj</projectRelativePath></projectData><m_nonRunnableReason type="System.String" /></value><key type="Microsoft.VisualStudio.TestTools.Common.TestId"><id type="System.Guid">c4eb5596-21b6-f036-e441-40acc16db70d</id></key><value type="Microsoft.VisualStudio.TestTools.TestTypes.Unit.UnitTestElement, Microsoft.VisualStudio.QualityTools.Tips.UnitTest.ObjectModel, Version=8.0.0.0, Culture=neutral, PublicKeyToken=b03f5f7f11d50a3a"><codeBase type="System.String">C:\Downloads\ConsoleApplication2\TestProject2\bin\Debug\TestProject2.dll</codeBase><adapterTypeName type="System.String">Microsoft.VisualStudio.TestTools.TestTypes.Unit.UnitTestAdapter, Microsoft.VisualStudio.QualityTools.Tips.UnitTest.Adapter, Version=8.0.0.0, Culture=neutral, PublicKeyToken=b03f5f7f11d50a3a</adapterTypeName><testMethod type="Microsoft.VisualStudio.TestTools.TestTypes.Unit.TestMethod, Microsoft.VisualStudio.QualityTools.Tips.UnitTest.ObjectModel, Version=8.0.0.0, Culture=neutral, PublicKeyToken=b03f5f7f11d50a3a"><className type="System.String">TestProject2.CCollectTest, TestProject2</className><name type="System.String">cutLastSepTest</name><expectedExceptionMessage type="System.String" /><isValid type="System.Boolean">False</isValid></testMethod><aspNetDevServers type="System.Collections.Generic.List`1[[Microsoft.VisualStudio.TestTools.Common.AspNetDevelopmentServer, Microsoft.VisualStudio.QualityTools.Common, Version=8.0.0.0, Culture=neutral, PublicKeyToken=b03f5f7f11d50a3a]]"><_size type="System.Int32">0</_size><_version type="System.Int32">0</_version></aspNetDevServers><dataAccessMethod type="Microsoft.VisualStudio.TestTools.UnitTesting.DataAccessMethod, Microsoft.VisualStudio.QualityTools.UnitTestFramework, Version=8.0.0.0, Culture=neutral, PublicKeyToken=b03f5f7f11d50a3a"><value__ type="System.Int32">0</value__></dataAccessMethod><cssProjectStructure type="System.String" /><isRunOnRestart type="System.Boolean">False</isRunOnRestart><timeOut type="System.Int32">0</timeOut><isGroupable type="System.Boolean">True</isGroupable><abortRunOnAgentFailure type="System.Boolean">False</abortRunOnAgentFailure><cssIteration type="System.String" /><workItemIds type="System.Collections.Generic.List`1[[System.Int32, mscorlib, Version=2.0.0.0, Culture=neutral, PublicKeyToken=b77a5c561934e089]]"><_size type="System.Int32">0</_size><_version type="System.Int32">1</_version></workItemIds><id type="Microsoft.VisualStudio.TestTools.Common.TestId"><id type="System.Guid">c4eb5596-21b6-f036-e441-40acc16db70d</id></id><name type="System.String">cutLastSepTest</name><description type="System.String" /><enabled type="System.Boolean">True</enabled><owner type="System.String" /><priority type="System.Int32">0</priority><executionId type="Microsoft.VisualStudio.TestTools.Common.TestExecId"><id type="System.Guid">00000000-0000-0000-0000-000000000000</id></executionId><parentExecutId type="Microsoft.VisualStudio.TestTools.Common.TestExecId"><id type="System.Guid">00000000-0000-0000-0000-000000000000</id></parentExecutId><deploymentItems type="Microsoft.VisualStudio.TestTools.Common.DeploymentItemCollection"><m_container type="System.Collections.Hashtable"><key type="Microsoft.VisualStudio.TestTools.Common.DeploymentItem"><path type="System.String">ChuiWenChiu.Utility.dll</path><outputDirectory type="System.String" /></key><value /></m_container></deploymentItems><agentAttributes type="System.Collections.Specialized.StringDictionary, System, Version=2.0.0.0, Culture=neutral, PublicKeyToken=b77a5c561934e089" /><storage type="System.String">c:\downloads\consoleapplication2\testproject2\bin\debug\testproject2.dll</storage><projectData type="Microsoft.VisualStudio.TestTools.Common.ProjectData"><id type="System.Guid">087a098d-18f5-4600-b1e1-7a4bbfae9b7b</id><projectName type="System.String">TestProject2</projectName><solutionName type="System.String">ConsoleApplication2</solutionName><projectRelativePath type="System.String">TestProject2\TestProject2.csproj</projectRelativePath></projectData><m_nonRunnableReason type="System.String" /></value><key type="Microsoft.VisualStudio.TestTools.Common.TestId"><id type="System.Guid">d0013054-40b0-f293-14ed-d0851a04cfa3</id></key><value type="Microsoft.VisualStudio.TestTools.TestTypes.Unit.UnitTestElement, Microsoft.VisualStudio.QualityTools.Tips.UnitTest.ObjectModel, Version=8.0.0.0, Culture=neutral, PublicKeyToken=b03f5f7f11d50a3a"><codeBase type="System.String">C:\Downloads\ConsoleApplication2\TestProject2\bin\Debug\TestProject2.dll</codeBase><adapterTypeName type="System.String">Microsoft.VisualStudio.TestTools.TestTypes.Unit.UnitTestAdapter, Microsoft.VisualStudio.QualityTools.Tips.UnitTest.Adapter, Version=8.0.0.0, Culture=neutral, PublicKeyToken=b03f5f7f11d50a3a</adapterTypeName><testMethod type="Microsoft.VisualStudio.TestTools.TestTypes.Unit.TestMethod, Microsoft.VisualStudio.QualityTools.Tips.UnitTest.ObjectModel, Version=8.0.0.0, Culture=neutral, PublicKeyToken=b03f5f7f11d50a3a"><className type="System.String">TestProject2.CStateTest, TestProject2</className><name type="System.String">WMVersionTest</name><expectedExceptionMessage type="System.String" /><isValid type="System.Boolean">False</isValid></testMethod><aspNetDevServers type="System.Collections.Generic.List`1[[Microsoft.VisualStudio.TestTools.Common.AspNetDevelopmentServer, Microsoft.VisualStudio.QualityTools.Common, Version=8.0.0.0, Culture=neutral, PublicKeyToken=b03f5f7f11d50a3a]]"><_size type="System.Int32">0</_size><_version type="System.Int32">0</_version></aspNetDevServers><dataAccessMethod type="Microsoft.VisualStudio.TestTools.UnitTesting.DataAccessMethod, Microsoft.VisualStudio.QualityTools.UnitTestFramework, Version=8.0.0.0, Culture=neutral, PublicKeyToken=b03f5f7f11d50a3a"><value__ type="System.Int32">0</value__></dataAccessMethod><cssProjectStructure type="System.String" /><isRunOnRestart type="System.Boolean">False</isRunOnRestart><timeOut type="System.Int32">0</timeOut><isGroupable type="System.Boolean">True</isGroupable><abortRunOnAgentFailure type="System.Boolean">False</abortRunOnAgentFailure><cssIteration type="System.String" /><workItemIds type="System.Collections.Generic.List`1[[System.Int32, mscorlib, Version=2.0.0.0, Culture=neutral, PublicKeyToken=b77a5c561934e089]]"><_size type="System.Int32">0</_size><_version type="System.Int32">1</_version></workItemIds><id type="Microsoft.VisualStudio.TestTools.Common.TestId"><id type="System.Guid">d0013054-40b0-f293-14ed-d0851a04cfa3</id></id><name type="System.String">WMVersionTest</name><description type="System.String" /><enabled type="System.Boolean">True</enabled><owner type="System.String" /><priority type="System.Int32">0</priority><executionId type="Microsoft.VisualStudio.TestTools.Common.TestExecId"><id type="System.Guid">00000000-0000-0000-0000-000000000000</id></executionId><parentExecutId type="Microsoft.VisualStudio.TestTools.Common.TestExecId"><id type="System.Guid">00000000-0000-0000-0000-000000000000</id></parentExecutId><deploymentItems type="Microsoft.VisualStudio.TestTools.Common.DeploymentItemCollection" /><agentAttributes type="System.Collections.Specialized.StringDictionary, System, Version=2.0.0.0, Culture=neutral, PublicKeyToken=b77a5c561934e089" /><storage type="System.String">c:\downloads\consoleapplication2\testproject2\bin\debug\testproject2.dll</storage><projectData type="Microsoft.VisualStudio.TestTools.Common.ProjectData"><id type="System.Guid">087a098d-18f5-4600-b1e1-7a4bbfae9b7b</id><projectName type="System.String">TestProject2</projectName><solutionName type="System.String">ConsoleApplication2</solutionName><projectRelativePath type="System.String">TestProject2\TestProject2.csproj</projectRelativePath></projectData><m_nonRunnableReason type="System.String" /></value><key type="Microsoft.VisualStudio.TestTools.Common.TestId"><id type="System.Guid">4b7733ed-b9b8-ae45-c755-e3719f29c015</id></key><value type="Microsoft.VisualStudio.TestTools.TestTypes.Unit.UnitTestElement, Microsoft.VisualStudio.QualityTools.Tips.UnitTest.ObjectModel, Version=8.0.0.0, Culture=neutral, PublicKeyToken=b03f5f7f11d50a3a"><codeBase type="System.String">C:\Downloads\ConsoleApplication2\TestProject2\bin\Debug\TestProject2.dll</codeBase><adapterTypeName type="System.String">Microsoft.VisualStudio.TestTools.TestTypes.Unit.UnitTestAdapter, Microsoft.VisualStudio.QualityTools.Tips.UnitTest.Adapter, Version=8.0.0.0, Culture=neutral, PublicKeyToken=b03f5f7f11d50a3a</adapterTypeName><testMethod type="Microsoft.VisualStudio.TestTools.TestTypes.Unit.TestMethod, Microsoft.VisualStudio.QualityTools.Tips.UnitTest.ObjectModel, Version=8.0.0.0, Culture=neutral, PublicKeyToken=b03f5f7f11d50a3a"><className type="System.String">TestProject2.CXMLConfigTest, TestProject2</className><name type="System.String">saveTest1</name><expectedExceptionMessage type="System.String" /><isValid type="System.Boolean">False</isValid></testMethod><aspNetDevServers type="System.Collections.Generic.List`1[[Microsoft.VisualStudio.TestTools.Common.AspNetDevelopmentServer, Microsoft.VisualStudio.QualityTools.Common, Version=8.0.0.0, Culture=neutral, PublicKeyToken=b03f5f7f11d50a3a]]"><_size type="System.Int32">0</_size><_version type="System.Int32">0</_version></aspNetDevServers><dataAccessMethod type="Microsoft.VisualStudio.TestTools.UnitTesting.DataAccessMethod, Microsoft.VisualStudio.QualityTools.UnitTestFramework, Version=8.0.0.0, Culture=neutral, PublicKeyToken=b03f5f7f11d50a3a"><value__ type="System.Int32">0</value__></dataAccessMethod><cssProjectStructure type="System.String" /><isRunOnRestart type="System.Boolean">False</isRunOnRestart><timeOut type="System.Int32">0</timeOut><isGroupable type="System.Boolean">True</isGroupable><abortRunOnAgentFailure type="System.Boolean">False</abortRunOnAgentFailure><cssIteration type="System.String" /><workItemIds type="System.Collections.Generic.List`1[[System.Int32, mscorlib, Version=2.0.0.0, Culture=neutral, PublicKeyToken=b77a5c561934e089]]"><_size type="System.Int32">0</_size><_version type="System.Int32">1</_version></workItemIds><id type="Microsoft.VisualStudio.TestTools.Common.TestId"><id type="System.Guid">4b7733ed-b9b8-ae45-c755-e3719f29c015</id></id><name type="System.String">saveTest1</name><description type="System.String" /><enabled type="System.Boolean">True</enabled><owner type="System.String" /><priority type="System.Int32">0</priority><executionId type="Microsoft.VisualStudio.TestTools.Common.TestExecId"><id type="System.Guid">00000000-0000-0000-0000-000000000000</id></executionId><parentExecutId type="Microsoft.VisualStudio.TestTools.Common.TestExecId"><id type="System.Guid">00000000-0000-0000-0000-000000000000</id></parentExecutId><deploymentItems type="Microsoft.VisualStudio.TestTools.Common.DeploymentItemCollection" /><agentAttributes type="System.Collections.Specialized.StringDictionary, System, Version=2.0.0.0, Culture=neutral, PublicKeyToken=b77a5c561934e089" /><storage type="System.String">c:\downloads\consoleapplication2\testproject2\bin\debug\testproject2.dll</storage><projectData type="Microsoft.VisualStudio.TestTools.Common.ProjectData"><id type="System.Guid">087a098d-18f5-4600-b1e1-7a4bbfae9b7b</id><projectName type="System.String">TestProject2</projectName><solutionName type="System.String">ConsoleApplication2</solutionName><projectRelativePath type="System.String">TestProject2\TestProject2.csproj</projectRelativePath></projectData><m_nonRunnableReason type="System.String" /></value><key type="Microsoft.VisualStudio.TestTools.Common.TestId"><id type="System.Guid">dad2dddf-175a-b140-4328-4871d2191d18</id></key><value type="Microsoft.VisualStudio.TestTools.TestTypes.Unit.UnitTestElement, Microsoft.VisualStudio.QualityTools.Tips.UnitTest.ObjectModel, Version=8.0.0.0, Culture=neutral, PublicKeyToken=b03f5f7f11d50a3a"><codeBase type="System.String">C:\Downloads\ConsoleApplication2\TestProject2\bin\Debug\TestProject2.dll</codeBase><adapterTypeName type="System.String">Microsoft.VisualStudio.TestTools.TestTypes.Unit.UnitTestAdapter, Microsoft.VisualStudio.QualityTools.Tips.UnitTest.Adapter, Version=8.0.0.0, Culture=neutral, PublicKeyToken=b03f5f7f11d50a3a</adapterTypeName><testMethod type="Microsoft.VisualStudio.TestTools.TestTypes.Unit.TestMethod, Microsoft.VisualStudio.QualityTools.Tips.UnitTest.ObjectModel, Version=8.0.0.0, Culture=neutral, PublicKeyToken=b03f5f7f11d50a3a"><className type="System.String">TestProject2.CCollectTest, TestProject2</className><name type="System.String">OnEnumFileTest</name><expectedExceptionMessage type="System.String" /><isValid type="System.Boolean">False</isValid></testMethod><aspNetDevServers type="System.Collections.Generic.List`1[[Microsoft.VisualStudio.TestTools.Common.AspNetDevelopmentServer, Microsoft.VisualStudio.QualityTools.Common, Version=8.0.0.0, Culture=neutral, PublicKeyToken=b03f5f7f11d50a3a]]"><_size type="System.Int32">0</_size><_version type="System.Int32">0</_version></aspNetDevServers><dataAccessMethod type="Microsoft.VisualStudio.TestTools.UnitTesting.DataAccessMethod, Microsoft.VisualStudio.QualityTools.UnitTestFramework, Version=8.0.0.0, Culture=neutral, PublicKeyToken=b03f5f7f11d50a3a"><value__ type="System.Int32">0</value__></dataAccessMethod><cssProjectStructure type="System.String" /><isRunOnRestart type="System.Boolean">False</isRunOnRestart><timeOut type="System.Int32">0</timeOut><isGroupable type="System.Boolean">True</isGroupable><abortRunOnAgentFailure type="System.Boolean">False</abortRunOnAgentFailure><cssIteration type="System.String" /><workItemIds type="System.Collections.Generic.List`1[[System.Int32, mscorlib, Version=2.0.0.0, Culture=neutral, PublicKeyToken=b77a5c561934e089]]"><_size type="System.Int32">0</_size><_version type="System.Int32">1</_version></workItemIds><id type="Microsoft.VisualStudio.TestTools.Common.TestId"><id type="System.Guid">dad2dddf-175a-b140-4328-4871d2191d18</id></id><name type="System.String">OnEnumFileTest</name><description type="System.String" /><enabled type="System.Boolean">True</enabled><owner type="System.String" /><priority type="System.Int32">0</priority><executionId type="Microsoft.VisualStudio.TestTools.Common.TestExecId"><id type="System.Guid">00000000-0000-0000-0000-000000000000</id></executionId><parentExecutId type="Microsoft.VisualStudio.TestTools.Common.TestExecId"><id type="System.Guid">00000000-0000-0000-0000-000000000000</id></parentExecutId><deploymentItems type="Microsoft.VisualStudio.TestTools.Common.DeploymentItemCollection"><m_container type="System.Collections.Hashtable"><key type="Microsoft.VisualStudio.TestTools.Common.DeploymentItem"><path type="System.String">ChuiWenChiu.Utility.dll</path><outputDirectory type="System.String" /></key><value /></m_container></deploymentItems><agentAttributes type="System.Collections.Specialized.StringDictionary, System, Version=2.0.0.0, Culture=neutral, PublicKeyToken=b77a5c561934e089" /><storage type="System.String">c:\downloads\consoleapplication2\testproject2\bin\debug\testproject2.dll</storage><projectData type="Microsoft.VisualStudio.TestTools.Common.ProjectData"><id type="System.Guid">087a098d-18f5-4600-b1e1-7a4bbfae9b7b</id><projectName type="System.String">TestProject2</projectName><solutionName type="System.String">ConsoleApplication2</solutionName><projectRelativePath type="System.String">TestProject2\TestProject2.csproj</projectRelativePath></projectData><m_nonRunnableReason type="System.String" /></value><key type="Microsoft.VisualStudio.TestTools.Common.TestId"><id type="System.Guid">7c3c1947-2701-d50d-75df-ba51b311eebe</id></key><value type="Microsoft.VisualStudio.TestTools.TestTypes.Unit.UnitTestElement, Microsoft.VisualStudio.QualityTools.Tips.UnitTest.ObjectModel, Version=8.0.0.0, Culture=neutral, PublicKeyToken=b03f5f7f11d50a3a"><codeBase type="System.String">C:\Downloads\ConsoleApplication2\TestProject2\bin\Debug\TestProject2.dll</codeBase><adapterTypeName type="System.String">Microsoft.VisualStudio.TestTools.TestTypes.Unit.UnitTestAdapter, Microsoft.VisualStudio.QualityTools.Tips.UnitTest.Adapter, Version=8.0.0.0, Culture=neutral, PublicKeyToken=b03f5f7f11d50a3a</adapterTypeName><testMethod type="Microsoft.VisualStudio.TestTools.TestTypes.Unit.TestMethod, Microsoft.VisualStudio.QualityTools.Tips.UnitTest.ObjectModel, Version=8.0.0.0, Culture=neutral, PublicKeyToken=b03f5f7f11d50a3a"><className type="System.String">TestProject2.CStateTest, TestProject2</className><name type="System.String">ConstructorTest</name><expectedExceptionMessage type="System.String" /><isValid type="System.Boolean">False</isValid></testMethod><aspNetDevServers type="System.Collections.Generic.List`1[[Microsoft.VisualStudio.TestTools.Common.AspNetDevelopmentServer, Microsoft.VisualStudio.QualityTools.Common, Version=8.0.0.0, Culture=neutral, PublicKeyToken=b03f5f7f11d50a3a]]"><_size type="System.Int32">0</_size><_version type="System.Int32">0</_version></aspNetDevServers><dataAccessMethod type="Microsoft.VisualStudio.TestTools.UnitTesting.DataAccessMethod, Microsoft.VisualStudio.QualityTools.UnitTestFramework, Version=8.0.0.0, Culture=neutral, PublicKeyToken=b03f5f7f11d50a3a"><value__ type="System.Int32">0</value__></dataAccessMethod><cssProjectStructure type="System.String" /><isRunOnRestart type="System.Boolean">False</isRunOnRestart><timeOut type="System.Int32">0</timeOut><isGroupable type="System.Boolean">True</isGroupable><abortRunOnAgentFailure type="System.Boolean">False</abortRunOnAgentFailure><cssIteration type="System.String" /><workItemIds type="System.Collections.Generic.List`1[[System.Int32, mscorlib, Version=2.0.0.0, Culture=neutral, PublicKeyToken=b77a5c561934e089]]"><_size type="System.Int32">0</_size><_version type="System.Int32">1</_version></workItemIds><id type="Microsoft.VisualStudio.TestTools.Common.TestId"><id type="System.Guid">7c3c1947-2701-d50d-75df-ba51b311eebe</id></id><name type="System.String">ConstructorTest</name><description type="System.String" /><enabled type="System.Boolean">True</enabled><owner type="System.String" /><priority type="System.Int32">0</priority><executionId type="Microsoft.VisualStudio.TestTools.Common.TestExecId"><id type="System.Guid">00000000-0000-0000-0000-000000000000</id></executionId><parentExecutId type="Microsoft.VisualStudio.TestTools.Common.TestExecId"><id type="System.Guid">00000000-0000-0000-0000-000000000000</id></parentExecutId><deploymentItems type="Microsoft.VisualStudio.TestTools.Common.DeploymentItemCollection" /><agentAttributes type="System.Collections.Specialized.StringDictionary, System, Version=2.0.0.0, Culture=neutral, PublicKeyToken=b77a5c561934e089" /><storage type="System.String">c:\downloads\consoleapplication2\testproject2\bin\debug\testproject2.dll</storage><projectData type="Microsoft.VisualStudio.TestTools.Common.ProjectData"><id type="System.Guid">087a098d-18f5-4600-b1e1-7a4bbfae9b7b</id><projectName type="System.String">TestProject2</projectName><solutionName type="System.String">ConsoleApplication2</solutionName><projectRelativePath type="System.String">TestProject2\TestProject2.csproj</projectRelativePath></projectData><m_nonRunnableReason type="System.String" /></value><key type="Microsoft.VisualStudio.TestTools.Common.TestId"><id type="System.Guid">cade1b93-5900-31b8-423c-0f3d8fe76345</id></key><value type="Microsoft.VisualStudio.TestTools.TestTypes.Unit.UnitTestElement, Microsoft.VisualStudio.QualityTools.Tips.UnitTest.ObjectModel, Version=8.0.0.0, Culture=neutral, PublicKeyToken=b03f5f7f11d50a3a"><codeBase type="System.String">C:\Downloads\ConsoleApplication2\TestProject2\bin\Debug\TestProject2.dll</codeBase><adapterTypeName type="System.String">Microsoft.VisualStudio.TestTools.TestTypes.Unit.UnitTestAdapter, Microsoft.VisualStudio.QualityTools.Tips.UnitTest.Adapter, Version=8.0.0.0, Culture=neutral, PublicKeyToken=b03f5f7f11d50a3a</adapterTypeName><testMethod type="Microsoft.VisualStudio.TestTools.TestTypes.Unit.TestMethod, Microsoft.VisualStudio.QualityTools.Tips.UnitTest.ObjectModel, Version=8.0.0.0, Culture=neutral, PublicKeyToken=b03f5f7f11d50a3a"><className type="System.String">TestProject2.CXMLConfigTest, TestProject2</className><name type="System.String">EncoderPasswordTest</name><expectedExceptionMessage type="System.String" /><isValid type="System.Boolean">False</isValid></testMethod><aspNetDevServers type="System.Collections.Generic.List`1[[Microsoft.VisualStudio.TestTools.Common.AspNetDevelopmentServer, Microsoft.VisualStudio.QualityTools.Common, Version=8.0.0.0, Culture=neutral, PublicKeyToken=b03f5f7f11d50a3a]]"><_size type="System.Int32">0</_size><_version type="System.Int32">0</_version></aspNetDevServers><dataAccessMethod type="Microsoft.VisualStudio.TestTools.UnitTesting.DataAccessMethod, Microsoft.VisualStudio.QualityTools.UnitTestFramework, Version=8.0.0.0, Culture=neutral, PublicKeyToken=b03f5f7f11d50a3a"><value__ type="System.Int32">0</value__></dataAccessMethod><cssProjectStructure type="System.String" /><isRunOnRestart type="System.Boolean">False</isRunOnRestart><timeOut type="System.Int32">0</timeOut><isGroupable type="System.Boolean">True</isGroupable><abortRunOnAgentFailure type="System.Boolean">False</abortRunOnAgentFailure><cssIteration type="System.String" /><workItemIds type="System.Collections.Generic.List`1[[System.Int32, mscorlib, Version=2.0.0.0, Culture=neutral, PublicKeyToken=b77a5c561934e089]]"><_size type="System.Int32">0</_size><_version type="System.Int32">1</_version></workItemIds><id type="Microsoft.VisualStudio.TestTools.Common.TestId"><id type="System.Guid">cade1b93-5900-31b8-423c-0f3d8fe76345</id></id><name type="System.String">EncoderPasswordTest</name><description type="System.String" /><enabled type="System.Boolean">True</enabled><owner type="System.String" /><priority type="System.Int32">0</priority><executionId type="Microsoft.VisualStudio.TestTools.Common.TestExecId"><id type="System.Guid">00000000-0000-0000-0000-000000000000</id></executionId><parentExecutId type="Microsoft.VisualStudio.TestTools.Common.TestExecId"><id type="System.Guid">00000000-0000-0000-0000-000000000000</id></parentExecutId><deploymentItems type="Microsoft.VisualStudio.TestTools.Common.DeploymentItemCollection" /><agentAttributes type="System.Collections.Specialized.StringDictionary, System, Version=2.0.0.0, Culture=neutral, PublicKeyToken=b77a5c561934e089" /><storage type="System.String">c:\downloads\consoleapplication2\testproject2\bin\debug\testproject2.dll</storage><projectData type="Microsoft.VisualStudio.TestTools.Common.ProjectData"><id type="System.Guid">087a098d-18f5-4600-b1e1-7a4bbfae9b7b</id><projectName type="System.String">TestProject2</projectName><solutionName type="System.String">ConsoleApplication2</solutionName><projectRelativePath type="System.String">TestProject2\TestProject2.csproj</projectRelativePath></projectData><m_nonRunnableReason type="System.String" /></value><key type="Microsoft.VisualStudio.TestTools.Common.TestId"><id type="System.Guid">e7528015-dc97-da47-47a2-bb559ffc379e</id></key><value type="Microsoft.VisualStudio.TestTools.TestTypes.Unit.UnitTestElement, Microsoft.VisualStudio.QualityTools.Tips.UnitTest.ObjectModel, Version=8.0.0.0, Culture=neutral, PublicKeyToken=b03f5f7f11d50a3a"><codeBase type="System.String">C:\Downloads\ConsoleApplication2\TestProject2\bin\Debug\TestProject2.dll</codeBase><adapterTypeName type="System.String">Microsoft.VisualStudio.TestTools.TestTypes.Unit.UnitTestAdapter, Microsoft.VisualStudio.QualityTools.Tips.UnitTest.Adapter, Version=8.0.0.0, Culture=neutral, PublicKeyToken=b03f5f7f11d50a3a</adapterTypeName><testMethod type="Microsoft.VisualStudio.TestTools.TestTypes.Unit.TestMethod, Microsoft.VisualStudio.QualityTools.Tips.UnitTest.ObjectModel, Version=8.0.0.0, Culture=neutral, PublicKeyToken=b03f5f7f11d50a3a"><className type="System.String">TestProject2.CCollectTest, TestProject2</className><name type="System.String">CatchByListTest</name><expectedExceptionMessage type="System.String" /><isValid type="System.Boolean">False</isValid></testMethod><aspNetDevServers type="System.Collections.Generic.List`1[[Microsoft.VisualStudio.TestTools.Common.AspNetDevelopmentServer, Microsoft.VisualStudio.QualityTools.Common, Version=8.0.0.0, Culture=neutral, PublicKeyToken=b03f5f7f11d50a3a]]"><_size type="System.Int32">0</_size><_version type="System.Int32">0</_version></aspNetDevServers><dataAccessMethod type="Microsoft.VisualStudio.TestTools.UnitTesting.DataAccessMethod, Microsoft.VisualStudio.QualityTools.UnitTestFramework, Version=8.0.0.0, Culture=neutral, PublicKeyToken=b03f5f7f11d50a3a"><value__ type="System.Int32">0</value__></dataAccessMethod><cssProjectStructure type="System.String" /><isRunOnRestart type="System.Boolean">False</isRunOnRestart><timeOut type="System.Int32">0</timeOut><isGroupable type="System.Boolean">True</isGroupable><abortRunOnAgentFailure type="System.Boolean">False</abortRunOnAgentFailure><cssIteration type="System.String" /><workItemIds type="System.Collections.Generic.List`1[[System.Int32, mscorlib, Version=2.0.0.0, Culture=neutral, PublicKeyToken=b77a5c561934e089]]"><_size type="System.Int32">0</_size><_version type="System.Int32">1</_version></workItemIds><id type="Microsoft.VisualStudio.TestTools.Common.TestId"><id type="System.Guid">e7528015-dc97-da47-47a2-bb559ffc379e</id></id><name type="System.String">CatchByListTest</name><description type="System.String" /><enabled type="System.Boolean">True</enabled><owner type="System.String" /><priority type="System.Int32">0</priority><executionId type="Microsoft.VisualStudio.TestTools.Common.TestExecId"><id type="System.Guid">00000000-0000-0000-0000-000000000000</id></executionId><parentExecutId type="Microsoft.VisualStudio.TestTools.Common.TestExecId"><id type="System.Guid">00000000-0000-0000-0000-000000000000</id></parentExecutId><deploymentItems type="Microsoft.VisualStudio.TestTools.Common.DeploymentItemCollection" /><agentAttributes type="System.Collections.Specialized.StringDictionary, System, Version=2.0.0.0, Culture=neutral, PublicKeyToken=b77a5c561934e089" /><storage type="System.String">c:\downloads\consoleapplication2\testproject2\bin\debug\testproject2.dll</storage><projectData type="Microsoft.VisualStudio.TestTools.Common.ProjectData"><id type="System.Guid">087a098d-18f5-4600-b1e1-7a4bbfae9b7b</id><projectName type="System.String">TestProject2</projectName><solutionName type="System.String">ConsoleApplication2</solutionName><projectRelativePath type="System.String">TestProject2\TestProject2.csproj</projectRelativePath></projectData><m_nonRunnableReason type="System.String" /></value><key type="Microsoft.VisualStudio.TestTools.Common.TestId"><id type="System.Guid">60d8f64f-e7d0-a098-a11f-498fe0d561e9</id></key><value type="Microsoft.VisualStudio.TestTools.TestTypes.Unit.UnitTestElement, Microsoft.VisualStudio.QualityTools.Tips.UnitTest.ObjectModel, Version=8.0.0.0, Culture=neutral, PublicKeyToken=b03f5f7f11d50a3a"><codeBase type="System.String">C:\Downloads\ConsoleApplication2\TestProject2\bin\Debug\TestProject2.dll</codeBase><adapterTypeName type="System.String">Microsoft.VisualStudio.TestTools.TestTypes.Unit.UnitTestAdapter, Microsoft.VisualStudio.QualityTools.Tips.UnitTest.Adapter, Version=8.0.0.0, Culture=neutral, PublicKeyToken=b03f5f7f11d50a3a</adapterTypeName><testMethod type="Microsoft.VisualStudio.TestTools.TestTypes.Unit.TestMethod, Microsoft.VisualStudio.QualityTools.Tips.UnitTest.ObjectModel, Version=8.0.0.0, Culture=neutral, PublicKeyToken=b03f5f7f11d50a3a"><className type="System.String">TestProject2.CWMProjectTest, TestProject2</className><name type="System.String">nameTest</name><expectedExceptionMessage type="System.String" /><isValid type="System.Boolean">False</isValid></testMethod><aspNetDevServers type="System.Collections.Generic.List`1[[Microsoft.VisualStudio.TestTools.Common.AspNetDevelopmentServer, Microsoft.VisualStudio.QualityTools.Common, Version=8.0.0.0, Culture=neutral, PublicKeyToken=b03f5f7f11d50a3a]]"><_size type="System.Int32">0</_size><_version type="System.Int32">0</_version></aspNetDevServers><dataAccessMethod type="Microsoft.VisualStudio.TestTools.UnitTesting.DataAccessMethod, Microsoft.VisualStudio.QualityTools.UnitTestFramework, Version=8.0.0.0, Culture=neutral, PublicKeyToken=b03f5f7f11d50a3a"><value__ type="System.Int32">0</value__></dataAccessMethod><cssProjectStructure type="System.String" /><isRunOnRestart type="System.Boolean">False</isRunOnRestart><timeOut type="System.Int32">0</timeOut><isGroupable type="System.Boolean">True</isGroupable><abortRunOnAgentFailure type="System.Boolean">False</abortRunOnAgentFailure><cssIteration type="System.String" /><workItemIds type="System.Collections.Generic.List`1[[System.Int32, mscorlib, Version=2.0.0.0, Culture=neutral, PublicKeyToken=b77a5c561934e089]]"><_size type="System.Int32">0</_size><_version type="System.Int32">1</_version></workItemIds><id type="Microsoft.VisualStudio.TestTools.Common.TestId"><id type="System.Guid">60d8f64f-e7d0-a098-a11f-498fe0d561e9</id></id><name type="System.String">nameTest</name><description type="System.String" /><enabled type="System.Boolean">True</enabled><owner type="System.String" /><priority type="System.Int32">0</priority><executionId type="Microsoft.VisualStudio.TestTools.Common.TestExecId"><id type="System.Guid">00000000-0000-0000-0000-000000000000</id></executionId><parentExecutId type="Microsoft.VisualStudio.TestTools.Common.TestExecId"><id type="System.Guid">00000000-0000-0000-0000-000000000000</id></parentExecutId><deploymentItems type="Microsoft.VisualStudio.TestTools.Common.DeploymentItemCollection" /><agentAttributes type="System.Collections.Specialized.StringDictionary, System, Version=2.0.0.0, Culture=neutral, PublicKeyToken=b77a5c561934e089" /><storage type="System.String">c:\downloads\consoleapplication2\testproject2\bin\debug\testproject2.dll</storage><projectData type="Microsoft.VisualStudio.TestTools.Common.ProjectData"><id type="System.Guid">087a098d-18f5-4600-b1e1-7a4bbfae9b7b</id><projectName type="System.String">TestProject2</projectName><solutionName type="System.String">ConsoleApplication2</solutionName><projectRelativePath type="System.String">TestProject2\TestProject2.csproj</projectRelativePath></projectData><m_nonRunnableReason type="System.String" /></value><key type="Microsoft.VisualStudio.TestTools.Common.TestId"><id type="System.Guid">264eb270-0de5-b389-458b-471d55dad441</id></key><value type="Microsoft.VisualStudio.TestTools.TestTypes.Unit.UnitTestElement, Microsoft.VisualStudio.QualityTools.Tips.UnitTest.ObjectModel, Version=8.0.0.0, Culture=neutral, PublicKeyToken=b03f5f7f11d50a3a"><codeBase type="System.String">C:\Downloads\ConsoleApplication2\TestProject2\bin\Debug\TestProject2.dll</codeBase><adapterTypeName type="System.String">Microsoft.VisualStudio.TestTools.TestTypes.Unit.UnitTestAdapter, Microsoft.VisualStudio.QualityTools.Tips.UnitTest.Adapter, Version=8.0.0.0, Culture=neutral, PublicKeyToken=b03f5f7f11d50a3a</adapterTypeName><testMethod type="Microsoft.VisualStudio.TestTools.TestTypes.Unit.TestMethod, Microsoft.VisualStudio.QualityTools.Tips.UnitTest.ObjectModel, Version=8.0.0.0, Culture=neutral, PublicKeyToken=b03f5f7f11d50a3a"><className type="System.String">TestProject2.CStateTest, TestProject2</className><name type="System.String">CompressNameTest</name><expectedExceptionMessage type="System.String" /><isValid type="System.Boolean">False</isValid></testMethod><aspNetDevServers type="System.Collections.Generic.List`1[[Microsoft.VisualStudio.TestTools.Common.AspNetDevelopmentServer, Microsoft.VisualStudio.QualityTools.Common, Version=8.0.0.0, Culture=neutral, PublicKeyToken=b03f5f7f11d50a3a]]"><_size type="System.Int32">0</_size><_version type="System.Int32">0</_version></aspNetDevServers><dataAccessMethod type="Microsoft.VisualStudio.TestTools.UnitTesting.DataAccessMethod, Microsoft.VisualStudio.QualityTools.UnitTestFramework, Version=8.0.0.0, Culture=neutral, PublicKeyToken=b03f5f7f11d50a3a"><value__ type="System.Int32">0</value__></dataAccessMethod><cssProjectStructure type="System.String" /><isRunOnRestart type="System.Boolean">False</isRunOnRestart><timeOut type="System.Int32">0</timeOut><isGroupable type="System.Boolean">True</isGroupable><abortRunOnAgentFailure type="System.Boolean">False</abortRunOnAgentFailure><cssIteration type="System.String" /><workItemIds type="System.Collections.Generic.List`1[[System.Int32, mscorlib, Version=2.0.0.0, Culture=neutral, PublicKeyToken=b77a5c561934e089]]"><_size type="System.Int32">0</_size><_version type="System.Int32">1</_version></workItemIds><id type="Microsoft.VisualStudio.TestTools.Common.TestId"><id type="System.Guid">264eb270-0de5-b389-458b-471d55dad441</id></id><name type="System.String">CompressNameTest</name><description type="System.String" /><enabled type="System.Boolean">True</enabled><owner type="System.String" /><priority type="System.Int32">0</priority><executionId type="Microsoft.VisualStudio.TestTools.Common.TestExecId"><id type="System.Guid">00000000-0000-0000-0000-000000000000</id></executionId><parentExecutId type="Microsoft.VisualStudio.TestTools.Common.TestExecId"><id type="System.Guid">00000000-0000-0000-0000-000000000000</id></parentExecutId><deploymentItems type="Microsoft.VisualStudio.TestTools.Common.DeploymentItemCollection" /><agentAttributes type="System.Collections.Specialized.StringDictionary, System, Version=2.0.0.0, Culture=neutral, PublicKeyToken=b77a5c561934e089" /><storage type="System.String">c:\downloads\consoleapplication2\testproject2\bin\debug\testproject2.dll</storage><projectData type="Microsoft.VisualStudio.TestTools.Common.ProjectData"><id type="System.Guid">087a098d-18f5-4600-b1e1-7a4bbfae9b7b</id><projectName type="System.String">TestProject2</projectName><solutionName type="System.String">ConsoleApplication2</solutionName><projectRelativePath type="System.String">TestProject2\TestProject2.csproj</projectRelativePath></projectData><m_nonRunnableReason type="System.String" /></value><key type="Microsoft.VisualStudio.TestTools.Common.TestId"><id type="System.Guid">ca50a3b7-d71b-5722-8dab-37dc16090296</id></key><value type="Microsoft.VisualStudio.TestTools.TestTypes.Unit.UnitTestElement, Microsoft.VisualStudio.QualityTools.Tips.UnitTest.ObjectModel, Version=8.0.0.0, Culture=neutral, PublicKeyToken=b03f5f7f11d50a3a"><codeBase type="System.String">C:\Downloads\ConsoleApplication2\TestProject2\bin\Debug\TestProject2.dll</codeBase><adapterTypeName type="System.String">Microsoft.VisualStudio.TestTools.TestTypes.Unit.UnitTestAdapter, Microsoft.VisualStudio.QualityTools.Tips.UnitTest.Adapter, Version=8.0.0.0, Culture=neutral, PublicKeyToken=b03f5f7f11d50a3a</adapterTypeName><testMethod type="Microsoft.VisualStudio.TestTools.TestTypes.Unit.TestMethod, Microsoft.VisualStudio.QualityTools.Tips.UnitTest.ObjectModel, Version=8.0.0.0, Culture=neutral, PublicKeyToken=b03f5f7f11d50a3a"><className type="System.String">TestProject2.CWMProjectsTest, TestProject2</className><name type="System.String">ItemTest</name><expectedExceptionMessage type="System.String" /><isValid type="System.Boolean">False</isValid></testMethod><aspNetDevServers type="System.Collections.Generic.List`1[[Microsoft.VisualStudio.TestTools.Common.AspNetDevelopmentServer, Microsoft.VisualStudio.QualityTools.Common, Version=8.0.0.0, Culture=neutral, PublicKeyToken=b03f5f7f11d50a3a]]"><_size type="System.Int32">0</_size><_version type="System.Int32">0</_version></aspNetDevServers><dataAccessMethod type="Microsoft.VisualStudio.TestTools.UnitTesting.DataAccessMethod, Microsoft.VisualStudio.QualityTools.UnitTestFramework, Version=8.0.0.0, Culture=neutral, PublicKeyToken=b03f5f7f11d50a3a"><value__ type="System.Int32">0</value__></dataAccessMethod><cssProjectStructure type="System.String" /><isRunOnRestart type="System.Boolean">False</isRunOnRestart><timeOut type="System.Int32">0</timeOut><isGroupable type="System.Boolean">True</isGroupable><abortRunOnAgentFailure type="System.Boolean">False</abortRunOnAgentFailure><cssIteration type="System.String" /><workItemIds type="System.Collections.Generic.List`1[[System.Int32, mscorlib, Version=2.0.0.0, Culture=neutral, PublicKeyToken=b77a5c561934e089]]"><_size type="System.Int32">0</_size><_version type="System.Int32">1</_version></workItemIds><id type="Microsoft.VisualStudio.TestTools.Common.TestId"><id type="System.Guid">ca50a3b7-d71b-5722-8dab-37dc16090296</id></id><name type="System.String">ItemTest</name><description type="System.String" /><enabled type="System.Boolean">True</enabled><owner type="System.String" /><priority type="System.Int32">0</priority><executionId type="Microsoft.VisualStudio.TestTools.Common.TestExecId"><id type="System.Guid">00000000-0000-0000-0000-000000000000</id></executionId><parentExecutId type="Microsoft.VisualStudio.TestTools.Common.TestExecId"><id type="System.Guid">00000000-0000-0000-0000-000000000000</id></parentExecutId><deploymentItems type="Microsoft.VisualStudio.TestTools.Common.DeploymentItemCollection" /><agentAttributes type="System.Collections.Specialized.StringDictionary, System, Version=2.0.0.0, Culture=neutral, PublicKeyToken=b77a5c561934e089" /><storage type="System.String">c:\downloads\consoleapplication2\testproject2\bin\debug\testproject2.dll</storage><projectData type="Microsoft.VisualStudio.TestTools.Common.ProjectData"><id type="System.Guid">087a098d-18f5-4600-b1e1-7a4bbfae9b7b</id><projectName type="System.String">TestProject2</projectName><solutionName type="System.String">ConsoleApplication2</solutionName><projectRelativePath type="System.String">TestProject2\TestProject2.csproj</projectRelativePath></projectData><m_nonRunnableReason type="System.String" /></value><key type="Microsoft.VisualStudio.TestTools.Common.TestId"><id type="System.Guid">3c90678e-51ec-b483-c6bc-5aed9f0746c3</id></key><value type="Microsoft.VisualStudio.TestTools.TestTypes.Unit.UnitTestElement, Microsoft.VisualStudio.QualityTools.Tips.UnitTest.ObjectModel, Version=8.0.0.0, Culture=neutral, PublicKeyToken=b03f5f7f11d50a3a"><codeBase type="System.String">C:\Downloads\ConsoleApplication2\TestProject2\bin\Debug\TestProject2.dll</codeBase><adapterTypeName type="System.String">Microsoft.VisualStudio.TestTools.TestTypes.Unit.UnitTestAdapter, Microsoft.VisualStudio.QualityTools.Tips.UnitTest.Adapter, Version=8.0.0.0, Culture=neutral, PublicKeyToken=b03f5f7f11d50a3a</adapterTypeName><testMethod type="Microsoft.VisualStudio.TestTools.TestTypes.Unit.TestMethod, Microsoft.VisualStudio.QualityTools.Tips.UnitTest.ObjectModel, Version=8.0.0.0, Culture=neutral, PublicKeyToken=b03f5f7f11d50a3a"><className type="System.String">TestProject2.CStateTest, TestProject2</className><name type="System.String">SaveTest</name><expectedExceptionMessage type="System.String" /><isValid type="System.Boolean">False</isValid></testMethod><aspNetDevServers type="System.Collections.Generic.List`1[[Microsoft.VisualStudio.TestTools.Common.AspNetDevelopmentServer, Microsoft.VisualStudio.QualityTools.Common, Version=8.0.0.0, Culture=neutral, PublicKeyToken=b03f5f7f11d50a3a]]"><_size type="System.Int32">0</_size><_version type="System.Int32">0</_version></aspNetDevServers><dataAccessMethod type="Microsoft.VisualStudio.TestTools.UnitTesting.DataAccessMethod, Microsoft.VisualStudio.QualityTools.UnitTestFramework, Version=8.0.0.0, Culture=neutral, PublicKeyToken=b03f5f7f11d50a3a"><value__ type="System.Int32">0</value__></dataAccessMethod><cssProjectStructure type="System.String" /><isRunOnRestart type="System.Boolean">False</isRunOnRestart><timeOut type="System.Int32">0</timeOut><isGroupable type="System.Boolean">True</isGroupable><abortRunOnAgentFailure type="System.Boolean">False</abortRunOnAgentFailure><cssIteration type="System.String" /><workItemIds type="System.Collections.Generic.List`1[[System.Int32, mscorlib, Version=2.0.0.0, Culture=neutral, PublicKeyToken=b77a5c561934e089]]"><_size type="System.Int32">0</_size><_version type="System.Int32">1</_version></workItemIds><id type="Microsoft.VisualStudio.TestTools.Common.TestId"><id type="System.Guid">3c90678e-51ec-b483-c6bc-5aed9f0746c3</id></id><name type="System.String">SaveTest</name><description type="System.String" /><enabled type="System.Boolean">True</enabled><owner type="System.String" /><priority type="System.Int32">0</priority><executionId type="Microsoft.VisualStudio.TestTools.Common.TestExecId"><id type="System.Guid">00000000-0000-0000-0000-000000000000</id></executionId><parentExecutId type="Microsoft.VisualStudio.TestTools.Common.TestExecId"><id type="System.Guid">00000000-0000-0000-0000-000000000000</id></parentExecutId><deploymentItems type="Microsoft.VisualStudio.TestTools.Common.DeploymentItemCollection" /><agentAttributes type="System.Collections.Specialized.StringDictionary, System, Version=2.0.0.0, Culture=neutral, PublicKeyToken=b77a5c561934e089" /><storage type="System.String">c:\downloads\consoleapplication2\testproject2\bin\debug\testproject2.dll</storage><projectData type="Microsoft.VisualStudio.TestTools.Common.ProjectData"><id type="System.Guid">087a098d-18f5-4600-b1e1-7a4bbfae9b7b</id><projectName type="System.String">TestProject2</projectName><solutionName type="System.String">ConsoleApplication2</solutionName><projectRelativePath type="System.String">TestProject2\TestProject2.csproj</projectRelativePath></projectData><m_nonRunnableReason type="System.String" /></value><key type="Microsoft.VisualStudio.TestTools.Common.TestId"><id type="System.Guid">cb845be6-2a80-f3d4-6b31-64b33bf848f8</id></key><value type="Microsoft.VisualStudio.TestTools.TestTypes.Unit.UnitTestElement, Microsoft.VisualStudio.QualityTools.Tips.UnitTest.ObjectModel, Version=8.0.0.0, Culture=neutral, PublicKeyToken=b03f5f7f11d50a3a"><codeBase type="System.String">C:\Downloads\ConsoleApplication2\TestProject2\bin\Debug\TestProject2.dll</codeBase><adapterTypeName type="System.String">Microsoft.VisualStudio.TestTools.TestTypes.Unit.UnitTestAdapter, Microsoft.VisualStudio.QualityTools.Tips.UnitTest.Adapter, Version=8.0.0.0, Culture=neutral, PublicKeyToken=b03f5f7f11d50a3a</adapterTypeName><testMethod type="Microsoft.VisualStudio.TestTools.TestTypes.Unit.TestMethod, Microsoft.VisualStudio.QualityTools.Tips.UnitTest.ObjectModel, Version=8.0.0.0, Culture=neutral, PublicKeyToken=b03f5f7f11d50a3a"><className type="System.String">TestProject2.CWMVersionTest, TestProject2</className><name type="System.String">WorkDirTest</name><expectedExceptionMessage type="System.String" /><isValid type="System.Boolean">False</isValid></testMethod><aspNetDevServers type="System.Collections.Generic.List`1[[Microsoft.VisualStudio.TestTools.Common.AspNetDevelopmentServer, Microsoft.VisualStudio.QualityTools.Common, Version=8.0.0.0, Culture=neutral, PublicKeyToken=b03f5f7f11d50a3a]]"><_size type="System.Int32">0</_size><_version type="System.Int32">0</_version></aspNetDevServers><dataAccessMethod type="Microsoft.VisualStudio.TestTools.UnitTesting.DataAccessMethod, Microsoft.VisualStudio.QualityTools.UnitTestFramework, Version=8.0.0.0, Culture=neutral, PublicKeyToken=b03f5f7f11d50a3a"><value__ type="System.Int32">0</value__></dataAccessMethod><cssProjectStructure type="System.String" /><isRunOnRestart type="System.Boolean">False</isRunOnRestart><timeOut type="System.Int32">0</timeOut><isGroupable type="System.Boolean">True</isGroupable><abortRunOnAgentFailure type="System.Boolean">False</abortRunOnAgentFailure><cssIteration type="System.String" /><workItemIds type="System.Collections.Generic.List`1[[System.Int32, mscorlib, Version=2.0.0.0, Culture=neutral, PublicKeyToken=b77a5c561934e089]]"><_size type="System.Int32">0</_size><_version type="System.Int32">1</_version></workItemIds><id type="Microsoft.VisualStudio.TestTools.Common.TestId"><id type="System.Guid">cb845be6-2a80-f3d4-6b31-64b33bf848f8</id></id><name type="System.String">WorkDirTest</name><description type="System.String" /><enabled type="System.Boolean">True</enabled><owner type="System.String" /><priority type="System.Int32">0</priority><executionId type="Microsoft.VisualStudio.TestTools.Common.TestExecId"><id type="System.Guid">00000000-0000-0000-0000-000000000000</id></executionId><parentExecutId type="Microsoft.VisualStudio.TestTools.Common.TestExecId"><id type="System.Guid">00000000-0000-0000-0000-000000000000</id></parentExecutId><deploymentItems type="Microsoft.VisualStudio.TestTools.Common.DeploymentItemCollection" /><agentAttributes type="System.Collections.Specialized.StringDictionary, System, Version=2.0.0.0, Culture=neutral, PublicKeyToken=b77a5c561934e089" /><storage type="System.String">c:\downloads\consoleapplication2\testproject2\bin\debug\testproject2.dll</storage><projectData type="Microsoft.VisualStudio.TestTools.Common.ProjectData"><id type="System.Guid">087a098d-18f5-4600-b1e1-7a4bbfae9b7b</id><projectName type="System.String">TestProject2</projectName><solutionName type="System.String">ConsoleApplication2</solutionName><projectRelativePath type="System.String">TestProject2\TestProject2.csproj</projectRelativePath></projectData><m_nonRunnableReason type="System.String" /></value><key type="Microsoft.VisualStudio.TestTools.Common.TestId"><id type="System.Guid">334cf0c6-a6f0-c2d8-4370-35833d3a18b6</id></key><value type="Microsoft.VisualStudio.TestTools.TestTypes.Unit.UnitTestElement, Microsoft.VisualStudio.QualityTools.Tips.UnitTest.ObjectModel, Version=8.0.0.0, Culture=neutral, PublicKeyToken=b03f5f7f11d50a3a"><codeBase type="System.String">C:\Downloads\ConsoleApplication2\TestProject2\bin\Debug\TestProject2.dll</codeBase><adapterTypeName type="System.String">Microsoft.VisualStudio.TestTools.TestTypes.Unit.UnitTestAdapter, Microsoft.VisualStudio.QualityTools.Tips.UnitTest.Adapter, Version=8.0.0.0, Culture=neutral, PublicKeyToken=b03f5f7f11d50a3a</adapterTypeName><testMethod type="Microsoft.VisualStudio.TestTools.TestTypes.Unit.TestMethod, Microsoft.VisualStudio.QualityTools.Tips.UnitTest.ObjectModel, Version=8.0.0.0, Culture=neutral, PublicKeyToken=b03f5f7f11d50a3a"><className type="System.String">TestProject2.CXMLConfigTest, TestProject2</className><name type="System.String">saveTest</name><expectedExceptionMessage type="System.String" /><isValid type="System.Boolean">False</isValid></testMethod><aspNetDevServers type="System.Collections.Generic.List`1[[Microsoft.VisualStudio.TestTools.Common.AspNetDevelopmentServer, Microsoft.VisualStudio.QualityTools.Common, Version=8.0.0.0, Culture=neutral, PublicKeyToken=b03f5f7f11d50a3a]]"><_size type="System.Int32">0</_size><_version type="System.Int32">0</_version></aspNetDevServers><dataAccessMethod type="Microsoft.VisualStudio.TestTools.UnitTesting.DataAccessMethod, Microsoft.VisualStudio.QualityTools.UnitTestFramework, Version=8.0.0.0, Culture=neutral, PublicKeyToken=b03f5f7f11d50a3a"><value__ type="System.Int32">0</value__></dataAccessMethod><cssProjectStructure type="System.String" /><isRunOnRestart type="System.Boolean">False</isRunOnRestart><timeOut type="System.Int32">0</timeOut><isGroupable type="System.Boolean">True</isGroupable><abortRunOnAgentFailure type="System.Boolean">False</abortRunOnAgentFailure><cssIteration type="System.String" /><workItemIds type="System.Collections.Generic.List`1[[System.Int32, mscorlib, Version=2.0.0.0, Culture=neutral, PublicKeyToken=b77a5c561934e089]]"><_size type="System.Int32">0</_size><_version type="System.Int32">1</_version></workItemIds><id type="Microsoft.VisualStudio.TestTools.Common.TestId"><id type="System.Guid">334cf0c6-a6f0-c2d8-4370-35833d3a18b6</id></id><name type="System.String">saveTest</name><description type="System.String" /><enabled type="System.Boolean">True</enabled><owner type="System.String" /><priority type="System.Int32">0</priority><executionId type="Microsoft.VisualStudio.TestTools.Common.TestExecId"><id type="System.Guid">00000000-0000-0000-0000-000000000000</id></executionId><parentExecutId type="Microsoft.VisualStudio.TestTools.Common.TestExecId"><id type="System.Guid">00000000-0000-0000-0000-000000000000</id></parentExecutId><deploymentItems type="Microsoft.VisualStudio.TestTools.Common.DeploymentItemCollection" /><agentAttributes type="System.Collections.Specialized.StringDictionary, System, Version=2.0.0.0, Culture=neutral, PublicKeyToken=b77a5c561934e089" /><storage type="System.String">c:\downloads\consoleapplication2\testproject2\bin\debug\testproject2.dll</storage><projectData type="Microsoft.VisualStudio.TestTools.Common.ProjectData"><id type="System.Guid">087a098d-18f5-4600-b1e1-7a4bbfae9b7b</id><projectName type="System.String">TestProject2</projectName><solutionName type="System.String">ConsoleApplication2</solutionName><projectRelativePath type="System.String">TestProject2\TestProject2.csproj</projectRelativePath></projectData><m_nonRunnableReason type="System.String" /></value><key type="Microsoft.VisualStudio.TestTools.Common.TestId"><id type="System.Guid">0bdd4102-1828-af99-48fe-ba0cc9508309</id></key><value type="Microsoft.VisualStudio.TestTools.TestTypes.Unit.UnitTestElement, Microsoft.VisualStudio.QualityTools.Tips.UnitTest.ObjectModel, Version=8.0.0.0, Culture=neutral, PublicKeyToken=b03f5f7f11d50a3a"><codeBase type="System.String">C:\Downloads\ConsoleApplication2\TestProject2\bin\Debug\TestProject2.dll</codeBase><adapterTypeName type="System.String">Microsoft.VisualStudio.TestTools.TestTypes.Unit.UnitTestAdapter, Microsoft.VisualStudio.QualityTools.Tips.UnitTest.Adapter, Version=8.0.0.0, Culture=neutral, PublicKeyToken=b03f5f7f11d50a3a</adapterTypeName><testMethod type="Microsoft.VisualStudio.TestTools.TestTypes.Unit.TestMethod, Microsoft.VisualStudio.QualityTools.Tips.UnitTest.ObjectModel, Version=8.0.0.0, Culture=neutral, PublicKeyToken=b03f5f7f11d50a3a"><className type="System.String">TestProject2.CStateTest, TestProject2</className><name type="System.String">DestPathTest</name><expectedExceptionMessage type="System.String" /><isValid type="System.Boolean">False</isValid></testMethod><aspNetDevServers type="System.Collections.Generic.List`1[[Microsoft.VisualStudio.TestTools.Common.AspNetDevelopmentServer, Microsoft.VisualStudio.QualityTools.Common, Version=8.0.0.0, Culture=neutral, PublicKeyToken=b03f5f7f11d50a3a]]"><_size type="System.Int32">0</_size><_version type="System.Int32">0</_version></aspNetDevServers><dataAccessMethod type="Microsoft.VisualStudio.TestTools.UnitTesting.DataAccessMethod, Microsoft.VisualStudio.QualityTools.UnitTestFramework, Version=8.0.0.0, Culture=neutral, PublicKeyToken=b03f5f7f11d50a3a"><value__ type="System.Int32">0</value__></dataAccessMethod><cssProjectStructure type="System.String" /><isRunOnRestart type="System.Boolean">False</isRunOnRestart><timeOut type="System.Int32">0</timeOut><isGroupable type="System.Boolean">True</isGroupable><abortRunOnAgentFailure type="System.Boolean">False</abortRunOnAgentFailure><cssIteration type="System.String" /><workItemIds type="System.Collections.Generic.List`1[[System.Int32, mscorlib, Version=2.0.0.0, Culture=neutral, PublicKeyToken=b77a5c561934e089]]"><_size type="System.Int32">0</_size><_version type="System.Int32">1</_version></workItemIds><id type="Microsoft.VisualStudio.TestTools.Common.TestId"><id type="System.Guid">0bdd4102-1828-af99-48fe-ba0cc9508309</id></id><name type="System.String">DestPathTest</name><description type="System.String" /><enabled type="System.Boolean">True</enabled><owner type="System.String" /><priority type="System.Int32">0</priority><executionId type="Microsoft.VisualStudio.TestTools.Common.TestExecId"><id type="System.Guid">00000000-0000-0000-0000-000000000000</id></executionId><parentExecutId type="Microsoft.VisualStudio.TestTools.Common.TestExecId"><id type="System.Guid">00000000-0000-0000-0000-000000000000</id></parentExecutId><deploymentItems type="Microsoft.VisualStudio.TestTools.Common.DeploymentItemCollection" /><agentAttributes type="System.Collections.Specialized.StringDictionary, System, Version=2.0.0.0, Culture=neutral, PublicKeyToken=b77a5c561934e089" /><storage type="System.String">c:\downloads\consoleapplication2\testproject2\bin\debug\testproject2.dll</storage><projectData type="Microsoft.VisualStudio.TestTools.Common.ProjectData"><id type="System.Guid">087a098d-18f5-4600-b1e1-7a4bbfae9b7b</id><projectName type="System.String">TestProject2</projectName><solutionName type="System.String">ConsoleApplication2</solutionName><projectRelativePath type="System.String">TestProject2\TestProject2.csproj</projectRelativePath></projectData><m_nonRunnableReason type="System.String" /></value><key type="Microsoft.VisualStudio.TestTools.Common.TestId"><id type="System.Guid">505af99d-2785-fb32-2c91-d67e5092d29f</id></key><value type="Microsoft.VisualStudio.TestTools.TestTypes.Unit.UnitTestElement, Microsoft.VisualStudio.QualityTools.Tips.UnitTest.ObjectModel, Version=8.0.0.0, Culture=neutral, PublicKeyToken=b03f5f7f11d50a3a"><codeBase type="System.String">C:\Downloads\ConsoleApplication2\TestProject2\bin\Debug\TestProject2.dll</codeBase><adapterTypeName type="System.String">Microsoft.VisualStudio.TestTools.TestTypes.Unit.UnitTestAdapter, Microsoft.VisualStudio.QualityTools.Tips.UnitTest.Adapter, Version=8.0.0.0, Culture=neutral, PublicKeyToken=b03f5f7f11d50a3a</adapterTypeName><testMethod type="Microsoft.VisualStudio.TestTools.TestTypes.Unit.TestMethod, Microsoft.VisualStudio.QualityTools.Tips.UnitTest.ObjectModel, Version=8.0.0.0, Culture=neutral, PublicKeyToken=b03f5f7f11d50a3a"><className type="System.String">TestProject2.CWMVersionsTest, TestProject2</className><name type="System.String">CountTest</name><expectedExceptionMessage type="System.String" /><isValid type="System.Boolean">False</isValid></testMethod><aspNetDevServers type="System.Collections.Generic.List`1[[Microsoft.VisualStudio.TestTools.Common.AspNetDevelopmentServer, Microsoft.VisualStudio.QualityTools.Common, Version=8.0.0.0, Culture=neutral, PublicKeyToken=b03f5f7f11d50a3a]]"><_size type="System.Int32">0</_size><_version type="System.Int32">0</_version></aspNetDevServers><dataAccessMethod type="Microsoft.VisualStudio.TestTools.UnitTesting.DataAccessMethod, Microsoft.VisualStudio.QualityTools.UnitTestFramework, Version=8.0.0.0, Culture=neutral, PublicKeyToken=b03f5f7f11d50a3a"><value__ type="System.Int32">0</value__></dataAccessMethod><cssProjectStructure type="System.String" /><isRunOnRestart type="System.Boolean">False</isRunOnRestart><timeOut type="System.Int32">0</timeOut><isGroupable type="System.Boolean">True</isGroupable><abortRunOnAgentFailure type="System.Boolean">False</abortRunOnAgentFailure><cssIteration type="System.String" /><workItemIds type="System.Collections.Generic.List`1[[System.Int32, mscorlib, Version=2.0.0.0, Culture=neutral, PublicKeyToken=b77a5c561934e089]]"><_size type="System.Int32">0</_size><_version type="System.Int32">1</_version></workItemIds><id type="Microsoft.VisualStudio.TestTools.Common.TestId"><id type="System.Guid">505af99d-2785-fb32-2c91-d67e5092d29f</id></id><name type="System.String">CountTest</name><description type="System.String" /><enabled type="System.Boolean">True</enabled><owner type="System.String" /><priority type="System.Int32">0</priority><executionId type="Microsoft.VisualStudio.TestTools.Common.TestExecId"><id type="System.Guid">00000000-0000-0000-0000-000000000000</id></executionId><parentExecutId type="Microsoft.VisualStudio.TestTools.Common.TestExecId"><id type="System.Guid">00000000-0000-0000-0000-000000000000</id></parentExecutId><deploymentItems type="Microsoft.VisualStudio.TestTools.Common.DeploymentItemCollection" /><agentAttributes type="System.Collections.Specialized.StringDictionary, System, Version=2.0.0.0, Culture=neutral, PublicKeyToken=b77a5c561934e089" /><storage type="System.String">c:\downloads\consoleapplication2\testproject2\bin\debug\testproject2.dll</storage><projectData type="Microsoft.VisualStudio.TestTools.Common.ProjectData"><id type="System.Guid">087a098d-18f5-4600-b1e1-7a4bbfae9b7b</id><projectName type="System.String">TestProject2</projectName><solutionName type="System.String">ConsoleApplication2</solutionName><projectRelativePath type="System.String">TestProject2\TestProject2.csproj</projectRelativePath></projectData><m_nonRunnableReason type="System.String" /></value><key type="Microsoft.VisualStudio.TestTools.Common.TestId"><id type="System.Guid">40451d2f-8fe8-0ef0-d9c2-c5d75097e7e4</id></key><value type="Microsoft.VisualStudio.TestTools.TestTypes.Unit.UnitTestElement, Microsoft.VisualStudio.QualityTools.Tips.UnitTest.ObjectModel, Version=8.0.0.0, Culture=neutral, PublicKeyToken=b03f5f7f11d50a3a"><codeBase type="System.String">C:\Downloads\ConsoleApplication2\TestProject2\bin\Debug\TestProject2.dll</codeBase><adapterTypeName type="System.String">Microsoft.VisualStudio.TestTools.TestTypes.Unit.UnitTestAdapter, Microsoft.VisualStudio.QualityTools.Tips.UnitTest.Adapter, Version=8.0.0.0, Culture=neutral, PublicKeyToken=b03f5f7f11d50a3a</adapterTypeName><testMethod type="Microsoft.VisualStudio.TestTools.TestTypes.Unit.TestMethod, Microsoft.VisualStudio.QualityTools.Tips.UnitTest.ObjectModel, Version=8.0.0.0, Culture=neutral, PublicKeyToken=b03f5f7f11d50a3a"><className type="System.String">TestProject2.CExtractorTest, TestProject2</className><name type="System.String">RemoveTagTest</name><expectedExceptionMessage type="System.String" /><isValid type="System.Boolean">False</isValid></testMethod><aspNetDevServers type="System.Collections.Generic.List`1[[Microsoft.VisualStudio.TestTools.Common.AspNetDevelopmentServer, Microsoft.VisualStudio.QualityTools.Common, Version=8.0.0.0, Culture=neutral, PublicKeyToken=b03f5f7f11d50a3a]]"><_size type="System.Int32">0</_size><_version type="System.Int32">0</_version></aspNetDevServers><dataAccessMethod type="Microsoft.VisualStudio.TestTools.UnitTesting.DataAccessMethod, Microsoft.VisualStudio.QualityTools.UnitTestFramework, Version=8.0.0.0, Culture=neutral, PublicKeyToken=b03f5f7f11d50a3a"><value__ type="System.Int32">0</value__></dataAccessMethod><cssProjectStructure type="System.String" /><isRunOnRestart type="System.Boolean">False</isRunOnRestart><timeOut type="System.Int32">0</timeOut><isGroupable type="System.Boolean">True</isGroupable><abortRunOnAgentFailure type="System.Boolean">False</abortRunOnAgentFailure><cssIteration type="System.String" /><workItemIds type="System.Collections.Generic.List`1[[System.Int32, mscorlib, Version=2.0.0.0, Culture=neutral, PublicKeyToken=b77a5c561934e089]]"><_size type="System.Int32">0</_size><_version type="System.Int32">1</_version></workItemIds><id type="Microsoft.VisualStudio.TestTools.Common.TestId"><id type="System.Guid">40451d2f-8fe8-0ef0-d9c2-c5d75097e7e4</id></id><name type="System.String">RemoveTagTest</name><description type="System.String" /><enabled type="System.Boolean">True</enabled><owner type="System.String" /><priority type="System.Int32">0</priority><executionId type="Microsoft.VisualStudio.TestTools.Common.TestExecId"><id type="System.Guid">00000000-0000-0000-0000-000000000000</id></executionId><parentExecutId type="Microsoft.VisualStudio.TestTools.Common.TestExecId"><id type="System.Guid">00000000-0000-0000-0000-000000000000</id></parentExecutId><deploymentItems type="Microsoft.VisualStudio.TestTools.Common.DeploymentItemCollection"><m_container type="System.Collections.Hashtable"><key type="Microsoft.VisualStudio.TestTools.Common.DeploymentItem"><path type="System.String">ChuiWenChiu.Utility.dll</path><outputDirectory type="System.String" /></key><value /></m_container></deploymentItems><agentAttributes type="System.Collections.Specialized.StringDictionary, System, Version=2.0.0.0, Culture=neutral, PublicKeyToken=b77a5c561934e089" /><storage type="System.String">c:\downloads\consoleapplication2\testproject2\bin\debug\testproject2.dll</storage><projectData type="Microsoft.VisualStudio.TestTools.Common.ProjectData"><id type="System.Guid">087a098d-18f5-4600-b1e1-7a4bbfae9b7b</id><projectName type="System.String">TestProject2</projectName><solutionName type="System.String">ConsoleApplication2</solutionName><projectRelativePath type="System.String">TestProject2\TestProject2.csproj</projectRelativePath></projectData><m_nonRunnableReason type="System.String" /></value><key type="Microsoft.VisualStudio.TestTools.Common.TestId"><id type="System.Guid">99dea150-18f8-6115-52e9-66d9efa01523</id></key><value type="Microsoft.VisualStudio.TestTools.TestTypes.Unit.UnitTestElement, Microsoft.VisualStudio.QualityTools.Tips.UnitTest.ObjectModel, Version=8.0.0.0, Culture=neutral, PublicKeyToken=b03f5f7f11d50a3a"><codeBase type="System.String">C:\Downloads\ConsoleApplication2\TestProject2\bin\Debug\TestProject2.dll</codeBase><adapterTypeName type="System.String">Microsoft.VisualStudio.TestTools.TestTypes.Unit.UnitTestAdapter, Microsoft.VisualStudio.QualityTools.Tips.UnitTest.Adapter, Version=8.0.0.0, Culture=neutral, PublicKeyToken=b03f5f7f11d50a3a</adapterTypeName><testMethod type="Microsoft.VisualStudio.TestTools.TestTypes.Unit.TestMethod, Microsoft.VisualStudio.QualityTools.Tips.UnitTest.ObjectModel, Version=8.0.0.0, Culture=neutral, PublicKeyToken=b03f5f7f11d50a3a"><className type="System.String">TestProject2.CXMLConfigTest, TestProject2</className><name type="System.String">ConstructorTest</name><expectedExceptionMessage type="System.String" /><isValid type="System.Boolean">False</isValid></testMethod><aspNetDevServers type="System.Collections.Generic.List`1[[Microsoft.VisualStudio.TestTools.Common.AspNetDevelopmentServer, Microsoft.VisualStudio.QualityTools.Common, Version=8.0.0.0, Culture=neutral, PublicKeyToken=b03f5f7f11d50a3a]]"><_size type="System.Int32">0</_size><_version type="System.Int32">0</_version></aspNetDevServers><dataAccessMethod type="Microsoft.VisualStudio.TestTools.UnitTesting.DataAccessMethod, Microsoft.VisualStudio.QualityTools.UnitTestFramework, Version=8.0.0.0, Culture=neutral, PublicKeyToken=b03f5f7f11d50a3a"><value__ type="System.Int32">0</value__></dataAccessMethod><cssProjectStructure type="System.String" /><isRunOnRestart type="System.Boolean">False</isRunOnRestart><timeOut type="System.Int32">0</timeOut><isGroupable type="System.Boolean">True</isGroupable><abortRunOnAgentFailure type="System.Boolean">False</abortRunOnAgentFailure><cssIteration type="System.String" /><workItemIds type="System.Collections.Generic.List`1[[System.Int32, mscorlib, Version=2.0.0.0, Culture=neutral, PublicKeyToken=b77a5c561934e089]]"><_size type="System.Int32">0</_size><_version type="System.Int32">1</_version></workItemIds><id type="Microsoft.VisualStudio.TestTools.Common.TestId"><id type="System.Guid">99dea150-18f8-6115-52e9-66d9efa01523</id></id><name type="System.String">ConstructorTest</name><description type="System.String" /><enabled type="System.Boolean">True</enabled><owner type="System.String" /><priority type="System.Int32">0</priority><executionId type="Microsoft.VisualStudio.TestTools.Common.TestExecId"><id type="System.Guid">00000000-0000-0000-0000-000000000000</id></executionId><parentExecutId type="Microsoft.VisualStudio.TestTools.Common.TestExecId"><id type="System.Guid">00000000-0000-0000-0000-000000000000</id></parentExecutId><deploymentItems type="Microsoft.VisualStudio.TestTools.Common.DeploymentItemCollection" /><agentAttributes type="System.Collections.Specialized.StringDictionary, System, Version=2.0.0.0, Culture=neutral, PublicKeyToken=b77a5c561934e089" /><storage type="System.String">c:\downloads\consoleapplication2\testproject2\bin\debug\testproject2.dll</storage><projectData type="Microsoft.VisualStudio.TestTools.Common.ProjectData"><id type="System.Guid">087a098d-18f5-4600-b1e1-7a4bbfae9b7b</id><projectName type="System.String">TestProject2</projectName><solutionName type="System.String">ConsoleApplication2</solutionName><projectRelativePath type="System.String">TestProject2\TestProject2.csproj</projectRelativePath></projectData><m_nonRunnableReason type="System.String" /></value><key type="Microsoft.VisualStudio.TestTools.Common.TestId"><id type="System.Guid">ec90c178-9d20-b1f3-e7ef-6c06d6dc77ef</id></key><value type="Microsoft.VisualStudio.TestTools.TestTypes.Unit.UnitTestElement, Microsoft.VisualStudio.QualityTools.Tips.UnitTest.ObjectModel, Version=8.0.0.0, Culture=neutral, PublicKeyToken=b03f5f7f11d50a3a"><codeBase type="System.String">C:\Downloads\ConsoleApplication2\TestProject2\bin\Debug\TestProject2.dll</codeBase><adapterTypeName type="System.String">Microsoft.VisualStudio.TestTools.TestTypes.Unit.UnitTestAdapter, Microsoft.VisualStudio.QualityTools.Tips.UnitTest.Adapter, Version=8.0.0.0, Culture=neutral, PublicKeyToken=b03f5f7f11d50a3a</adapterTypeName><testMethod type="Microsoft.VisualStudio.TestTools.TestTypes.Unit.TestMethod, Microsoft.VisualStudio.QualityTools.Tips.UnitTest.ObjectModel, Version=8.0.0.0, Culture=neutral, PublicKeyToken=b03f5f7f11d50a3a"><className type="System.String">TestProject2.CCollectTest, TestProject2</className><name type="System.String">FileCopyCanAbortTest</name><expectedExceptionMessage type="System.String" /><isValid type="System.Boolean">False</isValid></testMethod><aspNetDevServers type="System.Collections.Generic.List`1[[Microsoft.VisualStudio.TestTools.Common.AspNetDevelopmentServer, Microsoft.VisualStudio.QualityTools.Common, Version=8.0.0.0, Culture=neutral, PublicKeyToken=b03f5f7f11d50a3a]]"><_size type="System.Int32">0</_size><_version type="System.Int32">0</_version></aspNetDevServers><dataAccessMethod type="Microsoft.VisualStudio.TestTools.UnitTesting.DataAccessMethod, Microsoft.VisualStudio.QualityTools.UnitTestFramework, Version=8.0.0.0, Culture=neutral, PublicKeyToken=b03f5f7f11d50a3a"><value__ type="System.Int32">0</value__></dataAccessMethod><cssProjectStructure type="System.String" /><isRunOnRestart type="System.Boolean">False</isRunOnRestart><timeOut type="System.Int32">0</timeOut><isGroupable type="System.Boolean">True</isGroupable><abortRunOnAgentFailure type="System.Boolean">False</abortRunOnAgentFailure><cssIteration type="System.String" /><workItemIds type="System.Collections.Generic.List`1[[System.Int32, mscorlib, Version=2.0.0.0, Culture=neutral, PublicKeyToken=b77a5c561934e089]]"><_size type="System.Int32">0</_size><_version type="System.Int32">1</_version></workItemIds><id type="Microsoft.VisualStudio.TestTools.Common.TestId"><id type="System.Guid">ec90c178-9d20-b1f3-e7ef-6c06d6dc77ef</id></id><name type="System.String">FileCopyCanAbortTest</name><description type="System.String" /><enabled type="System.Boolean">True</enabled><owner type="System.String" /><priority type="System.Int32">0</priority><executionId type="Microsoft.VisualStudio.TestTools.Common.TestExecId"><id type="System.Guid">00000000-0000-0000-0000-000000000000</id></executionId><parentExecutId type="Microsoft.VisualStudio.TestTools.Common.TestExecId"><id type="System.Guid">00000000-0000-0000-0000-000000000000</id></parentExecutId><deploymentItems type="Microsoft.VisualStudio.TestTools.Common.DeploymentItemCollection"><m_container type="System.Collections.Hashtable"><key type="Microsoft.VisualStudio.TestTools.Common.DeploymentItem"><path type="System.String">ChuiWenChiu.Utility.dll</path><outputDirectory type="System.String" /></key><value /></m_container></deploymentItems><agentAttributes type="System.Collections.Specialized.StringDictionary, System, Version=2.0.0.0, Culture=neutral, PublicKeyToken=b77a5c561934e089" /><storage type="System.String">c:\downloads\consoleapplication2\testproject2\bin\debug\testproject2.dll</storage><projectData type="Microsoft.VisualStudio.TestTools.Common.ProjectData"><id type="System.Guid">087a098d-18f5-4600-b1e1-7a4bbfae9b7b</id><projectName type="System.String">TestProject2</projectName><solutionName type="System.String">ConsoleApplication2</solutionName><projectRelativePath type="System.String">TestProject2\TestProject2.csproj</projectRelativePath></projectData><m_nonRunnableReason type="System.String" /></value><key type="Microsoft.VisualStudio.TestTools.Common.TestId"><id type="System.Guid">a0132fec-140e-0513-f77a-fdc22e4e4164</id></key><value type="Microsoft.VisualStudio.TestTools.TestTypes.Unit.UnitTestElement, Microsoft.VisualStudio.QualityTools.Tips.UnitTest.ObjectModel, Version=8.0.0.0, Culture=neutral, PublicKeyToken=b03f5f7f11d50a3a"><codeBase type="System.String">C:\Downloads\ConsoleApplication2\TestProject2\bin\Debug\TestProject2.dll</codeBase><adapterTypeName type="System.String">Microsoft.VisualStudio.TestTools.TestTypes.Unit.UnitTestAdapter, Microsoft.VisualStudio.QualityTools.Tips.UnitTest.Adapter, Version=8.0.0.0, Culture=neutral, PublicKeyToken=b03f5f7f11d50a3a</adapterTypeName><testMethod type="Microsoft.VisualStudio.TestTools.TestTypes.Unit.TestMethod, Microsoft.VisualStudio.QualityTools.Tips.UnitTest.ObjectModel, Version=8.0.0.0, Culture=neutral, PublicKeyToken=b03f5f7f11d50a3a"><className type="System.String">TestProject2.CXMLConfigTest, TestProject2</className><name type="System.String">SMTPServerTest</name><expectedExceptionMessage type="System.String" /><isValid type="System.Boolean">False</isValid></testMethod><aspNetDevServers type="System.Collections.Generic.List`1[[Microsoft.VisualStudio.TestTools.Common.AspNetDevelopmentServer, Microsoft.VisualStudio.QualityTools.Common, Version=8.0.0.0, Culture=neutral, PublicKeyToken=b03f5f7f11d50a3a]]"><_size type="System.Int32">0</_size><_version type="System.Int32">0</_version></aspNetDevServers><dataAccessMethod type="Microsoft.VisualStudio.TestTools.UnitTesting.DataAccessMethod, Microsoft.VisualStudio.QualityTools.UnitTestFramework, Version=8.0.0.0, Culture=neutral, PublicKeyToken=b03f5f7f11d50a3a"><value__ type="System.Int32">0</value__></dataAccessMethod><cssProjectStructure type="System.String" /><isRunOnRestart type="System.Boolean">False</isRunOnRestart><timeOut type="System.Int32">0</timeOut><isGroupable type="System.Boolean">True</isGroupable><abortRunOnAgentFailure type="System.Boolean">False</abortRunOnAgentFailure><cssIteration type="System.String" /><workItemIds type="System.Collections.Generic.List`1[[System.Int32, mscorlib, Version=2.0.0.0, Culture=neutral, PublicKeyToken=b77a5c561934e089]]"><_size type="System.Int32">0</_size><_version type="System.Int32">1</_version></workItemIds><id type="Microsoft.VisualStudio.TestTools.Common.TestId"><id type="System.Guid">a0132fec-140e-0513-f77a-fdc22e4e4164</id></id><name type="System.String">SMTPServerTest</name><description type="System.String" /><enabled type="System.Boolean">True</enabled><owner type="System.String" /><priority type="System.Int32">0</priority><executionId type="Microsoft.VisualStudio.TestTools.Common.TestExecId"><id type="System.Guid">00000000-0000-0000-0000-000000000000</id></executionId><parentExecutId type="Microsoft.VisualStudio.TestTools.Common.TestExecId"><id type="System.Guid">00000000-0000-0000-0000-000000000000</id></parentExecutId><deploymentItems type="Microsoft.VisualStudio.TestTools.Common.DeploymentItemCollection" /><agentAttributes type="System.Collections.Specialized.StringDictionary, System, Version=2.0.0.0, Culture=neutral, PublicKeyToken=b77a5c561934e089" /><storage type="System.String">c:\downloads\consoleapplication2\testproject2\bin\debug\testproject2.dll</storage><projectData type="Microsoft.VisualStudio.TestTools.Common.ProjectData"><id type="System.Guid">087a098d-18f5-4600-b1e1-7a4bbfae9b7b</id><projectName type="System.String">TestProject2</projectName><solutionName type="System.String">ConsoleApplication2</solutionName><projectRelativePath type="System.String">TestProject2\TestProject2.csproj</projectRelativePath></projectData><m_nonRunnableReason type="System.String" /></value><key type="Microsoft.VisualStudio.TestTools.Common.TestId"><id type="System.Guid">c2a293c6-423e-4ad4-4088-4b1423b0b8f3</id></key><value type="Microsoft.VisualStudio.TestTools.TestTypes.Unit.UnitTestElement, Microsoft.VisualStudio.QualityTools.Tips.UnitTest.ObjectModel, Version=8.0.0.0, Culture=neutral, PublicKeyToken=b03f5f7f11d50a3a"><codeBase type="System.String">C:\Downloads\ConsoleApplication2\TestProject2\bin\Debug\TestProject2.dll</codeBase><adapterTypeName type="System.String">Microsoft.VisualStudio.TestTools.TestTypes.Unit.UnitTestAdapter, Microsoft.VisualStudio.QualityTools.Tips.UnitTest.Adapter, Version=8.0.0.0, Culture=neutral, PublicKeyToken=b03f5f7f11d50a3a</adapterTypeName><testMethod type="Microsoft.VisualStudio.TestTools.TestTypes.Unit.TestMethod, Microsoft.VisualStudio.QualityTools.Tips.UnitTest.ObjectModel, Version=8.0.0.0, Culture=neutral, PublicKeyToken=b03f5f7f11d50a3a"><className type="System.String">TestProject2.CXMLConfigTest, TestProject2</className><name type="System.String">setTextTest</name><expectedExceptionMessage type="System.String" /><isValid type="System.Boolean">False</isValid></testMethod><aspNetDevServers type="System.Collections.Generic.List`1[[Microsoft.VisualStudio.TestTools.Common.AspNetDevelopmentServer, Microsoft.VisualStudio.QualityTools.Common, Version=8.0.0.0, Culture=neutral, PublicKeyToken=b03f5f7f11d50a3a]]"><_size type="System.Int32">0</_size><_version type="System.Int32">0</_version></aspNetDevServers><dataAccessMethod type="Microsoft.VisualStudio.TestTools.UnitTesting.DataAccessMethod, Microsoft.VisualStudio.QualityTools.UnitTestFramework, Version=8.0.0.0, Culture=neutral, PublicKeyToken=b03f5f7f11d50a3a"><value__ type="System.Int32">0</value__></dataAccessMethod><cssProjectStructure type="System.String" /><isRunOnRestart type="System.Boolean">False</isRunOnRestart><timeOut type="System.Int32">0</timeOut><isGroupable type="System.Boolean">True</isGroupable><abortRunOnAgentFailure type="System.Boolean">False</abortRunOnAgentFailure><cssIteration type="System.String" /><workItemIds type="System.Collections.Generic.List`1[[System.Int32, mscorlib, Version=2.0.0.0, Culture=neutral, PublicKeyToken=b77a5c561934e089]]"><_size type="System.Int32">0</_size><_version type="System.Int32">1</_version></workItemIds><id type="Microsoft.VisualStudio.TestTools.Common.TestId"><id type="System.Guid">c2a293c6-423e-4ad4-4088-4b1423b0b8f3</id></id><name type="System.String">setTextTest</name><description type="System.String" /><enabled type="System.Boolean">True</enabled><owner type="System.String" /><priority type="System.Int32">0</priority><executionId type="Microsoft.VisualStudio.TestTools.Common.TestExecId"><id type="System.Guid">00000000-0000-0000-0000-000000000000</id></executionId><parentExecutId type="Microsoft.VisualStudio.TestTools.Common.TestExecId"><id type="System.Guid">00000000-0000-0000-0000-000000000000</id></parentExecutId><deploymentItems type="Microsoft.VisualStudio.TestTools.Common.DeploymentItemCollection"><m_container type="System.Collections.Hashtable"><key type="Microsoft.VisualStudio.TestTools.Common.DeploymentItem"><path type="System.String">ChuiWenChiu.Utility.dll</path><outputDirectory type="System.String" /></key><value /></m_container></deploymentItems><agentAttributes type="System.Collections.Specialized.StringDictionary, System, Version=2.0.0.0, Culture=neutral, PublicKeyToken=b77a5c561934e089" /><storage type="System.String">c:\downloads\consoleapplication2\testproject2\bin\debug\testproject2.dll</storage><projectData type="Microsoft.VisualStudio.TestTools.Common.ProjectData"><id type="System.Guid">087a098d-18f5-4600-b1e1-7a4bbfae9b7b</id><projectName type="System.String">TestProject2</projectName><solutionName type="System.String">ConsoleApplication2</solutionName><projectRelativePath type="System.String">TestProject2\TestProject2.csproj</projectRelativePath></projectData><m_nonRunnableReason type="System.String" /></value><key type="Microsoft.VisualStudio.TestTools.Common.TestId"><id type="System.Guid">97623ca9-dedd-afba-bf44-bfb74554a62b</id></key><value type="Microsoft.VisualStudio.TestTools.TestTypes.Unit.UnitTestElement, Microsoft.VisualStudio.QualityTools.Tips.UnitTest.ObjectModel, Version=8.0.0.0, Culture=neutral, PublicKeyToken=b03f5f7f11d50a3a"><codeBase type="System.String">C:\Downloads\ConsoleApplication2\TestProject2\bin\Debug\TestProject2.dll</codeBase><adapterTypeName type="System.String">Microsoft.VisualStudio.TestTools.TestTypes.Unit.UnitTestAdapter, Microsoft.VisualStudio.QualityTools.Tips.UnitTest.Adapter, Version=8.0.0.0, Culture=neutral, PublicKeyToken=b03f5f7f11d50a3a</adapterTypeName><testMethod type="Microsoft.VisualStudio.TestTools.TestTypes.Unit.TestMethod, Microsoft.VisualStudio.QualityTools.Tips.UnitTest.ObjectModel, Version=8.0.0.0, Culture=neutral, PublicKeyToken=b03f5f7f11d50a3a"><className type="System.String">TestProject2.CCollectTest, TestProject2</className><name type="System.String">CopyDirTest</name><expectedExceptionMessage type="System.String" /><isValid type="System.Boolean">False</isValid></testMethod><aspNetDevServers type="System.Collections.Generic.List`1[[Microsoft.VisualStudio.TestTools.Common.AspNetDevelopmentServer, Microsoft.VisualStudio.QualityTools.Common, Version=8.0.0.0, Culture=neutral, PublicKeyToken=b03f5f7f11d50a3a]]"><_size type="System.Int32">0</_size><_version type="System.Int32">0</_version></aspNetDevServers><dataAccessMethod type="Microsoft.VisualStudio.TestTools.UnitTesting.DataAccessMethod, Microsoft.VisualStudio.QualityTools.UnitTestFramework, Version=8.0.0.0, Culture=neutral, PublicKeyToken=b03f5f7f11d50a3a"><value__ type="System.Int32">0</value__></dataAccessMethod><cssProjectStructure type="System.String" /><isRunOnRestart type="System.Boolean">False</isRunOnRestart><timeOut type="System.Int32">0</timeOut><isGroupable type="System.Boolean">True</isGroupable><abortRunOnAgentFailure type="System.Boolean">False</abortRunOnAgentFailure><cssIteration type="System.String" /><workItemIds type="System.Collections.Generic.List`1[[System.Int32, mscorlib, Version=2.0.0.0, Culture=neutral, PublicKeyToken=b77a5c561934e089]]"><_size type="System.Int32">0</_size><_version type="System.Int32">1</_version></workItemIds><id type="Microsoft.VisualStudio.TestTools.Common.TestId"><id type="System.Guid">97623ca9-dedd-afba-bf44-bfb74554a62b</id></id><name type="System.String">CopyDirTest</name><description type="System.String" /><enabled type="System.Boolean">True</enabled><owner type="System.String" /><priority type="System.Int32">0</priority><executionId type="Microsoft.VisualStudio.TestTools.Common.TestExecId"><id type="System.Guid">00000000-0000-0000-0000-000000000000</id></executionId><parentExecutId type="Microsoft.VisualStudio.TestTools.Common.TestExecId"><id type="System.Guid">00000000-0000-0000-0000-000000000000</id></parentExecutId><deploymentItems type="Microsoft.VisualStudio.TestTools.Common.DeploymentItemCollection"><m_container type="System.Collections.Hashtable"><key type="Microsoft.VisualStudio.TestTools.Common.DeploymentItem"><path type="System.String">ChuiWenChiu.Utility.dll</path><outputDirectory type="System.String" /></key><value /></m_container></deploymentItems><agentAttributes type="System.Collections.Specialized.StringDictionary, System, Version=2.0.0.0, Culture=neutral, PublicKeyToken=b77a5c561934e089" /><storage type="System.String">c:\downloads\consoleapplication2\testproject2\bin\debug\testproject2.dll</storage><projectData type="Microsoft.VisualStudio.TestTools.Common.ProjectData"><id type="System.Guid">087a098d-18f5-4600-b1e1-7a4bbfae9b7b</id><projectName type="System.String">TestProject2</projectName><solutionName type="System.String">ConsoleApplication2</solutionName><projectRelativePath type="System.String">TestProject2\TestProject2.csproj</projectRelativePath></projectData><m_nonRunnableReason type="System.String" /></value><key type="Microsoft.VisualStudio.TestTools.Common.TestId"><id type="System.Guid">e4498e02-8ccd-f825-06aa-5ed9e71c9a1d</id></key><value type="Microsoft.VisualStudio.TestTools.TestTypes.Unit.UnitTestElement, Microsoft.VisualStudio.QualityTools.Tips.UnitTest.ObjectModel, Version=8.0.0.0, Culture=neutral, PublicKeyToken=b03f5f7f11d50a3a"><codeBase type="System.String">C:\Downloads\ConsoleApplication2\TestProject2\bin\Debug\TestProject2.dll</codeBase><adapterTypeName type="System.String">Microsoft.VisualStudio.TestTools.TestTypes.Unit.UnitTestAdapter, Microsoft.VisualStudio.QualityTools.Tips.UnitTest.Adapter, Version=8.0.0.0, Culture=neutral, PublicKeyToken=b03f5f7f11d50a3a</adapterTypeName><testMethod type="Microsoft.VisualStudio.TestTools.TestTypes.Unit.TestMethod, Microsoft.VisualStudio.QualityTools.Tips.UnitTest.ObjectModel, Version=8.0.0.0, Culture=neutral, PublicKeyToken=b03f5f7f11d50a3a"><className type="System.String">TestProject2.CXMLConfigTest, TestProject2</className><name type="System.String">loadTest</name><expectedExceptionMessage type="System.String" /><isValid type="System.Boolean">False</isValid></testMethod><aspNetDevServers type="System.Collections.Generic.List`1[[Microsoft.VisualStudio.TestTools.Common.AspNetDevelopmentServer, Microsoft.VisualStudio.QualityTools.Common, Version=8.0.0.0, Culture=neutral, PublicKeyToken=b03f5f7f11d50a3a]]"><_size type="System.Int32">0</_size><_version type="System.Int32">0</_version></aspNetDevServers><dataAccessMethod type="Microsoft.VisualStudio.TestTools.UnitTesting.DataAccessMethod, Microsoft.VisualStudio.QualityTools.UnitTestFramework, Version=8.0.0.0, Culture=neutral, PublicKeyToken=b03f5f7f11d50a3a"><value__ type="System.Int32">0</value__></dataAccessMethod><cssProjectStructure type="System.String" /><isRunOnRestart type="System.Boolean">False</isRunOnRestart><timeOut type="System.Int32">0</timeOut><isGroupable type="System.Boolean">True</isGroupable><abortRunOnAgentFailure type="System.Boolean">False</abortRunOnAgentFailure><cssIteration type="System.String" /><workItemIds type="System.Collections.Generic.List`1[[System.Int32, mscorlib, Version=2.0.0.0, Culture=neutral, PublicKeyToken=b77a5c561934e089]]"><_size type="System.Int32">0</_size><_version type="System.Int32">1</_version></workItemIds><id type="Microsoft.VisualStudio.TestTools.Common.TestId"><id type="System.Guid">e4498e02-8ccd-f825-06aa-5ed9e71c9a1d</id></id><name type="System.String">loadTest</name><description type="System.String" /><enabled type="System.Boolean">True</enabled><owner type="System.String" /><priority type="System.Int32">0</priority><executionId type="Microsoft.VisualStudio.TestTools.Common.TestExecId"><id type="System.Guid">00000000-0000-0000-0000-000000000000</id></executionId><parentExecutId type="Microsoft.VisualStudio.TestTools.Common.TestExecId"><id type="System.Guid">00000000-0000-0000-0000-000000000000</id></parentExecutId><deploymentItems type="Microsoft.VisualStudio.TestTools.Common.DeploymentItemCollection" /><agentAttributes type="System.Collections.Specialized.StringDictionary, System, Version=2.0.0.0, Culture=neutral, PublicKeyToken=b77a5c561934e089" /><storage type="System.String">c:\downloads\consoleapplication2\testproject2\bin\debug\testproject2.dll</storage><projectData type="Microsoft.VisualStudio.TestTools.Common.ProjectData"><id type="System.Guid">087a098d-18f5-4600-b1e1-7a4bbfae9b7b</id><projectName type="System.String">TestProject2</projectName><solutionName type="System.String">ConsoleApplication2</solutionName><projectRelativePath type="System.String">TestProject2\TestProject2.csproj</projectRelativePath></projectData><m_nonRunnableReason type="System.String" /></value><key type="Microsoft.VisualStudio.TestTools.Common.TestId"><id type="System.Guid">17bc7c71-b76f-fff4-5721-b318a237e8ba</id></key><value type="Microsoft.VisualStudio.TestTools.TestTypes.Unit.UnitTestElement, Microsoft.VisualStudio.QualityTools.Tips.UnitTest.ObjectModel, Version=8.0.0.0, Culture=neutral, PublicKeyToken=b03f5f7f11d50a3a"><codeBase type="System.String">C:\Downloads\ConsoleApplication2\TestProject2\bin\Debug\TestProject2.dll</codeBase><adapterTypeName type="System.String">Microsoft.VisualStudio.TestTools.TestTypes.Unit.UnitTestAdapter, Microsoft.VisualStudio.QualityTools.Tips.UnitTest.Adapter, Version=8.0.0.0, Culture=neutral, PublicKeyToken=b03f5f7f11d50a3a</adapterTypeName><testMethod type="Microsoft.VisualStudio.TestTools.TestTypes.Unit.TestMethod, Microsoft.VisualStudio.QualityTools.Tips.UnitTest.ObjectModel, Version=8.0.0.0, Culture=neutral, PublicKeyToken=b03f5f7f11d50a3a"><className type="System.String">TestProject2.CXMLConfigTest, TestProject2</className><name type="System.String">initTest</name><expectedExceptionMessage type="System.String" /><isValid type="System.Boolean">False</isValid></testMethod><aspNetDevServers type="System.Collections.Generic.List`1[[Microsoft.VisualStudio.TestTools.Common.AspNetDevelopmentServer, Microsoft.VisualStudio.QualityTools.Common, Version=8.0.0.0, Culture=neutral, PublicKeyToken=b03f5f7f11d50a3a]]"><_size type="System.Int32">0</_size><_version type="System.Int32">0</_version></aspNetDevServers><dataAccessMethod type="Microsoft.VisualStudio.TestTools.UnitTesting.DataAccessMethod, Microsoft.VisualStudio.QualityTools.UnitTestFramework, Version=8.0.0.0, Culture=neutral, PublicKeyToken=b03f5f7f11d50a3a"><value__ type="System.Int32">0</value__></dataAccessMethod><cssProjectStructure type="System.String" /><isRunOnRestart type="System.Boolean">False</isRunOnRestart><timeOut type="System.Int32">0</timeOut><isGroupable type="System.Boolean">True</isGroupable><abortRunOnAgentFailure type="System.Boolean">False</abortRunOnAgentFailure><cssIteration type="System.String" /><workItemIds type="System.Collections.Generic.List`1[[System.Int32, mscorlib, Version=2.0.0.0, Culture=neutral, PublicKeyToken=b77a5c561934e089]]"><_size type="System.Int32">0</_size><_version type="System.Int32">1</_version></workItemIds><id type="Microsoft.VisualStudio.TestTools.Common.TestId"><id type="System.Guid">17bc7c71-b76f-fff4-5721-b318a237e8ba</id></id><name type="System.String">initTest</name><description type="System.String" /><enabled type="System.Boolean">True</enabled><owner type="System.String" /><priority type="System.Int32">0</priority><executionId type="Microsoft.VisualStudio.TestTools.Common.TestExecId"><id type="System.Guid">00000000-0000-0000-0000-000000000000</id></executionId><parentExecutId type="Microsoft.VisualStudio.TestTools.Common.TestExecId"><id type="System.Guid">00000000-0000-0000-0000-000000000000</id></parentExecutId><deploymentItems type="Microsoft.VisualStudio.TestTools.Common.DeploymentItemCollection"><m_container type="System.Collections.Hashtable"><key type="Microsoft.VisualStudio.TestTools.Common.DeploymentItem"><path type="System.String">ChuiWenChiu.Utility.dll</path><outputDirectory type="System.String" /></key><value /></m_container></deploymentItems><agentAttributes type="System.Collections.Specialized.StringDictionary, System, Version=2.0.0.0, Culture=neutral, PublicKeyToken=b77a5c561934e089" /><storage type="System.String">c:\downloads\consoleapplication2\testproject2\bin\debug\testproject2.dll</storage><projectData type="Microsoft.VisualStudio.TestTools.Common.ProjectData"><id type="System.Guid">087a098d-18f5-4600-b1e1-7a4bbfae9b7b</id><projectName type="System.String">TestProject2</projectName><solutionName type="System.String">ConsoleApplication2</solutionName><projectRelativePath type="System.String">TestProject2\TestProject2.csproj</projectRelativePath></projectData><m_nonRunnableReason type="System.String" /></value><key type="Microsoft.VisualStudio.TestTools.Common.TestId"><id type="System.Guid">3ef2d793-bb31-9203-2e64-90dfa9eea048</id></key><value type="Microsoft.VisualStudio.TestTools.TestTypes.Unit.UnitTestElement, Microsoft.VisualStudio.QualityTools.Tips.UnitTest.ObjectModel, Version=8.0.0.0, Culture=neutral, PublicKeyToken=b03f5f7f11d50a3a"><codeBase type="System.String">C:\Downloads\ConsoleApplication2\TestProject2\bin\Debug\TestProject2.dll</codeBase><adapterTypeName type="System.String">Microsoft.VisualStudio.TestTools.TestTypes.Unit.UnitTestAdapter, Microsoft.VisualStudio.QualityTools.Tips.UnitTest.Adapter, Version=8.0.0.0, Culture=neutral, PublicKeyToken=b03f5f7f11d50a3a</adapterTypeName><testMethod type="Microsoft.VisualStudio.TestTools.TestTypes.Unit.TestMethod, Microsoft.VisualStudio.QualityTools.Tips.UnitTest.ObjectModel, Version=8.0.0.0, Culture=neutral, PublicKeyToken=b03f5f7f11d50a3a"><className type="System.String">TestProject2.CWMConfigTest, TestProject2</className><name type="System.String">setTextTest</name><expectedExceptionMessage type="System.String" /><isValid type="System.Boolean">False</isValid></testMethod><aspNetDevServers type="System.Collections.Generic.List`1[[Microsoft.VisualStudio.TestTools.Common.AspNetDevelopmentServer, Microsoft.VisualStudio.QualityTools.Common, Version=8.0.0.0, Culture=neutral, PublicKeyToken=b03f5f7f11d50a3a]]"><_size type="System.Int32">0</_size><_version type="System.Int32">0</_version></aspNetDevServers><dataAccessMethod type="Microsoft.VisualStudio.TestTools.UnitTesting.DataAccessMethod, Microsoft.VisualStudio.QualityTools.UnitTestFramework, Version=8.0.0.0, Culture=neutral, PublicKeyToken=b03f5f7f11d50a3a"><value__ type="System.Int32">0</value__></dataAccessMethod><cssProjectStructure type="System.String" /><isRunOnRestart type="System.Boolean">False</isRunOnRestart><timeOut type="System.Int32">0</timeOut><isGroupable type="System.Boolean">True</isGroupable><abortRunOnAgentFailure type="System.Boolean">False</abortRunOnAgentFailure><cssIteration type="System.String" /><workItemIds type="System.Collections.Generic.List`1[[System.Int32, mscorlib, Version=2.0.0.0, Culture=neutral, PublicKeyToken=b77a5c561934e089]]"><_size type="System.Int32">0</_size><_version type="System.Int32">1</_version></workItemIds><id type="Microsoft.VisualStudio.TestTools.Common.TestId"><id type="System.Guid">3ef2d793-bb31-9203-2e64-90dfa9eea048</id></id><name type="System.String">setTextTest</name><description type="System.String" /><enabled type="System.Boolean">True</enabled><owner type="System.String" /><priority type="System.Int32">0</priority><executionId type="Microsoft.VisualStudio.TestTools.Common.TestExecId"><id type="System.Guid">00000000-0000-0000-0000-000000000000</id></executionId><parentExecutId type="Microsoft.VisualStudio.TestTools.Common.TestExecId"><id type="System.Guid">00000000-0000-0000-0000-000000000000</id></parentExecutId><deploymentItems type="Microsoft.VisualStudio.TestTools.Common.DeploymentItemCollection"><m_container type="System.Collections.Hashtable"><key type="Microsoft.VisualStudio.TestTools.Common.DeploymentItem"><path type="System.String">ChuiWenChiu.Utility.dll</path><outputDirectory type="System.String" /></key><value /></m_container></deploymentItems><agentAttributes type="System.Collections.Specialized.StringDictionary, System, Version=2.0.0.0, Culture=neutral, PublicKeyToken=b77a5c561934e089" /><storage type="System.String">c:\downloads\consoleapplication2\testproject2\bin\debug\testproject2.dll</storage><projectData type="Microsoft.VisualStudio.TestTools.Common.ProjectData"><id type="System.Guid">087a098d-18f5-4600-b1e1-7a4bbfae9b7b</id><projectName type="System.String">TestProject2</projectName><solutionName type="System.String">ConsoleApplication2</solutionName><projectRelativePath type="System.String">TestProject2\TestProject2.csproj</projectRelativePath></projectData><m_nonRunnableReason type="System.String" /></value><key type="Microsoft.VisualStudio.TestTools.Common.TestId"><id type="System.Guid">f9ac745f-55e5-5ab6-272e-a269a496ea0a</id></key><value type="Microsoft.VisualStudio.TestTools.TestTypes.Unit.UnitTestElement, Microsoft.VisualStudio.QualityTools.Tips.UnitTest.ObjectModel, Version=8.0.0.0, Culture=neutral, PublicKeyToken=b03f5f7f11d50a3a"><codeBase type="System.String">C:\Downloads\ConsoleApplication2\TestProject2\bin\Debug\TestProject2.dll</codeBase><adapterTypeName type="System.String">Microsoft.VisualStudio.TestTools.TestTypes.Unit.UnitTestAdapter, Microsoft.VisualStudio.QualityTools.Tips.UnitTest.Adapter, Version=8.0.0.0, Culture=neutral, PublicKeyToken=b03f5f7f11d50a3a</adapterTypeName><testMethod type="Microsoft.VisualStudio.TestTools.TestTypes.Unit.TestMethod, Microsoft.VisualStudio.QualityTools.Tips.UnitTest.ObjectModel, Version=8.0.0.0, Culture=neutral, PublicKeyToken=b03f5f7f11d50a3a"><className type="System.String">TestProject2.CStateTest, TestProject2</className><name type="System.String">MapPathTest</name><expectedExceptionMessage type="System.String" /><isValid type="System.Boolean">False</isValid></testMethod><aspNetDevServers type="System.Collections.Generic.List`1[[Microsoft.VisualStudio.TestTools.Common.AspNetDevelopmentServer, Microsoft.VisualStudio.QualityTools.Common, Version=8.0.0.0, Culture=neutral, PublicKeyToken=b03f5f7f11d50a3a]]"><_size type="System.Int32">0</_size><_version type="System.Int32">0</_version></aspNetDevServers><dataAccessMethod type="Microsoft.VisualStudio.TestTools.UnitTesting.DataAccessMethod, Microsoft.VisualStudio.QualityTools.UnitTestFramework, Version=8.0.0.0, Culture=neutral, PublicKeyToken=b03f5f7f11d50a3a"><value__ type="System.Int32">0</value__></dataAccessMethod><cssProjectStructure type="System.String" /><isRunOnRestart type="System.Boolean">False</isRunOnRestart><timeOut type="System.Int32">0</timeOut><isGroupable type="System.Boolean">True</isGroupable><abortRunOnAgentFailure type="System.Boolean">False</abortRunOnAgentFailure><cssIteration type="System.String" /><workItemIds type="System.Collections.Generic.List`1[[System.Int32, mscorlib, Version=2.0.0.0, Culture=neutral, PublicKeyToken=b77a5c561934e089]]"><_size type="System.Int32">0</_size><_version type="System.Int32">1</_version></workItemIds><id type="Microsoft.VisualStudio.TestTools.Common.TestId"><id type="System.Guid">f9ac745f-55e5-5ab6-272e-a269a496ea0a</id></id><name type="System.String">MapPathTest</name><description type="System.String" /><enabled type="System.Boolean">True</enabled><owner type="System.String" /><priority type="System.Int32">0</priority><executionId type="Microsoft.VisualStudio.TestTools.Common.TestExecId"><id type="System.Guid">00000000-0000-0000-0000-000000000000</id></executionId><parentExecutId type="Microsoft.VisualStudio.TestTools.Common.TestExecId"><id type="System.Guid">00000000-0000-0000-0000-000000000000</id></parentExecutId><deploymentItems type="Microsoft.VisualStudio.TestTools.Common.DeploymentItemCollection" /><agentAttributes type="System.Collections.Specialized.StringDictionary, System, Version=2.0.0.0, Culture=neutral, PublicKeyToken=b77a5c561934e089" /><storage type="System.String">c:\downloads\consoleapplication2\testproject2\bin\debug\testproject2.dll</storage><projectData type="Microsoft.VisualStudio.TestTools.Common.ProjectData"><id type="System.Guid">087a098d-18f5-4600-b1e1-7a4bbfae9b7b</id><projectName type="System.String">TestProject2</projectName><solutionName type="System.String">ConsoleApplication2</solutionName><projectRelativePath type="System.String">TestProject2\TestProject2.csproj</projectRelativePath></projectData><m_nonRunnableReason type="System.String" /></value><key type="Microsoft.VisualStudio.TestTools.Common.TestId"><id type="System.Guid">cdeb0dac-62f9-8244-6149-427ad6cf294a</id></key><value type="Microsoft.VisualStudio.TestTools.TestTypes.Unit.UnitTestElement, Microsoft.VisualStudio.QualityTools.Tips.UnitTest.ObjectModel, Version=8.0.0.0, Culture=neutral, PublicKeyToken=b03f5f7f11d50a3a"><codeBase type="System.String">C:\Downloads\ConsoleApplication2\TestProject2\bin\Debug\TestProject2.dll</codeBase><adapterTypeName type="System.String">Microsoft.VisualStudio.TestTools.TestTypes.Unit.UnitTestAdapter, Microsoft.VisualStudio.QualityTools.Tips.UnitTest.Adapter, Version=8.0.0.0, Culture=neutral, PublicKeyToken=b03f5f7f11d50a3a</adapterTypeName><testMethod type="Microsoft.VisualStudio.TestTools.TestTypes.Unit.TestMethod, Microsoft.VisualStudio.QualityTools.Tips.UnitTest.ObjectModel, Version=8.0.0.0, Culture=neutral, PublicKeyToken=b03f5f7f11d50a3a"><className type="System.String">TestProject2.CCollectTest, TestProject2</className><name type="System.String">OnSuccessTest</name><expectedExceptionMessage type="System.String" /><isValid type="System.Boolean">False</isValid></testMethod><aspNetDevServers type="System.Collections.Generic.List`1[[Microsoft.VisualStudio.TestTools.Common.AspNetDevelopmentServer, Microsoft.VisualStudio.QualityTools.Common, Version=8.0.0.0, Culture=neutral, PublicKeyToken=b03f5f7f11d50a3a]]"><_size type="System.Int32">0</_size><_version type="System.Int32">0</_version></aspNetDevServers><dataAccessMethod type="Microsoft.VisualStudio.TestTools.UnitTesting.DataAccessMethod, Microsoft.VisualStudio.QualityTools.UnitTestFramework, Version=8.0.0.0, Culture=neutral, PublicKeyToken=b03f5f7f11d50a3a"><value__ type="System.Int32">0</value__></dataAccessMethod><cssProjectStructure type="System.String" /><isRunOnRestart type="System.Boolean">False</isRunOnRestart><timeOut type="System.Int32">0</timeOut><isGroupable type="System.Boolean">True</isGroupable><abortRunOnAgentFailure type="System.Boolean">False</abortRunOnAgentFailure><cssIteration type="System.String" /><workItemIds type="System.Collections.Generic.List`1[[System.Int32, mscorlib, Version=2.0.0.0, Culture=neutral, PublicKeyToken=b77a5c561934e089]]"><_size type="System.Int32">0</_size><_version type="System.Int32">1</_version></workItemIds><id type="Microsoft.VisualStudio.TestTools.Common.TestId"><id type="System.Guid">cdeb0dac-62f9-8244-6149-427ad6cf294a</id></id><name type="System.String">OnSuccessTest</name><description type="System.String" /><enabled type="System.Boolean">True</enabled><owner type="System.String" /><priority type="System.Int32">0</priority><executionId type="Microsoft.VisualStudio.TestTools.Common.TestExecId"><id type="System.Guid">00000000-0000-0000-0000-000000000000</id></executionId><parentExecutId type="Microsoft.VisualStudio.TestTools.Common.TestExecId"><id type="System.Guid">00000000-0000-0000-0000-000000000000</id></parentExecutId><deploymentItems type="Microsoft.VisualStudio.TestTools.Common.DeploymentItemCollection"><m_container type="System.Collections.Hashtable"><key type="Microsoft.VisualStudio.TestTools.Common.DeploymentItem"><path type="System.String">ChuiWenChiu.Utility.dll</path><outputDirectory type="System.String" /></key><value /></m_container></deploymentItems><agentAttributes type="System.Collections.Specialized.StringDictionary, System, Version=2.0.0.0, Culture=neutral, PublicKeyToken=b77a5c561934e089" /><storage type="System.String">c:\downloads\consoleapplication2\testproject2\bin\debug\testproject2.dll</storage><projectData type="Microsoft.VisualStudio.TestTools.Common.ProjectData"><id type="System.Guid">087a098d-18f5-4600-b1e1-7a4bbfae9b7b</id><projectName type="System.String">TestProject2</projectName><solutionName type="System.String">ConsoleApplication2</solutionName><projectRelativePath type="System.String">TestProject2\TestProject2.csproj</projectRelativePath></projectData><m_nonRunnableReason type="System.String" /></value><key type="Microsoft.VisualStudio.TestTools.Common.TestId"><id type="System.Guid">7542608f-9ae6-dff3-083e-589f3ba4eaca</id></key><value type="Microsoft.VisualStudio.TestTools.TestTypes.Unit.UnitTestElement, Microsoft.VisualStudio.QualityTools.Tips.UnitTest.ObjectModel, Version=8.0.0.0, Culture=neutral, PublicKeyToken=b03f5f7f11d50a3a"><codeBase type="System.String">C:\Downloads\ConsoleApplication2\TestProject2\bin\Debug\TestProject2.dll</codeBase><adapterTypeName type="System.String">Microsoft.VisualStudio.TestTools.TestTypes.Unit.UnitTestAdapter, Microsoft.VisualStudio.QualityTools.Tips.UnitTest.Adapter, Version=8.0.0.0, Culture=neutral, PublicKeyToken=b03f5f7f11d50a3a</adapterTypeName><testMethod type="Microsoft.VisualStudio.TestTools.TestTypes.Unit.TestMethod, Microsoft.VisualStudio.QualityTools.Tips.UnitTest.ObjectModel, Version=8.0.0.0, Culture=neutral, PublicKeyToken=b03f5f7f11d50a3a"><className type="System.String">TestProject2.CStateTest, TestProject2</className><name type="System.String">ModifyDetailTest</name><expectedExceptionMessage type="System.String" /><isValid type="System.Boolean">False</isValid></testMethod><aspNetDevServers type="System.Collections.Generic.List`1[[Microsoft.VisualStudio.TestTools.Common.AspNetDevelopmentServer, Microsoft.VisualStudio.QualityTools.Common, Version=8.0.0.0, Culture=neutral, PublicKeyToken=b03f5f7f11d50a3a]]"><_size type="System.Int32">0</_size><_version type="System.Int32">0</_version></aspNetDevServers><dataAccessMethod type="Microsoft.VisualStudio.TestTools.UnitTesting.DataAccessMethod, Microsoft.VisualStudio.QualityTools.UnitTestFramework, Version=8.0.0.0, Culture=neutral, PublicKeyToken=b03f5f7f11d50a3a"><value__ type="System.Int32">0</value__></dataAccessMethod><cssProjectStructure type="System.String" /><isRunOnRestart type="System.Boolean">False</isRunOnRestart><timeOut type="System.Int32">0</timeOut><isGroupable type="System.Boolean">True</isGroupable><abortRunOnAgentFailure type="System.Boolean">False</abortRunOnAgentFailure><cssIteration type="System.String" /><workItemIds type="System.Collections.Generic.List`1[[System.Int32, mscorlib, Version=2.0.0.0, Culture=neutral, PublicKeyToken=b77a5c561934e089]]"><_size type="System.Int32">0</_size><_version type="System.Int32">1</_version></workItemIds><id type="Microsoft.VisualStudio.TestTools.Common.TestId"><id type="System.Guid">7542608f-9ae6-dff3-083e-589f3ba4eaca</id></id><name type="System.String">ModifyDetailTest</name><description type="System.String" /><enabled type="System.Boolean">True</enabled><owner type="System.String" /><priority type="System.Int32">0</priority><executionId type="Microsoft.VisualStudio.TestTools.Common.TestExecId"><id type="System.Guid">00000000-0000-0000-0000-000000000000</id></executionId><parentExecutId type="Microsoft.VisualStudio.TestTools.Common.TestExecId"><id type="System.Guid">00000000-0000-0000-0000-000000000000</id></parentExecutId><deploymentItems type="Microsoft.VisualStudio.TestTools.Common.DeploymentItemCollection" /><agentAttributes type="System.Collections.Specialized.StringDictionary, System, Version=2.0.0.0, Culture=neutral, PublicKeyToken=b77a5c561934e089" /><storage type="System.String">c:\downloads\consoleapplication2\testproject2\bin\debug\testproject2.dll</storage><projectData type="Microsoft.VisualStudio.TestTools.Common.ProjectData"><id type="System.Guid">087a098d-18f5-4600-b1e1-7a4bbfae9b7b</id><projectName type="System.String">TestProject2</projectName><solutionName type="System.String">ConsoleApplication2</solutionName><projectRelativePath type="System.String">TestProject2\TestProject2.csproj</projectRelativePath></projectData><m_nonRunnableReason type="System.String" /></value><key type="Microsoft.VisualStudio.TestTools.Common.TestId"><id type="System.Guid">6bc9153c-ae06-a6ea-b5b5-ceb75c0401c1</id></key><value type="Microsoft.VisualStudio.TestTools.TestTypes.Unit.UnitTestElement, Microsoft.VisualStudio.QualityTools.Tips.UnitTest.ObjectModel, Version=8.0.0.0, Culture=neutral, PublicKeyToken=b03f5f7f11d50a3a"><codeBase type="System.String">C:\Downloads\ConsoleApplication2\TestProject2\bin\Debug\TestProject2.dll</codeBase><adapterTypeName type="System.String">Microsoft.VisualStudio.TestTools.TestTypes.Unit.UnitTestAdapter, Microsoft.VisualStudio.QualityTools.Tips.UnitTest.Adapter, Version=8.0.0.0, Culture=neutral, PublicKeyToken=b03f5f7f11d50a3a</adapterTypeName><testMethod type="Microsoft.VisualStudio.TestTools.TestTypes.Unit.TestMethod, Microsoft.VisualStudio.QualityTools.Tips.UnitTest.ObjectModel, Version=8.0.0.0, Culture=neutral, PublicKeyToken=b03f5f7f11d50a3a"><className type="System.String">TestProject2.CXMLConfigTest, TestProject2</className><name type="System.String">ProjectTagTest</name><expectedExceptionMessage type="System.String" /><isValid type="System.Boolean">False</isValid></testMethod><aspNetDevServers type="System.Collections.Generic.List`1[[Microsoft.VisualStudio.TestTools.Common.AspNetDevelopmentServer, Microsoft.VisualStudio.QualityTools.Common, Version=8.0.0.0, Culture=neutral, PublicKeyToken=b03f5f7f11d50a3a]]"><_size type="System.Int32">0</_size><_version type="System.Int32">0</_version></aspNetDevServers><dataAccessMethod type="Microsoft.VisualStudio.TestTools.UnitTesting.DataAccessMethod, Microsoft.VisualStudio.QualityTools.UnitTestFramework, Version=8.0.0.0, Culture=neutral, PublicKeyToken=b03f5f7f11d50a3a"><value__ type="System.Int32">0</value__></dataAccessMethod><cssProjectStructure type="System.String" /><isRunOnRestart type="System.Boolean">False</isRunOnRestart><timeOut type="System.Int32">0</timeOut><isGroupable type="System.Boolean">True</isGroupable><abortRunOnAgentFailure type="System.Boolean">False</abortRunOnAgentFailure><cssIteration type="System.String" /><workItemIds type="System.Collections.Generic.List`1[[System.Int32, mscorlib, Version=2.0.0.0, Culture=neutral, PublicKeyToken=b77a5c561934e089]]"><_size type="System.Int32">0</_size><_version type="System.Int32">1</_version></workItemIds><id type="Microsoft.VisualStudio.TestTools.Common.TestId"><id type="System.Guid">6bc9153c-ae06-a6ea-b5b5-ceb75c0401c1</id></id><name type="System.String">ProjectTagTest</name><description type="System.String" /><enabled type="System.Boolean">True</enabled><owner type="System.String" /><priority type="System.Int32">0</priority><executionId type="Microsoft.VisualStudio.TestTools.Common.TestExecId"><id type="System.Guid">00000000-0000-0000-0000-000000000000</id></executionId><parentExecutId type="Microsoft.VisualStudio.TestTools.Common.TestExecId"><id type="System.Guid">00000000-0000-0000-0000-000000000000</id></parentExecutId><deploymentItems type="Microsoft.VisualStudio.TestTools.Common.DeploymentItemCollection" /><agentAttributes type="System.Collections.Specialized.StringDictionary, System, Version=2.0.0.0, Culture=neutral, PublicKeyToken=b77a5c561934e089" /><storage type="System.String">c:\downloads\consoleapplication2\testproject2\bin\debug\testproject2.dll</storage><projectData type="Microsoft.VisualStudio.TestTools.Common.ProjectData"><id type="System.Guid">087a098d-18f5-4600-b1e1-7a4bbfae9b7b</id><projectName type="System.String">TestProject2</projectName><solutionName type="System.String">ConsoleApplication2</solutionName><projectRelativePath type="System.String">TestProject2\TestProject2.csproj</projectRelativePath></projectData><m_nonRunnableReason type="System.String" /></value><key type="Microsoft.VisualStudio.TestTools.Common.TestId"><id type="System.Guid">91269a72-d82c-618c-6526-c68a0fe7e71b</id></key><value type="Microsoft.VisualStudio.TestTools.TestTypes.Unit.UnitTestElement, Microsoft.VisualStudio.QualityTools.Tips.UnitTest.ObjectModel, Version=8.0.0.0, Culture=neutral, PublicKeyToken=b03f5f7f11d50a3a"><codeBase type="System.String">C:\Downloads\ConsoleApplication2\TestProject2\bin\Debug\TestProject2.dll</codeBase><adapterTypeName type="System.String">Microsoft.VisualStudio.TestTools.TestTypes.Unit.UnitTestAdapter, Microsoft.VisualStudio.QualityTools.Tips.UnitTest.Adapter, Version=8.0.0.0, Culture=neutral, PublicKeyToken=b03f5f7f11d50a3a</adapterTypeName><testMethod type="Microsoft.VisualStudio.TestTools.TestTypes.Unit.TestMethod, Microsoft.VisualStudio.QualityTools.Tips.UnitTest.ObjectModel, Version=8.0.0.0, Culture=neutral, PublicKeyToken=b03f5f7f11d50a3a"><className type="System.String">TestProject2.RegexPackNameTest, TestProject2</className><name type="System.String">isValidTest</name><expectedExceptionMessage type="System.String" /><isValid type="System.Boolean">False</isValid></testMethod><aspNetDevServers type="System.Collections.Generic.List`1[[Microsoft.VisualStudio.TestTools.Common.AspNetDevelopmentServer, Microsoft.VisualStudio.QualityTools.Common, Version=8.0.0.0, Culture=neutral, PublicKeyToken=b03f5f7f11d50a3a]]"><_size type="System.Int32">0</_size><_version type="System.Int32">0</_version></aspNetDevServers><dataAccessMethod type="Microsoft.VisualStudio.TestTools.UnitTesting.DataAccessMethod, Microsoft.VisualStudio.QualityTools.UnitTestFramework, Version=8.0.0.0, Culture=neutral, PublicKeyToken=b03f5f7f11d50a3a"><value__ type="System.Int32">0</value__></dataAccessMethod><cssProjectStructure type="System.String" /><isRunOnRestart type="System.Boolean">False</isRunOnRestart><timeOut type="System.Int32">0</timeOut><isGroupable type="System.Boolean">True</isGroupable><abortRunOnAgentFailure type="System.Boolean">False</abortRunOnAgentFailure><cssIteration type="System.String" /><workItemIds type="System.Collections.Generic.List`1[[System.Int32, mscorlib, Version=2.0.0.0, Culture=neutral, PublicKeyToken=b77a5c561934e089]]"><_size type="System.Int32">0</_size><_version type="System.Int32">1</_version></workItemIds><id type="Microsoft.VisualStudio.TestTools.Common.TestId"><id type="System.Guid">91269a72-d82c-618c-6526-c68a0fe7e71b</id></id><name type="System.String">isValidTest</name><description type="System.String" /><enabled type="System.Boolean">True</enabled><owner type="System.String" /><priority type="System.Int32">0</priority><executionId type="Microsoft.VisualStudio.TestTools.Common.TestExecId"><id type="System.Guid">00000000-0000-0000-0000-000000000000</id></executionId><parentExecutId type="Microsoft.VisualStudio.TestTools.Common.TestExecId"><id type="System.Guid">00000000-0000-0000-0000-000000000000</id></parentExecutId><deploymentItems type="Microsoft.VisualStudio.TestTools.Common.DeploymentItemCollection" /><agentAttributes type="System.Collections.Specialized.StringDictionary, System, Version=2.0.0.0, Culture=neutral, PublicKeyToken=b77a5c561934e089" /><storage type="System.String">c:\downloads\consoleapplication2\testproject2\bin\debug\testproject2.dll</storage><projectData type="Microsoft.VisualStudio.TestTools.Common.ProjectData"><id type="System.Guid">087a098d-18f5-4600-b1e1-7a4bbfae9b7b</id><projectName type="System.String">TestProject2</projectName><solutionName type="System.String">ConsoleApplication2</solutionName><projectRelativePath type="System.String">TestProject2\TestProject2.csproj</projectRelativePath></projectData><m_nonRunnableReason type="System.String" /></value><key type="Microsoft.VisualStudio.TestTools.Common.TestId"><id type="System.Guid">d091d16b-b06c-ced5-122a-9b438b859d20</id></key><value type="Microsoft.VisualStudio.TestTools.TestTypes.Unit.UnitTestElement, Microsoft.VisualStudio.QualityTools.Tips.UnitTest.ObjectModel, Version=8.0.0.0, Culture=neutral, PublicKeyToken=b03f5f7f11d50a3a"><codeBase type="System.String">C:\Downloads\ConsoleApplication2\TestProject2\bin\Debug\TestProject2.dll</codeBase><adapterTypeName type="System.String">Microsoft.VisualStudio.TestTools.TestTypes.Unit.UnitTestAdapter, Microsoft.VisualStudio.QualityTools.Tips.UnitTest.Adapter, Version=8.0.0.0, Culture=neutral, PublicKeyToken=b03f5f7f11d50a3a</adapterTypeName><testMethod type="Microsoft.VisualStudio.TestTools.TestTypes.Unit.TestMethod, Microsoft.VisualStudio.QualityTools.Tips.UnitTest.ObjectModel, Version=8.0.0.0, Culture=neutral, PublicKeyToken=b03f5f7f11d50a3a"><className type="System.String">TestProject2.CCollectTest, TestProject2</className><name type="System.String">OnFailTest</name><expectedExceptionMessage type="System.String" /><isValid type="System.Boolean">False</isValid></testMethod><aspNetDevServers type="System.Collections.Generic.List`1[[Microsoft.VisualStudio.TestTools.Common.AspNetDevelopmentServer, Microsoft.VisualStudio.QualityTools.Common, Version=8.0.0.0, Culture=neutral, PublicKeyToken=b03f5f7f11d50a3a]]"><_size type="System.Int32">0</_size><_version type="System.Int32">0</_version></aspNetDevServers><dataAccessMethod type="Microsoft.VisualStudio.TestTools.UnitTesting.DataAccessMethod, Microsoft.VisualStudio.QualityTools.UnitTestFramework, Version=8.0.0.0, Culture=neutral, PublicKeyToken=b03f5f7f11d50a3a"><value__ type="System.Int32">0</value__></dataAccessMethod><cssProjectStructure type="System.String" /><isRunOnRestart type="System.Boolean">False</isRunOnRestart><timeOut type="System.Int32">0</timeOut><isGroupable type="System.Boolean">True</isGroupable><abortRunOnAgentFailure type="System.Boolean">False</abortRunOnAgentFailure><cssIteration type="System.String" /><workItemIds type="System.Collections.Generic.List`1[[System.Int32, mscorlib, Version=2.0.0.0, Culture=neutral, PublicKeyToken=b77a5c561934e089]]"><_size type="System.Int32">0</_size><_version type="System.Int32">1</_version></workItemIds><id type="Microsoft.VisualStudio.TestTools.Common.TestId"><id type="System.Guid">d091d16b-b06c-ced5-122a-9b438b859d20</id></id><name type="System.String">OnFailTest</name><description type="System.String" /><enabled type="System.Boolean">True</enabled><owner type="System.String" /><priority type="System.Int32">0</priority><executionId type="Microsoft.VisualStudio.TestTools.Common.TestExecId"><id type="System.Guid">00000000-0000-0000-0000-000000000000</id></executionId><parentExecutId type="Microsoft.VisualStudio.TestTools.Common.TestExecId"><id type="System.Guid">00000000-0000-0000-0000-000000000000</id></parentExecutId><deploymentItems type="Microsoft.VisualStudio.TestTools.Common.DeploymentItemCollection"><m_container type="System.Collections.Hashtable"><key type="Microsoft.VisualStudio.TestTools.Common.DeploymentItem"><path type="System.String">ChuiWenChiu.Utility.dll</path><outputDirectory type="System.String" /></key><value /></m_container></deploymentItems><agentAttributes type="System.Collections.Specialized.StringDictionary, System, Version=2.0.0.0, Culture=neutral, PublicKeyToken=b77a5c561934e089" /><storage type="System.String">c:\downloads\consoleapplication2\testproject2\bin\debug\testproject2.dll</storage><projectData type="Microsoft.VisualStudio.TestTools.Common.ProjectData"><id type="System.Guid">087a098d-18f5-4600-b1e1-7a4bbfae9b7b</id><projectName type="System.String">TestProject2</projectName><solutionName type="System.String">ConsoleApplication2</solutionName><projectRelativePath type="System.String">TestProject2\TestProject2.csproj</projectRelativePath></projectData><m_nonRunnableReason type="System.String" /></value><key type="Microsoft.VisualStudio.TestTools.Common.TestId"><id type="System.Guid">eeff4375-53a4-a783-c45f-66986e8057a6</id></key><value type="Microsoft.VisualStudio.TestTools.TestTypes.Unit.UnitTestElement, Microsoft.VisualStudio.QualityTools.Tips.UnitTest.ObjectModel, Version=8.0.0.0, Culture=neutral, PublicKeyToken=b03f5f7f11d50a3a"><codeBase type="System.String">C:\Downloads\ConsoleApplication2\TestProject2\bin\Debug\TestProject2.dll</codeBase><adapterTypeName type="System.String">Microsoft.VisualStudio.TestTools.TestTypes.Unit.UnitTestAdapter, Microsoft.VisualStudio.QualityTools.Tips.UnitTest.Adapter, Version=8.0.0.0, Culture=neutral, PublicKeyToken=b03f5f7f11d50a3a</adapterTypeName><testMethod type="Microsoft.VisualStudio.TestTools.TestTypes.Unit.TestMethod, Microsoft.VisualStudio.QualityTools.Tips.UnitTest.ObjectModel, Version=8.0.0.0, Culture=neutral, PublicKeyToken=b03f5f7f11d50a3a"><className type="System.String">TestProject2.CExtractorTest, TestProject2</className><name type="System.String">ExtractTest</name><expectedExceptionMessage type="System.String" /><isValid type="System.Boolean">False</isValid></testMethod><aspNetDevServers type="System.Collections.Generic.List`1[[Microsoft.VisualStudio.TestTools.Common.AspNetDevelopmentServer, Microsoft.VisualStudio.QualityTools.Common, Version=8.0.0.0, Culture=neutral, PublicKeyToken=b03f5f7f11d50a3a]]"><_size type="System.Int32">0</_size><_version type="System.Int32">0</_version></aspNetDevServers><dataAccessMethod type="Microsoft.VisualStudio.TestTools.UnitTesting.DataAccessMethod, Microsoft.VisualStudio.QualityTools.UnitTestFramework, Version=8.0.0.0, Culture=neutral, PublicKeyToken=b03f5f7f11d50a3a"><value__ type="System.Int32">0</value__></dataAccessMethod><cssProjectStructure type="System.String" /><isRunOnRestart type="System.Boolean">False</isRunOnRestart><timeOut type="System.Int32">0</timeOut><isGroupable type="System.Boolean">True</isGroupable><abortRunOnAgentFailure type="System.Boolean">False</abortRunOnAgentFailure><cssIteration type="System.String" /><workItemIds type="System.Collections.Generic.List`1[[System.Int32, mscorlib, Version=2.0.0.0, Culture=neutral, PublicKeyToken=b77a5c561934e089]]"><_size type="System.Int32">0</_size><_version type="System.Int32">1</_version></workItemIds><id type="Microsoft.VisualStudio.TestTools.Common.TestId"><id type="System.Guid">eeff4375-53a4-a783-c45f-66986e8057a6</id></id><name type="System.String">ExtractTest</name><description type="System.String" /><enabled type="System.Boolean">True</enabled><owner type="System.String" /><priority type="System.Int32">0</priority><executionId type="Microsoft.VisualStudio.TestTools.Common.TestExecId"><id type="System.Guid">00000000-0000-0000-0000-000000000000</id></executionId><parentExecutId type="Microsoft.VisualStudio.TestTools.Common.TestExecId"><id type="System.Guid">00000000-0000-0000-0000-000000000000</id></parentExecutId><deploymentItems type="Microsoft.VisualStudio.TestTools.Common.DeploymentItemCollection" /><agentAttributes type="System.Collections.Specialized.StringDictionary, System, Version=2.0.0.0, Culture=neutral, PublicKeyToken=b77a5c561934e089" /><storage type="System.String">c:\downloads\consoleapplication2\testproject2\bin\debug\testproject2.dll</storage><projectData type="Microsoft.VisualStudio.TestTools.Common.ProjectData"><id type="System.Guid">087a098d-18f5-4600-b1e1-7a4bbfae9b7b</id><projectName type="System.String">TestProject2</projectName><solutionName type="System.String">ConsoleApplication2</solutionName><projectRelativePath type="System.String">TestProject2\TestProject2.csproj</projectRelativePath></projectData><m_nonRunnableReason type="System.String" /></value><key type="Microsoft.VisualStudio.TestTools.Common.TestId"><id type="System.Guid">21e65718-b1ca-292e-308d-ff113ba37072</id></key><value type="Microsoft.VisualStudio.TestTools.TestTypes.Unit.UnitTestElement, Microsoft.VisualStudio.QualityTools.Tips.UnitTest.ObjectModel, Version=8.0.0.0, Culture=neutral, PublicKeyToken=b03f5f7f11d50a3a"><codeBase type="System.String">C:\Downloads\ConsoleApplication2\TestProject2\bin\Debug\TestProject2.dll</codeBase><adapterTypeName type="System.String">Microsoft.VisualStudio.TestTools.TestTypes.Unit.UnitTestAdapter, Microsoft.VisualStudio.QualityTools.Tips.UnitTest.Adapter, Version=8.0.0.0, Culture=neutral, PublicKeyToken=b03f5f7f11d50a3a</adapterTypeName><testMethod type="Microsoft.VisualStudio.TestTools.TestTypes.Unit.TestMethod, Microsoft.VisualStudio.QualityTools.Tips.UnitTest.ObjectModel, Version=8.0.0.0, Culture=neutral, PublicKeyToken=b03f5f7f11d50a3a"><className type="System.String">TestProject2.CCollectTest, TestProject2</className><name type="System.String">SourcePathTest</name><expectedExceptionMessage type="System.String" /><isValid type="System.Boolean">False</isValid></testMethod><aspNetDevServers type="System.Collections.Generic.List`1[[Microsoft.VisualStudio.TestTools.Common.AspNetDevelopmentServer, Microsoft.VisualStudio.QualityTools.Common, Version=8.0.0.0, Culture=neutral, PublicKeyToken=b03f5f7f11d50a3a]]"><_size type="System.Int32">0</_size><_version type="System.Int32">0</_version></aspNetDevServers><dataAccessMethod type="Microsoft.VisualStudio.TestTools.UnitTesting.DataAccessMethod, Microsoft.VisualStudio.QualityTools.UnitTestFramework, Version=8.0.0.0, Culture=neutral, PublicKeyToken=b03f5f7f11d50a3a"><value__ type="System.Int32">0</value__></dataAccessMethod><cssProjectStructure type="System.String" /><isRunOnRestart type="System.Boolean">False</isRunOnRestart><timeOut type="System.Int32">0</timeOut><isGroupable type="System.Boolean">True</isGroupable><abortRunOnAgentFailure type="System.Boolean">False</abortRunOnAgentFailure><cssIteration type="System.String" /><workItemIds type="System.Collections.Generic.List`1[[System.Int32, mscorlib, Version=2.0.0.0, Culture=neutral, PublicKeyToken=b77a5c561934e089]]"><_size type="System.Int32">0</_size><_version type="System.Int32">1</_version></workItemIds><id type="Microsoft.VisualStudio.TestTools.Common.TestId"><id type="System.Guid">21e65718-b1ca-292e-308d-ff113ba37072</id></id><name type="System.String">SourcePathTest</name><description type="System.String" /><enabled type="System.Boolean">True</enabled><owner type="System.String" /><priority type="System.Int32">0</priority><executionId type="Microsoft.VisualStudio.TestTools.Common.TestExecId"><id type="System.Guid">00000000-0000-0000-0000-000000000000</id></executionId><parentExecutId type="Microsoft.VisualStudio.TestTools.Common.TestExecId"><id type="System.Guid">00000000-0000-0000-0000-000000000000</id></parentExecutId><deploymentItems type="Microsoft.VisualStudio.TestTools.Common.DeploymentItemCollection" /><agentAttributes type="System.Collections.Specialized.StringDictionary, System, Version=2.0.0.0, Culture=neutral, PublicKeyToken=b77a5c561934e089" /><storage type="System.String">c:\downloads\consoleapplication2\testproject2\bin\debug\testproject2.dll</storage><projectData type="Microsoft.VisualStudio.TestTools.Common.ProjectData"><id type="System.Guid">087a098d-18f5-4600-b1e1-7a4bbfae9b7b</id><projectName type="System.String">TestProject2</projectName><solutionName type="System.String">ConsoleApplication2</solutionName><projectRelativePath type="System.String">TestProject2\TestProject2.csproj</projectRelativePath></projectData><m_nonRunnableReason type="System.String" /></value><key type="Microsoft.VisualStudio.TestTools.Common.TestId"><id type="System.Guid">464c2008-7a26-7b56-ea1d-a49c642f3570</id></key><value type="Microsoft.VisualStudio.TestTools.TestTypes.Unit.UnitTestElement, Microsoft.VisualStudio.QualityTools.Tips.UnitTest.ObjectModel, Version=8.0.0.0, Culture=neutral, PublicKeyToken=b03f5f7f11d50a3a"><codeBase type="System.String">C:\Downloads\ConsoleApplication2\TestProject2\bin\Debug\TestProject2.dll</codeBase><adapterTypeName type="System.String">Microsoft.VisualStudio.TestTools.TestTypes.Unit.UnitTestAdapter, Microsoft.VisualStudio.QualityTools.Tips.UnitTest.Adapter, Version=8.0.0.0, Culture=neutral, PublicKeyToken=b03f5f7f11d50a3a</adapterTypeName><testMethod type="Microsoft.VisualStudio.TestTools.TestTypes.Unit.TestMethod, Microsoft.VisualStudio.QualityTools.Tips.UnitTest.ObjectModel, Version=8.0.0.0, Culture=neutral, PublicKeyToken=b03f5f7f11d50a3a"><className type="System.String">TestProject2.CWMConfigTest, TestProject2</className><name type="System.String">ConstructorTest</name><expectedExceptionMessage type="System.String" /><isValid type="System.Boolean">False</isValid></testMethod><aspNetDevServers type="System.Collections.Generic.List`1[[Microsoft.VisualStudio.TestTools.Common.AspNetDevelopmentServer, Microsoft.VisualStudio.QualityTools.Common, Version=8.0.0.0, Culture=neutral, PublicKeyToken=b03f5f7f11d50a3a]]"><_size type="System.Int32">0</_size><_version type="System.Int32">0</_version></aspNetDevServers><dataAccessMethod type="Microsoft.VisualStudio.TestTools.UnitTesting.DataAccessMethod, Microsoft.VisualStudio.QualityTools.UnitTestFramework, Version=8.0.0.0, Culture=neutral, PublicKeyToken=b03f5f7f11d50a3a"><value__ type="System.Int32">0</value__></dataAccessMethod><cssProjectStructure type="System.String" /><isRunOnRestart type="System.Boolean">False</isRunOnRestart><timeOut type="System.Int32">0</timeOut><isGroupable type="System.Boolean">True</isGroupable><abortRunOnAgentFailure type="System.Boolean">False</abortRunOnAgentFailure><cssIteration type="System.String" /><workItemIds type="System.Collections.Generic.List`1[[System.Int32, mscorlib, Version=2.0.0.0, Culture=neutral, PublicKeyToken=b77a5c561934e089]]"><_size type="System.Int32">0</_size><_version type="System.Int32">1</_version></workItemIds><id type="Microsoft.VisualStudio.TestTools.Common.TestId"><id type="System.Guid">464c2008-7a26-7b56-ea1d-a49c642f3570</id></id><name type="System.String">ConstructorTest</name><description type="System.String" /><enabled type="System.Boolean">True</enabled><owner type="System.String" /><priority type="System.Int32">0</priority><executionId type="Microsoft.VisualStudio.TestTools.Common.TestExecId"><id type="System.Guid">00000000-0000-0000-0000-000000000000</id></executionId><parentExecutId type="Microsoft.VisualStudio.TestTools.Common.TestExecId"><id type="System.Guid">00000000-0000-0000-0000-000000000000</id></parentExecutId><deploymentItems type="Microsoft.VisualStudio.TestTools.Common.DeploymentItemCollection" /><agentAttributes type="System.Collections.Specialized.StringDictionary, System, Version=2.0.0.0, Culture=neutral, PublicKeyToken=b77a5c561934e089" /><storage type="System.String">c:\downloads\consoleapplication2\testproject2\bin\debug\testproject2.dll</storage><projectData type="Microsoft.VisualStudio.TestTools.Common.ProjectData"><id type="System.Guid">087a098d-18f5-4600-b1e1-7a4bbfae9b7b</id><projectName type="System.String">TestProject2</projectName><solutionName type="System.String">ConsoleApplication2</solutionName><projectRelativePath type="System.String">TestProject2\TestProject2.csproj</projectRelativePath></projectData><m_nonRunnableReason type="System.String" /></value><key type="Microsoft.VisualStudio.TestTools.Common.TestId"><id type="System.Guid">81c2fba1-c32d-245d-6ed4-406abdd804cc</id></key><value type="Microsoft.VisualStudio.TestTools.TestTypes.Unit.UnitTestElement, Microsoft.VisualStudio.QualityTools.Tips.UnitTest.ObjectModel, Version=8.0.0.0, Culture=neutral, PublicKeyToken=b03f5f7f11d50a3a"><codeBase type="System.String">C:\Downloads\ConsoleApplication2\TestProject2\bin\Debug\TestProject2.dll</codeBase><adapterTypeName type="System.String">Microsoft.VisualStudio.TestTools.TestTypes.Unit.UnitTestAdapter, Microsoft.VisualStudio.QualityTools.Tips.UnitTest.Adapter, Version=8.0.0.0, Culture=neutral, PublicKeyToken=b03f5f7f11d50a3a</adapterTypeName><testMethod type="Microsoft.VisualStudio.TestTools.TestTypes.Unit.TestMethod, Microsoft.VisualStudio.QualityTools.Tips.UnitTest.ObjectModel, Version=8.0.0.0, Culture=neutral, PublicKeyToken=b03f5f7f11d50a3a"><className type="System.String">TestProject2.CExtractorTest, TestProject2</className><name type="System.String">ConstructorTest</name><expectedExceptionMessage type="System.String" /><isValid type="System.Boolean">False</isValid></testMethod><aspNetDevServers type="System.Collections.Generic.List`1[[Microsoft.VisualStudio.TestTools.Common.AspNetDevelopmentServer, Microsoft.VisualStudio.QualityTools.Common, Version=8.0.0.0, Culture=neutral, PublicKeyToken=b03f5f7f11d50a3a]]"><_size type="System.Int32">0</_size><_version type="System.Int32">0</_version></aspNetDevServers><dataAccessMethod type="Microsoft.VisualStudio.TestTools.UnitTesting.DataAccessMethod, Microsoft.VisualStudio.QualityTools.UnitTestFramework, Version=8.0.0.0, Culture=neutral, PublicKeyToken=b03f5f7f11d50a3a"><value__ type="System.Int32">0</value__></dataAccessMethod><cssProjectStructure type="System.String" /><isRunOnRestart type="System.Boolean">False</isRunOnRestart><timeOut type="System.Int32">0</timeOut><isGroupable type="System.Boolean">True</isGroupable><abortRunOnAgentFailure type="System.Boolean">False</abortRunOnAgentFailure><cssIteration type="System.String" /><workItemIds type="System.Collections.Generic.List`1[[System.Int32, mscorlib, Version=2.0.0.0, Culture=neutral, PublicKeyToken=b77a5c561934e089]]"><_size type="System.Int32">0</_size><_version type="System.Int32">1</_version></workItemIds><id type="Microsoft.VisualStudio.TestTools.Common.TestId"><id type="System.Guid">81c2fba1-c32d-245d-6ed4-406abdd804cc</id></id><name type="System.String">ConstructorTest</name><description type="System.String" /><enabled type="System.Boolean">True</enabled><owner type="System.String" /><priority type="System.Int32">0</priority><executionId type="Microsoft.VisualStudio.TestTools.Common.TestExecId"><id type="System.Guid">00000000-0000-0000-0000-000000000000</id></executionId><parentExecutId type="Microsoft.VisualStudio.TestTools.Common.TestExecId"><id type="System.Guid">00000000-0000-0000-0000-000000000000</id></parentExecutId><deploymentItems type="Microsoft.VisualStudio.TestTools.Common.DeploymentItemCollection" /><agentAttributes type="System.Collections.Specialized.StringDictionary, System, Version=2.0.0.0, Culture=neutral, PublicKeyToken=b77a5c561934e089" /><storage type="System.String">c:\downloads\consoleapplication2\testproject2\bin\debug\testproject2.dll</storage><projectData type="Microsoft.VisualStudio.TestTools.Common.ProjectData"><id type="System.Guid">087a098d-18f5-4600-b1e1-7a4bbfae9b7b</id><projectName type="System.String">TestProject2</projectName><solutionName type="System.String">ConsoleApplication2</solutionName><projectRelativePath type="System.String">TestProject2\TestProject2.csproj</projectRelativePath></projectData><m_nonRunnableReason type="System.String" /></value><key type="Microsoft.VisualStudio.TestTools.Common.TestId"><id type="System.Guid">c0aa195c-df63-1046-c42e-6a2d83320b4d</id></key><value type="Microsoft.VisualStudio.TestTools.TestTypes.Unit.UnitTestElement, Microsoft.VisualStudio.QualityTools.Tips.UnitTest.ObjectModel, Version=8.0.0.0, Culture=neutral, PublicKeyToken=b03f5f7f11d50a3a"><codeBase type="System.String">C:\Downloads\ConsoleApplication2\TestProject2\bin\Debug\TestProject2.dll</codeBase><adapterTypeName type="System.String">Microsoft.VisualStudio.TestTools.TestTypes.Unit.UnitTestAdapter, Microsoft.VisualStudio.QualityTools.Tips.UnitTest.Adapter, Version=8.0.0.0, Culture=neutral, PublicKeyToken=b03f5f7f11d50a3a</adapterTypeName><testMethod type="Microsoft.VisualStudio.TestTools.TestTypes.Unit.TestMethod, Microsoft.VisualStudio.QualityTools.Tips.UnitTest.ObjectModel, Version=8.0.0.0, Culture=neutral, PublicKeyToken=b03f5f7f11d50a3a"><className type="System.String">TestProject2.CCollectTest, TestProject2</className><name type="System.String">DestPathTest</name><expectedExceptionMessage type="System.String" /><isValid type="System.Boolean">False</isValid></testMethod><aspNetDevServers type="System.Collections.Generic.List`1[[Microsoft.VisualStudio.TestTools.Common.AspNetDevelopmentServer, Microsoft.VisualStudio.QualityTools.Common, Version=8.0.0.0, Culture=neutral, PublicKeyToken=b03f5f7f11d50a3a]]"><_size type="System.Int32">0</_size><_version type="System.Int32">0</_version></aspNetDevServers><dataAccessMethod type="Microsoft.VisualStudio.TestTools.UnitTesting.DataAccessMethod, Microsoft.VisualStudio.QualityTools.UnitTestFramework, Version=8.0.0.0, Culture=neutral, PublicKeyToken=b03f5f7f11d50a3a"><value__ type="System.Int32">0</value__></dataAccessMethod><cssProjectStructure type="System.String" /><isRunOnRestart type="System.Boolean">False</isRunOnRestart><timeOut type="System.Int32">0</timeOut><isGroupable type="System.Boolean">True</isGroupable><abortRunOnAgentFailure type="System.Boolean">False</abortRunOnAgentFailure><cssIteration type="System.String" /><workItemIds type="System.Collections.Generic.List`1[[System.Int32, mscorlib, Version=2.0.0.0, Culture=neutral, PublicKeyToken=b77a5c561934e089]]"><_size type="System.Int32">0</_size><_version type="System.Int32">1</_version></workItemIds><id type="Microsoft.VisualStudio.TestTools.Common.TestId"><id type="System.Guid">c0aa195c-df63-1046-c42e-6a2d83320b4d</id></id><name type="System.String">DestPathTest</name><description type="System.String" /><enabled type="System.Boolean">True</enabled><owner type="System.String" /><priority type="System.Int32">0</priority><executionId type="Microsoft.VisualStudio.TestTools.Common.TestExecId"><id type="System.Guid">00000000-0000-0000-0000-000000000000</id></executionId><parentExecutId type="Microsoft.VisualStudio.TestTools.Common.TestExecId"><id type="System.Guid">00000000-0000-0000-0000-000000000000</id></parentExecutId><deploymentItems type="Microsoft.VisualStudio.TestTools.Common.DeploymentItemCollection" /><agentAttributes type="System.Collections.Specialized.StringDictionary, System, Version=2.0.0.0, Culture=neutral, PublicKeyToken=b77a5c561934e089" /><storage type="System.String">c:\downloads\consoleapplication2\testproject2\bin\debug\testproject2.dll</storage><projectData type="Microsoft.VisualStudio.TestTools.Common.ProjectData"><id type="System.Guid">087a098d-18f5-4600-b1e1-7a4bbfae9b7b</id><projectName type="System.String">TestProject2</projectName><solutionName type="System.String">ConsoleApplication2</solutionName><projectRelativePath type="System.String">TestProject2\TestProject2.csproj</projectRelativePath></projectData><m_nonRunnableReason type="System.String" /></value><key type="Microsoft.VisualStudio.TestTools.Common.TestId"><id type="System.Guid">15969bb8-37c0-0537-3f75-b1fe80cfb4da</id></key><value type="Microsoft.VisualStudio.TestTools.TestTypes.Unit.UnitTestElement, Microsoft.VisualStudio.QualityTools.Tips.UnitTest.ObjectModel, Version=8.0.0.0, Culture=neutral, PublicKeyToken=b03f5f7f11d50a3a"><codeBase type="System.String">C:\Downloads\ConsoleApplication2\TestProject2\bin\Debug\TestProject2.dll</codeBase><adapterTypeName type="System.String">Microsoft.VisualStudio.TestTools.TestTypes.Unit.UnitTestAdapter, Microsoft.VisualStudio.QualityTools.Tips.UnitTest.Adapter, Version=8.0.0.0, Culture=neutral, PublicKeyToken=b03f5f7f11d50a3a</adapterTypeName><testMethod type="Microsoft.VisualStudio.TestTools.TestTypes.Unit.TestMethod, Microsoft.VisualStudio.QualityTools.Tips.UnitTest.ObjectModel, Version=8.0.0.0, Culture=neutral, PublicKeyToken=b03f5f7f11d50a3a"><className type="System.String">TestProject2.CCollectTest, TestProject2</className><name type="System.String">OnReplaceTest</name><expectedExceptionMessage type="System.String" /><isValid type="System.Boolean">False</isValid></testMethod><aspNetDevServers type="System.Collections.Generic.List`1[[Microsoft.VisualStudio.TestTools.Common.AspNetDevelopmentServer, Microsoft.VisualStudio.QualityTools.Common, Version=8.0.0.0, Culture=neutral, PublicKeyToken=b03f5f7f11d50a3a]]"><_size type="System.Int32">0</_size><_version type="System.Int32">0</_version></aspNetDevServers><dataAccessMethod type="Microsoft.VisualStudio.TestTools.UnitTesting.DataAccessMethod, Microsoft.VisualStudio.QualityTools.UnitTestFramework, Version=8.0.0.0, Culture=neutral, PublicKeyToken=b03f5f7f11d50a3a"><value__ type="System.Int32">0</value__></dataAccessMethod><cssProjectStructure type="System.String" /><isRunOnRestart type="System.Boolean">False</isRunOnRestart><timeOut type="System.Int32">0</timeOut><isGroupable type="System.Boolean">True</isGroupable><abortRunOnAgentFailure type="System.Boolean">False</abortRunOnAgentFailure><cssIteration type="System.String" /><workItemIds type="System.Collections.Generic.List`1[[System.Int32, mscorlib, Version=2.0.0.0, Culture=neutral, PublicKeyToken=b77a5c561934e089]]"><_size type="System.Int32">0</_size><_version type="System.Int32">1</_version></workItemIds><id type="Microsoft.VisualStudio.TestTools.Common.TestId"><id type="System.Guid">15969bb8-37c0-0537-3f75-b1fe80cfb4da</id></id><name type="System.String">OnReplaceTest</name><description type="System.String" /><enabled type="System.Boolean">True</enabled><owner type="System.String" /><priority type="System.Int32">0</priority><executionId type="Microsoft.VisualStudio.TestTools.Common.TestExecId"><id type="System.Guid">00000000-0000-0000-0000-000000000000</id></executionId><parentExecutId type="Microsoft.VisualStudio.TestTools.Common.TestExecId"><id type="System.Guid">00000000-0000-0000-0000-000000000000</id></parentExecutId><deploymentItems type="Microsoft.VisualStudio.TestTools.Common.DeploymentItemCollection"><m_container type="System.Collections.Hashtable"><key type="Microsoft.VisualStudio.TestTools.Common.DeploymentItem"><path type="System.String">ChuiWenChiu.Utility.dll</path><outputDirectory type="System.String" /></key><value /></m_container></deploymentItems><agentAttributes type="System.Collections.Specialized.StringDictionary, System, Version=2.0.0.0, Culture=neutral, PublicKeyToken=b77a5c561934e089" /><storage type="System.String">c:\downloads\consoleapplication2\testproject2\bin\debug\testproject2.dll</storage><projectData type="Microsoft.VisualStudio.TestTools.Common.ProjectData"><id type="System.Guid">087a098d-18f5-4600-b1e1-7a4bbfae9b7b</id><projectName type="System.String">TestProject2</projectName><solutionName type="System.String">ConsoleApplication2</solutionName><projectRelativePath type="System.String">TestProject2\TestProject2.csproj</projectRelativePath></projectData><m_nonRunnableReason type="System.String" /></value><key type="Microsoft.VisualStudio.TestTools.Common.TestId"><id type="System.Guid">f5a9805d-ac31-31a6-4dae-718d90890ca3</id></key><value type="Microsoft.VisualStudio.TestTools.TestTypes.Unit.UnitTestElement, Microsoft.VisualStudio.QualityTools.Tips.UnitTest.ObjectModel, Version=8.0.0.0, Culture=neutral, PublicKeyToken=b03f5f7f11d50a3a"><codeBase type="System.String">C:\Downloads\ConsoleApplication2\TestProject2\bin\Debug\TestProject2.dll</codeBase><adapterTypeName type="System.String">Microsoft.VisualStudio.TestTools.TestTypes.Unit.UnitTestAdapter, Microsoft.VisualStudio.QualityTools.Tips.UnitTest.Adapter, Version=8.0.0.0, Culture=neutral, PublicKeyToken=b03f5f7f11d50a3a</adapterTypeName><testMethod type="Microsoft.VisualStudio.TestTools.TestTypes.Unit.TestMethod, Microsoft.VisualStudio.QualityTools.Tips.UnitTest.ObjectModel, Version=8.0.0.0, Culture=neutral, PublicKeyToken=b03f5f7f11d50a3a"><className type="System.String">TestProject2.CWMProjectsTest, TestProject2</className><name type="System.String">CountTest</name><expectedExceptionMessage type="System.String" /><isValid type="System.Boolean">False</isValid></testMethod><aspNetDevServers type="System.Collections.Generic.List`1[[Microsoft.VisualStudio.TestTools.Common.AspNetDevelopmentServer, Microsoft.VisualStudio.QualityTools.Common, Version=8.0.0.0, Culture=neutral, PublicKeyToken=b03f5f7f11d50a3a]]"><_size type="System.Int32">0</_size><_version type="System.Int32">0</_version></aspNetDevServers><dataAccessMethod type="Microsoft.VisualStudio.TestTools.UnitTesting.DataAccessMethod, Microsoft.VisualStudio.QualityTools.UnitTestFramework, Version=8.0.0.0, Culture=neutral, PublicKeyToken=b03f5f7f11d50a3a"><value__ type="System.Int32">0</value__></dataAccessMethod><cssProjectStructure type="System.String" /><isRunOnRestart type="System.Boolean">False</isRunOnRestart><timeOut type="System.Int32">0</timeOut><isGroupable type="System.Boolean">True</isGroupable><abortRunOnAgentFailure type="System.Boolean">False</abortRunOnAgentFailure><cssIteration type="System.String" /><workItemIds type="System.Collections.Generic.List`1[[System.Int32, mscorlib, Version=2.0.0.0, Culture=neutral, PublicKeyToken=b77a5c561934e089]]"><_size type="System.Int32">0</_size><_version type="System.Int32">1</_version></workItemIds><id type="Microsoft.VisualStudio.TestTools.Common.TestId"><id type="System.Guid">f5a9805d-ac31-31a6-4dae-718d90890ca3</id></id><name type="System.String">CountTest</name><description type="System.String" /><enabled type="System.Boolean">True</enabled><owner type="System.String" /><priority type="System.Int32">0</priority><executionId type="Microsoft.VisualStudio.TestTools.Common.TestExecId"><id type="System.Guid">00000000-0000-0000-0000-000000000000</id></executionId><parentExecutId type="Microsoft.VisualStudio.TestTools.Common.TestExecId"><id type="System.Guid">00000000-0000-0000-0000-000000000000</id></parentExecutId><deploymentItems type="Microsoft.VisualStudio.TestTools.Common.DeploymentItemCollection" /><agentAttributes type="System.Collections.Specialized.StringDictionary, System, Version=2.0.0.0, Culture=neutral, PublicKeyToken=b77a5c561934e089" /><storage type="System.String">c:\downloads\consoleapplication2\testproject2\bin\debug\testproject2.dll</storage><projectData type="Microsoft.VisualStudio.TestTools.Common.ProjectData"><id type="System.Guid">087a098d-18f5-4600-b1e1-7a4bbfae9b7b</id><projectName type="System.String">TestProject2</projectName><solutionName type="System.String">ConsoleApplication2</solutionName><projectRelativePath type="System.String">TestProject2\TestProject2.csproj</projectRelativePath></projectData><m_nonRunnableReason type="System.String" /></value><key type="Microsoft.VisualStudio.TestTools.Common.TestId"><id type="System.Guid">d3f58df7-a8aa-51df-0aab-71c1bba3abd0</id></key><value type="Microsoft.VisualStudio.TestTools.TestTypes.Unit.UnitTestElement, Microsoft.VisualStudio.QualityTools.Tips.UnitTest.ObjectModel, Version=8.0.0.0, Culture=neutral, PublicKeyToken=b03f5f7f11d50a3a"><codeBase type="System.String">C:\Downloads\ConsoleApplication2\TestProject2\bin\Debug\TestProject2.dll</codeBase><adapterTypeName type="System.String">Microsoft.VisualStudio.TestTools.TestTypes.Unit.UnitTestAdapter, Microsoft.VisualStudio.QualityTools.Tips.UnitTest.Adapter, Version=8.0.0.0, Culture=neutral, PublicKeyToken=b03f5f7f11d50a3a</adapterTypeName><testMethod type="Microsoft.VisualStudio.TestTools.TestTypes.Unit.TestMethod, Microsoft.VisualStudio.QualityTools.Tips.UnitTest.ObjectModel, Version=8.0.0.0, Culture=neutral, PublicKeyToken=b03f5f7f11d50a3a"><className type="System.String">TestProject2.CCollectTest, TestProject2</className><name type="System.String">insertFirstSepTest</name><expectedExceptionMessage type="System.String" /><isValid type="System.Boolean">False</isValid></testMethod><aspNetDevServers type="System.Collections.Generic.List`1[[Microsoft.VisualStudio.TestTools.Common.AspNetDevelopmentServer, Microsoft.VisualStudio.QualityTools.Common, Version=8.0.0.0, Culture=neutral, PublicKeyToken=b03f5f7f11d50a3a]]"><_size type="System.Int32">0</_size><_version type="System.Int32">0</_version></aspNetDevServers><dataAccessMethod type="Microsoft.VisualStudio.TestTools.UnitTesting.DataAccessMethod, Microsoft.VisualStudio.QualityTools.UnitTestFramework, Version=8.0.0.0, Culture=neutral, PublicKeyToken=b03f5f7f11d50a3a"><value__ type="System.Int32">0</value__></dataAccessMethod><cssProjectStructure type="System.String" /><isRunOnRestart type="System.Boolean">False</isRunOnRestart><timeOut type="System.Int32">0</timeOut><isGroupable type="System.Boolean">True</isGroupable><abortRunOnAgentFailure type="System.Boolean">False</abortRunOnAgentFailure><cssIteration type="System.String" /><workItemIds type="System.Collections.Generic.List`1[[System.Int32, mscorlib, Version=2.0.0.0, Culture=neutral, PublicKeyToken=b77a5c561934e089]]"><_size type="System.Int32">0</_size><_version type="System.Int32">1</_version></workItemIds><id type="Microsoft.VisualStudio.TestTools.Common.TestId"><id type="System.Guid">d3f58df7-a8aa-51df-0aab-71c1bba3abd0</id></id><name type="System.String">insertFirstSepTest</name><description type="System.String" /><enabled type="System.Boolean">True</enabled><owner type="System.String" /><priority type="System.Int32">0</priority><executionId type="Microsoft.VisualStudio.TestTools.Common.TestExecId"><id type="System.Guid">00000000-0000-0000-0000-000000000000</id></executionId><parentExecutId type="Microsoft.VisualStudio.TestTools.Common.TestExecId"><id type="System.Guid">00000000-0000-0000-0000-000000000000</id></parentExecutId><deploymentItems type="Microsoft.VisualStudio.TestTools.Common.DeploymentItemCollection"><m_container type="System.Collections.Hashtable"><key type="Microsoft.VisualStudio.TestTools.Common.DeploymentItem"><path type="System.String">ChuiWenChiu.Utility.dll</path><outputDirectory type="System.String" /></key><value /></m_container></deploymentItems><agentAttributes type="System.Collections.Specialized.StringDictionary, System, Version=2.0.0.0, Culture=neutral, PublicKeyToken=b77a5c561934e089" /><storage type="System.String">c:\downloads\consoleapplication2\testproject2\bin\debug\testproject2.dll</storage><projectData type="Microsoft.VisualStudio.TestTools.Common.ProjectData"><id type="System.Guid">087a098d-18f5-4600-b1e1-7a4bbfae9b7b</id><projectName type="System.String">TestProject2</projectName><solutionName type="System.String">ConsoleApplication2</solutionName><projectRelativePath type="System.String">TestProject2\TestProject2.csproj</projectRelativePath></projectData><m_nonRunnableReason type="System.String" /></value><key type="Microsoft.VisualStudio.TestTools.Common.TestId"><id type="System.Guid">4bcc1cdc-7130-0b00-e3be-f0fecaa7b050</id></key><value type="Microsoft.VisualStudio.TestTools.TestTypes.Unit.UnitTestElement, Microsoft.VisualStudio.QualityTools.Tips.UnitTest.ObjectModel, Version=8.0.0.0, Culture=neutral, PublicKeyToken=b03f5f7f11d50a3a"><codeBase type="System.String">C:\Downloads\ConsoleApplication2\TestProject2\bin\Debug\TestProject2.dll</codeBase><adapterTypeName type="System.String">Microsoft.VisualStudio.TestTools.TestTypes.Unit.UnitTestAdapter, Microsoft.VisualStudio.QualityTools.Tips.UnitTest.Adapter, Version=8.0.0.0, Culture=neutral, PublicKeyToken=b03f5f7f11d50a3a</adapterTypeName><testMethod type="Microsoft.VisualStudio.TestTools.TestTypes.Unit.TestMethod, Microsoft.VisualStudio.QualityTools.Tips.UnitTest.ObjectModel, Version=8.0.0.0, Culture=neutral, PublicKeyToken=b03f5f7f11d50a3a"><className type="System.String">TestProject2.CStateTest, TestProject2</className><name type="System.String">LoadTest</name><expectedExceptionMessage type="System.String" /><isValid type="System.Boolean">False</isValid></testMethod><aspNetDevServers type="System.Collections.Generic.List`1[[Microsoft.VisualStudio.TestTools.Common.AspNetDevelopmentServer, Microsoft.VisualStudio.QualityTools.Common, Version=8.0.0.0, Culture=neutral, PublicKeyToken=b03f5f7f11d50a3a]]"><_size type="System.Int32">0</_size><_version type="System.Int32">0</_version></aspNetDevServers><dataAccessMethod type="Microsoft.VisualStudio.TestTools.UnitTesting.DataAccessMethod, Microsoft.VisualStudio.QualityTools.UnitTestFramework, Version=8.0.0.0, Culture=neutral, PublicKeyToken=b03f5f7f11d50a3a"><value__ type="System.Int32">0</value__></dataAccessMethod><cssProjectStructure type="System.String" /><isRunOnRestart type="System.Boolean">False</isRunOnRestart><timeOut type="System.Int32">0</timeOut><isGroupable type="System.Boolean">True</isGroupable><abortRunOnAgentFailure type="System.Boolean">False</abortRunOnAgentFailure><cssIteration type="System.String" /><workItemIds type="System.Collections.Generic.List`1[[System.Int32, mscorlib, Version=2.0.0.0, Culture=neutral, PublicKeyToken=b77a5c561934e089]]"><_size type="System.Int32">0</_size><_version type="System.Int32">1</_version></workItemIds><id type="Microsoft.VisualStudio.TestTools.Common.TestId"><id type="System.Guid">4bcc1cdc-7130-0b00-e3be-f0fecaa7b050</id></id><name type="System.String">LoadTest</name><description type="System.String" /><enabled type="System.Boolean">True</enabled><owner type="System.String" /><priority type="System.Int32">0</priority><executionId type="Microsoft.VisualStudio.TestTools.Common.TestExecId"><id type="System.Guid">00000000-0000-0000-0000-000000000000</id></executionId><parentExecutId type="Microsoft.VisualStudio.TestTools.Common.TestExecId"><id type="System.Guid">00000000-0000-0000-0000-000000000000</id></parentExecutId><deploymentItems type="Microsoft.VisualStudio.TestTools.Common.DeploymentItemCollection" /><agentAttributes type="System.Collections.Specialized.StringDictionary, System, Version=2.0.0.0, Culture=neutral, PublicKeyToken=b77a5c561934e089" /><storage type="System.String">c:\downloads\consoleapplication2\testproject2\bin\debug\testproject2.dll</storage><projectData type="Microsoft.VisualStudio.TestTools.Common.ProjectData"><id type="System.Guid">087a098d-18f5-4600-b1e1-7a4bbfae9b7b</id><projectName type="System.String">TestProject2</projectName><solutionName type="System.String">ConsoleApplication2</solutionName><projectRelativePath type="System.String">TestProject2\TestProject2.csproj</projectRelativePath></projectData><m_nonRunnableReason type="System.String" /></value><key type="Microsoft.VisualStudio.TestTools.Common.TestId"><id type="System.Guid">8006ca2c-9dbf-7f65-147a-a8a109f856b3</id></key><value type="Microsoft.VisualStudio.TestTools.TestTypes.Unit.UnitTestElement, Microsoft.VisualStudio.QualityTools.Tips.UnitTest.ObjectModel, Version=8.0.0.0, Culture=neutral, PublicKeyToken=b03f5f7f11d50a3a"><codeBase type="System.String">C:\Downloads\ConsoleApplication2\TestProject2\bin\Debug\TestProject2.dll</codeBase><adapterTypeName type="System.String">Microsoft.VisualStudio.TestTools.TestTypes.Unit.UnitTestAdapter, Microsoft.VisualStudio.QualityTools.Tips.UnitTest.Adapter, Version=8.0.0.0, Culture=neutral, PublicKeyToken=b03f5f7f11d50a3a</adapterTypeName><testMethod type="Microsoft.VisualStudio.TestTools.TestTypes.Unit.TestMethod, Microsoft.VisualStudio.QualityTools.Tips.UnitTest.ObjectModel, Version=8.0.0.0, Culture=neutral, PublicKeyToken=b03f5f7f11d50a3a"><className type="System.String">TestProject2.CCollectTest, TestProject2</className><name type="System.String">getListTest</name><expectedExceptionMessage type="System.String" /><isValid type="System.Boolean">False</isValid></testMethod><aspNetDevServers type="System.Collections.Generic.List`1[[Microsoft.VisualStudio.TestTools.Common.AspNetDevelopmentServer, Microsoft.VisualStudio.QualityTools.Common, Version=8.0.0.0, Culture=neutral, PublicKeyToken=b03f5f7f11d50a3a]]"><_size type="System.Int32">0</_size><_version type="System.Int32">0</_version></aspNetDevServers><dataAccessMethod type="Microsoft.VisualStudio.TestTools.UnitTesting.DataAccessMethod, Microsoft.VisualStudio.QualityTools.UnitTestFramework, Version=8.0.0.0, Culture=neutral, PublicKeyToken=b03f5f7f11d50a3a"><value__ type="System.Int32">0</value__></dataAccessMethod><cssProjectStructure type="System.String" /><isRunOnRestart type="System.Boolean">False</isRunOnRestart><timeOut type="System.Int32">0</timeOut><isGroupable type="System.Boolean">True</isGroupable><abortRunOnAgentFailure type="System.Boolean">False</abortRunOnAgentFailure><cssIteration type="System.String" /><workItemIds type="System.Collections.Generic.List`1[[System.Int32, mscorlib, Version=2.0.0.0, Culture=neutral, PublicKeyToken=b77a5c561934e089]]"><_size type="System.Int32">0</_size><_version type="System.Int32">1</_version></workItemIds><id type="Microsoft.VisualStudio.TestTools.Common.TestId"><id type="System.Guid">8006ca2c-9dbf-7f65-147a-a8a109f856b3</id></id><name type="System.String">getListTest</name><description type="System.String" /><enabled type="System.Boolean">True</enabled><owner type="System.String" /><priority type="System.Int32">0</priority><executionId type="Microsoft.VisualStudio.TestTools.Common.TestExecId"><id type="System.Guid">00000000-0000-0000-0000-000000000000</id></executionId><parentExecutId type="Microsoft.VisualStudio.TestTools.Common.TestExecId"><id type="System.Guid">00000000-0000-0000-0000-000000000000</id></parentExecutId><deploymentItems type="Microsoft.VisualStudio.TestTools.Common.DeploymentItemCollection" /><agentAttributes type="System.Collections.Specialized.StringDictionary, System, Version=2.0.0.0, Culture=neutral, PublicKeyToken=b77a5c561934e089" /><storage type="System.String">c:\downloads\consoleapplication2\testproject2\bin\debug\testproject2.dll</storage><projectData type="Microsoft.VisualStudio.TestTools.Common.ProjectData"><id type="System.Guid">087a098d-18f5-4600-b1e1-7a4bbfae9b7b</id><projectName type="System.String">TestProject2</projectName><solutionName type="System.String">ConsoleApplication2</solutionName><projectRelativePath type="System.String">TestProject2\TestProject2.csproj</projectRelativePath></projectData><m_nonRunnableReason type="System.String" /></value><key type="Microsoft.VisualStudio.TestTools.Common.TestId"><id type="System.Guid">f6499719-4163-d4ef-b153-774c77898316</id></key><value type="Microsoft.VisualStudio.TestTools.TestTypes.Unit.UnitTestElement, Microsoft.VisualStudio.QualityTools.Tips.UnitTest.ObjectModel, Version=8.0.0.0, Culture=neutral, PublicKeyToken=b03f5f7f11d50a3a"><codeBase type="System.String">C:\Downloads\ConsoleApplication2\TestProject2\bin\Debug\TestProject2.dll</codeBase><adapterTypeName type="System.String">Microsoft.VisualStudio.TestTools.TestTypes.Unit.UnitTestAdapter, Microsoft.VisualStudio.QualityTools.Tips.UnitTest.Adapter, Version=8.0.0.0, Culture=neutral, PublicKeyToken=b03f5f7f11d50a3a</adapterTypeName><testMethod type="Microsoft.VisualStudio.TestTools.TestTypes.Unit.TestMethod, Microsoft.VisualStudio.QualityTools.Tips.UnitTest.ObjectModel, Version=8.0.0.0, Culture=neutral, PublicKeyToken=b03f5f7f11d50a3a"><className type="System.String">TestProject2.CCollectTest, TestProject2</className><name type="System.String">ConstructorTest1</name><expectedExceptionMessage type="System.String" /><isValid type="System.Boolean">False</isValid></testMethod><aspNetDevServers type="System.Collections.Generic.List`1[[Microsoft.VisualStudio.TestTools.Common.AspNetDevelopmentServer, Microsoft.VisualStudio.QualityTools.Common, Version=8.0.0.0, Culture=neutral, PublicKeyToken=b03f5f7f11d50a3a]]"><_size type="System.Int32">0</_size><_version type="System.Int32">0</_version></aspNetDevServers><dataAccessMethod type="Microsoft.VisualStudio.TestTools.UnitTesting.DataAccessMethod, Microsoft.VisualStudio.QualityTools.UnitTestFramework, Version=8.0.0.0, Culture=neutral, PublicKeyToken=b03f5f7f11d50a3a"><value__ type="System.Int32">0</value__></dataAccessMethod><cssProjectStructure type="System.String" /><isRunOnRestart type="System.Boolean">False</isRunOnRestart><timeOut type="System.Int32">0</timeOut><isGroupable type="System.Boolean">True</isGroupable><abortRunOnAgentFailure type="System.Boolean">False</abortRunOnAgentFailure><cssIteration type="System.String" /><workItemIds type="System.Collections.Generic.List`1[[System.Int32, mscorlib, Version=2.0.0.0, Culture=neutral, PublicKeyToken=b77a5c561934e089]]"><_size type="System.Int32">0</_size><_version type="System.Int32">1</_version></workItemIds><id type="Microsoft.VisualStudio.TestTools.Common.TestId"><id type="System.Guid">f6499719-4163-d4ef-b153-774c77898316</id></id><name type="System.String">ConstructorTest1</name><description type="System.String" /><enabled type="System.Boolean">True</enabled><owner type="System.String" /><priority type="System.Int32">0</priority><executionId type="Microsoft.VisualStudio.TestTools.Common.TestExecId"><id type="System.Guid">00000000-0000-0000-0000-000000000000</id></executionId><parentExecutId type="Microsoft.VisualStudio.TestTools.Common.TestExecId"><id type="System.Guid">00000000-0000-0000-0000-000000000000</id></parentExecutId><deploymentItems type="Microsoft.VisualStudio.TestTools.Common.DeploymentItemCollection" /><agentAttributes type="System.Collections.Specialized.StringDictionary, System, Version=2.0.0.0, Culture=neutral, PublicKeyToken=b77a5c561934e089" /><storage type="System.String">c:\downloads\consoleapplication2\testproject2\bin\debug\testproject2.dll</storage><projectData type="Microsoft.VisualStudio.TestTools.Common.ProjectData"><id type="System.Guid">087a098d-18f5-4600-b1e1-7a4bbfae9b7b</id><projectName type="System.String">TestProject2</projectName><solutionName type="System.String">ConsoleApplication2</solutionName><projectRelativePath type="System.String">TestProject2\TestProject2.csproj</projectRelativePath></projectData><m_nonRunnableReason type="System.String" /></value><key type="Microsoft.VisualStudio.TestTools.Common.TestId"><id type="System.Guid">fc18b0c4-3520-ba5b-67a5-2b1d4a06f1be</id></key><value type="Microsoft.VisualStudio.TestTools.TestTypes.Unit.UnitTestElement, Microsoft.VisualStudio.QualityTools.Tips.UnitTest.ObjectModel, Version=8.0.0.0, Culture=neutral, PublicKeyToken=b03f5f7f11d50a3a"><codeBase type="System.String">C:\Downloads\ConsoleApplication2\TestProject2\bin\Debug\TestProject2.dll</codeBase><adapterTypeName type="System.String">Microsoft.VisualStudio.TestTools.TestTypes.Unit.UnitTestAdapter, Microsoft.VisualStudio.QualityTools.Tips.UnitTest.Adapter, Version=8.0.0.0, Culture=neutral, PublicKeyToken=b03f5f7f11d50a3a</adapterTypeName><testMethod type="Microsoft.VisualStudio.TestTools.TestTypes.Unit.TestMethod, Microsoft.VisualStudio.QualityTools.Tips.UnitTest.ObjectModel, Version=8.0.0.0, Culture=neutral, PublicKeyToken=b03f5f7f11d50a3a"><className type="System.String">TestProject2.CCollectTest, TestProject2</className><name type="System.String">ConstructorTest</name><expectedExceptionMessage type="System.String" /><isValid type="System.Boolean">False</isValid></testMethod><aspNetDevServers type="System.Collections.Generic.List`1[[Microsoft.VisualStudio.TestTools.Common.AspNetDevelopmentServer, Microsoft.VisualStudio.QualityTools.Common, Version=8.0.0.0, Culture=neutral, PublicKeyToken=b03f5f7f11d50a3a]]"><_size type="System.Int32">0</_size><_version type="System.Int32">0</_version></aspNetDevServers><dataAccessMethod type="Microsoft.VisualStudio.TestTools.UnitTesting.DataAccessMethod, Microsoft.VisualStudio.QualityTools.UnitTestFramework, Version=8.0.0.0, Culture=neutral, PublicKeyToken=b03f5f7f11d50a3a"><value__ type="System.Int32">0</value__></dataAccessMethod><cssProjectStructure type="System.String" /><isRunOnRestart type="System.Boolean">False</isRunOnRestart><timeOut type="System.Int32">0</timeOut><isGroupable type="System.Boolean">True</isGroupable><abortRunOnAgentFailure type="System.Boolean">False</abortRunOnAgentFailure><cssIteration type="System.String" /><workItemIds type="System.Collections.Generic.List`1[[System.Int32, mscorlib, Version=2.0.0.0, Culture=neutral, PublicKeyToken=b77a5c561934e089]]"><_size type="System.Int32">0</_size><_version type="System.Int32">1</_version></workItemIds><id type="Microsoft.VisualStudio.TestTools.Common.TestId"><id type="System.Guid">fc18b0c4-3520-ba5b-67a5-2b1d4a06f1be</id></id><name type="System.String">ConstructorTest</name><description type="System.String" /><enabled type="System.Boolean">True</enabled><owner type="System.String" /><priority type="System.Int32">0</priority><executionId type="Microsoft.VisualStudio.TestTools.Common.TestExecId"><id type="System.Guid">00000000-0000-0000-0000-000000000000</id></executionId><parentExecutId type="Microsoft.VisualStudio.TestTools.Common.TestExecId"><id type="System.Guid">00000000-0000-0000-0000-000000000000</id></parentExecutId><deploymentItems type="Microsoft.VisualStudio.TestTools.Common.DeploymentItemCollection" /><agentAttributes type="System.Collections.Specialized.StringDictionary, System, Version=2.0.0.0, Culture=neutral, PublicKeyToken=b77a5c561934e089" /><storage type="System.String">c:\downloads\consoleapplication2\testproject2\bin\debug\testproject2.dll</storage><projectData type="Microsoft.VisualStudio.TestTools.Common.ProjectData"><id type="System.Guid">087a098d-18f5-4600-b1e1-7a4bbfae9b7b</id><projectName type="System.String">TestProject2</projectName><solutionName type="System.String">ConsoleApplication2</solutionName><projectRelativePath type="System.String">TestProject2\TestProject2.csproj</projectRelativePath></projectData><m_nonRunnableReason type="System.String" /></value><key type="Microsoft.VisualStudio.TestTools.Common.TestId"><id type="System.Guid">a33ab438-cba2-16b5-8956-ae8a86628649</id></key><value type="Microsoft.VisualStudio.TestTools.TestTypes.Unit.UnitTestElement, Microsoft.VisualStudio.QualityTools.Tips.UnitTest.ObjectModel, Version=8.0.0.0, Culture=neutral, PublicKeyToken=b03f5f7f11d50a3a"><codeBase type="System.String">C:\Downloads\ConsoleApplication2\TestProject2\bin\Debug\TestProject2.dll</codeBase><adapterTypeName type="System.String">Microsoft.VisualStudio.TestTools.TestTypes.Unit.UnitTestAdapter, Microsoft.VisualStudio.QualityTools.Tips.UnitTest.Adapter, Version=8.0.0.0, Culture=neutral, PublicKeyToken=b03f5f7f11d50a3a</adapterTypeName><testMethod type="Microsoft.VisualStudio.TestTools.TestTypes.Unit.TestMethod, Microsoft.VisualStudio.QualityTools.Tips.UnitTest.ObjectModel, Version=8.0.0.0, Culture=neutral, PublicKeyToken=b03f5f7f11d50a3a"><className type="System.String">TestProject2.CCollectTest, TestProject2</className><name type="System.String">converSepTest</name><expectedExceptionMessage type="System.String" /><isValid type="System.Boolean">False</isValid></testMethod><aspNetDevServers type="System.Collections.Generic.List`1[[Microsoft.VisualStudio.TestTools.Common.AspNetDevelopmentServer, Microsoft.VisualStudio.QualityTools.Common, Version=8.0.0.0, Culture=neutral, PublicKeyToken=b03f5f7f11d50a3a]]"><_size type="System.Int32">0</_size><_version type="System.Int32">0</_version></aspNetDevServers><dataAccessMethod type="Microsoft.VisualStudio.TestTools.UnitTesting.DataAccessMethod, Microsoft.VisualStudio.QualityTools.UnitTestFramework, Version=8.0.0.0, Culture=neutral, PublicKeyToken=b03f5f7f11d50a3a"><value__ type="System.Int32">0</value__></dataAccessMethod><cssProjectStructure type="System.String" /><isRunOnRestart type="System.Boolean">False</isRunOnRestart><timeOut type="System.Int32">0</timeOut><isGroupable type="System.Boolean">True</isGroupable><abortRunOnAgentFailure type="System.Boolean">False</abortRunOnAgentFailure><cssIteration type="System.String" /><workItemIds type="System.Collections.Generic.List`1[[System.Int32, mscorlib, Version=2.0.0.0, Culture=neutral, PublicKeyToken=b77a5c561934e089]]"><_size type="System.Int32">0</_size><_version type="System.Int32">1</_version></workItemIds><id type="Microsoft.VisualStudio.TestTools.Common.TestId"><id type="System.Guid">a33ab438-cba2-16b5-8956-ae8a86628649</id></id><name type="System.String">converSepTest</name><description type="System.String" /><enabled type="System.Boolean">True</enabled><owner type="System.String" /><priority type="System.Int32">0</priority><executionId type="Microsoft.VisualStudio.TestTools.Common.TestExecId"><id type="System.Guid">00000000-0000-0000-0000-000000000000</id></executionId><parentExecutId type="Microsoft.VisualStudio.TestTools.Common.TestExecId"><id type="System.Guid">00000000-0000-0000-0000-000000000000</id></parentExecutId><deploymentItems type="Microsoft.VisualStudio.TestTools.Common.DeploymentItemCollection"><m_container type="System.Collections.Hashtable"><key type="Microsoft.VisualStudio.TestTools.Common.DeploymentItem"><path type="System.String">ChuiWenChiu.Utility.dll</path><outputDirectory type="System.String" /></key><value /></m_container></deploymentItems><agentAttributes type="System.Collections.Specialized.StringDictionary, System, Version=2.0.0.0, Culture=neutral, PublicKeyToken=b77a5c561934e089" /><storage type="System.String">c:\downloads\consoleapplication2\testproject2\bin\debug\testproject2.dll</storage><projectData type="Microsoft.VisualStudio.TestTools.Common.ProjectData"><id type="System.Guid">087a098d-18f5-4600-b1e1-7a4bbfae9b7b</id><projectName type="System.String">TestProject2</projectName><solutionName type="System.String">ConsoleApplication2</solutionName><projectRelativePath type="System.String">TestProject2\TestProject2.csproj</projectRelativePath></projectData><m_nonRunnableReason type="System.String" /></value><key type="Microsoft.VisualStudio.TestTools.Common.TestId"><id type="System.Guid">e11b40fe-1252-9beb-2910-fdc6152c2f72</id></key><value type="Microsoft.VisualStudio.TestTools.TestTypes.Unit.UnitTestElement, Microsoft.VisualStudio.QualityTools.Tips.UnitTest.ObjectModel, Version=8.0.0.0, Culture=neutral, PublicKeyToken=b03f5f7f11d50a3a"><codeBase type="System.String">C:\Downloads\ConsoleApplication2\TestProject2\bin\Debug\TestProject2.dll</codeBase><adapterTypeName type="System.String">Microsoft.VisualStudio.TestTools.TestTypes.Unit.UnitTestAdapter, Microsoft.VisualStudio.QualityTools.Tips.UnitTest.Adapter, Version=8.0.0.0, Culture=neutral, PublicKeyToken=b03f5f7f11d50a3a</adapterTypeName><testMethod type="Microsoft.VisualStudio.TestTools.TestTypes.Unit.TestMethod, Microsoft.VisualStudio.QualityTools.Tips.UnitTest.ObjectModel, Version=8.0.0.0, Culture=neutral, PublicKeyToken=b03f5f7f11d50a3a"><className type="System.String">TestProject2.CWMProjectsTest, TestProject2</className><name type="System.String">AddTest</name><expectedExceptionMessage type="System.String" /><isValid type="System.Boolean">False</isValid></testMethod><aspNetDevServers type="System.Collections.Generic.List`1[[Microsoft.VisualStudio.TestTools.Common.AspNetDevelopmentServer, Microsoft.VisualStudio.QualityTools.Common, Version=8.0.0.0, Culture=neutral, PublicKeyToken=b03f5f7f11d50a3a]]"><_size type="System.Int32">0</_size><_version type="System.Int32">0</_version></aspNetDevServers><dataAccessMethod type="Microsoft.VisualStudio.TestTools.UnitTesting.DataAccessMethod, Microsoft.VisualStudio.QualityTools.UnitTestFramework, Version=8.0.0.0, Culture=neutral, PublicKeyToken=b03f5f7f11d50a3a"><value__ type="System.Int32">0</value__></dataAccessMethod><cssProjectStructure type="System.String" /><isRunOnRestart type="System.Boolean">False</isRunOnRestart><timeOut type="System.Int32">0</timeOut><isGroupable type="System.Boolean">True</isGroupable><abortRunOnAgentFailure type="System.Boolean">False</abortRunOnAgentFailure><cssIteration type="System.String" /><workItemIds type="System.Collections.Generic.List`1[[System.Int32, mscorlib, Version=2.0.0.0, Culture=neutral, PublicKeyToken=b77a5c561934e089]]"><_size type="System.Int32">0</_size><_version type="System.Int32">1</_version></workItemIds><id type="Microsoft.VisualStudio.TestTools.Common.TestId"><id type="System.Guid">e11b40fe-1252-9beb-2910-fdc6152c2f72</id></id><name type="System.String">AddTest</name><description type="System.String" /><enabled type="System.Boolean">True</enabled><owner type="System.String" /><priority type="System.Int32">0</priority><executionId type="Microsoft.VisualStudio.TestTools.Common.TestExecId"><id type="System.Guid">00000000-0000-0000-0000-000000000000</id></executionId><parentExecutId type="Microsoft.VisualStudio.TestTools.Common.TestExecId"><id type="System.Guid">00000000-0000-0000-0000-000000000000</id></parentExecutId><deploymentItems type="Microsoft.VisualStudio.TestTools.Common.DeploymentItemCollection" /><agentAttributes type="System.Collections.Specialized.StringDictionary, System, Version=2.0.0.0, Culture=neutral, PublicKeyToken=b77a5c561934e089" /><storage type="System.String">c:\downloads\consoleapplication2\testproject2\bin\debug\testproject2.dll</storage><projectData type="Microsoft.VisualStudio.TestTools.Common.ProjectData"><id type="System.Guid">087a098d-18f5-4600-b1e1-7a4bbfae9b7b</id><projectName type="System.String">TestProject2</projectName><solutionName type="System.String">ConsoleApplication2</solutionName><projectRelativePath type="System.String">TestProject2\TestProject2.csproj</projectRelativePath></projectData><m_nonRunnableReason type="System.String" /></value><key type="Microsoft.VisualStudio.TestTools.Common.TestId"><id type="System.Guid">4ebd0251-7610-085f-3cda-92f0813106b3</id></key><value type="Microsoft.VisualStudio.TestTools.TestTypes.Unit.UnitTestElement, Microsoft.VisualStudio.QualityTools.Tips.UnitTest.ObjectModel, Version=8.0.0.0, Culture=neutral, PublicKeyToken=b03f5f7f11d50a3a"><codeBase type="System.String">C:\Downloads\ConsoleApplication2\TestProject2\bin\Debug\TestProject2.dll</codeBase><adapterTypeName type="System.String">Microsoft.VisualStudio.TestTools.TestTypes.Unit.UnitTestAdapter, Microsoft.VisualStudio.QualityTools.Tips.UnitTest.Adapter, Version=8.0.0.0, Culture=neutral, PublicKeyToken=b03f5f7f11d50a3a</adapterTypeName><testMethod type="Microsoft.VisualStudio.TestTools.TestTypes.Unit.TestMethod, Microsoft.VisualStudio.QualityTools.Tips.UnitTest.ObjectModel, Version=8.0.0.0, Culture=neutral, PublicKeyToken=b03f5f7f11d50a3a"><className type="System.String">TestProject2.CStateTest, TestProject2</className><name type="System.String">WMProjectTest</name><expectedExceptionMessage type="System.String" /><isValid type="System.Boolean">False</isValid></testMethod><aspNetDevServers type="System.Collections.Generic.List`1[[Microsoft.VisualStudio.TestTools.Common.AspNetDevelopmentServer, Microsoft.VisualStudio.QualityTools.Common, Version=8.0.0.0, Culture=neutral, PublicKeyToken=b03f5f7f11d50a3a]]"><_size type="System.Int32">0</_size><_version type="System.Int32">0</_version></aspNetDevServers><dataAccessMethod type="Microsoft.VisualStudio.TestTools.UnitTesting.DataAccessMethod, Microsoft.VisualStudio.QualityTools.UnitTestFramework, Version=8.0.0.0, Culture=neutral, PublicKeyToken=b03f5f7f11d50a3a"><value__ type="System.Int32">0</value__></dataAccessMethod><cssProjectStructure type="System.String" /><isRunOnRestart type="System.Boolean">False</isRunOnRestart><timeOut type="System.Int32">0</timeOut><isGroupable type="System.Boolean">True</isGroupable><abortRunOnAgentFailure type="System.Boolean">False</abortRunOnAgentFailure><cssIteration type="System.String" /><workItemIds type="System.Collections.Generic.List`1[[System.Int32, mscorlib, Version=2.0.0.0, Culture=neutral, PublicKeyToken=b77a5c561934e089]]"><_size type="System.Int32">0</_size><_version type="System.Int32">1</_version></workItemIds><id type="Microsoft.VisualStudio.TestTools.Common.TestId"><id type="System.Guid">4ebd0251-7610-085f-3cda-92f0813106b3</id></id><name type="System.String">WMProjectTest</name><description type="System.String" /><enabled type="System.Boolean">True</enabled><owner type="System.String" /><priority type="System.Int32">0</priority><executionId type="Microsoft.VisualStudio.TestTools.Common.TestExecId"><id type="System.Guid">00000000-0000-0000-0000-000000000000</id></executionId><parentExecutId type="Microsoft.VisualStudio.TestTools.Common.TestExecId"><id type="System.Guid">00000000-0000-0000-0000-000000000000</id></parentExecutId><deploymentItems type="Microsoft.VisualStudio.TestTools.Common.DeploymentItemCollection" /><agentAttributes type="System.Collections.Specialized.StringDictionary, System, Version=2.0.0.0, Culture=neutral, PublicKeyToken=b77a5c561934e089" /><storage type="System.String">c:\downloads\consoleapplication2\testproject2\bin\debug\testproject2.dll</storage><projectData type="Microsoft.VisualStudio.TestTools.Common.ProjectData"><id type="System.Guid">087a098d-18f5-4600-b1e1-7a4bbfae9b7b</id><projectName type="System.String">TestProject2</projectName><solutionName type="System.String">ConsoleApplication2</solutionName><projectRelativePath type="System.String">TestProject2\TestProject2.csproj</projectRelativePath></projectData><m_nonRunnableReason type="System.String" /></value><key type="Microsoft.VisualStudio.TestTools.Common.TestId"><id type="System.Guid">03053beb-16f9-71c4-04eb-af0989c376ef</id></key><value type="Microsoft.VisualStudio.TestTools.TestTypes.Unit.UnitTestElement, Microsoft.VisualStudio.QualityTools.Tips.UnitTest.ObjectModel, Version=8.0.0.0, Culture=neutral, PublicKeyToken=b03f5f7f11d50a3a"><codeBase type="System.String">C:\Downloads\ConsoleApplication2\TestProject2\bin\Debug\TestProject2.dll</codeBase><adapterTypeName type="System.String">Microsoft.VisualStudio.TestTools.TestTypes.Unit.UnitTestAdapter, Microsoft.VisualStudio.QualityTools.Tips.UnitTest.Adapter, Version=8.0.0.0, Culture=neutral, PublicKeyToken=b03f5f7f11d50a3a</adapterTypeName><testMethod type="Microsoft.VisualStudio.TestTools.TestTypes.Unit.TestMethod, Microsoft.VisualStudio.QualityTools.Tips.UnitTest.ObjectModel, Version=8.0.0.0, Culture=neutral, PublicKeyToken=b03f5f7f11d50a3a"><className type="System.String">TestProject2.CStateTest, TestProject2</className><name type="System.String">ModifyListTest</name><expectedExceptionMessage type="System.String" /><isValid type="System.Boolean">False</isValid></testMethod><aspNetDevServers type="System.Collections.Generic.List`1[[Microsoft.VisualStudio.TestTools.Common.AspNetDevelopmentServer, Microsoft.VisualStudio.QualityTools.Common, Version=8.0.0.0, Culture=neutral, PublicKeyToken=b03f5f7f11d50a3a]]"><_size type="System.Int32">0</_size><_version type="System.Int32">0</_version></aspNetDevServers><dataAccessMethod type="Microsoft.VisualStudio.TestTools.UnitTesting.DataAccessMethod, Microsoft.VisualStudio.QualityTools.UnitTestFramework, Version=8.0.0.0, Culture=neutral, PublicKeyToken=b03f5f7f11d50a3a"><value__ type="System.Int32">0</value__></dataAccessMethod><cssProjectStructure type="System.String" /><isRunOnRestart type="System.Boolean">False</isRunOnRestart><timeOut type="System.Int32">0</timeOut><isGroupable type="System.Boolean">True</isGroupable><abortRunOnAgentFailure type="System.Boolean">False</abortRunOnAgentFailure><cssIteration type="System.String" /><workItemIds type="System.Collections.Generic.List`1[[System.Int32, mscorlib, Version=2.0.0.0, Culture=neutral, PublicKeyToken=b77a5c561934e089]]"><_size type="System.Int32">0</_size><_version type="System.Int32">1</_version></workItemIds><id type="Microsoft.VisualStudio.TestTools.Common.TestId"><id type="System.Guid">03053beb-16f9-71c4-04eb-af0989c376ef</id></id><name type="System.String">ModifyListTest</name><description type="System.String" /><enabled type="System.Boolean">True</enabled><owner type="System.String" /><priority type="System.Int32">0</priority><executionId type="Microsoft.VisualStudio.TestTools.Common.TestExecId"><id type="System.Guid">00000000-0000-0000-0000-000000000000</id></executionId><parentExecutId type="Microsoft.VisualStudio.TestTools.Common.TestExecId"><id type="System.Guid">00000000-0000-0000-0000-000000000000</id></parentExecutId><deploymentItems type="Microsoft.VisualStudio.TestTools.Common.DeploymentItemCollection" /><agentAttributes type="System.Collections.Specialized.StringDictionary, System, Version=2.0.0.0, Culture=neutral, PublicKeyToken=b77a5c561934e089" /><storage type="System.String">c:\downloads\consoleapplication2\testproject2\bin\debug\testproject2.dll</storage><projectData type="Microsoft.VisualStudio.TestTools.Common.ProjectData"><id type="System.Guid">087a098d-18f5-4600-b1e1-7a4bbfae9b7b</id><projectName type="System.String">TestProject2</projectName><solutionName type="System.String">ConsoleApplication2</solutionName><projectRelativePath type="System.String">TestProject2\TestProject2.csproj</projectRelativePath></projectData><m_nonRunnableReason type="System.String" /></value><key type="Microsoft.VisualStudio.TestTools.Common.TestId"><id type="System.Guid">1a6062fd-8b9d-4226-1aef-f32d7450a892</id></key><value type="Microsoft.VisualStudio.TestTools.TestTypes.Unit.UnitTestElement, Microsoft.VisualStudio.QualityTools.Tips.UnitTest.ObjectModel, Version=8.0.0.0, Culture=neutral, PublicKeyToken=b03f5f7f11d50a3a"><codeBase type="System.String">C:\Downloads\ConsoleApplication2\TestProject2\bin\Debug\TestProject2.dll</codeBase><adapterTypeName type="System.String">Microsoft.VisualStudio.TestTools.TestTypes.Unit.UnitTestAdapter, Microsoft.VisualStudio.QualityTools.Tips.UnitTest.Adapter, Version=8.0.0.0, Culture=neutral, PublicKeyToken=b03f5f7f11d50a3a</adapterTypeName><testMethod type="Microsoft.VisualStudio.TestTools.TestTypes.Unit.TestMethod, Microsoft.VisualStudio.QualityTools.Tips.UnitTest.ObjectModel, Version=8.0.0.0, Culture=neutral, PublicKeyToken=b03f5f7f11d50a3a"><className type="System.String">TestProject2.CWMVersionTest, TestProject2</className><name type="System.String">IDTest</name><expectedExceptionMessage type="System.String" /><isValid type="System.Boolean">False</isValid></testMethod><aspNetDevServers type="System.Collections.Generic.List`1[[Microsoft.VisualStudio.TestTools.Common.AspNetDevelopmentServer, Microsoft.VisualStudio.QualityTools.Common, Version=8.0.0.0, Culture=neutral, PublicKeyToken=b03f5f7f11d50a3a]]"><_size type="System.Int32">0</_size><_version type="System.Int32">0</_version></aspNetDevServers><dataAccessMethod type="Microsoft.VisualStudio.TestTools.UnitTesting.DataAccessMethod, Microsoft.VisualStudio.QualityTools.UnitTestFramework, Version=8.0.0.0, Culture=neutral, PublicKeyToken=b03f5f7f11d50a3a"><value__ type="System.Int32">0</value__></dataAccessMethod><cssProjectStructure type="System.String" /><isRunOnRestart type="System.Boolean">False</isRunOnRestart><timeOut type="System.Int32">0</timeOut><isGroupable type="System.Boolean">True</isGroupable><abortRunOnAgentFailure type="System.Boolean">False</abortRunOnAgentFailure><cssIteration type="System.String" /><workItemIds type="System.Collections.Generic.List`1[[System.Int32, mscorlib, Version=2.0.0.0, Culture=neutral, PublicKeyToken=b77a5c561934e089]]"><_size type="System.Int32">0</_size><_version type="System.Int32">1</_version></workItemIds><id type="Microsoft.VisualStudio.TestTools.Common.TestId"><id type="System.Guid">1a6062fd-8b9d-4226-1aef-f32d7450a892</id></id><name type="System.String">IDTest</name><description type="System.String" /><enabled type="System.Boolean">True</enabled><owner type="System.String" /><priority type="System.Int32">0</priority><executionId type="Microsoft.VisualStudio.TestTools.Common.TestExecId"><id type="System.Guid">00000000-0000-0000-0000-000000000000</id></executionId><parentExecutId type="Microsoft.VisualStudio.TestTools.Common.TestExecId"><id type="System.Guid">00000000-0000-0000-0000-000000000000</id></parentExecutId><deploymentItems type="Microsoft.VisualStudio.TestTools.Common.DeploymentItemCollection" /><agentAttributes type="System.Collections.Specialized.StringDictionary, System, Version=2.0.0.0, Culture=neutral, PublicKeyToken=b77a5c561934e089" /><storage type="System.String">c:\downloads\consoleapplication2\testproject2\bin\debug\testproject2.dll</storage><projectData type="Microsoft.VisualStudio.TestTools.Common.ProjectData"><id type="System.Guid">087a098d-18f5-4600-b1e1-7a4bbfae9b7b</id><projectName type="System.String">TestProject2</projectName><solutionName type="System.String">ConsoleApplication2</solutionName><projectRelativePath type="System.String">TestProject2\TestProject2.csproj</projectRelativePath></projectData><m_nonRunnableReason type="System.String" /></value><key type="Microsoft.VisualStudio.TestTools.Common.TestId"><id type="System.Guid">4910d05c-fe5a-fb38-6248-350b28fc853d</id></key><value type="Microsoft.VisualStudio.TestTools.TestTypes.Unit.UnitTestElement, Microsoft.VisualStudio.QualityTools.Tips.UnitTest.ObjectModel, Version=8.0.0.0, Culture=neutral, PublicKeyToken=b03f5f7f11d50a3a"><codeBase type="System.String">C:\Downloads\ConsoleApplication2\TestProject2\bin\Debug\TestProject2.dll</codeBase><adapterTypeName type="System.String">Microsoft.VisualStudio.TestTools.TestTypes.Unit.UnitTestAdapter, Microsoft.VisualStudio.QualityTools.Tips.UnitTest.Adapter, Version=8.0.0.0, Culture=neutral, PublicKeyToken=b03f5f7f11d50a3a</adapterTypeName><testMethod type="Microsoft.VisualStudio.TestTools.TestTypes.Unit.TestMethod, Microsoft.VisualStudio.QualityTools.Tips.UnitTest.ObjectModel, Version=8.0.0.0, Culture=neutral, PublicKeyToken=b03f5f7f11d50a3a"><className type="System.String">TestProject2.CWMVersionsTest, TestProject2</className><name type="System.String">AddTest</name><expectedExceptionMessage type="System.String" /><isValid type="System.Boolean">False</isValid></testMethod><aspNetDevServers type="System.Collections.Generic.List`1[[Microsoft.VisualStudio.TestTools.Common.AspNetDevelopmentServer, Microsoft.VisualStudio.QualityTools.Common, Version=8.0.0.0, Culture=neutral, PublicKeyToken=b03f5f7f11d50a3a]]"><_size type="System.Int32">0</_size><_version type="System.Int32">0</_version></aspNetDevServers><dataAccessMethod type="Microsoft.VisualStudio.TestTools.UnitTesting.DataAccessMethod, Microsoft.VisualStudio.QualityTools.UnitTestFramework, Version=8.0.0.0, Culture=neutral, PublicKeyToken=b03f5f7f11d50a3a"><value__ type="System.Int32">0</value__></dataAccessMethod><cssProjectStructure type="System.String" /><isRunOnRestart type="System.Boolean">False</isRunOnRestart><timeOut type="System.Int32">0</timeOut><isGroupable type="System.Boolean">True</isGroupable><abortRunOnAgentFailure type="System.Boolean">False</abortRunOnAgentFailure><cssIteration type="System.String" /><workItemIds type="System.Collections.Generic.List`1[[System.Int32, mscorlib, Version=2.0.0.0, Culture=neutral, PublicKeyToken=b77a5c561934e089]]"><_size type="System.Int32">0</_size><_version type="System.Int32">1</_version></workItemIds><id type="Microsoft.VisualStudio.TestTools.Common.TestId"><id type="System.Guid">4910d05c-fe5a-fb38-6248-350b28fc853d</id></id><name type="System.String">AddTest</name><description type="System.String" /><enabled type="System.Boolean">True</enabled><owner type="System.String" /><priority type="System.Int32">0</priority><executionId type="Microsoft.VisualStudio.TestTools.Common.TestExecId"><id type="System.Guid">00000000-0000-0000-0000-000000000000</id></executionId><parentExecutId type="Microsoft.VisualStudio.TestTools.Common.TestExecId"><id type="System.Guid">00000000-0000-0000-0000-000000000000</id></parentExecutId><deploymentItems type="Microsoft.VisualStudio.TestTools.Common.DeploymentItemCollection" /><agentAttributes type="System.Collections.Specialized.StringDictionary, System, Version=2.0.0.0, Culture=neutral, PublicKeyToken=b77a5c561934e089" /><storage type="System.String">c:\downloads\consoleapplication2\testproject2\bin\debug\testproject2.dll</storage><projectData type="Microsoft.VisualStudio.TestTools.Common.ProjectData"><id type="System.Guid">087a098d-18f5-4600-b1e1-7a4bbfae9b7b</id><projectName type="System.String">TestProject2</projectName><solutionName type="System.String">ConsoleApplication2</solutionName><projectRelativePath type="System.String">TestProject2\TestProject2.csproj</projectRelativePath></projectData><m_nonRunnableReason type="System.String" /></value><key type="Microsoft.VisualStudio.TestTools.Common.TestId"><id type="System.Guid">0e21c245-348c-7885-cbc3-b223bda017e2</id></key><value type="Microsoft.VisualStudio.TestTools.TestTypes.Unit.UnitTestElement, Microsoft.VisualStudio.QualityTools.Tips.UnitTest.ObjectModel, Version=8.0.0.0, Culture=neutral, PublicKeyToken=b03f5f7f11d50a3a"><codeBase type="System.String">C:\Downloads\ConsoleApplication2\TestProject2\bin\Debug\TestProject2.dll</codeBase><adapterTypeName type="System.String">Microsoft.VisualStudio.TestTools.TestTypes.Unit.UnitTestAdapter, Microsoft.VisualStudio.QualityTools.Tips.UnitTest.Adapter, Version=8.0.0.0, Culture=neutral, PublicKeyToken=b03f5f7f11d50a3a</adapterTypeName><testMethod type="Microsoft.VisualStudio.TestTools.TestTypes.Unit.TestMethod, Microsoft.VisualStudio.QualityTools.Tips.UnitTest.ObjectModel, Version=8.0.0.0, Culture=neutral, PublicKeyToken=b03f5f7f11d50a3a"><className type="System.String">TestProject2.CWMVersionsTest, TestProject2</className><name type="System.String">ConstructorTest</name><expectedExceptionMessage type="System.String" /><isValid type="System.Boolean">False</isValid></testMethod><aspNetDevServers type="System.Collections.Generic.List`1[[Microsoft.VisualStudio.TestTools.Common.AspNetDevelopmentServer, Microsoft.VisualStudio.QualityTools.Common, Version=8.0.0.0, Culture=neutral, PublicKeyToken=b03f5f7f11d50a3a]]"><_size type="System.Int32">0</_size><_version type="System.Int32">0</_version></aspNetDevServers><dataAccessMethod type="Microsoft.VisualStudio.TestTools.UnitTesting.DataAccessMethod, Microsoft.VisualStudio.QualityTools.UnitTestFramework, Version=8.0.0.0, Culture=neutral, PublicKeyToken=b03f5f7f11d50a3a"><value__ type="System.Int32">0</value__></dataAccessMethod><cssProjectStructure type="System.String" /><isRunOnRestart type="System.Boolean">False</isRunOnRestart><timeOut type="System.Int32">0</timeOut><isGroupable type="System.Boolean">True</isGroupable><abortRunOnAgentFailure type="System.Boolean">False</abortRunOnAgentFailure><cssIteration type="System.String" /><workItemIds type="System.Collections.Generic.List`1[[System.Int32, mscorlib, Version=2.0.0.0, Culture=neutral, PublicKeyToken=b77a5c561934e089]]"><_size type="System.Int32">0</_size><_version type="System.Int32">1</_version></workItemIds><id type="Microsoft.VisualStudio.TestTools.Common.TestId"><id type="System.Guid">0e21c245-348c-7885-cbc3-b223bda017e2</id></id><name type="System.String">ConstructorTest</name><description type="System.String" /><enabled type="System.Boolean">True</enabled><owner type="System.String" /><priority type="System.Int32">0</priority><executionId type="Microsoft.VisualStudio.TestTools.Common.TestExecId"><id type="System.Guid">00000000-0000-0000-0000-000000000000</id></executionId><parentExecutId type="Microsoft.VisualStudio.TestTools.Common.TestExecId"><id type="System.Guid">00000000-0000-0000-0000-000000000000</id></parentExecutId><deploymentItems type="Microsoft.VisualStudio.TestTools.Common.DeploymentItemCollection" /><agentAttributes type="System.Collections.Specialized.StringDictionary, System, Version=2.0.0.0, Culture=neutral, PublicKeyToken=b77a5c561934e089" /><storage type="System.String">c:\downloads\consoleapplication2\testproject2\bin\debug\testproject2.dll</storage><projectData type="Microsoft.VisualStudio.TestTools.Common.ProjectData"><id type="System.Guid">087a098d-18f5-4600-b1e1-7a4bbfae9b7b</id><projectName type="System.String">TestProject2</projectName><solutionName type="System.String">ConsoleApplication2</solutionName><projectRelativePath type="System.String">TestProject2\TestProject2.csproj</projectRelativePath></projectData><m_nonRunnableReason type="System.String" /></value><key type="Microsoft.VisualStudio.TestTools.Common.TestId"><id type="System.Guid">965e0dd4-b4ef-60dd-daab-4c5631af3ffb</id></key><value type="Microsoft.VisualStudio.TestTools.TestTypes.Unit.UnitTestElement, Microsoft.VisualStudio.QualityTools.Tips.UnitTest.ObjectModel, Version=8.0.0.0, Culture=neutral, PublicKeyToken=b03f5f7f11d50a3a"><codeBase type="System.String">C:\Downloads\ConsoleApplication2\TestProject2\bin\Debug\TestProject2.dll</codeBase><adapterTypeName type="System.String">Microsoft.VisualStudio.TestTools.TestTypes.Unit.UnitTestAdapter, Microsoft.VisualStudio.QualityTools.Tips.UnitTest.Adapter, Version=8.0.0.0, Culture=neutral, PublicKeyToken=b03f5f7f11d50a3a</adapterTypeName><testMethod type="Microsoft.VisualStudio.TestTools.TestTypes.Unit.TestMethod, Microsoft.VisualStudio.QualityTools.Tips.UnitTest.ObjectModel, Version=8.0.0.0, Culture=neutral, PublicKeyToken=b03f5f7f11d50a3a"><className type="System.String">TestProject2.CWMVersionsTest, TestProject2</className><name type="System.String">ItemTest</name><expectedExceptionMessage type="System.String" /><isValid type="System.Boolean">False</isValid></testMethod><aspNetDevServers type="System.Collections.Generic.List`1[[Microsoft.VisualStudio.TestTools.Common.AspNetDevelopmentServer, Microsoft.VisualStudio.QualityTools.Common, Version=8.0.0.0, Culture=neutral, PublicKeyToken=b03f5f7f11d50a3a]]"><_size type="System.Int32">0</_size><_version type="System.Int32">0</_version></aspNetDevServers><dataAccessMethod type="Microsoft.VisualStudio.TestTools.UnitTesting.DataAccessMethod, Microsoft.VisualStudio.QualityTools.UnitTestFramework, Version=8.0.0.0, Culture=neutral, PublicKeyToken=b03f5f7f11d50a3a"><value__ type="System.Int32">0</value__></dataAccessMethod><cssProjectStructure type="System.String" /><isRunOnRestart type="System.Boolean">False</isRunOnRestart><timeOut type="System.Int32">0</timeOut><isGroupable type="System.Boolean">True</isGroupable><abortRunOnAgentFailure type="System.Boolean">False</abortRunOnAgentFailure><cssIteration type="System.String" /><workItemIds type="System.Collections.Generic.List`1[[System.Int32, mscorlib, Version=2.0.0.0, Culture=neutral, PublicKeyToken=b77a5c561934e089]]"><_size type="System.Int32">0</_size><_version type="System.Int32">1</_version></workItemIds><id type="Microsoft.VisualStudio.TestTools.Common.TestId"><id type="System.Guid">965e0dd4-b4ef-60dd-daab-4c5631af3ffb</id></id><name type="System.String">ItemTest</name><description type="System.String" /><enabled type="System.Boolean">True</enabled><owner type="System.String" /><priority type="System.Int32">0</priority><executionId type="Microsoft.VisualStudio.TestTools.Common.TestExecId"><id type="System.Guid">00000000-0000-0000-0000-000000000000</id></executionId><parentExecutId type="Microsoft.VisualStudio.TestTools.Common.TestExecId"><id type="System.Guid">00000000-0000-0000-0000-000000000000</id></parentExecutId><deploymentItems type="Microsoft.VisualStudio.TestTools.Common.DeploymentItemCollection" /><agentAttributes type="System.Collections.Specialized.StringDictionary, System, Version=2.0.0.0, Culture=neutral, PublicKeyToken=b77a5c561934e089" /><storage type="System.String">c:\downloads\consoleapplication2\testproject2\bin\debug\testproject2.dll</storage><projectData type="Microsoft.VisualStudio.TestTools.Common.ProjectData"><id type="System.Guid">087a098d-18f5-4600-b1e1-7a4bbfae9b7b</id><projectName type="System.String">TestProject2</projectName><solutionName type="System.String">ConsoleApplication2</solutionName><projectRelativePath type="System.String">TestProject2\TestProject2.csproj</projectRelativePath></projectData><m_nonRunnableReason type="System.String" /></value></tests><categories type="System.Collections.Hashtable"><key type="Microsoft.VisualStudio.TestTools.Common.TestCategoryId"><id type="System.Guid">8c84fa94-04c1-424b-9868-57a2d4851a1d</id></key><value type="Microsoft.VisualStudio.TestTools.Common.TestCategory"><id type="Microsoft.VisualStudio.TestTools.Common.TestCategoryId"><id type="System.Guid">8c84fa94-04c1-424b-9868-57a2d4851a1d</id></id><name type="System.String">Results Not in a List</name><description type="System.String" /><enabled type="System.Boolean">True</enabled><parentCategoryId type="Microsoft.VisualStudio.TestTools.Common.TestCategoryId"><id type="System.Guid">00000000-0000-0000-0000-000000000000</id></parentCategoryId></value><key type="Microsoft.VisualStudio.TestTools.Common.TestCategoryId"><id type="System.Guid">19431567-8539-422a-85d7-44ee4e166bda</id></key><value type="Microsoft.VisualStudio.TestTools.Common.TestCategory"><id type="Microsoft.VisualStudio.TestTools.Common.TestCategoryId"><id type="System.Guid">19431567-8539-422a-85d7-44ee4e166bda</id></id><name type="System.String">All Loaded Results</name><description type="System.String" /><enabled type="System.Boolean">True</enabled><parentCategoryId type="Microsoft.VisualStudio.TestTools.Common.TestCategoryId"><id type="System.Guid">00000000-0000-0000-0000-000000000000</id></parentCategoryId></value></categories><entries type="Microsoft.VisualStudio.TestTools.Common.TestEntry[]"><element type="Microsoft.VisualStudio.TestTools.Common.TestEntry"><m_testId type="Microsoft.VisualStudio.TestTools.Common.TestId"><id type="System.Guid">b5972d34-ce91-faf3-1382-d172a2430324</id></m_testId><m_execId type="Microsoft.VisualStudio.TestTools.Common.TestExecId"><id type="System.Guid">fb135525-3dec-4978-bb11-170be75affba</id></m_execId><m_parentExecId type="Microsoft.VisualStudio.TestTools.Common.TestExecId"><id type="System.Guid">00000000-0000-0000-0000-000000000000</id></m_parentExecId><m_categoryId type="Microsoft.VisualStudio.TestTools.Common.TestCategoryId"><id type="System.Guid">8c84fa94-04c1-424b-9868-57a2d4851a1d</id></m_categoryId><m_isTransparent type="System.Boolean">True</m_isTransparent></element><element type="Microsoft.VisualStudio.TestTools.Common.TestEntry"><m_testId type="Microsoft.VisualStudio.TestTools.Common.TestId"><id type="System.Guid">e7528015-dc97-da47-47a2-bb559ffc379e</id></m_testId><m_execId type="Microsoft.VisualStudio.TestTools.Common.TestExecId"><id type="System.Guid">93deba46-bc77-4146-9d9f-f18b08187ec9</id></m_execId><m_parentExecId type="Microsoft.VisualStudio.TestTools.Common.TestExecId"><id type="System.Guid">00000000-0000-0000-0000-000000000000</id></m_parentExecId><m_categoryId type="Microsoft.VisualStudio.TestTools.Common.TestCategoryId"><id type="System.Guid">8c84fa94-04c1-424b-9868-57a2d4851a1d</id></m_categoryId><m_isTransparent type="System.Boolean">True</m_isTransparent></element><element type="Microsoft.VisualStudio.TestTools.Common.TestEntry"><m_testId type="Microsoft.VisualStudio.TestTools.Common.TestId"><id type="System.Guid">716d4a0b-8fb2-3048-1eea-ce3d4ca89880</id></m_testId><m_execId type="Microsoft.VisualStudio.TestTools.Common.TestExecId"><id type="System.Guid">32ed07b0-c6b4-4ba2-b98a-ff1d84320cf4</id></m_execId><m_parentExecId type="Microsoft.VisualStudio.TestTools.Common.TestExecId"><id type="System.Guid">00000000-0000-0000-0000-000000000000</id></m_parentExecId><m_categoryId type="Microsoft.VisualStudio.TestTools.Common.TestCategoryId"><id type="System.Guid">8c84fa94-04c1-424b-9868-57a2d4851a1d</id></m_categoryId><m_isTransparent type="System.Boolean">True</m_isTransparent></element><element type="Microsoft.VisualStudio.TestTools.Common.TestEntry"><m_testId type="Microsoft.VisualStudio.TestTools.Common.TestId"><id type="System.Guid">fc18b0c4-3520-ba5b-67a5-2b1d4a06f1be</id></m_testId><m_execId type="Microsoft.VisualStudio.TestTools.Common.TestExecId"><id type="System.Guid">6c34ae46-8f61-45c1-a760-2b814c36f32c</id></m_execId><m_parentExecId type="Microsoft.VisualStudio.TestTools.Common.TestExecId"><id type="System.Guid">00000000-0000-0000-0000-000000000000</id></m_parentExecId><m_categoryId type="Microsoft.VisualStudio.TestTools.Common.TestCategoryId"><id type="System.Guid">8c84fa94-04c1-424b-9868-57a2d4851a1d</id></m_categoryId><m_isTransparent type="System.Boolean">True</m_isTransparent></element><element type="Microsoft.VisualStudio.TestTools.Common.TestEntry"><m_testId type="Microsoft.VisualStudio.TestTools.Common.TestId"><id type="System.Guid">f6499719-4163-d4ef-b153-774c77898316</id></m_testId><m_execId type="Microsoft.VisualStudio.TestTools.Common.TestExecId"><id type="System.Guid">ed21f192-221c-4093-a8ab-01dc64a6cc46</id></m_execId><m_parentExecId type="Microsoft.VisualStudio.TestTools.Common.TestExecId"><id type="System.Guid">00000000-0000-0000-0000-000000000000</id></m_parentExecId><m_categoryId type="Microsoft.VisualStudio.TestTools.Common.TestCategoryId"><id type="System.Guid">8c84fa94-04c1-424b-9868-57a2d4851a1d</id></m_categoryId><m_isTransparent type="System.Boolean">True</m_isTransparent></element><element type="Microsoft.VisualStudio.TestTools.Common.TestEntry"><m_testId type="Microsoft.VisualStudio.TestTools.Common.TestId"><id type="System.Guid">a33ab438-cba2-16b5-8956-ae8a86628649</id></m_testId><m_execId type="Microsoft.VisualStudio.TestTools.Common.TestExecId"><id type="System.Guid">a89c4717-d9e2-486f-915b-3c1ce5c80432</id></m_execId><m_parentExecId type="Microsoft.VisualStudio.TestTools.Common.TestExecId"><id type="System.Guid">00000000-0000-0000-0000-000000000000</id></m_parentExecId><m_categoryId type="Microsoft.VisualStudio.TestTools.Common.TestCategoryId"><id type="System.Guid">8c84fa94-04c1-424b-9868-57a2d4851a1d</id></m_categoryId><m_isTransparent type="System.Boolean">True</m_isTransparent></element><element type="Microsoft.VisualStudio.TestTools.Common.TestEntry"><m_testId type="Microsoft.VisualStudio.TestTools.Common.TestId"><id type="System.Guid">97623ca9-dedd-afba-bf44-bfb74554a62b</id></m_testId><m_execId type="Microsoft.VisualStudio.TestTools.Common.TestExecId"><id type="System.Guid">8b2adb71-e86b-470d-b479-3821b4650e12</id></m_execId><m_parentExecId type="Microsoft.VisualStudio.TestTools.Common.TestExecId"><id type="System.Guid">00000000-0000-0000-0000-000000000000</id></m_parentExecId><m_categoryId type="Microsoft.VisualStudio.TestTools.Common.TestCategoryId"><id type="System.Guid">8c84fa94-04c1-424b-9868-57a2d4851a1d</id></m_categoryId><m_isTransparent type="System.Boolean">True</m_isTransparent></element><element type="Microsoft.VisualStudio.TestTools.Common.TestEntry"><m_testId type="Microsoft.VisualStudio.TestTools.Common.TestId"><id type="System.Guid">c4eb5596-21b6-f036-e441-40acc16db70d</id></m_testId><m_execId type="Microsoft.VisualStudio.TestTools.Common.TestExecId"><id type="System.Guid">c4fa9fed-636d-4ce5-9d43-42e4d18f101e</id></m_execId><m_parentExecId type="Microsoft.VisualStudio.TestTools.Common.TestExecId"><id type="System.Guid">00000000-0000-0000-0000-000000000000</id></m_parentExecId><m_categoryId type="Microsoft.VisualStudio.TestTools.Common.TestCategoryId"><id type="System.Guid">8c84fa94-04c1-424b-9868-57a2d4851a1d</id></m_categoryId><m_isTransparent type="System.Boolean">True</m_isTransparent></element><element type="Microsoft.VisualStudio.TestTools.Common.TestEntry"><m_testId type="Microsoft.VisualStudio.TestTools.Common.TestId"><id type="System.Guid">c0aa195c-df63-1046-c42e-6a2d83320b4d</id></m_testId><m_execId type="Microsoft.VisualStudio.TestTools.Common.TestExecId"><id type="System.Guid">5463e3cb-73e6-4247-a970-69c65ad81cbe</id></m_execId><m_parentExecId type="Microsoft.VisualStudio.TestTools.Common.TestExecId"><id type="System.Guid">00000000-0000-0000-0000-000000000000</id></m_parentExecId><m_categoryId type="Microsoft.VisualStudio.TestTools.Common.TestCategoryId"><id type="System.Guid">8c84fa94-04c1-424b-9868-57a2d4851a1d</id></m_categoryId><m_isTransparent type="System.Boolean">True</m_isTransparent></element><element type="Microsoft.VisualStudio.TestTools.Common.TestEntry"><m_testId type="Microsoft.VisualStudio.TestTools.Common.TestId"><id type="System.Guid">ec90c178-9d20-b1f3-e7ef-6c06d6dc77ef</id></m_testId><m_execId type="Microsoft.VisualStudio.TestTools.Common.TestExecId"><id type="System.Guid">e8f3b2bb-2145-4c25-9e9a-a7715edc6ddc</id></m_execId><m_parentExecId type="Microsoft.VisualStudio.TestTools.Common.TestExecId"><id type="System.Guid">00000000-0000-0000-0000-000000000000</id></m_parentExecId><m_categoryId type="Microsoft.VisualStudio.TestTools.Common.TestCategoryId"><id type="System.Guid">8c84fa94-04c1-424b-9868-57a2d4851a1d</id></m_categoryId><m_isTransparent type="System.Boolean">True</m_isTransparent></element><element type="Microsoft.VisualStudio.TestTools.Common.TestEntry"><m_testId type="Microsoft.VisualStudio.TestTools.Common.TestId"><id type="System.Guid">8006ca2c-9dbf-7f65-147a-a8a109f856b3</id></m_testId><m_execId type="Microsoft.VisualStudio.TestTools.Common.TestExecId"><id type="System.Guid">5d5bc877-ad78-4675-8fff-a84ce0161bfe</id></m_execId><m_parentExecId type="Microsoft.VisualStudio.TestTools.Common.TestExecId"><id type="System.Guid">00000000-0000-0000-0000-000000000000</id></m_parentExecId><m_categoryId type="Microsoft.VisualStudio.TestTools.Common.TestCategoryId"><id type="System.Guid">8c84fa94-04c1-424b-9868-57a2d4851a1d</id></m_categoryId><m_isTransparent type="System.Boolean">True</m_isTransparent></element><element type="Microsoft.VisualStudio.TestTools.Common.TestEntry"><m_testId type="Microsoft.VisualStudio.TestTools.Common.TestId"><id type="System.Guid">c7580dcf-f9ff-e968-ea6e-b0da4918be2e</id></m_testId><m_execId type="Microsoft.VisualStudio.TestTools.Common.TestExecId"><id type="System.Guid">40a3bd46-2b29-4d87-a48d-216beee095d8</id></m_execId><m_parentExecId type="Microsoft.VisualStudio.TestTools.Common.TestExecId"><id type="System.Guid">00000000-0000-0000-0000-000000000000</id></m_parentExecId><m_categoryId type="Microsoft.VisualStudio.TestTools.Common.TestCategoryId"><id type="System.Guid">8c84fa94-04c1-424b-9868-57a2d4851a1d</id></m_categoryId><m_isTransparent type="System.Boolean">True</m_isTransparent></element><element type="Microsoft.VisualStudio.TestTools.Common.TestEntry"><m_testId type="Microsoft.VisualStudio.TestTools.Common.TestId"><id type="System.Guid">d3f58df7-a8aa-51df-0aab-71c1bba3abd0</id></m_testId><m_execId type="Microsoft.VisualStudio.TestTools.Common.TestExecId"><id type="System.Guid">fe9ed305-8089-4419-bc40-69b07551c277</id></m_execId><m_parentExecId type="Microsoft.VisualStudio.TestTools.Common.TestExecId"><id type="System.Guid">00000000-0000-0000-0000-000000000000</id></m_parentExecId><m_categoryId type="Microsoft.VisualStudio.TestTools.Common.TestCategoryId"><id type="System.Guid">8c84fa94-04c1-424b-9868-57a2d4851a1d</id></m_categoryId><m_isTransparent type="System.Boolean">True</m_isTransparent></element><element type="Microsoft.VisualStudio.TestTools.Common.TestEntry"><m_testId type="Microsoft.VisualStudio.TestTools.Common.TestId"><id type="System.Guid">d752c84b-0fa3-c3ea-a8f6-6ee7d6614433</id></m_testId><m_execId type="Microsoft.VisualStudio.TestTools.Common.TestExecId"><id type="System.Guid">432da76f-a957-4864-9b1e-dab302952ab8</id></m_execId><m_parentExecId type="Microsoft.VisualStudio.TestTools.Common.TestExecId"><id type="System.Guid">00000000-0000-0000-0000-000000000000</id></m_parentExecId><m_categoryId type="Microsoft.VisualStudio.TestTools.Common.TestCategoryId"><id type="System.Guid">8c84fa94-04c1-424b-9868-57a2d4851a1d</id></m_categoryId><m_isTransparent type="System.Boolean">True</m_isTransparent></element><element type="Microsoft.VisualStudio.TestTools.Common.TestEntry"><m_testId type="Microsoft.VisualStudio.TestTools.Common.TestId"><id type="System.Guid">9a3ecbeb-eb4a-5ac7-dd92-832228276eae</id></m_testId><m_execId type="Microsoft.VisualStudio.TestTools.Common.TestExecId"><id type="System.Guid">6347fb05-0289-46fd-8ad0-d66b317bee5a</id></m_execId><m_parentExecId type="Microsoft.VisualStudio.TestTools.Common.TestExecId"><id type="System.Guid">00000000-0000-0000-0000-000000000000</id></m_parentExecId><m_categoryId type="Microsoft.VisualStudio.TestTools.Common.TestCategoryId"><id type="System.Guid">8c84fa94-04c1-424b-9868-57a2d4851a1d</id></m_categoryId><m_isTransparent type="System.Boolean">True</m_isTransparent></element><element type="Microsoft.VisualStudio.TestTools.Common.TestEntry"><m_testId type="Microsoft.VisualStudio.TestTools.Common.TestId"><id type="System.Guid">dad2dddf-175a-b140-4328-4871d2191d18</id></m_testId><m_execId type="Microsoft.VisualStudio.TestTools.Common.TestExecId"><id type="System.Guid">dda69b2d-8da7-4274-9360-3d4b46265ec0</id></m_execId><m_parentExecId type="Microsoft.VisualStudio.TestTools.Common.TestExecId"><id type="System.Guid">00000000-0000-0000-0000-000000000000</id></m_parentExecId><m_categoryId type="Microsoft.VisualStudio.TestTools.Common.TestCategoryId"><id type="System.Guid">8c84fa94-04c1-424b-9868-57a2d4851a1d</id></m_categoryId><m_isTransparent type="System.Boolean">True</m_isTransparent></element><element type="Microsoft.VisualStudio.TestTools.Common.TestEntry"><m_testId type="Microsoft.VisualStudio.TestTools.Common.TestId"><id type="System.Guid">d091d16b-b06c-ced5-122a-9b438b859d20</id></m_testId><m_execId type="Microsoft.VisualStudio.TestTools.Common.TestExecId"><id type="System.Guid">1fd03d48-764d-48e1-8942-a9487cbd2320</id></m_execId><m_parentExecId type="Microsoft.VisualStudio.TestTools.Common.TestExecId"><id type="System.Guid">00000000-0000-0000-0000-000000000000</id></m_parentExecId><m_categoryId type="Microsoft.VisualStudio.TestTools.Common.TestCategoryId"><id type="System.Guid">8c84fa94-04c1-424b-9868-57a2d4851a1d</id></m_categoryId><m_isTransparent type="System.Boolean">True</m_isTransparent></element><element type="Microsoft.VisualStudio.TestTools.Common.TestEntry"><m_testId type="Microsoft.VisualStudio.TestTools.Common.TestId"><id type="System.Guid">ba35bdcb-9db0-ee0e-2d0d-918edbf9c45d</id></m_testId><m_execId type="Microsoft.VisualStudio.TestTools.Common.TestExecId"><id type="System.Guid">be67e8ae-e407-45e0-80d1-f6ff8ea288ac</id></m_execId><m_parentExecId type="Microsoft.VisualStudio.TestTools.Common.TestExecId"><id type="System.Guid">00000000-0000-0000-0000-000000000000</id></m_parentExecId><m_categoryId type="Microsoft.VisualStudio.TestTools.Common.TestCategoryId"><id type="System.Guid">8c84fa94-04c1-424b-9868-57a2d4851a1d</id></m_categoryId><m_isTransparent type="System.Boolean">True</m_isTransparent></element><element type="Microsoft.VisualStudio.TestTools.Common.TestEntry"><m_testId type="Microsoft.VisualStudio.TestTools.Common.TestId"><id type="System.Guid">15969bb8-37c0-0537-3f75-b1fe80cfb4da</id></m_testId><m_execId type="Microsoft.VisualStudio.TestTools.Common.TestExecId"><id type="System.Guid">ebc242d6-882e-404c-9ba1-fee0ed057145</id></m_execId><m_parentExecId type="Microsoft.VisualStudio.TestTools.Common.TestExecId"><id type="System.Guid">00000000-0000-0000-0000-000000000000</id></m_parentExecId><m_categoryId type="Microsoft.VisualStudio.TestTools.Common.TestCategoryId"><id type="System.Guid">8c84fa94-04c1-424b-9868-57a2d4851a1d</id></m_categoryId><m_isTransparent type="System.Boolean">True</m_isTransparent></element><element type="Microsoft.VisualStudio.TestTools.Common.TestEntry"><m_testId type="Microsoft.VisualStudio.TestTools.Common.TestId"><id type="System.Guid">cdeb0dac-62f9-8244-6149-427ad6cf294a</id></m_testId><m_execId type="Microsoft.VisualStudio.TestTools.Common.TestExecId"><id type="System.Guid">b851b7a4-5e02-43ac-8700-40c70cd11d35</id></m_execId><m_parentExecId type="Microsoft.VisualStudio.TestTools.Common.TestExecId"><id type="System.Guid">00000000-0000-0000-0000-000000000000</id></m_parentExecId><m_categoryId type="Microsoft.VisualStudio.TestTools.Common.TestCategoryId"><id type="System.Guid">8c84fa94-04c1-424b-9868-57a2d4851a1d</id></m_categoryId><m_isTransparent type="System.Boolean">True</m_isTransparent></element><element type="Microsoft.VisualStudio.TestTools.Common.TestEntry"><m_testId type="Microsoft.VisualStudio.TestTools.Common.TestId"><id type="System.Guid">21e65718-b1ca-292e-308d-ff113ba37072</id></m_testId><m_execId type="Microsoft.VisualStudio.TestTools.Common.TestExecId"><id type="System.Guid">785355de-e330-4570-b302-eb5234191ae1</id></m_execId><m_parentExecId type="Microsoft.VisualStudio.TestTools.Common.TestExecId"><id type="System.Guid">00000000-0000-0000-0000-000000000000</id></m_parentExecId><m_categoryId type="Microsoft.VisualStudio.TestTools.Common.TestCategoryId"><id type="System.Guid">8c84fa94-04c1-424b-9868-57a2d4851a1d</id></m_categoryId><m_isTransparent type="System.Boolean">True</m_isTransparent></element><element type="Microsoft.VisualStudio.TestTools.Common.TestEntry"><m_testId type="Microsoft.VisualStudio.TestTools.Common.TestId"><id type="System.Guid">322da1f8-92cb-bccb-877c-aff5e53d9e66</id></m_testId><m_execId type="Microsoft.VisualStudio.TestTools.Common.TestExecId"><id type="System.Guid">405be840-570c-4d51-a447-522c1d935776</id></m_execId><m_parentExecId type="Microsoft.VisualStudio.TestTools.Common.TestExecId"><id type="System.Guid">00000000-0000-0000-0000-000000000000</id></m_parentExecId><m_categoryId type="Microsoft.VisualStudio.TestTools.Common.TestCategoryId"><id type="System.Guid">8c84fa94-04c1-424b-9868-57a2d4851a1d</id></m_categoryId><m_isTransparent type="System.Boolean">True</m_isTransparent></element><element type="Microsoft.VisualStudio.TestTools.Common.TestEntry"><m_testId type="Microsoft.VisualStudio.TestTools.Common.TestId"><id type="System.Guid">f91fdc7e-5f0d-aa2c-746b-02250f3863f5</id></m_testId><m_execId type="Microsoft.VisualStudio.TestTools.Common.TestExecId"><id type="System.Guid">7e5279a6-31f3-43a8-86f6-b3cc2006a106</id></m_execId><m_parentExecId type="Microsoft.VisualStudio.TestTools.Common.TestExecId"><id type="System.Guid">00000000-0000-0000-0000-000000000000</id></m_parentExecId><m_categoryId type="Microsoft.VisualStudio.TestTools.Common.TestCategoryId"><id type="System.Guid">8c84fa94-04c1-424b-9868-57a2d4851a1d</id></m_categoryId><m_isTransparent type="System.Boolean">True</m_isTransparent></element><element type="Microsoft.VisualStudio.TestTools.Common.TestEntry"><m_testId type="Microsoft.VisualStudio.TestTools.Common.TestId"><id type="System.Guid">81c2fba1-c32d-245d-6ed4-406abdd804cc</id></m_testId><m_execId type="Microsoft.VisualStudio.TestTools.Common.TestExecId"><id type="System.Guid">816e2113-26e9-48ff-9ab2-228d97bdb1c3</id></m_execId><m_parentExecId type="Microsoft.VisualStudio.TestTools.Common.TestExecId"><id type="System.Guid">00000000-0000-0000-0000-000000000000</id></m_parentExecId><m_categoryId type="Microsoft.VisualStudio.TestTools.Common.TestCategoryId"><id type="System.Guid">8c84fa94-04c1-424b-9868-57a2d4851a1d</id></m_categoryId><m_isTransparent type="System.Boolean">True</m_isTransparent></element><element type="Microsoft.VisualStudio.TestTools.Common.TestEntry"><m_testId type="Microsoft.VisualStudio.TestTools.Common.TestId"><id type="System.Guid">eeff4375-53a4-a783-c45f-66986e8057a6</id></m_testId><m_execId type="Microsoft.VisualStudio.TestTools.Common.TestExecId"><id type="System.Guid">540ae560-3304-410e-aeb9-a0c767b9625e</id></m_execId><m_parentExecId type="Microsoft.VisualStudio.TestTools.Common.TestExecId"><id type="System.Guid">00000000-0000-0000-0000-000000000000</id></m_parentExecId><m_categoryId type="Microsoft.VisualStudio.TestTools.Common.TestCategoryId"><id type="System.Guid">8c84fa94-04c1-424b-9868-57a2d4851a1d</id></m_categoryId><m_isTransparent type="System.Boolean">True</m_isTransparent></element><element type="Microsoft.VisualStudio.TestTools.Common.TestEntry"><m_testId type="Microsoft.VisualStudio.TestTools.Common.TestId"><id type="System.Guid">01a5f2d3-193b-526d-e294-40a3149cf9cb</id></m_testId><m_execId type="Microsoft.VisualStudio.TestTools.Common.TestExecId"><id type="System.Guid">edf4432d-7483-4847-af38-0ad614a743d9</id></m_execId><m_parentExecId type="Microsoft.VisualStudio.TestTools.Common.TestExecId"><id type="System.Guid">00000000-0000-0000-0000-000000000000</id></m_parentExecId><m_categoryId type="Microsoft.VisualStudio.TestTools.Common.TestCategoryId"><id type="System.Guid">8c84fa94-04c1-424b-9868-57a2d4851a1d</id></m_categoryId><m_isTransparent type="System.Boolean">True</m_isTransparent></element><element type="Microsoft.VisualStudio.TestTools.Common.TestEntry"><m_testId type="Microsoft.VisualStudio.TestTools.Common.TestId"><id type="System.Guid">e6d1594b-40a2-4911-c853-0289cae0360d</id></m_testId><m_execId type="Microsoft.VisualStudio.TestTools.Common.TestExecId"><id type="System.Guid">9b089a2d-4b2e-4fd7-9974-ac03a3135677</id></m_execId><m_parentExecId type="Microsoft.VisualStudio.TestTools.Common.TestExecId"><id type="System.Guid">00000000-0000-0000-0000-000000000000</id></m_parentExecId><m_categoryId type="Microsoft.VisualStudio.TestTools.Common.TestCategoryId"><id type="System.Guid">8c84fa94-04c1-424b-9868-57a2d4851a1d</id></m_categoryId><m_isTransparent type="System.Boolean">True</m_isTransparent></element><element type="Microsoft.VisualStudio.TestTools.Common.TestEntry"><m_testId type="Microsoft.VisualStudio.TestTools.Common.TestId"><id type="System.Guid">c6b0fd5b-acac-4b87-8c17-0ccf3a4649f1</id></m_testId><m_execId type="Microsoft.VisualStudio.TestTools.Common.TestExecId"><id type="System.Guid">b006dbbc-5a46-4c0d-82a3-7990448ae334</id></m_execId><m_parentExecId type="Microsoft.VisualStudio.TestTools.Common.TestExecId"><id type="System.Guid">00000000-0000-0000-0000-000000000000</id></m_parentExecId><m_categoryId type="Microsoft.VisualStudio.TestTools.Common.TestCategoryId"><id type="System.Guid">8c84fa94-04c1-424b-9868-57a2d4851a1d</id></m_categoryId><m_isTransparent type="System.Boolean">True</m_isTransparent></element><element type="Microsoft.VisualStudio.TestTools.Common.TestEntry"><m_testId type="Microsoft.VisualStudio.TestTools.Common.TestId"><id type="System.Guid">40451d2f-8fe8-0ef0-d9c2-c5d75097e7e4</id></m_testId><m_execId type="Microsoft.VisualStudio.TestTools.Common.TestExecId"><id type="System.Guid">e7c803d2-5fc5-4845-a816-c0f42f73fc2f</id></m_execId><m_parentExecId type="Microsoft.VisualStudio.TestTools.Common.TestExecId"><id type="System.Guid">00000000-0000-0000-0000-000000000000</id></m_parentExecId><m_categoryId type="Microsoft.VisualStudio.TestTools.Common.TestCategoryId"><id type="System.Guid">8c84fa94-04c1-424b-9868-57a2d4851a1d</id></m_categoryId><m_isTransparent type="System.Boolean">True</m_isTransparent></element><element type="Microsoft.VisualStudio.TestTools.Common.TestEntry"><m_testId type="Microsoft.VisualStudio.TestTools.Common.TestId"><id type="System.Guid">264eb270-0de5-b389-458b-471d55dad441</id></m_testId><m_execId type="Microsoft.VisualStudio.TestTools.Common.TestExecId"><id type="System.Guid">03357372-420e-4494-878a-a784c79d56ab</id></m_execId><m_parentExecId type="Microsoft.VisualStudio.TestTools.Common.TestExecId"><id type="System.Guid">00000000-0000-0000-0000-000000000000</id></m_parentExecId><m_categoryId type="Microsoft.VisualStudio.TestTools.Common.TestCategoryId"><id type="System.Guid">8c84fa94-04c1-424b-9868-57a2d4851a1d</id></m_categoryId><m_isTransparent type="System.Boolean">True</m_isTransparent></element><element type="Microsoft.VisualStudio.TestTools.Common.TestEntry"><m_testId type="Microsoft.VisualStudio.TestTools.Common.TestId"><id type="System.Guid">7c3c1947-2701-d50d-75df-ba51b311eebe</id></m_testId><m_execId type="Microsoft.VisualStudio.TestTools.Common.TestExecId"><id type="System.Guid">47d9f937-7aad-45b3-97a3-1b3c03ba5a89</id></m_execId><m_parentExecId type="Microsoft.VisualStudio.TestTools.Common.TestExecId"><id type="System.Guid">00000000-0000-0000-0000-000000000000</id></m_parentExecId><m_categoryId type="Microsoft.VisualStudio.TestTools.Common.TestCategoryId"><id type="System.Guid">8c84fa94-04c1-424b-9868-57a2d4851a1d</id></m_categoryId><m_isTransparent type="System.Boolean">True</m_isTransparent></element><element type="Microsoft.VisualStudio.TestTools.Common.TestEntry"><m_testId type="Microsoft.VisualStudio.TestTools.Common.TestId"><id type="System.Guid">0bdd4102-1828-af99-48fe-ba0cc9508309</id></m_testId><m_execId type="Microsoft.VisualStudio.TestTools.Common.TestExecId"><id type="System.Guid">c0a1ca6b-7d84-44fd-b190-e2e8a5e575c3</id></m_execId><m_parentExecId type="Microsoft.VisualStudio.TestTools.Common.TestExecId"><id type="System.Guid">00000000-0000-0000-0000-000000000000</id></m_parentExecId><m_categoryId type="Microsoft.VisualStudio.TestTools.Common.TestCategoryId"><id type="System.Guid">8c84fa94-04c1-424b-9868-57a2d4851a1d</id></m_categoryId><m_isTransparent type="System.Boolean">True</m_isTransparent></element><element type="Microsoft.VisualStudio.TestTools.Common.TestEntry"><m_testId type="Microsoft.VisualStudio.TestTools.Common.TestId"><id type="System.Guid">104233c9-7bab-310c-32f1-b7ce55682642</id></m_testId><m_execId type="Microsoft.VisualStudio.TestTools.Common.TestExecId"><id type="System.Guid">31913010-9b90-468a-a489-01399db9c990</id></m_execId><m_parentExecId type="Microsoft.VisualStudio.TestTools.Common.TestExecId"><id type="System.Guid">00000000-0000-0000-0000-000000000000</id></m_parentExecId><m_categoryId type="Microsoft.VisualStudio.TestTools.Common.TestCategoryId"><id type="System.Guid">8c84fa94-04c1-424b-9868-57a2d4851a1d</id></m_categoryId><m_isTransparent type="System.Boolean">True</m_isTransparent></element><element type="Microsoft.VisualStudio.TestTools.Common.TestEntry"><m_testId type="Microsoft.VisualStudio.TestTools.Common.TestId"><id type="System.Guid">4bcc1cdc-7130-0b00-e3be-f0fecaa7b050</id></m_testId><m_execId type="Microsoft.VisualStudio.TestTools.Common.TestExecId"><id type="System.Guid">a2b1be0f-eb39-46eb-ba7c-d6884aafc485</id></m_execId><m_parentExecId type="Microsoft.VisualStudio.TestTools.Common.TestExecId"><id type="System.Guid">00000000-0000-0000-0000-000000000000</id></m_parentExecId><m_categoryId type="Microsoft.VisualStudio.TestTools.Common.TestCategoryId"><id type="System.Guid">8c84fa94-04c1-424b-9868-57a2d4851a1d</id></m_categoryId><m_isTransparent type="System.Boolean">True</m_isTransparent></element><element type="Microsoft.VisualStudio.TestTools.Common.TestEntry"><m_testId type="Microsoft.VisualStudio.TestTools.Common.TestId"><id type="System.Guid">f9ac745f-55e5-5ab6-272e-a269a496ea0a</id></m_testId><m_execId type="Microsoft.VisualStudio.TestTools.Common.TestExecId"><id type="System.Guid">51c4d05c-242d-4a29-a441-d92edcd118ed</id></m_execId><m_parentExecId type="Microsoft.VisualStudio.TestTools.Common.TestExecId"><id type="System.Guid">00000000-0000-0000-0000-000000000000</id></m_parentExecId><m_categoryId type="Microsoft.VisualStudio.TestTools.Common.TestCategoryId"><id type="System.Guid">8c84fa94-04c1-424b-9868-57a2d4851a1d</id></m_categoryId><m_isTransparent type="System.Boolean">True</m_isTransparent></element><element type="Microsoft.VisualStudio.TestTools.Common.TestEntry"><m_testId type="Microsoft.VisualStudio.TestTools.Common.TestId"><id type="System.Guid">7542608f-9ae6-dff3-083e-589f3ba4eaca</id></m_testId><m_execId type="Microsoft.VisualStudio.TestTools.Common.TestExecId"><id type="System.Guid">3b47a705-1a76-40dc-9307-4f0f0387c913</id></m_execId><m_parentExecId type="Microsoft.VisualStudio.TestTools.Common.TestExecId"><id type="System.Guid">00000000-0000-0000-0000-000000000000</id></m_parentExecId><m_categoryId type="Microsoft.VisualStudio.TestTools.Common.TestCategoryId"><id type="System.Guid">8c84fa94-04c1-424b-9868-57a2d4851a1d</id></m_categoryId><m_isTransparent type="System.Boolean">True</m_isTransparent></element><element type="Microsoft.VisualStudio.TestTools.Common.TestEntry"><m_testId type="Microsoft.VisualStudio.TestTools.Common.TestId"><id type="System.Guid">03053beb-16f9-71c4-04eb-af0989c376ef</id></m_testId><m_execId type="Microsoft.VisualStudio.TestTools.Common.TestExecId"><id type="System.Guid">1482ec65-1e91-40eb-9e83-4f77110e4315</id></m_execId><m_parentExecId type="Microsoft.VisualStudio.TestTools.Common.TestExecId"><id type="System.Guid">00000000-0000-0000-0000-000000000000</id></m_parentExecId><m_categoryId type="Microsoft.VisualStudio.TestTools.Common.TestCategoryId"><id type="System.Guid">8c84fa94-04c1-424b-9868-57a2d4851a1d</id></m_categoryId><m_isTransparent type="System.Boolean">True</m_isTransparent></element><element type="Microsoft.VisualStudio.TestTools.Common.TestEntry"><m_testId type="Microsoft.VisualStudio.TestTools.Common.TestId"><id type="System.Guid">3d3bcad1-0b5f-1f1d-5cbb-4b6ed44ee1dd</id></m_testId><m_execId type="Microsoft.VisualStudio.TestTools.Common.TestExecId"><id type="System.Guid">d5a244f3-ab85-491a-9d10-5800fe432342</id></m_execId><m_parentExecId type="Microsoft.VisualStudio.TestTools.Common.TestExecId"><id type="System.Guid">00000000-0000-0000-0000-000000000000</id></m_parentExecId><m_categoryId type="Microsoft.VisualStudio.TestTools.Common.TestCategoryId"><id type="System.Guid">8c84fa94-04c1-424b-9868-57a2d4851a1d</id></m_categoryId><m_isTransparent type="System.Boolean">True</m_isTransparent></element><element type="Microsoft.VisualStudio.TestTools.Common.TestEntry"><m_testId type="Microsoft.VisualStudio.TestTools.Common.TestId"><id type="System.Guid">3c90678e-51ec-b483-c6bc-5aed9f0746c3</id></m_testId><m_execId type="Microsoft.VisualStudio.TestTools.Common.TestExecId"><id type="System.Guid">f74bacac-20ab-4ae5-9e8f-3693b555ef20</id></m_execId><m_parentExecId type="Microsoft.VisualStudio.TestTools.Common.TestExecId"><id type="System.Guid">00000000-0000-0000-0000-000000000000</id></m_parentExecId><m_categoryId type="Microsoft.VisualStudio.TestTools.Common.TestCategoryId"><id type="System.Guid">8c84fa94-04c1-424b-9868-57a2d4851a1d</id></m_categoryId><m_isTransparent type="System.Boolean">True</m_isTransparent></element><element type="Microsoft.VisualStudio.TestTools.Common.TestEntry"><m_testId type="Microsoft.VisualStudio.TestTools.Common.TestId"><id type="System.Guid">dbc5eb0e-b78b-901e-4594-cb3c1dd8b3c2</id></m_testId><m_execId type="Microsoft.VisualStudio.TestTools.Common.TestExecId"><id type="System.Guid">457963c2-967b-4a2b-a901-b1424e14e16a</id></m_execId><m_parentExecId type="Microsoft.VisualStudio.TestTools.Common.TestExecId"><id type="System.Guid">00000000-0000-0000-0000-000000000000</id></m_parentExecId><m_categoryId type="Microsoft.VisualStudio.TestTools.Common.TestCategoryId"><id type="System.Guid">8c84fa94-04c1-424b-9868-57a2d4851a1d</id></m_categoryId><m_isTransparent type="System.Boolean">True</m_isTransparent></element><element type="Microsoft.VisualStudio.TestTools.Common.TestEntry"><m_testId type="Microsoft.VisualStudio.TestTools.Common.TestId"><id type="System.Guid">9f11d4d2-960b-8eb8-debf-b70d8e9000e6</id></m_testId><m_execId type="Microsoft.VisualStudio.TestTools.Common.TestExecId"><id type="System.Guid">6441c2a5-9ef4-47a3-9240-8bc888cd5882</id></m_execId><m_parentExecId type="Microsoft.VisualStudio.TestTools.Common.TestExecId"><id type="System.Guid">00000000-0000-0000-0000-000000000000</id></m_parentExecId><m_categoryId type="Microsoft.VisualStudio.TestTools.Common.TestCategoryId"><id type="System.Guid">8c84fa94-04c1-424b-9868-57a2d4851a1d</id></m_categoryId><m_isTransparent type="System.Boolean">True</m_isTransparent></element><element type="Microsoft.VisualStudio.TestTools.Common.TestEntry"><m_testId type="Microsoft.VisualStudio.TestTools.Common.TestId"><id type="System.Guid">8176b07e-8685-9d7c-a506-1bf5749f04e7</id></m_testId><m_execId type="Microsoft.VisualStudio.TestTools.Common.TestExecId"><id type="System.Guid">a9d39e56-ec58-41d4-9158-f9307a31b9cf</id></m_execId><m_parentExecId type="Microsoft.VisualStudio.TestTools.Common.TestExecId"><id type="System.Guid">00000000-0000-0000-0000-000000000000</id></m_parentExecId><m_categoryId type="Microsoft.VisualStudio.TestTools.Common.TestCategoryId"><id type="System.Guid">8c84fa94-04c1-424b-9868-57a2d4851a1d</id></m_categoryId><m_isTransparent type="System.Boolean">True</m_isTransparent></element><element type="Microsoft.VisualStudio.TestTools.Common.TestEntry"><m_testId type="Microsoft.VisualStudio.TestTools.Common.TestId"><id type="System.Guid">4ebd0251-7610-085f-3cda-92f0813106b3</id></m_testId><m_execId type="Microsoft.VisualStudio.TestTools.Common.TestExecId"><id type="System.Guid">c65efe41-315a-4e6a-8247-5edd2d0b817b</id></m_execId><m_parentExecId type="Microsoft.VisualStudio.TestTools.Common.TestExecId"><id type="System.Guid">00000000-0000-0000-0000-000000000000</id></m_parentExecId><m_categoryId type="Microsoft.VisualStudio.TestTools.Common.TestCategoryId"><id type="System.Guid">8c84fa94-04c1-424b-9868-57a2d4851a1d</id></m_categoryId><m_isTransparent type="System.Boolean">True</m_isTransparent></element><element type="Microsoft.VisualStudio.TestTools.Common.TestEntry"><m_testId type="Microsoft.VisualStudio.TestTools.Common.TestId"><id type="System.Guid">d0013054-40b0-f293-14ed-d0851a04cfa3</id></m_testId><m_execId type="Microsoft.VisualStudio.TestTools.Common.TestExecId"><id type="System.Guid">63493335-ae10-4465-95db-148457d70dd7</id></m_execId><m_parentExecId type="Microsoft.VisualStudio.TestTools.Common.TestExecId"><id type="System.Guid">00000000-0000-0000-0000-000000000000</id></m_parentExecId><m_categoryId type="Microsoft.VisualStudio.TestTools.Common.TestCategoryId"><id type="System.Guid">8c84fa94-04c1-424b-9868-57a2d4851a1d</id></m_categoryId><m_isTransparent type="System.Boolean">True</m_isTransparent></element><element type="Microsoft.VisualStudio.TestTools.Common.TestEntry"><m_testId type="Microsoft.VisualStudio.TestTools.Common.TestId"><id type="System.Guid">464c2008-7a26-7b56-ea1d-a49c642f3570</id></m_testId><m_execId type="Microsoft.VisualStudio.TestTools.Common.TestExecId"><id type="System.Guid">dfa056ca-44cb-438a-bd8d-2b53e43b5317</id></m_execId><m_parentExecId type="Microsoft.VisualStudio.TestTools.Common.TestExecId"><id type="System.Guid">00000000-0000-0000-0000-000000000000</id></m_parentExecId><m_categoryId type="Microsoft.VisualStudio.TestTools.Common.TestCategoryId"><id type="System.Guid">8c84fa94-04c1-424b-9868-57a2d4851a1d</id></m_categoryId><m_isTransparent type="System.Boolean">True</m_isTransparent></element><element type="Microsoft.VisualStudio.TestTools.Common.TestEntry"><m_testId type="Microsoft.VisualStudio.TestTools.Common.TestId"><id type="System.Guid">5136b357-52d7-3247-3bbb-361aea14ebd6</id></m_testId><m_execId type="Microsoft.VisualStudio.TestTools.Common.TestExecId"><id type="System.Guid">86e0eb39-19b3-4889-8a5f-f4ee8a08f834</id></m_execId><m_parentExecId type="Microsoft.VisualStudio.TestTools.Common.TestExecId"><id type="System.Guid">00000000-0000-0000-0000-000000000000</id></m_parentExecId><m_categoryId type="Microsoft.VisualStudio.TestTools.Common.TestCategoryId"><id type="System.Guid">8c84fa94-04c1-424b-9868-57a2d4851a1d</id></m_categoryId><m_isTransparent type="System.Boolean">True</m_isTransparent></element><element type="Microsoft.VisualStudio.TestTools.Common.TestEntry"><m_testId type="Microsoft.VisualStudio.TestTools.Common.TestId"><id type="System.Guid">df31bb2d-a423-298e-4f8a-23d99bdae02d</id></m_testId><m_execId type="Microsoft.VisualStudio.TestTools.Common.TestExecId"><id type="System.Guid">233a15b6-2c95-4c60-aa2e-9315651df315</id></m_execId><m_parentExecId type="Microsoft.VisualStudio.TestTools.Common.TestExecId"><id type="System.Guid">00000000-0000-0000-0000-000000000000</id></m_parentExecId><m_categoryId type="Microsoft.VisualStudio.TestTools.Common.TestCategoryId"><id type="System.Guid">8c84fa94-04c1-424b-9868-57a2d4851a1d</id></m_categoryId><m_isTransparent type="System.Boolean">True</m_isTransparent></element><element type="Microsoft.VisualStudio.TestTools.Common.TestEntry"><m_testId type="Microsoft.VisualStudio.TestTools.Common.TestId"><id type="System.Guid">da94bf9d-d1bc-969d-fef6-97262e1589cc</id></m_testId><m_execId type="Microsoft.VisualStudio.TestTools.Common.TestExecId"><id type="System.Guid">09ea7fdb-1109-4723-9633-4486cf4065ba</id></m_execId><m_parentExecId type="Microsoft.VisualStudio.TestTools.Common.TestExecId"><id type="System.Guid">00000000-0000-0000-0000-000000000000</id></m_parentExecId><m_categoryId type="Microsoft.VisualStudio.TestTools.Common.TestCategoryId"><id type="System.Guid">8c84fa94-04c1-424b-9868-57a2d4851a1d</id></m_categoryId><m_isTransparent type="System.Boolean">True</m_isTransparent></element><element type="Microsoft.VisualStudio.TestTools.Common.TestEntry"><m_testId type="Microsoft.VisualStudio.TestTools.Common.TestId"><id type="System.Guid">34faeb91-f5e7-923a-9a5b-d63d8dfdf48a</id></m_testId><m_execId type="Microsoft.VisualStudio.TestTools.Common.TestExecId"><id type="System.Guid">67ac010f-5c47-4000-bfbc-aefc37240878</id></m_execId><m_parentExecId type="Microsoft.VisualStudio.TestTools.Common.TestExecId"><id type="System.Guid">00000000-0000-0000-0000-000000000000</id></m_parentExecId><m_categoryId type="Microsoft.VisualStudio.TestTools.Common.TestCategoryId"><id type="System.Guid">8c84fa94-04c1-424b-9868-57a2d4851a1d</id></m_categoryId><m_isTransparent type="System.Boolean">True</m_isTransparent></element><element type="Microsoft.VisualStudio.TestTools.Common.TestEntry"><m_testId type="Microsoft.VisualStudio.TestTools.Common.TestId"><id type="System.Guid">3ef2d793-bb31-9203-2e64-90dfa9eea048</id></m_testId><m_execId type="Microsoft.VisualStudio.TestTools.Common.TestExecId"><id type="System.Guid">41a27305-aafc-4b9a-855d-1469b1160b58</id></m_execId><m_parentExecId type="Microsoft.VisualStudio.TestTools.Common.TestExecId"><id type="System.Guid">00000000-0000-0000-0000-000000000000</id></m_parentExecId><m_categoryId type="Microsoft.VisualStudio.TestTools.Common.TestCategoryId"><id type="System.Guid">8c84fa94-04c1-424b-9868-57a2d4851a1d</id></m_categoryId><m_isTransparent type="System.Boolean">True</m_isTransparent></element><element type="Microsoft.VisualStudio.TestTools.Common.TestEntry"><m_testId type="Microsoft.VisualStudio.TestTools.Common.TestId"><id type="System.Guid">0f4278cf-a9a4-3a20-c553-5a210cc57751</id></m_testId><m_execId type="Microsoft.VisualStudio.TestTools.Common.TestExecId"><id type="System.Guid">3189991a-c39b-4436-8015-a6166ee56569</id></m_execId><m_parentExecId type="Microsoft.VisualStudio.TestTools.Common.TestExecId"><id type="System.Guid">00000000-0000-0000-0000-000000000000</id></m_parentExecId><m_categoryId type="Microsoft.VisualStudio.TestTools.Common.TestCategoryId"><id type="System.Guid">8c84fa94-04c1-424b-9868-57a2d4851a1d</id></m_categoryId><m_isTransparent type="System.Boolean">True</m_isTransparent></element><element type="Microsoft.VisualStudio.TestTools.Common.TestEntry"><m_testId type="Microsoft.VisualStudio.TestTools.Common.TestId"><id type="System.Guid">74224eb0-ed75-90a1-08b7-066f695ef676</id></m_testId><m_execId type="Microsoft.VisualStudio.TestTools.Common.TestExecId"><id type="System.Guid">1d2e6b42-1e7b-43b3-a7ef-84d1b3cec46a</id></m_execId><m_parentExecId type="Microsoft.VisualStudio.TestTools.Common.TestExecId"><id type="System.Guid">00000000-0000-0000-0000-000000000000</id></m_parentExecId><m_categoryId type="Microsoft.VisualStudio.TestTools.Common.TestCategoryId"><id type="System.Guid">8c84fa94-04c1-424b-9868-57a2d4851a1d</id></m_categoryId><m_isTransparent type="System.Boolean">True</m_isTransparent></element><element type="Microsoft.VisualStudio.TestTools.Common.TestEntry"><m_testId type="Microsoft.VisualStudio.TestTools.Common.TestId"><id type="System.Guid">60d8f64f-e7d0-a098-a11f-498fe0d561e9</id></m_testId><m_execId type="Microsoft.VisualStudio.TestTools.Common.TestExecId"><id type="System.Guid">2c5bfa1f-6242-4285-bd67-d03ab902185c</id></m_execId><m_parentExecId type="Microsoft.VisualStudio.TestTools.Common.TestExecId"><id type="System.Guid">00000000-0000-0000-0000-000000000000</id></m_parentExecId><m_categoryId type="Microsoft.VisualStudio.TestTools.Common.TestCategoryId"><id type="System.Guid">8c84fa94-04c1-424b-9868-57a2d4851a1d</id></m_categoryId><m_isTransparent type="System.Boolean">True</m_isTransparent></element><element type="Microsoft.VisualStudio.TestTools.Common.TestEntry"><m_testId type="Microsoft.VisualStudio.TestTools.Common.TestId"><id type="System.Guid">5b2c98ee-a00d-1293-b40e-de6dbea693ff</id></m_testId><m_execId type="Microsoft.VisualStudio.TestTools.Common.TestExecId"><id type="System.Guid">f09dd7b6-13b2-47a0-af1b-d3c14bbc7879</id></m_execId><m_parentExecId type="Microsoft.VisualStudio.TestTools.Common.TestExecId"><id type="System.Guid">00000000-0000-0000-0000-000000000000</id></m_parentExecId><m_categoryId type="Microsoft.VisualStudio.TestTools.Common.TestCategoryId"><id type="System.Guid">8c84fa94-04c1-424b-9868-57a2d4851a1d</id></m_categoryId><m_isTransparent type="System.Boolean">True</m_isTransparent></element><element type="Microsoft.VisualStudio.TestTools.Common.TestEntry"><m_testId type="Microsoft.VisualStudio.TestTools.Common.TestId"><id type="System.Guid">e11b40fe-1252-9beb-2910-fdc6152c2f72</id></m_testId><m_execId type="Microsoft.VisualStudio.TestTools.Common.TestExecId"><id type="System.Guid">21b52ca6-a172-4a49-9571-97c9218b5d77</id></m_execId><m_parentExecId type="Microsoft.VisualStudio.TestTools.Common.TestExecId"><id type="System.Guid">00000000-0000-0000-0000-000000000000</id></m_parentExecId><m_categoryId type="Microsoft.VisualStudio.TestTools.Common.TestCategoryId"><id type="System.Guid">8c84fa94-04c1-424b-9868-57a2d4851a1d</id></m_categoryId><m_isTransparent type="System.Boolean">True</m_isTransparent></element><element type="Microsoft.VisualStudio.TestTools.Common.TestEntry"><m_testId type="Microsoft.VisualStudio.TestTools.Common.TestId"><id type="System.Guid">f5a9805d-ac31-31a6-4dae-718d90890ca3</id></m_testId><m_execId type="Microsoft.VisualStudio.TestTools.Common.TestExecId"><id type="System.Guid">330dc61b-b675-4290-9c66-2815e4b169e2</id></m_execId><m_parentExecId type="Microsoft.VisualStudio.TestTools.Common.TestExecId"><id type="System.Guid">00000000-0000-0000-0000-000000000000</id></m_parentExecId><m_categoryId type="Microsoft.VisualStudio.TestTools.Common.TestCategoryId"><id type="System.Guid">8c84fa94-04c1-424b-9868-57a2d4851a1d</id></m_categoryId><m_isTransparent type="System.Boolean">True</m_isTransparent></element><element type="Microsoft.VisualStudio.TestTools.Common.TestEntry"><m_testId type="Microsoft.VisualStudio.TestTools.Common.TestId"><id type="System.Guid">78978cc9-5f64-724d-a404-1571961d553b</id></m_testId><m_execId type="Microsoft.VisualStudio.TestTools.Common.TestExecId"><id type="System.Guid">30dacfd1-47da-4376-8801-35ef62b9d681</id></m_execId><m_parentExecId type="Microsoft.VisualStudio.TestTools.Common.TestExecId"><id type="System.Guid">00000000-0000-0000-0000-000000000000</id></m_parentExecId><m_categoryId type="Microsoft.VisualStudio.TestTools.Common.TestCategoryId"><id type="System.Guid">8c84fa94-04c1-424b-9868-57a2d4851a1d</id></m_categoryId><m_isTransparent type="System.Boolean">True</m_isTransparent></element><element type="Microsoft.VisualStudio.TestTools.Common.TestEntry"><m_testId type="Microsoft.VisualStudio.TestTools.Common.TestId"><id type="System.Guid">ca50a3b7-d71b-5722-8dab-37dc16090296</id></m_testId><m_execId type="Microsoft.VisualStudio.TestTools.Common.TestExecId"><id type="System.Guid">460611f2-f1a0-4c6e-864a-434300bbe44e</id></m_execId><m_parentExecId type="Microsoft.VisualStudio.TestTools.Common.TestExecId"><id type="System.Guid">00000000-0000-0000-0000-000000000000</id></m_parentExecId><m_categoryId type="Microsoft.VisualStudio.TestTools.Common.TestCategoryId"><id type="System.Guid">8c84fa94-04c1-424b-9868-57a2d4851a1d</id></m_categoryId><m_isTransparent type="System.Boolean">True</m_isTransparent></element><element type="Microsoft.VisualStudio.TestTools.Common.TestEntry"><m_testId type="Microsoft.VisualStudio.TestTools.Common.TestId"><id type="System.Guid">4baa049e-d8f1-64d8-a8cd-5104e2570818</id></m_testId><m_execId type="Microsoft.VisualStudio.TestTools.Common.TestExecId"><id type="System.Guid">2bf758bb-bf4f-4a89-a2b6-f33a7d39f952</id></m_execId><m_parentExecId type="Microsoft.VisualStudio.TestTools.Common.TestExecId"><id type="System.Guid">00000000-0000-0000-0000-000000000000</id></m_parentExecId><m_categoryId type="Microsoft.VisualStudio.TestTools.Common.TestCategoryId"><id type="System.Guid">8c84fa94-04c1-424b-9868-57a2d4851a1d</id></m_categoryId><m_isTransparent type="System.Boolean">True</m_isTransparent></element><element type="Microsoft.VisualStudio.TestTools.Common.TestEntry"><m_testId type="Microsoft.VisualStudio.TestTools.Common.TestId"><id type="System.Guid">6b07cf31-515b-510f-4b52-6e189178bdb4</id></m_testId><m_execId type="Microsoft.VisualStudio.TestTools.Common.TestExecId"><id type="System.Guid">83b8cdd0-58f4-403e-bc33-4bc45d30df3e</id></m_execId><m_parentExecId type="Microsoft.VisualStudio.TestTools.Common.TestExecId"><id type="System.Guid">00000000-0000-0000-0000-000000000000</id></m_parentExecId><m_categoryId type="Microsoft.VisualStudio.TestTools.Common.TestCategoryId"><id type="System.Guid">8c84fa94-04c1-424b-9868-57a2d4851a1d</id></m_categoryId><m_isTransparent type="System.Boolean">True</m_isTransparent></element><element type="Microsoft.VisualStudio.TestTools.Common.TestEntry"><m_testId type="Microsoft.VisualStudio.TestTools.Common.TestId"><id type="System.Guid">1a6062fd-8b9d-4226-1aef-f32d7450a892</id></m_testId><m_execId type="Microsoft.VisualStudio.TestTools.Common.TestExecId"><id type="System.Guid">6f1a119d-4697-49ee-a87d-dd0023abff19</id></m_execId><m_parentExecId type="Microsoft.VisualStudio.TestTools.Common.TestExecId"><id type="System.Guid">00000000-0000-0000-0000-000000000000</id></m_parentExecId><m_categoryId type="Microsoft.VisualStudio.TestTools.Common.TestCategoryId"><id type="System.Guid">8c84fa94-04c1-424b-9868-57a2d4851a1d</id></m_categoryId><m_isTransparent type="System.Boolean">True</m_isTransparent></element><element type="Microsoft.VisualStudio.TestTools.Common.TestEntry"><m_testId type="Microsoft.VisualStudio.TestTools.Common.TestId"><id type="System.Guid">5fb21fa6-0600-90e9-8638-91495cddc057</id></m_testId><m_execId type="Microsoft.VisualStudio.TestTools.Common.TestExecId"><id type="System.Guid">b7e41286-4f85-47a7-a39e-9b2412b053b4</id></m_execId><m_parentExecId type="Microsoft.VisualStudio.TestTools.Common.TestExecId"><id type="System.Guid">00000000-0000-0000-0000-000000000000</id></m_parentExecId><m_categoryId type="Microsoft.VisualStudio.TestTools.Common.TestCategoryId"><id type="System.Guid">8c84fa94-04c1-424b-9868-57a2d4851a1d</id></m_categoryId><m_isTransparent type="System.Boolean">True</m_isTransparent></element><element type="Microsoft.VisualStudio.TestTools.Common.TestEntry"><m_testId type="Microsoft.VisualStudio.TestTools.Common.TestId"><id type="System.Guid">817820d8-0940-dfd4-7da5-3e52da9e3001</id></m_testId><m_execId type="Microsoft.VisualStudio.TestTools.Common.TestExecId"><id type="System.Guid">62ea459f-a94b-4efe-b199-51d18faf5a2e</id></m_execId><m_parentExecId type="Microsoft.VisualStudio.TestTools.Common.TestExecId"><id type="System.Guid">00000000-0000-0000-0000-000000000000</id></m_parentExecId><m_categoryId type="Microsoft.VisualStudio.TestTools.Common.TestCategoryId"><id type="System.Guid">8c84fa94-04c1-424b-9868-57a2d4851a1d</id></m_categoryId><m_isTransparent type="System.Boolean">True</m_isTransparent></element><element type="Microsoft.VisualStudio.TestTools.Common.TestEntry"><m_testId type="Microsoft.VisualStudio.TestTools.Common.TestId"><id type="System.Guid">cb845be6-2a80-f3d4-6b31-64b33bf848f8</id></m_testId><m_execId type="Microsoft.VisualStudio.TestTools.Common.TestExecId"><id type="System.Guid">8b3e2732-d12f-4d99-af13-0632aabf6ada</id></m_execId><m_parentExecId type="Microsoft.VisualStudio.TestTools.Common.TestExecId"><id type="System.Guid">00000000-0000-0000-0000-000000000000</id></m_parentExecId><m_categoryId type="Microsoft.VisualStudio.TestTools.Common.TestCategoryId"><id type="System.Guid">8c84fa94-04c1-424b-9868-57a2d4851a1d</id></m_categoryId><m_isTransparent type="System.Boolean">True</m_isTransparent></element><element type="Microsoft.VisualStudio.TestTools.Common.TestEntry"><m_testId type="Microsoft.VisualStudio.TestTools.Common.TestId"><id type="System.Guid">4910d05c-fe5a-fb38-6248-350b28fc853d</id></m_testId><m_execId type="Microsoft.VisualStudio.TestTools.Common.TestExecId"><id type="System.Guid">d6a0cb77-3913-4951-88ec-1113ffa1657a</id></m_execId><m_parentExecId type="Microsoft.VisualStudio.TestTools.Common.TestExecId"><id type="System.Guid">00000000-0000-0000-0000-000000000000</id></m_parentExecId><m_categoryId type="Microsoft.VisualStudio.TestTools.Common.TestCategoryId"><id type="System.Guid">8c84fa94-04c1-424b-9868-57a2d4851a1d</id></m_categoryId><m_isTransparent type="System.Boolean">True</m_isTransparent></element><element type="Microsoft.VisualStudio.TestTools.Common.TestEntry"><m_testId type="Microsoft.VisualStudio.TestTools.Common.TestId"><id type="System.Guid">505af99d-2785-fb32-2c91-d67e5092d29f</id></m_testId><m_execId type="Microsoft.VisualStudio.TestTools.Common.TestExecId"><id type="System.Guid">fbea5ec3-9c71-44a7-8584-cccd16e7722e</id></m_execId><m_parentExecId type="Microsoft.VisualStudio.TestTools.Common.TestExecId"><id type="System.Guid">00000000-0000-0000-0000-000000000000</id></m_parentExecId><m_categoryId type="Microsoft.VisualStudio.TestTools.Common.TestCategoryId"><id type="System.Guid">8c84fa94-04c1-424b-9868-57a2d4851a1d</id></m_categoryId><m_isTransparent type="System.Boolean">True</m_isTransparent></element><element type="Microsoft.VisualStudio.TestTools.Common.TestEntry"><m_testId type="Microsoft.VisualStudio.TestTools.Common.TestId"><id type="System.Guid">0e21c245-348c-7885-cbc3-b223bda017e2</id></m_testId><m_execId type="Microsoft.VisualStudio.TestTools.Common.TestExecId"><id type="System.Guid">929423a1-7dc6-4be4-ad86-94edc33b771e</id></m_execId><m_parentExecId type="Microsoft.VisualStudio.TestTools.Common.TestExecId"><id type="System.Guid">00000000-0000-0000-0000-000000000000</id></m_parentExecId><m_categoryId type="Microsoft.VisualStudio.TestTools.Common.TestCategoryId"><id type="System.Guid">8c84fa94-04c1-424b-9868-57a2d4851a1d</id></m_categoryId><m_isTransparent type="System.Boolean">True</m_isTransparent></element><element type="Microsoft.VisualStudio.TestTools.Common.TestEntry"><m_testId type="Microsoft.VisualStudio.TestTools.Common.TestId"><id type="System.Guid">965e0dd4-b4ef-60dd-daab-4c5631af3ffb</id></m_testId><m_execId type="Microsoft.VisualStudio.TestTools.Common.TestExecId"><id type="System.Guid">72e03d3c-4133-4fe5-ba43-39ea3e73986e</id></m_execId><m_parentExecId type="Microsoft.VisualStudio.TestTools.Common.TestExecId"><id type="System.Guid">00000000-0000-0000-0000-000000000000</id></m_parentExecId><m_categoryId type="Microsoft.VisualStudio.TestTools.Common.TestCategoryId"><id type="System.Guid">8c84fa94-04c1-424b-9868-57a2d4851a1d</id></m_categoryId><m_isTransparent type="System.Boolean">True</m_isTransparent></element><element type="Microsoft.VisualStudio.TestTools.Common.TestEntry"><m_testId type="Microsoft.VisualStudio.TestTools.Common.TestId"><id type="System.Guid">99dea150-18f8-6115-52e9-66d9efa01523</id></m_testId><m_execId type="Microsoft.VisualStudio.TestTools.Common.TestExecId"><id type="System.Guid">e807d3e6-afc8-4799-bbb7-0b66b01e1cd7</id></m_execId><m_parentExecId type="Microsoft.VisualStudio.TestTools.Common.TestExecId"><id type="System.Guid">00000000-0000-0000-0000-000000000000</id></m_parentExecId><m_categoryId type="Microsoft.VisualStudio.TestTools.Common.TestCategoryId"><id type="System.Guid">8c84fa94-04c1-424b-9868-57a2d4851a1d</id></m_categoryId><m_isTransparent type="System.Boolean">True</m_isTransparent></element><element type="Microsoft.VisualStudio.TestTools.Common.TestEntry"><m_testId type="Microsoft.VisualStudio.TestTools.Common.TestId"><id type="System.Guid">97e7eaa6-7039-8471-5070-72ef559473cc</id></m_testId><m_execId type="Microsoft.VisualStudio.TestTools.Common.TestExecId"><id type="System.Guid">75882f7f-7cf1-4e25-b8b1-cfdd663cd367</id></m_execId><m_parentExecId type="Microsoft.VisualStudio.TestTools.Common.TestExecId"><id type="System.Guid">00000000-0000-0000-0000-000000000000</id></m_parentExecId><m_categoryId type="Microsoft.VisualStudio.TestTools.Common.TestCategoryId"><id type="System.Guid">8c84fa94-04c1-424b-9868-57a2d4851a1d</id></m_categoryId><m_isTransparent type="System.Boolean">True</m_isTransparent></element><element type="Microsoft.VisualStudio.TestTools.Common.TestEntry"><m_testId type="Microsoft.VisualStudio.TestTools.Common.TestId"><id type="System.Guid">dc58626d-fe61-7d1a-5e3d-2600720813f5</id></m_testId><m_execId type="Microsoft.VisualStudio.TestTools.Common.TestExecId"><id type="System.Guid">415c3371-3eca-4d71-a19a-9d10ab61b6b3</id></m_execId><m_parentExecId type="Microsoft.VisualStudio.TestTools.Common.TestExecId"><id type="System.Guid">00000000-0000-0000-0000-000000000000</id></m_parentExecId><m_categoryId type="Microsoft.VisualStudio.TestTools.Common.TestCategoryId"><id type="System.Guid">8c84fa94-04c1-424b-9868-57a2d4851a1d</id></m_categoryId><m_isTransparent type="System.Boolean">True</m_isTransparent></element><element type="Microsoft.VisualStudio.TestTools.Common.TestEntry"><m_testId type="Microsoft.VisualStudio.TestTools.Common.TestId"><id type="System.Guid">cade1b93-5900-31b8-423c-0f3d8fe76345</id></m_testId><m_execId type="Microsoft.VisualStudio.TestTools.Common.TestExecId"><id type="System.Guid">1c317f5f-a871-456b-862b-68875a687af7</id></m_execId><m_parentExecId type="Microsoft.VisualStudio.TestTools.Common.TestExecId"><id type="System.Guid">00000000-0000-0000-0000-000000000000</id></m_parentExecId><m_categoryId type="Microsoft.VisualStudio.TestTools.Common.TestCategoryId"><id type="System.Guid">8c84fa94-04c1-424b-9868-57a2d4851a1d</id></m_categoryId><m_isTransparent type="System.Boolean">True</m_isTransparent></element><element type="Microsoft.VisualStudio.TestTools.Common.TestEntry"><m_testId type="Microsoft.VisualStudio.TestTools.Common.TestId"><id type="System.Guid">b155b1c0-ca7b-1875-0ad6-b407d01f3c44</id></m_testId><m_execId type="Microsoft.VisualStudio.TestTools.Common.TestExecId"><id type="System.Guid">3e7a1804-e311-4fab-b3a4-f52064a7ef0b</id></m_execId><m_parentExecId type="Microsoft.VisualStudio.TestTools.Common.TestExecId"><id type="System.Guid">00000000-0000-0000-0000-000000000000</id></m_parentExecId><m_categoryId type="Microsoft.VisualStudio.TestTools.Common.TestCategoryId"><id type="System.Guid">8c84fa94-04c1-424b-9868-57a2d4851a1d</id></m_categoryId><m_isTransparent type="System.Boolean">True</m_isTransparent></element><element type="Microsoft.VisualStudio.TestTools.Common.TestEntry"><m_testId type="Microsoft.VisualStudio.TestTools.Common.TestId"><id type="System.Guid">76422338-8352-e7fb-9bfa-e9183d1e5f74</id></m_testId><m_execId type="Microsoft.VisualStudio.TestTools.Common.TestExecId"><id type="System.Guid">3dae1f59-90f1-4a9c-9fe2-bd08e5537ef2</id></m_execId><m_parentExecId type="Microsoft.VisualStudio.TestTools.Common.TestExecId"><id type="System.Guid">00000000-0000-0000-0000-000000000000</id></m_parentExecId><m_categoryId type="Microsoft.VisualStudio.TestTools.Common.TestCategoryId"><id type="System.Guid">8c84fa94-04c1-424b-9868-57a2d4851a1d</id></m_categoryId><m_isTransparent type="System.Boolean">True</m_isTransparent></element><element type="Microsoft.VisualStudio.TestTools.Common.TestEntry"><m_testId type="Microsoft.VisualStudio.TestTools.Common.TestId"><id type="System.Guid">ea36e490-9e53-1087-202d-ce0854a11cce</id></m_testId><m_execId type="Microsoft.VisualStudio.TestTools.Common.TestExecId"><id type="System.Guid">9a14401b-26a4-42e3-98f1-750158d347a1</id></m_execId><m_parentExecId type="Microsoft.VisualStudio.TestTools.Common.TestExecId"><id type="System.Guid">00000000-0000-0000-0000-000000000000</id></m_parentExecId><m_categoryId type="Microsoft.VisualStudio.TestTools.Common.TestCategoryId"><id type="System.Guid">8c84fa94-04c1-424b-9868-57a2d4851a1d</id></m_categoryId><m_isTransparent type="System.Boolean">True</m_isTransparent></element><element type="Microsoft.VisualStudio.TestTools.Common.TestEntry"><m_testId type="Microsoft.VisualStudio.TestTools.Common.TestId"><id type="System.Guid">ae5d35ed-e499-9fbf-2cd0-62ee4af477db</id></m_testId><m_execId type="Microsoft.VisualStudio.TestTools.Common.TestExecId"><id type="System.Guid">708b284d-861e-473d-a241-9d460deb3bb5</id></m_execId><m_parentExecId type="Microsoft.VisualStudio.TestTools.Common.TestExecId"><id type="System.Guid">00000000-0000-0000-0000-000000000000</id></m_parentExecId><m_categoryId type="Microsoft.VisualStudio.TestTools.Common.TestCategoryId"><id type="System.Guid">8c84fa94-04c1-424b-9868-57a2d4851a1d</id></m_categoryId><m_isTransparent type="System.Boolean">True</m_isTransparent></element><element type="Microsoft.VisualStudio.TestTools.Common.TestEntry"><m_testId type="Microsoft.VisualStudio.TestTools.Common.TestId"><id type="System.Guid">c9fd94c7-0af2-a61e-0bc7-4d5c4df1a08a</id></m_testId><m_execId type="Microsoft.VisualStudio.TestTools.Common.TestExecId"><id type="System.Guid">ea989a81-64a0-4085-ab73-fac3a6865c23</id></m_execId><m_parentExecId type="Microsoft.VisualStudio.TestTools.Common.TestExecId"><id type="System.Guid">00000000-0000-0000-0000-000000000000</id></m_parentExecId><m_categoryId type="Microsoft.VisualStudio.TestTools.Common.TestCategoryId"><id type="System.Guid">8c84fa94-04c1-424b-9868-57a2d4851a1d</id></m_categoryId><m_isTransparent type="System.Boolean">True</m_isTransparent></element><element type="Microsoft.VisualStudio.TestTools.Common.TestEntry"><m_testId type="Microsoft.VisualStudio.TestTools.Common.TestId"><id type="System.Guid">17bc7c71-b76f-fff4-5721-b318a237e8ba</id></m_testId><m_execId type="Microsoft.VisualStudio.TestTools.Common.TestExecId"><id type="System.Guid">e3e8255e-91be-4b2c-970a-e960c54488ae</id></m_execId><m_parentExecId type="Microsoft.VisualStudio.TestTools.Common.TestExecId"><id type="System.Guid">00000000-0000-0000-0000-000000000000</id></m_parentExecId><m_categoryId type="Microsoft.VisualStudio.TestTools.Common.TestCategoryId"><id type="System.Guid">8c84fa94-04c1-424b-9868-57a2d4851a1d</id></m_categoryId><m_isTransparent type="System.Boolean">True</m_isTransparent></element><element type="Microsoft.VisualStudio.TestTools.Common.TestEntry"><m_testId type="Microsoft.VisualStudio.TestTools.Common.TestId"><id type="System.Guid">e4498e02-8ccd-f825-06aa-5ed9e71c9a1d</id></m_testId><m_execId type="Microsoft.VisualStudio.TestTools.Common.TestExecId"><id type="System.Guid">b9d2fcfb-5bb6-4db5-be17-cf533b887e6e</id></m_execId><m_parentExecId type="Microsoft.VisualStudio.TestTools.Common.TestExecId"><id type="System.Guid">00000000-0000-0000-0000-000000000000</id></m_parentExecId><m_categoryId type="Microsoft.VisualStudio.TestTools.Common.TestCategoryId"><id type="System.Guid">8c84fa94-04c1-424b-9868-57a2d4851a1d</id></m_categoryId><m_isTransparent type="System.Boolean">True</m_isTransparent></element><element type="Microsoft.VisualStudio.TestTools.Common.TestEntry"><m_testId type="Microsoft.VisualStudio.TestTools.Common.TestId"><id type="System.Guid">802b5280-4c00-8661-e170-9538279338f0</id></m_testId><m_execId type="Microsoft.VisualStudio.TestTools.Common.TestExecId"><id type="System.Guid">b5b63717-5dbd-4c5f-b8b6-0c3e33083516</id></m_execId><m_parentExecId type="Microsoft.VisualStudio.TestTools.Common.TestExecId"><id type="System.Guid">00000000-0000-0000-0000-000000000000</id></m_parentExecId><m_categoryId type="Microsoft.VisualStudio.TestTools.Common.TestCategoryId"><id type="System.Guid">8c84fa94-04c1-424b-9868-57a2d4851a1d</id></m_categoryId><m_isTransparent type="System.Boolean">True</m_isTransparent></element><element type="Microsoft.VisualStudio.TestTools.Common.TestEntry"><m_testId type="Microsoft.VisualStudio.TestTools.Common.TestId"><id type="System.Guid">6bc9153c-ae06-a6ea-b5b5-ceb75c0401c1</id></m_testId><m_execId type="Microsoft.VisualStudio.TestTools.Common.TestExecId"><id type="System.Guid">9e4ef86a-07e1-4174-8c16-b088d9bfff93</id></m_execId><m_parentExecId type="Microsoft.VisualStudio.TestTools.Common.TestExecId"><id type="System.Guid">00000000-0000-0000-0000-000000000000</id></m_parentExecId><m_categoryId type="Microsoft.VisualStudio.TestTools.Common.TestCategoryId"><id type="System.Guid">8c84fa94-04c1-424b-9868-57a2d4851a1d</id></m_categoryId><m_isTransparent type="System.Boolean">True</m_isTransparent></element><element type="Microsoft.VisualStudio.TestTools.Common.TestEntry"><m_testId type="Microsoft.VisualStudio.TestTools.Common.TestId"><id type="System.Guid">334cf0c6-a6f0-c2d8-4370-35833d3a18b6</id></m_testId><m_execId type="Microsoft.VisualStudio.TestTools.Common.TestExecId"><id type="System.Guid">83cf06ce-e958-4c5a-ac8d-aa38faed1a71</id></m_execId><m_parentExecId type="Microsoft.VisualStudio.TestTools.Common.TestExecId"><id type="System.Guid">00000000-0000-0000-0000-000000000000</id></m_parentExecId><m_categoryId type="Microsoft.VisualStudio.TestTools.Common.TestCategoryId"><id type="System.Guid">8c84fa94-04c1-424b-9868-57a2d4851a1d</id></m_categoryId><m_isTransparent type="System.Boolean">True</m_isTransparent></element><element type="Microsoft.VisualStudio.TestTools.Common.TestEntry"><m_testId type="Microsoft.VisualStudio.TestTools.Common.TestId"><id type="System.Guid">4b7733ed-b9b8-ae45-c755-e3719f29c015</id></m_testId><m_execId type="Microsoft.VisualStudio.TestTools.Common.TestExecId"><id type="System.Guid">75b1b344-0677-442a-b164-e4f1e490b025</id></m_execId><m_parentExecId type="Microsoft.VisualStudio.TestTools.Common.TestExecId"><id type="System.Guid">00000000-0000-0000-0000-000000000000</id></m_parentExecId><m_categoryId type="Microsoft.VisualStudio.TestTools.Common.TestCategoryId"><id type="System.Guid">8c84fa94-04c1-424b-9868-57a2d4851a1d</id></m_categoryId><m_isTransparent type="System.Boolean">True</m_isTransparent></element><element type="Microsoft.VisualStudio.TestTools.Common.TestEntry"><m_testId type="Microsoft.VisualStudio.TestTools.Common.TestId"><id type="System.Guid">c2a293c6-423e-4ad4-4088-4b1423b0b8f3</id></m_testId><m_execId type="Microsoft.VisualStudio.TestTools.Common.TestExecId"><id type="System.Guid">e4f0052b-ce5f-47b0-b607-12a4d1a29d95</id></m_execId><m_parentExecId type="Microsoft.VisualStudio.TestTools.Common.TestExecId"><id type="System.Guid">00000000-0000-0000-0000-000000000000</id></m_parentExecId><m_categoryId type="Microsoft.VisualStudio.TestTools.Common.TestCategoryId"><id type="System.Guid">8c84fa94-04c1-424b-9868-57a2d4851a1d</id></m_categoryId><m_isTransparent type="System.Boolean">True</m_isTransparent></element><element type="Microsoft.VisualStudio.TestTools.Common.TestEntry"><m_testId type="Microsoft.VisualStudio.TestTools.Common.TestId"><id type="System.Guid">a0132fec-140e-0513-f77a-fdc22e4e4164</id></m_testId><m_execId type="Microsoft.VisualStudio.TestTools.Common.TestExecId"><id type="System.Guid">d169666e-94ee-4e7b-ac22-8b31159c0c1d</id></m_execId><m_parentExecId type="Microsoft.VisualStudio.TestTools.Common.TestExecId"><id type="System.Guid">00000000-0000-0000-0000-000000000000</id></m_parentExecId><m_categoryId type="Microsoft.VisualStudio.TestTools.Common.TestCategoryId"><id type="System.Guid">8c84fa94-04c1-424b-9868-57a2d4851a1d</id></m_categoryId><m_isTransparent type="System.Boolean">True</m_isTransparent></element><element type="Microsoft.VisualStudio.TestTools.Common.TestEntry"><m_testId type="Microsoft.VisualStudio.TestTools.Common.TestId"><id type="System.Guid">7be6ea42-5844-a330-4f2b-c62f7882f026</id></m_testId><m_execId type="Microsoft.VisualStudio.TestTools.Common.TestExecId"><id type="System.Guid">5a73cc18-2136-417d-a8dd-29627985e63d</id></m_execId><m_parentExecId type="Microsoft.VisualStudio.TestTools.Common.TestExecId"><id type="System.Guid">00000000-0000-0000-0000-000000000000</id></m_parentExecId><m_categoryId type="Microsoft.VisualStudio.TestTools.Common.TestCategoryId"><id type="System.Guid">8c84fa94-04c1-424b-9868-57a2d4851a1d</id></m_categoryId><m_isTransparent type="System.Boolean">True</m_isTransparent></element><element type="Microsoft.VisualStudio.TestTools.Common.TestEntry"><m_testId type="Microsoft.VisualStudio.TestTools.Common.TestId"><id type="System.Guid">923da155-950a-9c90-6906-07dce58087c2</id></m_testId><m_execId type="Microsoft.VisualStudio.TestTools.Common.TestExecId"><id type="System.Guid">47ec7d7c-fbc9-47de-b592-f6d8d8450e6c</id></m_execId><m_parentExecId type="Microsoft.VisualStudio.TestTools.Common.TestExecId"><id type="System.Guid">00000000-0000-0000-0000-000000000000</id></m_parentExecId><m_categoryId type="Microsoft.VisualStudio.TestTools.Common.TestCategoryId"><id type="System.Guid">8c84fa94-04c1-424b-9868-57a2d4851a1d</id></m_categoryId><m_isTransparent type="System.Boolean">True</m_isTransparent></element><element type="Microsoft.VisualStudio.TestTools.Common.TestEntry"><m_testId type="Microsoft.VisualStudio.TestTools.Common.TestId"><id type="System.Guid">91269a72-d82c-618c-6526-c68a0fe7e71b</id></m_testId><m_execId type="Microsoft.VisualStudio.TestTools.Common.TestExecId"><id type="System.Guid">9a7aad20-4f96-48d3-b685-a6d181ab9f00</id></m_execId><m_parentExecId type="Microsoft.VisualStudio.TestTools.Common.TestExecId"><id type="System.Guid">00000000-0000-0000-0000-000000000000</id></m_parentExecId><m_categoryId type="Microsoft.VisualStudio.TestTools.Common.TestCategoryId"><id type="System.Guid">8c84fa94-04c1-424b-9868-57a2d4851a1d</id></m_categoryId><m_isTransparent type="System.Boolean">True</m_isTransparent></element><element type="Microsoft.VisualStudio.TestTools.Common.TestEntry"><m_testId type="Microsoft.VisualStudio.TestTools.Common.TestId"><id type="System.Guid">c1cdd32f-2964-5d26-5882-de4d0229562e</id></m_testId><m_execId type="Microsoft.VisualStudio.TestTools.Common.TestExecId"><id type="System.Guid">26f32c2b-3d3b-435e-86ec-45f92e8a434a</id></m_execId><m_parentExecId type="Microsoft.VisualStudio.TestTools.Common.TestExecId"><id type="System.Guid">00000000-0000-0000-0000-000000000000</id></m_parentExecId><m_categoryId type="Microsoft.VisualStudio.TestTools.Common.TestCategoryId"><id type="System.Guid">8c84fa94-04c1-424b-9868-57a2d4851a1d</id></m_categoryId><m_isTransparent type="System.Boolean">True</m_isTransparent></element></entries></TestRun><UnitTestResult type="Microsoft.VisualStudio.TestTools.TestTypes.Unit.UnitTestResult, Microsoft.VisualStudio.QualityTools.Tips.UnitTest.ObjectModel, Version=8.0.0.0, Culture=neutral, PublicKeyToken=b03f5f7f11d50a3a"><resultType type="Microsoft.VisualStudio.TestTools.TestTypes.Unit.UnitTestResultType, Microsoft.VisualStudio.QualityTools.Tips.UnitTest.ObjectModel, Version=8.0.0.0, Culture=neutral, PublicKeyToken=b03f5f7f11d50a3a"><value__ type="System.Int32">0</value__></resultType><m_hasSufficientAccess type="System.Boolean">True</m_hasSufficientAccess><counters type="Microsoft.VisualStudio.TestTools.Common.TestResultCounter"><values type="System.Int32">0,0,0,0,0,0,0,0,0,0,0,0,0,0</values><total type="System.Int32">1</total></counters><categoryId type="Microsoft.VisualStudio.TestTools.Common.TestCategoryId"><id type="System.Guid">8c84fa94-04c1-424b-9868-57a2d4851a1d</id></categoryId><outcome type="Microsoft.VisualStudio.TestTools.Common.TestOutcome"><value__ type="System.Int32">4</value__></outcome><errorInfo type="Microsoft.VisualStudio.TestTools.Common.TestResultErrorInfo"><message type="System.String">Assert.Inconclusive failed. A method that does not return a value cannot be verified.</message><stackTrace type="System.String">   at TestProject2.CCollectTest.abortTest() in C:\Downloads\ConsoleApplication2\TestProject2\CCollectTest.cs:line 75
</stackTrace></errorInfo><traceInfo type="Microsoft.VisualStudio.TestTools.Common.TestExecutionTraceInformation"><trace type="System.Text.StringBuilder">Creating instance of class TestProject2.CCollectTest.
Calling Test method TestProject2.CCollectTest.Microsoft.VisualStudio.TestTools.TestTypes.Unit.TestMethod.
</trace></traceInfo><stdout type="System.String" /><stderr type="System.String" /><debugTrace type="System.String" /><workItemIds type="System.Collections.Generic.List`1[[System.Int32, mscorlib, Version=2.0.0.0, Culture=neutral, PublicKeyToken=b77a5c561934e089]]"><_size type="System.Int32">0</_size><_version type="System.Int32">1</_version></workItemIds><id type="Microsoft.VisualStudio.TestTools.Common.TestResultId"><runId type="System.Guid">0934e09b-aed6-47ec-9418-b3123de1ee80</runId><executionId type="Microsoft.VisualStudio.TestTools.Common.TestExecId"><id type="System.Guid">fb135525-3dec-4978-bb11-170be75affba</id></executionId><parentExecId type="Microsoft.VisualStudio.TestTools.Common.TestExecId"><id type="System.Guid">00000000-0000-0000-0000-000000000000</id></parentExecId><testId type="Microsoft.VisualStudio.TestTools.Common.TestId"><id type="System.Guid">b5972d34-ce91-faf3-1382-d172a2430324</id></testId></id><testName type="System.String">abortTest</testName><testType type="Microsoft.VisualStudio.TestTools.Common.TestType"><id type="System.Guid">13cdc9d9-ddb5-4fa4-a97d-d965ccfc6d4b</id></testType><messageKind type="Microsoft.VisualStudio.TestTools.Common.TestMessageKind"><value__ type="System.Int32">1</value__></messageKind><computerInfo type="Microsoft.VisualStudio.TestTools.Common.ComputerInfo"><m_computerName type="System.String">MYCHAT-2E812B01</m_computerName></computerInfo><duration type="System.TimeSpan">00:00:00.5602826</duration><startTime type="System.DateTime"><dateData type="System.UInt64">632764718597500000</dateData></startTime><endTime type="System.DateTime"><dateData type="System.UInt64">632764718618281250</dateData></endTime><spoolMessage type="System.Boolean">True</spoolMessage></UnitTestResult><UnitTestResult type="Microsoft.VisualStudio.TestTools.TestTypes.Unit.UnitTestResult, Microsoft.VisualStudio.QualityTools.Tips.UnitTest.ObjectModel, Version=8.0.0.0, Culture=neutral, PublicKeyToken=b03f5f7f11d50a3a"><resultType type="Microsoft.VisualStudio.TestTools.TestTypes.Unit.UnitTestResultType, Microsoft.VisualStudio.QualityTools.Tips.UnitTest.ObjectModel, Version=8.0.0.0, Culture=neutral, PublicKeyToken=b03f5f7f11d50a3a"><value__ type="System.Int32">0</value__></resultType><m_hasSufficientAccess type="System.Boolean">True</m_hasSufficientAccess><counters type="Microsoft.VisualStudio.TestTools.Common.TestResultCounter"><values type="System.Int32">0,0,0,0,0,0,0,0,0,0,0,0,0,0</values><total type="System.Int32">1</total></counters><categoryId type="Microsoft.VisualStudio.TestTools.Common.TestCategoryId"><id type="System.Guid">8c84fa94-04c1-424b-9868-57a2d4851a1d</id></categoryId><outcome type="Microsoft.VisualStudio.TestTools.Common.TestOutcome"><value__ type="System.Int32">1</value__></outcome><errorInfo type="Microsoft.VisualStudio.TestTools.Common.TestResultErrorInfo"><message type="System.String">Test method TestProject2.CCollectTest.CatchByListTest threw exception:  System.NullReferenceException: Object reference not set to an instance of an object..</message><stackTrace type="System.String">    at ChuiWenChiu.Utility.CCollect.CatchByList(String list) in C:\Downloads\ConsoleApplication2\ChuiWenChiu.Utility\CCollect.cs:line 368
   at TestProject2.CCollectTest.CatchByListTest() in C:\Downloads\ConsoleApplication2\TestProject2\CCollectTest.cs:line 87
</stackTrace></errorInfo><traceInfo type="Microsoft.VisualStudio.TestTools.Common.TestExecutionTraceInformation"><trace type="System.Text.StringBuilder">Creating instance of class TestProject2.CCollectTest.
Calling Test method TestProject2.CCollectTest.Microsoft.VisualStudio.TestTools.TestTypes.Unit.TestMethod.
</trace></traceInfo><stdout type="System.String" /><stderr type="System.String" /><debugTrace type="System.String" /><workItemIds type="System.Collections.Generic.List`1[[System.Int32, mscorlib, Version=2.0.0.0, Culture=neutral, PublicKeyToken=b77a5c561934e089]]"><_size type="System.Int32">0</_size><_version type="System.Int32">1</_version></workItemIds><id type="Microsoft.VisualStudio.TestTools.Common.TestResultId"><runId type="System.Guid">0934e09b-aed6-47ec-9418-b3123de1ee80</runId><executionId type="Microsoft.VisualStudio.TestTools.Common.TestExecId"><id type="System.Guid">93deba46-bc77-4146-9d9f-f18b08187ec9</id></executionId><parentExecId type="Microsoft.VisualStudio.TestTools.Common.TestExecId"><id type="System.Guid">00000000-0000-0000-0000-000000000000</id></parentExecId><testId type="Microsoft.VisualStudio.TestTools.Common.TestId"><id type="System.Guid">e7528015-dc97-da47-47a2-bb559ffc379e</id></testId></id><testName type="System.String">CatchByListTest</testName><testType type="Microsoft.VisualStudio.TestTools.Common.TestType"><id type="System.Guid">13cdc9d9-ddb5-4fa4-a97d-d965ccfc6d4b</id></testType><messageKind type="Microsoft.VisualStudio.TestTools.Common.TestMessageKind"><value__ type="System.Int32">1</value__></messageKind><computerInfo type="Microsoft.VisualStudio.TestTools.Common.ComputerInfo"><m_computerName type="System.String">MYCHAT-2E812B01</m_computerName></computerInfo><duration type="System.TimeSpan">00:00:00.0276800</duration><startTime type="System.DateTime"><dateData type="System.UInt64">632764718618593750</dateData></startTime><endTime type="System.DateTime"><dateData type="System.UInt64">632764718619375000</dateData></endTime><spoolMessage type="System.Boolean">True</spoolMessage></UnitTestResult><UnitTestResult type="Microsoft.VisualStudio.TestTools.TestTypes.Unit.UnitTestResult, Microsoft.VisualStudio.QualityTools.Tips.UnitTest.ObjectModel, Version=8.0.0.0, Culture=neutral, PublicKeyToken=b03f5f7f11d50a3a"><resultType type="Microsoft.VisualStudio.TestTools.TestTypes.Unit.UnitTestResultType, Microsoft.VisualStudio.QualityTools.Tips.UnitTest.ObjectModel, Version=8.0.0.0, Culture=neutral, PublicKeyToken=b03f5f7f11d50a3a"><value__ type="System.Int32">0</value__></resultType><m_hasSufficientAccess type="System.Boolean">True</m_hasSufficientAccess><counters type="Microsoft.VisualStudio.TestTools.Common.TestResultCounter"><values type="System.Int32">0,0,0,0,0,0,0,0,0,0,0,0,0,0</values><total type="System.Int32">1</total></counters><categoryId type="Microsoft.VisualStudio.TestTools.Common.TestCategoryId"><id type="System.Guid">8c84fa94-04c1-424b-9868-57a2d4851a1d</id></categoryId><outcome type="Microsoft.VisualStudio.TestTools.Common.TestOutcome"><value__ type="System.Int32">1</value__></outcome><errorInfo type="Microsoft.VisualStudio.TestTools.Common.TestResultErrorInfo"><message type="System.String">Test method TestProject2.CCollectTest.catchFileTest threw exception:  System.Reflection.TargetInvocationException: Exception has been thrown by the target of an invocation. ---&gt;  System.NullReferenceException: Object reference not set to an instance of an object..</message><stackTrace type="System.String">    at ChuiWenChiu.Utility.CCollect.catchFile(String filename) in C:\Downloads\ConsoleApplication2\ChuiWenChiu.Utility\CCollect.cs:line 316
 --- End of inner exception stack trace ---
    at System.RuntimeMethodHandle._InvokeMethodFast(Object target, Object[] arguments, SignatureStruct&amp; sig, MethodAttributes methodAttributes, RuntimeTypeHandle typeOwner)
   at System.RuntimeMethodHandle.InvokeMethodFast(Object target, Object[] arguments, Signature sig, MethodAttributes methodAttributes, RuntimeTypeHandle typeOwner)
   at System.Reflection.RuntimeMethodInfo.Invoke(Object obj, BindingFlags invokeAttr, Binder binder, Object[] parameters, CultureInfo culture, Boolean skipVisibilityChecks)
   at System.Reflection.RuntimeMethodInfo.Invoke(Object obj, BindingFlags invokeAttr, Binder binder, Object[] parameters, CultureInfo culture)
   at Microsoft.VisualStudio.TestTools.UnitTesting.PrivateObject.Invoke(String name, BindingFlags invokeAttr, Type[] parameterTypes, Object[] args, CultureInfo culture)
   at Microsoft.VisualStudio.TestTools.UnitTesting.PrivateObject.Invoke(String name, Type[] parameterTypes, Object[] args, CultureInfo culture)
   at Microsoft.VisualStudio.TestTools.UnitTesting.PrivateObject.Invoke(String name, Type[] parameterTypes, Object[] args)
   at TestProject2.ChuiWenChiu_Utility_CCollectAccessor.catchFile(String filename) in C:\Downloads\ConsoleApplication2\TestProject2\VSCodeGenAccessors.cs:line 195
   at TestProject2.CCollectTest.catchFileTest() in C:\Downloads\ConsoleApplication2\TestProject2\CCollectTest.cs:line 107
</stackTrace></errorInfo><traceInfo type="Microsoft.VisualStudio.TestTools.Common.TestExecutionTraceInformation"><trace type="System.Text.StringBuilder">Creating instance of class TestProject2.CCollectTest.
Calling Test method TestProject2.CCollectTest.Microsoft.VisualStudio.TestTools.TestTypes.Unit.TestMethod.
</trace></traceInfo><stdout type="System.String" /><stderr type="System.String" /><debugTrace type="System.String" /><workItemIds type="System.Collections.Generic.List`1[[System.Int32, mscorlib, Version=2.0.0.0, Culture=neutral, PublicKeyToken=b77a5c561934e089]]"><_size type="System.Int32">0</_size><_version type="System.Int32">1</_version></workItemIds><id type="Microsoft.VisualStudio.TestTools.Common.TestResultId"><runId type="System.Guid">0934e09b-aed6-47ec-9418-b3123de1ee80</runId><executionId type="Microsoft.VisualStudio.TestTools.Common.TestExecId"><id type="System.Guid">32ed07b0-c6b4-4ba2-b98a-ff1d84320cf4</id></executionId><parentExecId type="Microsoft.VisualStudio.TestTools.Common.TestExecId"><id type="System.Guid">00000000-0000-0000-0000-000000000000</id></parentExecId><testId type="Microsoft.VisualStudio.TestTools.Common.TestId"><id type="System.Guid">716d4a0b-8fb2-3048-1eea-ce3d4ca89880</id></testId></id><testName type="System.String">catchFileTest</testName><testType type="Microsoft.VisualStudio.TestTools.Common.TestType"><id type="System.Guid">13cdc9d9-ddb5-4fa4-a97d-d965ccfc6d4b</id></testType><messageKind type="Microsoft.VisualStudio.TestTools.Common.TestMessageKind"><value__ type="System.Int32">1</value__></messageKind><computerInfo type="Microsoft.VisualStudio.TestTools.Common.ComputerInfo"><m_computerName type="System.String">MYCHAT-2E812B01</m_computerName></computerInfo><duration type="System.TimeSpan">00:00:00.0708386</duration><startTime type="System.DateTime"><dateData type="System.UInt64">632764718619375000</dateData></startTime><endTime type="System.DateTime"><dateData type="System.UInt64">632764718620937500</dateData></endTime><spoolMessage type="System.Boolean">True</spoolMessage></UnitTestResult><UnitTestResult type="Microsoft.VisualStudio.TestTools.TestTypes.Unit.UnitTestResult, Microsoft.VisualStudio.QualityTools.Tips.UnitTest.ObjectModel, Version=8.0.0.0, Culture=neutral, PublicKeyToken=b03f5f7f11d50a3a"><resultType type="Microsoft.VisualStudio.TestTools.TestTypes.Unit.UnitTestResultType, Microsoft.VisualStudio.QualityTools.Tips.UnitTest.ObjectModel, Version=8.0.0.0, Culture=neutral, PublicKeyToken=b03f5f7f11d50a3a"><value__ type="System.Int32">0</value__></resultType><m_hasSufficientAccess type="System.Boolean">True</m_hasSufficientAccess><counters type="Microsoft.VisualStudio.TestTools.Common.TestResultCounter"><values type="System.Int32">0,0,0,0,0,0,0,0,0,0,0,0,0,0</values><total type="System.Int32">1</total></counters><categoryId type="Microsoft.VisualStudio.TestTools.Common.TestCategoryId"><id type="System.Guid">8c84fa94-04c1-424b-9868-57a2d4851a1d</id></categoryId><outcome type="Microsoft.VisualStudio.TestTools.Common.TestOutcome"><value__ type="System.Int32">4</value__></outcome><errorInfo type="Microsoft.VisualStudio.TestTools.Common.TestResultErrorInfo"><message type="System.String">Assert.Inconclusive failed. TODO: Implement code to verify target</message><stackTrace type="System.String">   at TestProject2.CCollectTest.ConstructorTest() in C:\Downloads\ConsoleApplication2\TestProject2\CCollectTest.cs:line 121
</stackTrace></errorInfo><traceInfo type="Microsoft.VisualStudio.TestTools.Common.TestExecutionTraceInformation"><trace type="System.Text.StringBuilder">Creating instance of class TestProject2.CCollectTest.
Calling Test method TestProject2.CCollectTest.Microsoft.VisualStudio.TestTools.TestTypes.Unit.TestMethod.
</trace></traceInfo><stdout type="System.String" /><stderr type="System.String" /><debugTrace type="System.String" /><workItemIds type="System.Collections.Generic.List`1[[System.Int32, mscorlib, Version=2.0.0.0, Culture=neutral, PublicKeyToken=b77a5c561934e089]]"><_size type="System.Int32">0</_size><_version type="System.Int32">1</_version></workItemIds><id type="Microsoft.VisualStudio.TestTools.Common.TestResultId"><runId type="System.Guid">0934e09b-aed6-47ec-9418-b3123de1ee80</runId><executionId type="Microsoft.VisualStudio.TestTools.Common.TestExecId"><id type="System.Guid">6c34ae46-8f61-45c1-a760-2b814c36f32c</id></executionId><parentExecId type="Microsoft.VisualStudio.TestTools.Common.TestExecId"><id type="System.Guid">00000000-0000-0000-0000-000000000000</id></parentExecId><testId type="Microsoft.VisualStudio.TestTools.Common.TestId"><id type="System.Guid">fc18b0c4-3520-ba5b-67a5-2b1d4a06f1be</id></testId></id><testName type="System.String">ConstructorTest</testName><testType type="Microsoft.VisualStudio.TestTools.Common.TestType"><id type="System.Guid">13cdc9d9-ddb5-4fa4-a97d-d965ccfc6d4b</id></testType><messageKind type="Microsoft.VisualStudio.TestTools.Common.TestMessageKind"><value__ type="System.Int32">1</value__></messageKind><computerInfo type="Microsoft.VisualStudio.TestTools.Common.ComputerInfo"><m_computerName type="System.String">MYCHAT-2E812B01</m_computerName></computerInfo><duration type="System.TimeSpan">00:00:00.0327432</duration><startTime type="System.DateTime"><dateData type="System.UInt64">632764718620937500</dateData></startTime><endTime type="System.DateTime"><dateData type="System.UInt64">632764718621875000</dateData></endTime><spoolMessage type="System.Boolean">True</spoolMessage></UnitTestResult><UnitTestResult type="Microsoft.VisualStudio.TestTools.TestTypes.Unit.UnitTestResult, Microsoft.VisualStudio.QualityTools.Tips.UnitTest.ObjectModel, Version=8.0.0.0, Culture=neutral, PublicKeyToken=b03f5f7f11d50a3a"><resultType type="Microsoft.VisualStudio.TestTools.TestTypes.Unit.UnitTestResultType, Microsoft.VisualStudio.QualityTools.Tips.UnitTest.ObjectModel, Version=8.0.0.0, Culture=neutral, PublicKeyToken=b03f5f7f11d50a3a"><value__ type="System.Int32">0</value__></resultType><m_hasSufficientAccess type="System.Boolean">True</m_hasSufficientAccess><counters type="Microsoft.VisualStudio.TestTools.Common.TestResultCounter"><values type="System.Int32">0,0,0,0,0,0,0,0,0,0,0,0,0,0</values><total type="System.Int32">1</total></counters><categoryId type="Microsoft.VisualStudio.TestTools.Common.TestCategoryId"><id type="System.Guid">8c84fa94-04c1-424b-9868-57a2d4851a1d</id></categoryId><outcome type="Microsoft.VisualStudio.TestTools.Common.TestOutcome"><value__ type="System.Int32">1</value__></outcome><errorInfo type="Microsoft.VisualStudio.TestTools.Common.TestResultErrorInfo"><message type="System.String">Test method TestProject2.CCollectTest.ConstructorTest1 threw exception:  System.Exception:  : 不存在.</message><stackTrace type="System.String">    at ChuiWenChiu.Utility.CCollect..ctor(String filelist) in C:\Downloads\ConsoleApplication2\ChuiWenChiu.Utility\CCollect.cs:line 72
   at TestProject2.CCollectTest.ConstructorTest1() in C:\Downloads\ConsoleApplication2\TestProject2\CCollectTest.cs:line 131
</stackTrace></errorInfo><traceInfo type="Microsoft.VisualStudio.TestTools.Common.TestExecutionTraceInformation"><trace type="System.Text.StringBuilder">Creating instance of class TestProject2.CCollectTest.
Calling Test method TestProject2.CCollectTest.Microsoft.VisualStudio.TestTools.TestTypes.Unit.TestMethod.
</trace></traceInfo><stdout type="System.String" /><stderr type="System.String" /><debugTrace type="System.String" /><workItemIds type="System.Collections.Generic.List`1[[System.Int32, mscorlib, Version=2.0.0.0, Culture=neutral, PublicKeyToken=b77a5c561934e089]]"><_size type="System.Int32">0</_size><_version type="System.Int32">1</_version></workItemIds><id type="Microsoft.VisualStudio.TestTools.Common.TestResultId"><runId type="System.Guid">0934e09b-aed6-47ec-9418-b3123de1ee80</runId><executionId type="Microsoft.VisualStudio.TestTools.Common.TestExecId"><id type="System.Guid">ed21f192-221c-4093-a8ab-01dc64a6cc46</id></executionId><parentExecId type="Microsoft.VisualStudio.TestTools.Common.TestExecId"><id type="System.Guid">00000000-0000-0000-0000-000000000000</id></parentExecId><testId type="Microsoft.VisualStudio.TestTools.Common.TestId"><id type="System.Guid">f6499719-4163-d4ef-b153-774c77898316</id></testId></id><testName type="System.String">ConstructorTest1</testName><testType type="Microsoft.VisualStudio.TestTools.Common.TestType"><id type="System.Guid">13cdc9d9-ddb5-4fa4-a97d-d965ccfc6d4b</id></testType><messageKind type="Microsoft.VisualStudio.TestTools.Common.TestMessageKind"><value__ type="System.Int32">1</value__></messageKind><computerInfo type="Microsoft.VisualStudio.TestTools.Common.ComputerInfo"><m_computerName type="System.String">MYCHAT-2E812B01</m_computerName></computerInfo><duration type="System.TimeSpan">00:00:00.0146543</duration><startTime type="System.DateTime"><dateData type="System.UInt64">632764718621875000</dateData></startTime><endTime type="System.DateTime"><dateData type="System.UInt64">632764718622500000</dateData></endTime><spoolMessage type="System.Boolean">True</spoolMessage></UnitTestResult><UnitTestResult type="Microsoft.VisualStudio.TestTools.TestTypes.Unit.UnitTestResult, Microsoft.VisualStudio.QualityTools.Tips.UnitTest.ObjectModel, Version=8.0.0.0, Culture=neutral, PublicKeyToken=b03f5f7f11d50a3a"><resultType type="Microsoft.VisualStudio.TestTools.TestTypes.Unit.UnitTestResultType, Microsoft.VisualStudio.QualityTools.Tips.UnitTest.ObjectModel, Version=8.0.0.0, Culture=neutral, PublicKeyToken=b03f5f7f11d50a3a"><value__ type="System.Int32">0</value__></resultType><m_hasSufficientAccess type="System.Boolean">True</m_hasSufficientAccess><counters type="Microsoft.VisualStudio.TestTools.Common.TestResultCounter"><values type="System.Int32">0,0,0,0,0,0,0,0,0,0,0,0,0,0</values><total type="System.Int32">1</total></counters><categoryId type="Microsoft.VisualStudio.TestTools.Common.TestCategoryId"><id type="System.Guid">8c84fa94-04c1-424b-9868-57a2d4851a1d</id></categoryId><outcome type="Microsoft.VisualStudio.TestTools.Common.TestOutcome"><value__ type="System.Int32">1</value__></outcome><errorInfo type="Microsoft.VisualStudio.TestTools.Common.TestResultErrorInfo"><message type="System.String">Assert.AreEqual failed. Expected:&lt;(null)&gt;, Actual:&lt;&gt;. ChuiWenChiu.Utility.CCollect.converSep did not return the expected value.</message><stackTrace type="System.String">   at TestProject2.CCollectTest.converSepTest() in C:\Downloads\ConsoleApplication2\TestProject2\CCollectTest.cs:line 154
</stackTrace></errorInfo><traceInfo type="Microsoft.VisualStudio.TestTools.Common.TestExecutionTraceInformation"><trace type="System.Text.StringBuilder">Creating instance of class TestProject2.CCollectTest.
Calling Test method TestProject2.CCollectTest.Microsoft.VisualStudio.TestTools.TestTypes.Unit.TestMethod.
</trace></traceInfo><stdout type="System.String" /><stderr type="System.String" /><debugTrace type="System.String" /><workItemIds type="System.Collections.Generic.List`1[[System.Int32, mscorlib, Version=2.0.0.0, Culture=neutral, PublicKeyToken=b77a5c561934e089]]"><_size type="System.Int32">0</_size><_version type="System.Int32">1</_version></workItemIds><id type="Microsoft.VisualStudio.TestTools.Common.TestResultId"><runId type="System.Guid">0934e09b-aed6-47ec-9418-b3123de1ee80</runId><executionId type="Microsoft.VisualStudio.TestTools.Common.TestExecId"><id type="System.Guid">a89c4717-d9e2-486f-915b-3c1ce5c80432</id></executionId><parentExecId type="Microsoft.VisualStudio.TestTools.Common.TestExecId"><id type="System.Guid">00000000-0000-0000-0000-000000000000</id></parentExecId><testId type="Microsoft.VisualStudio.TestTools.Common.TestId"><id type="System.Guid">a33ab438-cba2-16b5-8956-ae8a86628649</id></testId></id><testName type="System.String">converSepTest</testName><testType type="Microsoft.VisualStudio.TestTools.Common.TestType"><id type="System.Guid">13cdc9d9-ddb5-4fa4-a97d-d965ccfc6d4b</id></testType><messageKind type="Microsoft.VisualStudio.TestTools.Common.TestMessageKind"><value__ type="System.Int32">1</value__></messageKind><computerInfo type="Microsoft.VisualStudio.TestTools.Common.ComputerInfo"><m_computerName type="System.String">MYCHAT-2E812B01</m_computerName></computerInfo><duration type="System.TimeSpan">00:00:00.0279784</duration><startTime type="System.DateTime"><dateData type="System.UInt64">632764718622500000</dateData></startTime><endTime type="System.DateTime"><dateData type="System.UInt64">632764718623593750</dateData></endTime><spoolMessage type="System.Boolean">True</spoolMessage></UnitTestResult><UnitTestResult type="Microsoft.VisualStudio.TestTools.TestTypes.Unit.UnitTestResult, Microsoft.VisualStudio.QualityTools.Tips.UnitTest.ObjectModel, Version=8.0.0.0, Culture=neutral, PublicKeyToken=b03f5f7f11d50a3a"><resultType type="Microsoft.VisualStudio.TestTools.TestTypes.Unit.UnitTestResultType, Microsoft.VisualStudio.QualityTools.Tips.UnitTest.ObjectModel, Version=8.0.0.0, Culture=neutral, PublicKeyToken=b03f5f7f11d50a3a"><value__ type="System.Int32">0</value__></resultType><m_hasSufficientAccess type="System.Boolean">True</m_hasSufficientAccess><counters type="Microsoft.VisualStudio.TestTools.Common.TestResultCounter"><values type="System.Int32">0,0,0,0,0,0,0,0,0,0,0,0,0,0</values><total type="System.Int32">1</total></counters><categoryId type="Microsoft.VisualStudio.TestTools.Common.TestCategoryId"><id type="System.Guid">8c84fa94-04c1-424b-9868-57a2d4851a1d</id></categoryId><outcome type="Microsoft.VisualStudio.TestTools.Common.TestOutcome"><value__ type="System.Int32">1</value__></outcome><errorInfo type="Microsoft.VisualStudio.TestTools.Common.TestResultErrorInfo"><message type="System.String">Test method TestProject2.CCollectTest.CopyDirTest threw exception:  System.Reflection.TargetInvocationException: Exception has been thrown by the target of an invocation. ---&gt;  System.NullReferenceException: Object reference not set to an instance of an object..</message><stackTrace type="System.String">    at ChuiWenChiu.Utility.CCollect.CopyDir(String srcPath, String aimPath) in C:\Downloads\ConsoleApplication2\ChuiWenChiu.Utility\CCollect.cs:line 238
 --- End of inner exception stack trace ---
    at System.RuntimeMethodHandle._InvokeMethodFast(Object target, Object[] arguments, SignatureStruct&amp; sig, MethodAttributes methodAttributes, RuntimeTypeHandle typeOwner)
   at System.RuntimeMethodHandle.InvokeMethodFast(Object target, Object[] arguments, Signature sig, MethodAttributes methodAttributes, RuntimeTypeHandle typeOwner)
   at System.Reflection.RuntimeMethodInfo.Invoke(Object obj, BindingFlags invokeAttr, Binder binder, Object[] parameters, CultureInfo culture, Boolean skipVisibilityChecks)
   at System.Reflection.RuntimeMethodInfo.Invoke(Object obj, BindingFlags invokeAttr, Binder binder, Object[] parameters, CultureInfo culture)
   at Microsoft.VisualStudio.TestTools.UnitTesting.PrivateObject.Invoke(String name, BindingFlags invokeAttr, Type[] parameterTypes, Object[] args, CultureInfo culture)
   at Microsoft.VisualStudio.TestTools.UnitTesting.PrivateObject.Invoke(String name, Type[] parameterTypes, Object[] args, CultureInfo culture)
   at Microsoft.VisualStudio.TestTools.UnitTesting.PrivateObject.Invoke(String name, Type[] parameterTypes, Object[] args)
   at TestProject2.ChuiWenChiu_Utility_CCollectAccessor.CopyDir(String srcPath, String aimPath) in C:\Downloads\ConsoleApplication2\TestProject2\VSCodeGenAccessors.cs:line 176
   at TestProject2.CCollectTest.CopyDirTest() in C:\Downloads\ConsoleApplication2\TestProject2\CCollectTest.cs:line 172
</stackTrace></errorInfo><traceInfo type="Microsoft.VisualStudio.TestTools.Common.TestExecutionTraceInformation"><trace type="System.Text.StringBuilder">Creating instance of class TestProject2.CCollectTest.
Calling Test method TestProject2.CCollectTest.Microsoft.VisualStudio.TestTools.TestTypes.Unit.TestMethod.
</trace></traceInfo><stdout type="System.String" /><stderr type="System.String" /><debugTrace type="System.String" /><workItemIds type="System.Collections.Generic.List`1[[System.Int32, mscorlib, Version=2.0.0.0, Culture=neutral, PublicKeyToken=b77a5c561934e089]]"><_size type="System.Int32">0</_size><_version type="System.Int32">1</_version></workItemIds><id type="Microsoft.VisualStudio.TestTools.Common.TestResultId"><runId type="System.Guid">0934e09b-aed6-47ec-9418-b3123de1ee80</runId><executionId type="Microsoft.VisualStudio.TestTools.Common.TestExecId"><id type="System.Guid">8b2adb71-e86b-470d-b479-3821b4650e12</id></executionId><parentExecId type="Microsoft.VisualStudio.TestTools.Common.TestExecId"><id type="System.Guid">00000000-0000-0000-0000-000000000000</id></parentExecId><testId type="Microsoft.VisualStudio.TestTools.Common.TestId"><id type="System.Guid">97623ca9-dedd-afba-bf44-bfb74554a62b</id></testId></id><testName type="System.String">CopyDirTest</testName><testType type="Microsoft.VisualStudio.TestTools.Common.TestType"><id type="System.Guid">13cdc9d9-ddb5-4fa4-a97d-d965ccfc6d4b</id></testType><messageKind type="Microsoft.VisualStudio.TestTools.Common.TestMessageKind"><value__ type="System.Int32">1</value__></messageKind><computerInfo type="Microsoft.VisualStudio.TestTools.Common.ComputerInfo"><m_computerName type="System.String">MYCHAT-2E812B01</m_computerName></computerInfo><duration type="System.TimeSpan">00:00:00.0310793</duration><startTime type="System.DateTime"><dateData type="System.UInt64">632764718623593750</dateData></startTime><endTime type="System.DateTime"><dateData type="System.UInt64">632764718624531250</dateData></endTime><spoolMessage type="System.Boolean">True</spoolMessage></UnitTestResult><UnitTestResult type="Microsoft.VisualStudio.TestTools.TestTypes.Unit.UnitTestResult, Microsoft.VisualStudio.QualityTools.Tips.UnitTest.ObjectModel, Version=8.0.0.0, Culture=neutral, PublicKeyToken=b03f5f7f11d50a3a"><resultType type="Microsoft.VisualStudio.TestTools.TestTypes.Unit.UnitTestResultType, Microsoft.VisualStudio.QualityTools.Tips.UnitTest.ObjectModel, Version=8.0.0.0, Culture=neutral, PublicKeyToken=b03f5f7f11d50a3a"><value__ type="System.Int32">0</value__></resultType><m_hasSufficientAccess type="System.Boolean">True</m_hasSufficientAccess><counters type="Microsoft.VisualStudio.TestTools.Common.TestResultCounter"><values type="System.Int32">0,0,0,0,0,0,0,0,0,0,0,0,0,0</values><total type="System.Int32">1</total></counters><categoryId type="Microsoft.VisualStudio.TestTools.Common.TestCategoryId"><id type="System.Guid">8c84fa94-04c1-424b-9868-57a2d4851a1d</id></categoryId><outcome type="Microsoft.VisualStudio.TestTools.Common.TestOutcome"><value__ type="System.Int32">1</value__></outcome><errorInfo type="Microsoft.VisualStudio.TestTools.Common.TestResultErrorInfo"><message type="System.String">Test method TestProject2.CCollectTest.cutLastSepTest threw exception:  System.Reflection.TargetInvocationException: Exception has been thrown by the target of an invocation. ---&gt;  System.NullReferenceException: Object reference not set to an instance of an object..</message><stackTrace type="System.String">    at ChuiWenChiu.Utility.CCollect.cutLastSep(String path) in C:\Downloads\ConsoleApplication2\ChuiWenChiu.Utility\CCollect.cs:line 200
 --- End of inner exception stack trace ---
    at System.RuntimeMethodHandle._InvokeMethodFast(Object target, Object[] arguments, SignatureStruct&amp; sig, MethodAttributes methodAttributes, RuntimeTypeHandle typeOwner)
   at System.RuntimeMethodHandle.InvokeMethodFast(Object target, Object[] arguments, Signature sig, MethodAttributes methodAttributes, RuntimeTypeHandle typeOwner)
   at System.Reflection.RuntimeMethodInfo.Invoke(Object obj, BindingFlags invokeAttr, Binder binder, Object[] parameters, CultureInfo culture, Boolean skipVisibilityChecks)
   at System.Reflection.RuntimeMethodInfo.Invoke(Object obj, BindingFlags invokeAttr, Binder binder, Object[] parameters, CultureInfo culture)
   at Microsoft.VisualStudio.TestTools.UnitTesting.PrivateObject.Invoke(String name, BindingFlags invokeAttr, Type[] parameterTypes, Object[] args, CultureInfo culture)
   at Microsoft.VisualStudio.TestTools.UnitTesting.PrivateObject.Invoke(String name, Type[] parameterTypes, Object[] args, CultureInfo culture)
   at Microsoft.VisualStudio.TestTools.UnitTesting.PrivateObject.Invoke(String name, Type[] parameterTypes, Object[] args)
   at TestProject2.ChuiWenChiu_Utility_CCollectAccessor.cutLastSep(String path) in C:\Downloads\ConsoleApplication2\TestProject2\VSCodeGenAccessors.cs:line 151
   at TestProject2.CCollectTest.cutLastSepTest() in C:\Downloads\ConsoleApplication2\TestProject2\CCollectTest.cs:line 192
</stackTrace></errorInfo><traceInfo type="Microsoft.VisualStudio.TestTools.Common.TestExecutionTraceInformation"><trace type="System.Text.StringBuilder">Creating instance of class TestProject2.CCollectTest.
Calling Test method TestProject2.CCollectTest.Microsoft.VisualStudio.TestTools.TestTypes.Unit.TestMethod.
</trace></traceInfo><stdout type="System.String" /><stderr type="System.String" /><debugTrace type="System.String" /><workItemIds type="System.Collections.Generic.List`1[[System.Int32, mscorlib, Version=2.0.0.0, Culture=neutral, PublicKeyToken=b77a5c561934e089]]"><_size type="System.Int32">0</_size><_version type="System.Int32">1</_version></workItemIds><id type="Microsoft.VisualStudio.TestTools.Common.TestResultId"><runId type="System.Guid">0934e09b-aed6-47ec-9418-b3123de1ee80</runId><executionId type="Microsoft.VisualStudio.TestTools.Common.TestExecId"><id type="System.Guid">c4fa9fed-636d-4ce5-9d43-42e4d18f101e</id></executionId><parentExecId type="Microsoft.VisualStudio.TestTools.Common.TestExecId"><id type="System.Guid">00000000-0000-0000-0000-000000000000</id></parentExecId><testId type="Microsoft.VisualStudio.TestTools.Common.TestId"><id type="System.Guid">c4eb5596-21b6-f036-e441-40acc16db70d</id></testId></id><testName type="System.String">cutLastSepTest</testName><testType type="Microsoft.VisualStudio.TestTools.Common.TestType"><id type="System.Guid">13cdc9d9-ddb5-4fa4-a97d-d965ccfc6d4b</id></testType><messageKind type="Microsoft.VisualStudio.TestTools.Common.TestMessageKind"><value__ type="System.Int32">1</value__></messageKind><computerInfo type="Microsoft.VisualStudio.TestTools.Common.ComputerInfo"><m_computerName type="System.String">MYCHAT-2E812B01</m_computerName></computerInfo><duration type="System.TimeSpan">00:00:00.0228308</duration><startTime type="System.DateTime"><dateData type="System.UInt64">632764718624531250</dateData></startTime><endTime type="System.DateTime"><dateData type="System.UInt64">632764718625312500</dateData></endTime><spoolMessage type="System.Boolean">True</spoolMessage></UnitTestResult><UnitTestResult type="Microsoft.VisualStudio.TestTools.TestTypes.Unit.UnitTestResult, Microsoft.VisualStudio.QualityTools.Tips.UnitTest.ObjectModel, Version=8.0.0.0, Culture=neutral, PublicKeyToken=b03f5f7f11d50a3a"><resultType type="Microsoft.VisualStudio.TestTools.TestTypes.Unit.UnitTestResultType, Microsoft.VisualStudio.QualityTools.Tips.UnitTest.ObjectModel, Version=8.0.0.0, Culture=neutral, PublicKeyToken=b03f5f7f11d50a3a"><value__ type="System.Int32">0</value__></resultType><m_hasSufficientAccess type="System.Boolean">True</m_hasSufficientAccess><counters type="Microsoft.VisualStudio.TestTools.Common.TestResultCounter"><values type="System.Int32">0,0,0,0,0,0,0,0,0,0,0,0,0,0</values><total type="System.Int32">1</total></counters><categoryId type="Microsoft.VisualStudio.TestTools.Common.TestCategoryId"><id type="System.Guid">8c84fa94-04c1-424b-9868-57a2d4851a1d</id></categoryId><outcome type="Microsoft.VisualStudio.TestTools.Common.TestOutcome"><value__ type="System.Int32">4</value__></outcome><errorInfo type="Microsoft.VisualStudio.TestTools.Common.TestResultErrorInfo"><message type="System.String">Assert.Inconclusive failed. Verify the correctness of this test method.</message><stackTrace type="System.String">   at TestProject2.CCollectTest.DestPathTest() in C:\Downloads\ConsoleApplication2\TestProject2\CCollectTest.cs:line 211
</stackTrace></errorInfo><traceInfo type="Microsoft.VisualStudio.TestTools.Common.TestExecutionTraceInformation"><trace type="System.Text.StringBuilder">Creating instance of class TestProject2.CCollectTest.
Calling Test method TestProject2.CCollectTest.Microsoft.VisualStudio.TestTools.TestTypes.Unit.TestMethod.
</trace></traceInfo><stdout type="System.String" /><stderr type="System.String" /><debugTrace type="System.String" /><workItemIds type="System.Collections.Generic.List`1[[System.Int32, mscorlib, Version=2.0.0.0, Culture=neutral, PublicKeyToken=b77a5c561934e089]]"><_size type="System.Int32">0</_size><_version type="System.Int32">1</_version></workItemIds><id type="Microsoft.VisualStudio.TestTools.Common.TestResultId"><runId type="System.Guid">0934e09b-aed6-47ec-9418-b3123de1ee80</runId><executionId type="Microsoft.VisualStudio.TestTools.Common.TestExecId"><id type="System.Guid">5463e3cb-73e6-4247-a970-69c65ad81cbe</id></executionId><parentExecId type="Microsoft.VisualStudio.TestTools.Common.TestExecId"><id type="System.Guid">00000000-0000-0000-0000-000000000000</id></parentExecId><testId type="Microsoft.VisualStudio.TestTools.Common.TestId"><id type="System.Guid">c0aa195c-df63-1046-c42e-6a2d83320b4d</id></testId></id><testName type="System.String">DestPathTest</testName><testType type="Microsoft.VisualStudio.TestTools.Common.TestType"><id type="System.Guid">13cdc9d9-ddb5-4fa4-a97d-d965ccfc6d4b</id></testType><messageKind type="Microsoft.VisualStudio.TestTools.Common.TestMessageKind"><value__ type="System.Int32">1</value__></messageKind><computerInfo type="Microsoft.VisualStudio.TestTools.Common.ComputerInfo"><m_computerName type="System.String">MYCHAT-2E812B01</m_computerName></computerInfo><duration type="System.TimeSpan">00:00:00.0108519</duration><startTime type="System.DateTime"><dateData type="System.UInt64">632764718625312500</dateData></startTime><endTime type="System.DateTime"><dateData type="System.UInt64">632764718625937500</dateData></endTime><spoolMessage type="System.Boolean">True</spoolMessage></UnitTestResult><UnitTestResult type="Microsoft.VisualStudio.TestTools.TestTypes.Unit.UnitTestResult, Microsoft.VisualStudio.QualityTools.Tips.UnitTest.ObjectModel, Version=8.0.0.0, Culture=neutral, PublicKeyToken=b03f5f7f11d50a3a"><resultType type="Microsoft.VisualStudio.TestTools.TestTypes.Unit.UnitTestResultType, Microsoft.VisualStudio.QualityTools.Tips.UnitTest.ObjectModel, Version=8.0.0.0, Culture=neutral, PublicKeyToken=b03f5f7f11d50a3a"><value__ type="System.Int32">0</value__></resultType><m_hasSufficientAccess type="System.Boolean">True</m_hasSufficientAccess><counters type="Microsoft.VisualStudio.TestTools.Common.TestResultCounter"><values type="System.Int32">0,0,0,0,0,0,0,0,0,0,0,0,0,0</values><total type="System.Int32">1</total></counters><categoryId type="Microsoft.VisualStudio.TestTools.Common.TestCategoryId"><id type="System.Guid">8c84fa94-04c1-424b-9868-57a2d4851a1d</id></categoryId><outcome type="Microsoft.VisualStudio.TestTools.Common.TestOutcome"><value__ type="System.Int32">1</value__></outcome><errorInfo type="Microsoft.VisualStudio.TestTools.Common.TestResultErrorInfo"><message type="System.String">Test method TestProject2.CCollectTest.FileCopyCanAbortTest threw exception:  System.Reflection.TargetInvocationException: Exception has been thrown by the target of an invocation. ---&gt;  System.ArgumentNullException: File name cannot be null.
Parameter name: sourceFileName.</message><stackTrace type="System.String">    at System.IO.File.InternalCopy(String sourceFileName, String destFileName, Boolean overwrite)
   at System.IO.File.Copy(String sourceFileName, String destFileName, Boolean overwrite)
   at ChuiWenChiu.Utility.CCollect.FileCopyCanAbort(String src, String dst, Boolean isReplace) in C:\Downloads\ConsoleApplication2\ChuiWenChiu.Utility\CCollect.cs:line 283
 --- End of inner exception stack trace ---
    at System.RuntimeMethodHandle._InvokeMethodFast(Object target, Object[] arguments, SignatureStruct&amp; sig, MethodAttributes methodAttributes, RuntimeTypeHandle typeOwner)
   at System.RuntimeMethodHandle.InvokeMethodFast(Object target, Object[] arguments, Signature sig, MethodAttributes methodAttributes, RuntimeTypeHandle typeOwner)
   at System.Reflection.RuntimeMethodInfo.Invoke(Object obj, BindingFlags invokeAttr, Binder binder, Object[] parameters, CultureInfo culture, Boolean skipVisibilityChecks)
   at System.Reflection.RuntimeMethodInfo.Invoke(Object obj, BindingFlags invokeAttr, Binder binder, Object[] parameters, CultureInfo culture)
   at Microsoft.VisualStudio.TestTools.UnitTesting.PrivateObject.Invoke(String name, BindingFlags invokeAttr, Type[] parameterTypes, Object[] args, CultureInfo culture)
   at Microsoft.VisualStudio.TestTools.UnitTesting.PrivateObject.Invoke(String name, Type[] parameterTypes, Object[] args, CultureInfo culture)
   at Microsoft.VisualStudio.TestTools.UnitTesting.PrivateObject.Invoke(String name, Type[] parameterTypes, Object[] args)
   at TestProject2.ChuiWenChiu_Utility_CCollectAccessor.FileCopyCanAbort(String src, String dst, Boolean isReplace) in C:\Downloads\ConsoleApplication2\TestProject2\VSCodeGenAccessors.cs:line 186
   at TestProject2.CCollectTest.FileCopyCanAbortTest() in C:\Downloads\ConsoleApplication2\TestProject2\CCollectTest.cs:line 230
</stackTrace></errorInfo><traceInfo type="Microsoft.VisualStudio.TestTools.Common.TestExecutionTraceInformation"><trace type="System.Text.StringBuilder">Creating instance of class TestProject2.CCollectTest.
Calling Test method TestProject2.CCollectTest.Microsoft.VisualStudio.TestTools.TestTypes.Unit.TestMethod.
</trace></traceInfo><stdout type="System.String" /><stderr type="System.String" /><debugTrace type="System.String" /><workItemIds type="System.Collections.Generic.List`1[[System.Int32, mscorlib, Version=2.0.0.0, Culture=neutral, PublicKeyToken=b77a5c561934e089]]"><_size type="System.Int32">0</_size><_version type="System.Int32">1</_version></workItemIds><id type="Microsoft.VisualStudio.TestTools.Common.TestResultId"><runId type="System.Guid">0934e09b-aed6-47ec-9418-b3123de1ee80</runId><executionId type="Microsoft.VisualStudio.TestTools.Common.TestExecId"><id type="System.Guid">e8f3b2bb-2145-4c25-9e9a-a7715edc6ddc</id></executionId><parentExecId type="Microsoft.VisualStudio.TestTools.Common.TestExecId"><id type="System.Guid">00000000-0000-0000-0000-000000000000</id></parentExecId><testId type="Microsoft.VisualStudio.TestTools.Common.TestId"><id type="System.Guid">ec90c178-9d20-b1f3-e7ef-6c06d6dc77ef</id></testId></id><testName type="System.String">FileCopyCanAbortTest</testName><testType type="Microsoft.VisualStudio.TestTools.Common.TestType"><id type="System.Guid">13cdc9d9-ddb5-4fa4-a97d-d965ccfc6d4b</id></testType><messageKind type="Microsoft.VisualStudio.TestTools.Common.TestMessageKind"><value__ type="System.Int32">1</value__></messageKind><computerInfo type="Microsoft.VisualStudio.TestTools.Common.ComputerInfo"><m_computerName type="System.String">MYCHAT-2E812B01</m_computerName></computerInfo><duration type="System.TimeSpan">00:00:00.0469196</duration><startTime type="System.DateTime"><dateData type="System.UInt64">632764718625937500</dateData></startTime><endTime type="System.DateTime"><dateData type="System.UInt64">632764718627031250</dateData></endTime><spoolMessage type="System.Boolean">True</spoolMessage></UnitTestResult><UnitTestResult type="Microsoft.VisualStudio.TestTools.TestTypes.Unit.UnitTestResult, Microsoft.VisualStudio.QualityTools.Tips.UnitTest.ObjectModel, Version=8.0.0.0, Culture=neutral, PublicKeyToken=b03f5f7f11d50a3a"><resultType type="Microsoft.VisualStudio.TestTools.TestTypes.Unit.UnitTestResultType, Microsoft.VisualStudio.QualityTools.Tips.UnitTest.ObjectModel, Version=8.0.0.0, Culture=neutral, PublicKeyToken=b03f5f7f11d50a3a"><value__ type="System.Int32">0</value__></resultType><m_hasSufficientAccess type="System.Boolean">True</m_hasSufficientAccess><counters type="Microsoft.VisualStudio.TestTools.Common.TestResultCounter"><values type="System.Int32">0,0,0,0,0,0,0,0,0,0,0,0,0,0</values><total type="System.Int32">1</total></counters><categoryId type="Microsoft.VisualStudio.TestTools.Common.TestCategoryId"><id type="System.Guid">8c84fa94-04c1-424b-9868-57a2d4851a1d</id></categoryId><outcome type="Microsoft.VisualStudio.TestTools.Common.TestOutcome"><value__ type="System.Int32">1</value__></outcome><errorInfo type="Microsoft.VisualStudio.TestTools.Common.TestResultErrorInfo"><message type="System.String">Test method TestProject2.CCollectTest.getListTest threw exception:  System.ArgumentNullException: Value cannot be null.
Parameter name: path.</message><stackTrace type="System.String">    at System.IO.StreamReader..ctor(String path, Encoding encoding, Boolean detectEncodingFromByteOrderMarks, Int32 bufferSize)
   at System.IO.StreamReader..ctor(String path, Encoding encoding)
   at ChuiWenChiu.Utility.CCollect.getList() in C:\Downloads\ConsoleApplication2\ChuiWenChiu.Utility\CCollect.cs:line 297
   at TestProject2.CCollectTest.getListTest() in C:\Downloads\ConsoleApplication2\TestProject2\CCollectTest.cs:line 242
</stackTrace></errorInfo><traceInfo type="Microsoft.VisualStudio.TestTools.Common.TestExecutionTraceInformation"><trace type="System.Text.StringBuilder">Creating instance of class TestProject2.CCollectTest.
Calling Test method TestProject2.CCollectTest.Microsoft.VisualStudio.TestTools.TestTypes.Unit.TestMethod.
</trace></traceInfo><stdout type="System.String" /><stderr type="System.String" /><debugTrace type="System.String" /><workItemIds type="System.Collections.Generic.List`1[[System.Int32, mscorlib, Version=2.0.0.0, Culture=neutral, PublicKeyToken=b77a5c561934e089]]"><_size type="System.Int32">0</_size><_version type="System.Int32">1</_version></workItemIds><id type="Microsoft.VisualStudio.TestTools.Common.TestResultId"><runId type="System.Guid">0934e09b-aed6-47ec-9418-b3123de1ee80</runId><executionId type="Microsoft.VisualStudio.TestTools.Common.TestExecId"><id type="System.Guid">5d5bc877-ad78-4675-8fff-a84ce0161bfe</id></executionId><parentExecId type="Microsoft.VisualStudio.TestTools.Common.TestExecId"><id type="System.Guid">00000000-0000-0000-0000-000000000000</id></parentExecId><testId type="Microsoft.VisualStudio.TestTools.Common.TestId"><id type="System.Guid">8006ca2c-9dbf-7f65-147a-a8a109f856b3</id></testId></id><testName type="System.String">getListTest</testName><testType type="Microsoft.VisualStudio.TestTools.Common.TestType"><id type="System.Guid">13cdc9d9-ddb5-4fa4-a97d-d965ccfc6d4b</id></testType><messageKind type="Microsoft.VisualStudio.TestTools.Common.TestMessageKind"><value__ type="System.Int32">1</value__></messageKind><computerInfo type="Microsoft.VisualStudio.TestTools.Common.ComputerInfo"><m_computerName type="System.String">MYCHAT-2E812B01</m_computerName></computerInfo><duration type="System.TimeSpan">00:00:00.0236828</duration><startTime type="System.DateTime"><dateData type="System.UInt64">632764718627031250</dateData></startTime><endTime type="System.DateTime"><dateData type="System.UInt64">632764718627812500</dateData></endTime><spoolMessage type="System.Boolean">True</spoolMessage></UnitTestResult><UnitTestResult type="Microsoft.VisualStudio.TestTools.TestTypes.Unit.UnitTestResult, Microsoft.VisualStudio.QualityTools.Tips.UnitTest.ObjectModel, Version=8.0.0.0, Culture=neutral, PublicKeyToken=b03f5f7f11d50a3a"><resultType type="Microsoft.VisualStudio.TestTools.TestTypes.Unit.UnitTestResultType, Microsoft.VisualStudio.QualityTools.Tips.UnitTest.ObjectModel, Version=8.0.0.0, Culture=neutral, PublicKeyToken=b03f5f7f11d50a3a"><value__ type="System.Int32">0</value__></resultType><m_hasSufficientAccess type="System.Boolean">True</m_hasSufficientAccess><counters type="Microsoft.VisualStudio.TestTools.Common.TestResultCounter"><values type="System.Int32">0,0,0,0,0,0,0,0,0,0,0,0,0,0</values><total type="System.Int32">1</total></counters><categoryId type="Microsoft.VisualStudio.TestTools.Common.TestCategoryId"><id type="System.Guid">8c84fa94-04c1-424b-9868-57a2d4851a1d</id></categoryId><outcome type="Microsoft.VisualStudio.TestTools.Common.TestOutcome"><value__ type="System.Int32">1</value__></outcome><errorInfo type="Microsoft.VisualStudio.TestTools.Common.TestResultErrorInfo"><message type="System.String">Test method TestProject2.CCollectTest.GoTest threw exception:  System.ArgumentNullException: Value cannot be null.
Parameter name: path.</message><stackTrace type="System.String">    at System.IO.StreamReader..ctor(String path, Encoding encoding, Boolean detectEncodingFromByteOrderMarks, Int32 bufferSize)
   at System.IO.StreamReader..ctor(String path, Encoding encoding)
   at ChuiWenChiu.Utility.CCollect.Go() in C:\Downloads\ConsoleApplication2\ChuiWenChiu.Utility\CCollect.cs:line 382
   at TestProject2.CCollectTest.GoTest() in C:\Downloads\ConsoleApplication2\TestProject2\CCollectTest.cs:line 254
</stackTrace></errorInfo><traceInfo type="Microsoft.VisualStudio.TestTools.Common.TestExecutionTraceInformation"><trace type="System.Text.StringBuilder">Creating instance of class TestProject2.CCollectTest.
Calling Test method TestProject2.CCollectTest.Microsoft.VisualStudio.TestTools.TestTypes.Unit.TestMethod.
</trace></traceInfo><stdout type="System.String" /><stderr type="System.String" /><debugTrace type="System.String" /><workItemIds type="System.Collections.Generic.List`1[[System.Int32, mscorlib, Version=2.0.0.0, Culture=neutral, PublicKeyToken=b77a5c561934e089]]"><_size type="System.Int32">0</_size><_version type="System.Int32">1</_version></workItemIds><id type="Microsoft.VisualStudio.TestTools.Common.TestResultId"><runId type="System.Guid">0934e09b-aed6-47ec-9418-b3123de1ee80</runId><executionId type="Microsoft.VisualStudio.TestTools.Common.TestExecId"><id type="System.Guid">40a3bd46-2b29-4d87-a48d-216beee095d8</id></executionId><parentExecId type="Microsoft.VisualStudio.TestTools.Common.TestExecId"><id type="System.Guid">00000000-0000-0000-0000-000000000000</id></parentExecId><testId type="Microsoft.VisualStudio.TestTools.Common.TestId"><id type="System.Guid">c7580dcf-f9ff-e968-ea6e-b0da4918be2e</id></testId></id><testName type="System.String">GoTest</testName><testType type="Microsoft.VisualStudio.TestTools.Common.TestType"><id type="System.Guid">13cdc9d9-ddb5-4fa4-a97d-d965ccfc6d4b</id></testType><messageKind type="Microsoft.VisualStudio.TestTools.Common.TestMessageKind"><value__ type="System.Int32">1</value__></messageKind><computerInfo type="Microsoft.VisualStudio.TestTools.Common.ComputerInfo"><m_computerName type="System.String">MYCHAT-2E812B01</m_computerName></computerInfo><duration type="System.TimeSpan">00:00:00.0243036</duration><startTime type="System.DateTime"><dateData type="System.UInt64">632764718627812500</dateData></startTime><endTime type="System.DateTime"><dateData type="System.UInt64">632764718628437500</dateData></endTime><spoolMessage type="System.Boolean">True</spoolMessage></UnitTestResult><UnitTestResult type="Microsoft.VisualStudio.TestTools.TestTypes.Unit.UnitTestResult, Microsoft.VisualStudio.QualityTools.Tips.UnitTest.ObjectModel, Version=8.0.0.0, Culture=neutral, PublicKeyToken=b03f5f7f11d50a3a"><resultType type="Microsoft.VisualStudio.TestTools.TestTypes.Unit.UnitTestResultType, Microsoft.VisualStudio.QualityTools.Tips.UnitTest.ObjectModel, Version=8.0.0.0, Culture=neutral, PublicKeyToken=b03f5f7f11d50a3a"><value__ type="System.Int32">0</value__></resultType><m_hasSufficientAccess type="System.Boolean">True</m_hasSufficientAccess><counters type="Microsoft.VisualStudio.TestTools.Common.TestResultCounter"><values type="System.Int32">0,0,0,0,0,0,0,0,0,0,0,0,0,0</values><total type="System.Int32">1</total></counters><categoryId type="Microsoft.VisualStudio.TestTools.Common.TestCategoryId"><id type="System.Guid">8c84fa94-04c1-424b-9868-57a2d4851a1d</id></categoryId><outcome type="Microsoft.VisualStudio.TestTools.Common.TestOutcome"><value__ type="System.Int32">1</value__></outcome><errorInfo type="Microsoft.VisualStudio.TestTools.Common.TestResultErrorInfo"><message type="System.String">Test method TestProject2.CCollectTest.insertFirstSepTest threw exception:  System.Reflection.TargetInvocationException: Exception has been thrown by the target of an invocation. ---&gt;  System.NullReferenceException: Object reference not set to an instance of an object..</message><stackTrace type="System.String">    at ChuiWenChiu.Utility.CCollect.insertFirstSep(String filename) in C:\Downloads\ConsoleApplication2\ChuiWenChiu.Utility\CCollect.cs:line 212
 --- End of inner exception stack trace ---
    at System.RuntimeMethodHandle._InvokeMethodFast(Object target, Object[] arguments, SignatureStruct&amp; sig, MethodAttributes methodAttributes, RuntimeTypeHandle typeOwner)
   at System.RuntimeMethodHandle.InvokeMethodFast(Object target, Object[] arguments, Signature sig, MethodAttributes methodAttributes, RuntimeTypeHandle typeOwner)
   at System.Reflection.RuntimeMethodInfo.Invoke(Object obj, BindingFlags invokeAttr, Binder binder, Object[] parameters, CultureInfo culture, Boolean skipVisibilityChecks)
   at System.Reflection.RuntimeMethodInfo.Invoke(Object obj, BindingFlags invokeAttr, Binder binder, Object[] parameters, CultureInfo culture)
   at Microsoft.VisualStudio.TestTools.UnitTesting.PrivateObject.Invoke(String name, BindingFlags invokeAttr, Type[] parameterTypes, Object[] args, CultureInfo culture)
   at Microsoft.VisualStudio.TestTools.UnitTesting.PrivateObject.Invoke(String name, Type[] parameterTypes, Object[] args, CultureInfo culture)
   at Microsoft.VisualStudio.TestTools.UnitTesting.PrivateObject.Invoke(String name, Type[] parameterTypes, Object[] args)
   at TestProject2.ChuiWenChiu_Utility_CCollectAccessor.insertFirstSep(String filename) in C:\Downloads\ConsoleApplication2\TestProject2\VSCodeGenAccessors.cs:line 159
   at TestProject2.CCollectTest.insertFirstSepTest() in C:\Downloads\ConsoleApplication2\TestProject2\CCollectTest.cs:line 274
</stackTrace></errorInfo><traceInfo type="Microsoft.VisualStudio.TestTools.Common.TestExecutionTraceInformation"><trace type="System.Text.StringBuilder">Creating instance of class TestProject2.CCollectTest.
Calling Test method TestProject2.CCollectTest.Microsoft.VisualStudio.TestTools.TestTypes.Unit.TestMethod.
</trace></traceInfo><stdout type="System.String" /><stderr type="System.String" /><debugTrace type="System.String" /><workItemIds type="System.Collections.Generic.List`1[[System.Int32, mscorlib, Version=2.0.0.0, Culture=neutral, PublicKeyToken=b77a5c561934e089]]"><_size type="System.Int32">0</_size><_version type="System.Int32">1</_version></workItemIds><id type="Microsoft.VisualStudio.TestTools.Common.TestResultId"><runId type="System.Guid">0934e09b-aed6-47ec-9418-b3123de1ee80</runId><executionId type="Microsoft.VisualStudio.TestTools.Common.TestExecId"><id type="System.Guid">fe9ed305-8089-4419-bc40-69b07551c277</id></executionId><parentExecId type="Microsoft.VisualStudio.TestTools.Common.TestExecId"><id type="System.Guid">00000000-0000-0000-0000-000000000000</id></parentExecId><testId type="Microsoft.VisualStudio.TestTools.Common.TestId"><id type="System.Guid">d3f58df7-a8aa-51df-0aab-71c1bba3abd0</id></testId></id><testName type="System.String">insertFirstSepTest</testName><testType type="Microsoft.VisualStudio.TestTools.Common.TestType"><id type="System.Guid">13cdc9d9-ddb5-4fa4-a97d-d965ccfc6d4b</id></testType><messageKind type="Microsoft.VisualStudio.TestTools.Common.TestMessageKind"><value__ type="System.Int32">1</value__></messageKind><computerInfo type="Microsoft.VisualStudio.TestTools.Common.ComputerInfo"><m_computerName type="System.String">MYCHAT-2E812B01</m_computerName></computerInfo><duration type="System.TimeSpan">00:00:00.0434242</duration><startTime type="System.DateTime"><dateData type="System.UInt64">632764718628437500</dateData></startTime><endTime type="System.DateTime"><dateData type="System.UInt64">632764718629687500</dateData></endTime><spoolMessage type="System.Boolean">True</spoolMessage></UnitTestResult><UnitTestResult type="Microsoft.VisualStudio.TestTools.TestTypes.Unit.UnitTestResult, Microsoft.VisualStudio.QualityTools.Tips.UnitTest.ObjectModel, Version=8.0.0.0, Culture=neutral, PublicKeyToken=b03f5f7f11d50a3a"><resultType type="Microsoft.VisualStudio.TestTools.TestTypes.Unit.UnitTestResultType, Microsoft.VisualStudio.QualityTools.Tips.UnitTest.ObjectModel, Version=8.0.0.0, Culture=neutral, PublicKeyToken=b03f5f7f11d50a3a"><value__ type="System.Int32">0</value__></resultType><m_hasSufficientAccess type="System.Boolean">True</m_hasSufficientAccess><counters type="Microsoft.VisualStudio.TestTools.Common.TestResultCounter"><values type="System.Int32">0,0,0,0,0,0,0,0,0,0,0,0,0,0</values><total type="System.Int32">1</total></counters><categoryId type="Microsoft.VisualStudio.TestTools.Common.TestCategoryId"><id type="System.Guid">8c84fa94-04c1-424b-9868-57a2d4851a1d</id></categoryId><outcome type="Microsoft.VisualStudio.TestTools.Common.TestOutcome"><value__ type="System.Int32">4</value__></outcome><errorInfo type="Microsoft.VisualStudio.TestTools.Common.TestResultErrorInfo"><message type="System.String">Assert.Inconclusive failed. Verify the correctness of this test method.</message><stackTrace type="System.String">   at TestProject2.CCollectTest.isFolderTest() in C:\Downloads\ConsoleApplication2\TestProject2\CCollectTest.cs:line 298
</stackTrace></errorInfo><traceInfo type="Microsoft.VisualStudio.TestTools.Common.TestExecutionTraceInformation"><trace type="System.Text.StringBuilder">Creating instance of class TestProject2.CCollectTest.
Calling Test method TestProject2.CCollectTest.Microsoft.VisualStudio.TestTools.TestTypes.Unit.TestMethod.
</trace></traceInfo><stdout type="System.String" /><stderr type="System.String" /><debugTrace type="System.String" /><workItemIds type="System.Collections.Generic.List`1[[System.Int32, mscorlib, Version=2.0.0.0, Culture=neutral, PublicKeyToken=b77a5c561934e089]]"><_size type="System.Int32">0</_size><_version type="System.Int32">1</_version></workItemIds><id type="Microsoft.VisualStudio.TestTools.Common.TestResultId"><runId type="System.Guid">0934e09b-aed6-47ec-9418-b3123de1ee80</runId><executionId type="Microsoft.VisualStudio.TestTools.Common.TestExecId"><id type="System.Guid">432da76f-a957-4864-9b1e-dab302952ab8</id></executionId><parentExecId type="Microsoft.VisualStudio.TestTools.Common.TestExecId"><id type="System.Guid">00000000-0000-0000-0000-000000000000</id></parentExecId><testId type="Microsoft.VisualStudio.TestTools.Common.TestId"><id type="System.Guid">d752c84b-0fa3-c3ea-a8f6-6ee7d6614433</id></testId></id><testName type="System.String">isFolderTest</testName><testType type="Microsoft.VisualStudio.TestTools.Common.TestType"><id type="System.Guid">13cdc9d9-ddb5-4fa4-a97d-d965ccfc6d4b</id></testType><messageKind type="Microsoft.VisualStudio.TestTools.Common.TestMessageKind"><value__ type="System.Int32">1</value__></messageKind><computerInfo type="Microsoft.VisualStudio.TestTools.Common.ComputerInfo"><m_computerName type="System.String">MYCHAT-2E812B01</m_computerName></computerInfo><duration type="System.TimeSpan">00:00:00.0127586</duration><startTime type="System.DateTime"><dateData type="System.UInt64">632764718629687500</dateData></startTime><endTime type="System.DateTime"><dateData type="System.UInt64">632764718630312500</dateData></endTime><spoolMessage type="System.Boolean">True</spoolMessage></UnitTestResult><UnitTestResult type="Microsoft.VisualStudio.TestTools.TestTypes.Unit.UnitTestResult, Microsoft.VisualStudio.QualityTools.Tips.UnitTest.ObjectModel, Version=8.0.0.0, Culture=neutral, PublicKeyToken=b03f5f7f11d50a3a"><resultType type="Microsoft.VisualStudio.TestTools.TestTypes.Unit.UnitTestResultType, Microsoft.VisualStudio.QualityTools.Tips.UnitTest.ObjectModel, Version=8.0.0.0, Culture=neutral, PublicKeyToken=b03f5f7f11d50a3a"><value__ type="System.Int32">0</value__></resultType><m_hasSufficientAccess type="System.Boolean">True</m_hasSufficientAccess><counters type="Microsoft.VisualStudio.TestTools.Common.TestResultCounter"><values type="System.Int32">0,0,0,0,0,0,0,0,0,0,0,0,0,0</values><total type="System.Int32">1</total></counters><categoryId type="Microsoft.VisualStudio.TestTools.Common.TestCategoryId"><id type="System.Guid">8c84fa94-04c1-424b-9868-57a2d4851a1d</id></categoryId><outcome type="Microsoft.VisualStudio.TestTools.Common.TestOutcome"><value__ type="System.Int32">4</value__></outcome><errorInfo type="Microsoft.VisualStudio.TestTools.Common.TestResultErrorInfo"><message type="System.String">Assert.Inconclusive failed. A method that does not return a value cannot be verified.</message><stackTrace type="System.String">   at TestProject2.CCollectTest.OnAbortTest() in C:\Downloads\ConsoleApplication2\TestProject2\CCollectTest.cs:line 313
</stackTrace></errorInfo><traceInfo type="Microsoft.VisualStudio.TestTools.Common.TestExecutionTraceInformation"><trace type="System.Text.StringBuilder">Creating instance of class TestProject2.CCollectTest.
Calling Test method TestProject2.CCollectTest.Microsoft.VisualStudio.TestTools.TestTypes.Unit.TestMethod.
</trace></traceInfo><stdout type="System.String" /><stderr type="System.String" /><debugTrace type="System.String" /><workItemIds type="System.Collections.Generic.List`1[[System.Int32, mscorlib, Version=2.0.0.0, Culture=neutral, PublicKeyToken=b77a5c561934e089]]"><_size type="System.Int32">0</_size><_version type="System.Int32">1</_version></workItemIds><id type="Microsoft.VisualStudio.TestTools.Common.TestResultId"><runId type="System.Guid">0934e09b-aed6-47ec-9418-b3123de1ee80</runId><executionId type="Microsoft.VisualStudio.TestTools.Common.TestExecId"><id type="System.Guid">6347fb05-0289-46fd-8ad0-d66b317bee5a</id></executionId><parentExecId type="Microsoft.VisualStudio.TestTools.Common.TestExecId"><id type="System.Guid">00000000-0000-0000-0000-000000000000</id></parentExecId><testId type="Microsoft.VisualStudio.TestTools.Common.TestId"><id type="System.Guid">9a3ecbeb-eb4a-5ac7-dd92-832228276eae</id></testId></id><testName type="System.String">OnAbortTest</testName><testType type="Microsoft.VisualStudio.TestTools.Common.TestType"><id type="System.Guid">13cdc9d9-ddb5-4fa4-a97d-d965ccfc6d4b</id></testType><messageKind type="Microsoft.VisualStudio.TestTools.Common.TestMessageKind"><value__ type="System.Int32">1</value__></messageKind><computerInfo type="Microsoft.VisualStudio.TestTools.Common.ComputerInfo"><m_computerName type="System.String">MYCHAT-2E812B01</m_computerName></computerInfo><duration type="System.TimeSpan">00:00:00.0172147</duration><startTime type="System.DateTime"><dateData type="System.UInt64">632764718630312500</dateData></startTime><endTime type="System.DateTime"><dateData type="System.UInt64">632764718631250000</dateData></endTime><spoolMessage type="System.Boolean">True</spoolMessage></UnitTestResult><UnitTestResult type="Microsoft.VisualStudio.TestTools.TestTypes.Unit.UnitTestResult, Microsoft.VisualStudio.QualityTools.Tips.UnitTest.ObjectModel, Version=8.0.0.0, Culture=neutral, PublicKeyToken=b03f5f7f11d50a3a"><resultType type="Microsoft.VisualStudio.TestTools.TestTypes.Unit.UnitTestResultType, Microsoft.VisualStudio.QualityTools.Tips.UnitTest.ObjectModel, Version=8.0.0.0, Culture=neutral, PublicKeyToken=b03f5f7f11d50a3a"><value__ type="System.Int32">0</value__></resultType><m_hasSufficientAccess type="System.Boolean">True</m_hasSufficientAccess><counters type="Microsoft.VisualStudio.TestTools.Common.TestResultCounter"><values type="System.Int32">0,0,0,0,0,0,0,0,0,0,0,0,0,0</values><total type="System.Int32">1</total></counters><categoryId type="Microsoft.VisualStudio.TestTools.Common.TestCategoryId"><id type="System.Guid">8c84fa94-04c1-424b-9868-57a2d4851a1d</id></categoryId><outcome type="Microsoft.VisualStudio.TestTools.Common.TestOutcome"><value__ type="System.Int32">4</value__></outcome><errorInfo type="Microsoft.VisualStudio.TestTools.Common.TestResultErrorInfo"><message type="System.String">Assert.Inconclusive failed. A method that does not return a value cannot be verified.</message><stackTrace type="System.String">   at TestProject2.CCollectTest.OnEnumFileTest() in C:\Downloads\ConsoleApplication2\TestProject2\CCollectTest.cs:line 330
</stackTrace></errorInfo><traceInfo type="Microsoft.VisualStudio.TestTools.Common.TestExecutionTraceInformation"><trace type="System.Text.StringBuilder">Creating instance of class TestProject2.CCollectTest.
Calling Test method TestProject2.CCollectTest.Microsoft.VisualStudio.TestTools.TestTypes.Unit.TestMethod.
</trace></traceInfo><stdout type="System.String" /><stderr type="System.String" /><debugTrace type="System.String" /><workItemIds type="System.Collections.Generic.List`1[[System.Int32, mscorlib, Version=2.0.0.0, Culture=neutral, PublicKeyToken=b77a5c561934e089]]"><_size type="System.Int32">0</_size><_version type="System.Int32">1</_version></workItemIds><id type="Microsoft.VisualStudio.TestTools.Common.TestResultId"><runId type="System.Guid">0934e09b-aed6-47ec-9418-b3123de1ee80</runId><executionId type="Microsoft.VisualStudio.TestTools.Common.TestExecId"><id type="System.Guid">dda69b2d-8da7-4274-9360-3d4b46265ec0</id></executionId><parentExecId type="Microsoft.VisualStudio.TestTools.Common.TestExecId"><id type="System.Guid">00000000-0000-0000-0000-000000000000</id></parentExecId><testId type="Microsoft.VisualStudio.TestTools.Common.TestId"><id type="System.Guid">dad2dddf-175a-b140-4328-4871d2191d18</id></testId></id><testName type="System.String">OnEnumFileTest</testName><testType type="Microsoft.VisualStudio.TestTools.Common.TestType"><id type="System.Guid">13cdc9d9-ddb5-4fa4-a97d-d965ccfc6d4b</id></testType><messageKind type="Microsoft.VisualStudio.TestTools.Common.TestMessageKind"><value__ type="System.Int32">1</value__></messageKind><computerInfo type="Microsoft.VisualStudio.TestTools.Common.ComputerInfo"><m_computerName type="System.String">MYCHAT-2E812B01</m_computerName></computerInfo><duration type="System.TimeSpan">00:00:00.0200637</duration><startTime type="System.DateTime"><dateData type="System.UInt64">632764718631250000</dateData></startTime><endTime type="System.DateTime"><dateData type="System.UInt64">632764718631875000</dateData></endTime><spoolMessage type="System.Boolean">True</spoolMessage></UnitTestResult><UnitTestResult type="Microsoft.VisualStudio.TestTools.TestTypes.Unit.UnitTestResult, Microsoft.VisualStudio.QualityTools.Tips.UnitTest.ObjectModel, Version=8.0.0.0, Culture=neutral, PublicKeyToken=b03f5f7f11d50a3a"><resultType type="Microsoft.VisualStudio.TestTools.TestTypes.Unit.UnitTestResultType, Microsoft.VisualStudio.QualityTools.Tips.UnitTest.ObjectModel, Version=8.0.0.0, Culture=neutral, PublicKeyToken=b03f5f7f11d50a3a"><value__ type="System.Int32">0</value__></resultType><m_hasSufficientAccess type="System.Boolean">True</m_hasSufficientAccess><counters type="Microsoft.VisualStudio.TestTools.Common.TestResultCounter"><values type="System.Int32">0,0,0,0,0,0,0,0,0,0,0,0,0,0</values><total type="System.Int32">1</total></counters><categoryId type="Microsoft.VisualStudio.TestTools.Common.TestCategoryId"><id type="System.Guid">8c84fa94-04c1-424b-9868-57a2d4851a1d</id></categoryId><outcome type="Microsoft.VisualStudio.TestTools.Common.TestOutcome"><value__ type="System.Int32">4</value__></outcome><errorInfo type="Microsoft.VisualStudio.TestTools.Common.TestResultErrorInfo"><message type="System.String">Assert.Inconclusive failed. A method that does not return a value cannot be verified.</message><stackTrace type="System.String">   at TestProject2.CCollectTest.OnFailTest() in C:\Downloads\ConsoleApplication2\TestProject2\CCollectTest.cs:line 347
</stackTrace></errorInfo><traceInfo type="Microsoft.VisualStudio.TestTools.Common.TestExecutionTraceInformation"><trace type="System.Text.StringBuilder">Creating instance of class TestProject2.CCollectTest.
Calling Test method TestProject2.CCollectTest.Microsoft.VisualStudio.TestTools.TestTypes.Unit.TestMethod.
</trace></traceInfo><stdout type="System.String" /><stderr type="System.String" /><debugTrace type="System.String" /><workItemIds type="System.Collections.Generic.List`1[[System.Int32, mscorlib, Version=2.0.0.0, Culture=neutral, PublicKeyToken=b77a5c561934e089]]"><_size type="System.Int32">0</_size><_version type="System.Int32">1</_version></workItemIds><id type="Microsoft.VisualStudio.TestTools.Common.TestResultId"><runId type="System.Guid">0934e09b-aed6-47ec-9418-b3123de1ee80</runId><executionId type="Microsoft.VisualStudio.TestTools.Common.TestExecId"><id type="System.Guid">1fd03d48-764d-48e1-8942-a9487cbd2320</id></executionId><parentExecId type="Microsoft.VisualStudio.TestTools.Common.TestExecId"><id type="System.Guid">00000000-0000-0000-0000-000000000000</id></parentExecId><testId type="Microsoft.VisualStudio.TestTools.Common.TestId"><id type="System.Guid">d091d16b-b06c-ced5-122a-9b438b859d20</id></testId></id><testName type="System.String">OnFailTest</testName><testType type="Microsoft.VisualStudio.TestTools.Common.TestType"><id type="System.Guid">13cdc9d9-ddb5-4fa4-a97d-d965ccfc6d4b</id></testType><messageKind type="Microsoft.VisualStudio.TestTools.Common.TestMessageKind"><value__ type="System.Int32">1</value__></messageKind><computerInfo type="Microsoft.VisualStudio.TestTools.Common.ComputerInfo"><m_computerName type="System.String">MYCHAT-2E812B01</m_computerName></computerInfo><duration type="System.TimeSpan">00:00:00.0162570</duration><startTime type="System.DateTime"><dateData type="System.UInt64">632764718631875000</dateData></startTime><endTime type="System.DateTime"><dateData type="System.UInt64">632764718632500000</dateData></endTime><spoolMessage type="System.Boolean">True</spoolMessage></UnitTestResult><UnitTestResult type="Microsoft.VisualStudio.TestTools.TestTypes.Unit.UnitTestResult, Microsoft.VisualStudio.QualityTools.Tips.UnitTest.ObjectModel, Version=8.0.0.0, Culture=neutral, PublicKeyToken=b03f5f7f11d50a3a"><resultType type="Microsoft.VisualStudio.TestTools.TestTypes.Unit.UnitTestResultType, Microsoft.VisualStudio.QualityTools.Tips.UnitTest.ObjectModel, Version=8.0.0.0, Culture=neutral, PublicKeyToken=b03f5f7f11d50a3a"><value__ type="System.Int32">0</value__></resultType><m_hasSufficientAccess type="System.Boolean">True</m_hasSufficientAccess><counters type="Microsoft.VisualStudio.TestTools.Common.TestResultCounter"><values type="System.Int32">0,0,0,0,0,0,0,0,0,0,0,0,0,0</values><total type="System.Int32">1</total></counters><categoryId type="Microsoft.VisualStudio.TestTools.Common.TestCategoryId"><id type="System.Guid">8c84fa94-04c1-424b-9868-57a2d4851a1d</id></categoryId><outcome type="Microsoft.VisualStudio.TestTools.Common.TestOutcome"><value__ type="System.Int32">4</value__></outcome><errorInfo type="Microsoft.VisualStudio.TestTools.Common.TestResultErrorInfo"><message type="System.String">Assert.Inconclusive failed. A method that does not return a value cannot be verified.</message><stackTrace type="System.String">   at TestProject2.CCollectTest.OnNoExistTest() in C:\Downloads\ConsoleApplication2\TestProject2\CCollectTest.cs:line 364
</stackTrace></errorInfo><traceInfo type="Microsoft.VisualStudio.TestTools.Common.TestExecutionTraceInformation"><trace type="System.Text.StringBuilder">Creating instance of class TestProject2.CCollectTest.
Calling Test method TestProject2.CCollectTest.Microsoft.VisualStudio.TestTools.TestTypes.Unit.TestMethod.
</trace></traceInfo><stdout type="System.String" /><stderr type="System.String" /><debugTrace type="System.String" /><workItemIds type="System.Collections.Generic.List`1[[System.Int32, mscorlib, Version=2.0.0.0, Culture=neutral, PublicKeyToken=b77a5c561934e089]]"><_size type="System.Int32">0</_size><_version type="System.Int32">1</_version></workItemIds><id type="Microsoft.VisualStudio.TestTools.Common.TestResultId"><runId type="System.Guid">0934e09b-aed6-47ec-9418-b3123de1ee80</runId><executionId type="Microsoft.VisualStudio.TestTools.Common.TestExecId"><id type="System.Guid">be67e8ae-e407-45e0-80d1-f6ff8ea288ac</id></executionId><parentExecId type="Microsoft.VisualStudio.TestTools.Common.TestExecId"><id type="System.Guid">00000000-0000-0000-0000-000000000000</id></parentExecId><testId type="Microsoft.VisualStudio.TestTools.Common.TestId"><id type="System.Guid">ba35bdcb-9db0-ee0e-2d0d-918edbf9c45d</id></testId></id><testName type="System.String">OnNoExistTest</testName><testType type="Microsoft.VisualStudio.TestTools.Common.TestType"><id type="System.Guid">13cdc9d9-ddb5-4fa4-a97d-d965ccfc6d4b</id></testType><messageKind type="Microsoft.VisualStudio.TestTools.Common.TestMessageKind"><value__ type="System.Int32">1</value__></messageKind><computerInfo type="Microsoft.VisualStudio.TestTools.Common.ComputerInfo"><m_computerName type="System.String">MYCHAT-2E812B01</m_computerName></computerInfo><duration type="System.TimeSpan">00:00:00.0158592</duration><startTime type="System.DateTime"><dateData type="System.UInt64">632764718632500000</dateData></startTime><endTime type="System.DateTime"><dateData type="System.UInt64">632764718633593750</dateData></endTime><spoolMessage type="System.Boolean">True</spoolMessage></UnitTestResult><UnitTestResult type="Microsoft.VisualStudio.TestTools.TestTypes.Unit.UnitTestResult, Microsoft.VisualStudio.QualityTools.Tips.UnitTest.ObjectModel, Version=8.0.0.0, Culture=neutral, PublicKeyToken=b03f5f7f11d50a3a"><resultType type="Microsoft.VisualStudio.TestTools.TestTypes.Unit.UnitTestResultType, Microsoft.VisualStudio.QualityTools.Tips.UnitTest.ObjectModel, Version=8.0.0.0, Culture=neutral, PublicKeyToken=b03f5f7f11d50a3a"><value__ type="System.Int32">0</value__></resultType><m_hasSufficientAccess type="System.Boolean">True</m_hasSufficientAccess><counters type="Microsoft.VisualStudio.TestTools.Common.TestResultCounter"><values type="System.Int32">0,0,0,0,0,0,0,0,0,0,0,0,0,0</values><total type="System.Int32">1</total></counters><categoryId type="Microsoft.VisualStudio.TestTools.Common.TestCategoryId"><id type="System.Guid">8c84fa94-04c1-424b-9868-57a2d4851a1d</id></categoryId><outcome type="Microsoft.VisualStudio.TestTools.Common.TestOutcome"><value__ type="System.Int32">4</value__></outcome><errorInfo type="Microsoft.VisualStudio.TestTools.Common.TestResultErrorInfo"><message type="System.String">Assert.Inconclusive failed. A method that does not return a value cannot be verified.</message><stackTrace type="System.String">   at TestProject2.CCollectTest.OnReplaceTest() in C:\Downloads\ConsoleApplication2\TestProject2\CCollectTest.cs:line 381
</stackTrace></errorInfo><traceInfo type="Microsoft.VisualStudio.TestTools.Common.TestExecutionTraceInformation"><trace type="System.Text.StringBuilder">Creating instance of class TestProject2.CCollectTest.
Calling Test method TestProject2.CCollectTest.Microsoft.VisualStudio.TestTools.TestTypes.Unit.TestMethod.
</trace></traceInfo><stdout type="System.String" /><stderr type="System.String" /><debugTrace type="System.String" /><workItemIds type="System.Collections.Generic.List`1[[System.Int32, mscorlib, Version=2.0.0.0, Culture=neutral, PublicKeyToken=b77a5c561934e089]]"><_size type="System.Int32">0</_size><_version type="System.Int32">1</_version></workItemIds><id type="Microsoft.VisualStudio.TestTools.Common.TestResultId"><runId type="System.Guid">0934e09b-aed6-47ec-9418-b3123de1ee80</runId><executionId type="Microsoft.VisualStudio.TestTools.Common.TestExecId"><id type="System.Guid">ebc242d6-882e-404c-9ba1-fee0ed057145</id></executionId><parentExecId type="Microsoft.VisualStudio.TestTools.Common.TestExecId"><id type="System.Guid">00000000-0000-0000-0000-000000000000</id></parentExecId><testId type="Microsoft.VisualStudio.TestTools.Common.TestId"><id type="System.Guid">15969bb8-37c0-0537-3f75-b1fe80cfb4da</id></testId></id><testName type="System.String">OnReplaceTest</testName><testType type="Microsoft.VisualStudio.TestTools.Common.TestType"><id type="System.Guid">13cdc9d9-ddb5-4fa4-a97d-d965ccfc6d4b</id></testType><messageKind type="Microsoft.VisualStudio.TestTools.Common.TestMessageKind"><value__ type="System.Int32">1</value__></messageKind><computerInfo type="Microsoft.VisualStudio.TestTools.Common.ComputerInfo"><m_computerName type="System.String">MYCHAT-2E812B01</m_computerName></computerInfo><duration type="System.TimeSpan">00:00:00.0223176</duration><startTime type="System.DateTime"><dateData type="System.UInt64">632764718633593750</dateData></startTime><endTime type="System.DateTime"><dateData type="System.UInt64">632764718634375000</dateData></endTime><spoolMessage type="System.Boolean">True</spoolMessage></UnitTestResult><UnitTestResult type="Microsoft.VisualStudio.TestTools.TestTypes.Unit.UnitTestResult, Microsoft.VisualStudio.QualityTools.Tips.UnitTest.ObjectModel, Version=8.0.0.0, Culture=neutral, PublicKeyToken=b03f5f7f11d50a3a"><resultType type="Microsoft.VisualStudio.TestTools.TestTypes.Unit.UnitTestResultType, Microsoft.VisualStudio.QualityTools.Tips.UnitTest.ObjectModel, Version=8.0.0.0, Culture=neutral, PublicKeyToken=b03f5f7f11d50a3a"><value__ type="System.Int32">0</value__></resultType><m_hasSufficientAccess type="System.Boolean">True</m_hasSufficientAccess><counters type="Microsoft.VisualStudio.TestTools.Common.TestResultCounter"><values type="System.Int32">0,0,0,0,0,0,0,0,0,0,0,0,0,0</values><total type="System.Int32">1</total></counters><categoryId type="Microsoft.VisualStudio.TestTools.Common.TestCategoryId"><id type="System.Guid">8c84fa94-04c1-424b-9868-57a2d4851a1d</id></categoryId><outcome type="Microsoft.VisualStudio.TestTools.Common.TestOutcome"><value__ type="System.Int32">4</value__></outcome><errorInfo type="Microsoft.VisualStudio.TestTools.Common.TestResultErrorInfo"><message type="System.String">Assert.Inconclusive failed. A method that does not return a value cannot be verified.</message><stackTrace type="System.String">   at TestProject2.CCollectTest.OnSuccessTest() in C:\Downloads\ConsoleApplication2\TestProject2\CCollectTest.cs:line 398
</stackTrace></errorInfo><traceInfo type="Microsoft.VisualStudio.TestTools.Common.TestExecutionTraceInformation"><trace type="System.Text.StringBuilder">Creating instance of class TestProject2.CCollectTest.
Calling Test method TestProject2.CCollectTest.Microsoft.VisualStudio.TestTools.TestTypes.Unit.TestMethod.
</trace></traceInfo><stdout type="System.String" /><stderr type="System.String" /><debugTrace type="System.String" /><workItemIds type="System.Collections.Generic.List`1[[System.Int32, mscorlib, Version=2.0.0.0, Culture=neutral, PublicKeyToken=b77a5c561934e089]]"><_size type="System.Int32">0</_size><_version type="System.Int32">1</_version></workItemIds><id type="Microsoft.VisualStudio.TestTools.Common.TestResultId"><runId type="System.Guid">0934e09b-aed6-47ec-9418-b3123de1ee80</runId><executionId type="Microsoft.VisualStudio.TestTools.Common.TestExecId"><id type="System.Guid">b851b7a4-5e02-43ac-8700-40c70cd11d35</id></executionId><parentExecId type="Microsoft.VisualStudio.TestTools.Common.TestExecId"><id type="System.Guid">00000000-0000-0000-0000-000000000000</id></parentExecId><testId type="Microsoft.VisualStudio.TestTools.Common.TestId"><id type="System.Guid">cdeb0dac-62f9-8244-6149-427ad6cf294a</id></testId></id><testName type="System.String">OnSuccessTest</testName><testType type="Microsoft.VisualStudio.TestTools.Common.TestType"><id type="System.Guid">13cdc9d9-ddb5-4fa4-a97d-d965ccfc6d4b</id></testType><messageKind type="Microsoft.VisualStudio.TestTools.Common.TestMessageKind"><value__ type="System.Int32">1</value__></messageKind><computerInfo type="Microsoft.VisualStudio.TestTools.Common.ComputerInfo"><m_computerName type="System.String">MYCHAT-2E812B01</m_computerName></computerInfo><duration type="System.TimeSpan">00:00:00.0150030</duration><startTime type="System.DateTime"><dateData type="System.UInt64">632764718634375000</dateData></startTime><endTime type="System.DateTime"><dateData type="System.UInt64">632764718635000000</dateData></endTime><spoolMessage type="System.Boolean">True</spoolMessage></UnitTestResult><UnitTestResult type="Microsoft.VisualStudio.TestTools.TestTypes.Unit.UnitTestResult, Microsoft.VisualStudio.QualityTools.Tips.UnitTest.ObjectModel, Version=8.0.0.0, Culture=neutral, PublicKeyToken=b03f5f7f11d50a3a"><resultType type="Microsoft.VisualStudio.TestTools.TestTypes.Unit.UnitTestResultType, Microsoft.VisualStudio.QualityTools.Tips.UnitTest.ObjectModel, Version=8.0.0.0, Culture=neutral, PublicKeyToken=b03f5f7f11d50a3a"><value__ type="System.Int32">0</value__></resultType><m_hasSufficientAccess type="System.Boolean">True</m_hasSufficientAccess><counters type="Microsoft.VisualStudio.TestTools.Common.TestResultCounter"><values type="System.Int32">0,0,0,0,0,0,0,0,0,0,0,0,0,0</values><total type="System.Int32">1</total></counters><categoryId type="Microsoft.VisualStudio.TestTools.Common.TestCategoryId"><id type="System.Guid">8c84fa94-04c1-424b-9868-57a2d4851a1d</id></categoryId><outcome type="Microsoft.VisualStudio.TestTools.Common.TestOutcome"><value__ type="System.Int32">4</value__></outcome><errorInfo type="Microsoft.VisualStudio.TestTools.Common.TestResultErrorInfo"><message type="System.String">Assert.Inconclusive failed. Verify the correctness of this test method.</message><stackTrace type="System.String">   at TestProject2.CCollectTest.SourcePathTest() in C:\Downloads\ConsoleApplication2\TestProject2\CCollectTest.cs:line 414
</stackTrace></errorInfo><traceInfo type="Microsoft.VisualStudio.TestTools.Common.TestExecutionTraceInformation"><trace type="System.Text.StringBuilder">Creating instance of class TestProject2.CCollectTest.
Calling Test method TestProject2.CCollectTest.Microsoft.VisualStudio.TestTools.TestTypes.Unit.TestMethod.
</trace></traceInfo><stdout type="System.String" /><stderr type="System.String" /><debugTrace type="System.String" /><workItemIds type="System.Collections.Generic.List`1[[System.Int32, mscorlib, Version=2.0.0.0, Culture=neutral, PublicKeyToken=b77a5c561934e089]]"><_size type="System.Int32">0</_size><_version type="System.Int32">1</_version></workItemIds><id type="Microsoft.VisualStudio.TestTools.Common.TestResultId"><runId type="System.Guid">0934e09b-aed6-47ec-9418-b3123de1ee80</runId><executionId type="Microsoft.VisualStudio.TestTools.Common.TestExecId"><id type="System.Guid">785355de-e330-4570-b302-eb5234191ae1</id></executionId><parentExecId type="Microsoft.VisualStudio.TestTools.Common.TestExecId"><id type="System.Guid">00000000-0000-0000-0000-000000000000</id></parentExecId><testId type="Microsoft.VisualStudio.TestTools.Common.TestId"><id type="System.Guid">21e65718-b1ca-292e-308d-ff113ba37072</id></testId></id><testName type="System.String">SourcePathTest</testName><testType type="Microsoft.VisualStudio.TestTools.Common.TestType"><id type="System.Guid">13cdc9d9-ddb5-4fa4-a97d-d965ccfc6d4b</id></testType><messageKind type="Microsoft.VisualStudio.TestTools.Common.TestMessageKind"><value__ type="System.Int32">1</value__></messageKind><computerInfo type="Microsoft.VisualStudio.TestTools.Common.ComputerInfo"><m_computerName type="System.String">MYCHAT-2E812B01</m_computerName></computerInfo><duration type="System.TimeSpan">00:00:00.0133525</duration><startTime type="System.DateTime"><dateData type="System.UInt64">632764718635000000</dateData></startTime><endTime type="System.DateTime"><dateData type="System.UInt64">632764718635781250</dateData></endTime><spoolMessage type="System.Boolean">True</spoolMessage></UnitTestResult><UnitTestResult type="Microsoft.VisualStudio.TestTools.TestTypes.Unit.UnitTestResult, Microsoft.VisualStudio.QualityTools.Tips.UnitTest.ObjectModel, Version=8.0.0.0, Culture=neutral, PublicKeyToken=b03f5f7f11d50a3a"><resultType type="Microsoft.VisualStudio.TestTools.TestTypes.Unit.UnitTestResultType, Microsoft.VisualStudio.QualityTools.Tips.UnitTest.ObjectModel, Version=8.0.0.0, Culture=neutral, PublicKeyToken=b03f5f7f11d50a3a"><value__ type="System.Int32">0</value__></resultType><m_hasSufficientAccess type="System.Boolean">True</m_hasSufficientAccess><counters type="Microsoft.VisualStudio.TestTools.Common.TestResultCounter"><values type="System.Int32">0,0,0,0,0,0,0,0,0,0,0,0,0,0</values><total type="System.Int32">1</total></counters><categoryId type="Microsoft.VisualStudio.TestTools.Common.TestCategoryId"><id type="System.Guid">8c84fa94-04c1-424b-9868-57a2d4851a1d</id></categoryId><outcome type="Microsoft.VisualStudio.TestTools.Common.TestOutcome"><value__ type="System.Int32">4</value__></outcome><errorInfo type="Microsoft.VisualStudio.TestTools.Common.TestResultErrorInfo"><message type="System.String">Assert.Inconclusive failed. TODO: Implement code to verify target</message><stackTrace type="System.String">   at TestProject2.CollectEventArgsTest.ConstructorTest() in C:\Downloads\ConsoleApplication2\TestProject2\CCollectTest.cs:line 485
</stackTrace></errorInfo><traceInfo type="Microsoft.VisualStudio.TestTools.Common.TestExecutionTraceInformation"><trace type="System.Text.StringBuilder">Creating instance of class TestProject2.CollectEventArgsTest.
Calling Test method TestProject2.CollectEventArgsTest.Microsoft.VisualStudio.TestTools.TestTypes.Unit.TestMethod.
</trace></traceInfo><stdout type="System.String" /><stderr type="System.String" /><debugTrace type="System.String" /><workItemIds type="System.Collections.Generic.List`1[[System.Int32, mscorlib, Version=2.0.0.0, Culture=neutral, PublicKeyToken=b77a5c561934e089]]"><_size type="System.Int32">0</_size><_version type="System.Int32">1</_version></workItemIds><id type="Microsoft.VisualStudio.TestTools.Common.TestResultId"><runId type="System.Guid">0934e09b-aed6-47ec-9418-b3123de1ee80</runId><executionId type="Microsoft.VisualStudio.TestTools.Common.TestExecId"><id type="System.Guid">405be840-570c-4d51-a447-522c1d935776</id></executionId><parentExecId type="Microsoft.VisualStudio.TestTools.Common.TestExecId"><id type="System.Guid">00000000-0000-0000-0000-000000000000</id></parentExecId><testId type="Microsoft.VisualStudio.TestTools.Common.TestId"><id type="System.Guid">322da1f8-92cb-bccb-877c-aff5e53d9e66</id></testId></id><testName type="System.String">ConstructorTest</testName><testType type="Microsoft.VisualStudio.TestTools.Common.TestType"><id type="System.Guid">13cdc9d9-ddb5-4fa4-a97d-d965ccfc6d4b</id></testType><messageKind type="Microsoft.VisualStudio.TestTools.Common.TestMessageKind"><value__ type="System.Int32">1</value__></messageKind><computerInfo type="Microsoft.VisualStudio.TestTools.Common.ComputerInfo"><m_computerName type="System.String">MYCHAT-2E812B01</m_computerName></computerInfo><duration type="System.TimeSpan">00:00:00.0168792</duration><startTime type="System.DateTime"><dateData type="System.UInt64">632764718635781250</dateData></startTime><endTime type="System.DateTime"><dateData type="System.UInt64">632764718636250000</dateData></endTime><spoolMessage type="System.Boolean">True</spoolMessage></UnitTestResult><UnitTestResult type="Microsoft.VisualStudio.TestTools.TestTypes.Unit.UnitTestResult, Microsoft.VisualStudio.QualityTools.Tips.UnitTest.ObjectModel, Version=8.0.0.0, Culture=neutral, PublicKeyToken=b03f5f7f11d50a3a"><resultType type="Microsoft.VisualStudio.TestTools.TestTypes.Unit.UnitTestResultType, Microsoft.VisualStudio.QualityTools.Tips.UnitTest.ObjectModel, Version=8.0.0.0, Culture=neutral, PublicKeyToken=b03f5f7f11d50a3a"><value__ type="System.Int32">0</value__></resultType><m_hasSufficientAccess type="System.Boolean">True</m_hasSufficientAccess><counters type="Microsoft.VisualStudio.TestTools.Common.TestResultCounter"><values type="System.Int32">0,0,0,0,0,0,0,0,0,0,0,0,0,0</values><total type="System.Int32">1</total></counters><categoryId type="Microsoft.VisualStudio.TestTools.Common.TestCategoryId"><id type="System.Guid">8c84fa94-04c1-424b-9868-57a2d4851a1d</id></categoryId><outcome type="Microsoft.VisualStudio.TestTools.Common.TestOutcome"><value__ type="System.Int32">4</value__></outcome><errorInfo type="Microsoft.VisualStudio.TestTools.Common.TestResultErrorInfo"><message type="System.String">Assert.Inconclusive failed. Verify the correctness of this test method.</message><stackTrace type="System.String">   at TestProject2.CollectEventArgsTest.MessageTest() in C:\Downloads\ConsoleApplication2\TestProject2\CCollectTest.cs:line 501
</stackTrace></errorInfo><traceInfo type="Microsoft.VisualStudio.TestTools.Common.TestExecutionTraceInformation"><trace type="System.Text.StringBuilder">Creating instance of class TestProject2.CollectEventArgsTest.
Calling Test method TestProject2.CollectEventArgsTest.Microsoft.VisualStudio.TestTools.TestTypes.Unit.TestMethod.
</trace></traceInfo><stdout type="System.String" /><stderr type="System.String" /><debugTrace type="System.String" /><workItemIds type="System.Collections.Generic.List`1[[System.Int32, mscorlib, Version=2.0.0.0, Culture=neutral, PublicKeyToken=b77a5c561934e089]]"><_size type="System.Int32">0</_size><_version type="System.Int32">1</_version></workItemIds><id type="Microsoft.VisualStudio.TestTools.Common.TestResultId"><runId type="System.Guid">0934e09b-aed6-47ec-9418-b3123de1ee80</runId><executionId type="Microsoft.VisualStudio.TestTools.Common.TestExecId"><id type="System.Guid">7e5279a6-31f3-43a8-86f6-b3cc2006a106</id></executionId><parentExecId type="Microsoft.VisualStudio.TestTools.Common.TestExecId"><id type="System.Guid">00000000-0000-0000-0000-000000000000</id></parentExecId><testId type="Microsoft.VisualStudio.TestTools.Common.TestId"><id type="System.Guid">f91fdc7e-5f0d-aa2c-746b-02250f3863f5</id></testId></id><testName type="System.String">MessageTest</testName><testType type="Microsoft.VisualStudio.TestTools.Common.TestType"><id type="System.Guid">13cdc9d9-ddb5-4fa4-a97d-d965ccfc6d4b</id></testType><messageKind type="Microsoft.VisualStudio.TestTools.Common.TestMessageKind"><value__ type="System.Int32">1</value__></messageKind><computerInfo type="Microsoft.VisualStudio.TestTools.Common.ComputerInfo"><m_computerName type="System.String">MYCHAT-2E812B01</m_computerName></computerInfo><duration type="System.TimeSpan">00:00:00.0166342</duration><startTime type="System.DateTime"><dateData type="System.UInt64">632764718636250000</dateData></startTime><endTime type="System.DateTime"><dateData type="System.UInt64">632764718637187500</dateData></endTime><spoolMessage type="System.Boolean">True</spoolMessage></UnitTestResult><UnitTestResult type="Microsoft.VisualStudio.TestTools.TestTypes.Unit.UnitTestResult, Microsoft.VisualStudio.QualityTools.Tips.UnitTest.ObjectModel, Version=8.0.0.0, Culture=neutral, PublicKeyToken=b03f5f7f11d50a3a"><resultType type="Microsoft.VisualStudio.TestTools.TestTypes.Unit.UnitTestResultType, Microsoft.VisualStudio.QualityTools.Tips.UnitTest.ObjectModel, Version=8.0.0.0, Culture=neutral, PublicKeyToken=b03f5f7f11d50a3a"><value__ type="System.Int32">0</value__></resultType><m_hasSufficientAccess type="System.Boolean">True</m_hasSufficientAccess><counters type="Microsoft.VisualStudio.TestTools.Common.TestResultCounter"><values type="System.Int32">0,0,0,0,0,0,0,0,0,0,0,0,0,0</values><total type="System.Int32">1</total></counters><categoryId type="Microsoft.VisualStudio.TestTools.Common.TestCategoryId"><id type="System.Guid">8c84fa94-04c1-424b-9868-57a2d4851a1d</id></categoryId><outcome type="Microsoft.VisualStudio.TestTools.Common.TestOutcome"><value__ type="System.Int32">4</value__></outcome><errorInfo type="Microsoft.VisualStudio.TestTools.Common.TestResultErrorInfo"><message type="System.String">Assert.Inconclusive failed. TODO: Implement code to verify target</message><stackTrace type="System.String">   at TestProject2.CExtractorTest.ConstructorTest() in C:\Downloads\ConsoleApplication2\TestProject2\CExtractorTest.cs:line 74
</stackTrace></errorInfo><traceInfo type="Microsoft.VisualStudio.TestTools.Common.TestExecutionTraceInformation"><trace type="System.Text.StringBuilder">Creating instance of class TestProject2.CExtractorTest.
Calling Test method TestProject2.CExtractorTest.Microsoft.VisualStudio.TestTools.TestTypes.Unit.TestMethod.
</trace></traceInfo><stdout type="System.String" /><stderr type="System.String" /><debugTrace type="System.String" /><workItemIds type="System.Collections.Generic.List`1[[System.Int32, mscorlib, Version=2.0.0.0, Culture=neutral, PublicKeyToken=b77a5c561934e089]]"><_size type="System.Int32">0</_size><_version type="System.Int32">1</_version></workItemIds><id type="Microsoft.VisualStudio.TestTools.Common.TestResultId"><runId type="System.Guid">0934e09b-aed6-47ec-9418-b3123de1ee80</runId><executionId type="Microsoft.VisualStudio.TestTools.Common.TestExecId"><id type="System.Guid">816e2113-26e9-48ff-9ab2-228d97bdb1c3</id></executionId><parentExecId type="Microsoft.VisualStudio.TestTools.Common.TestExecId"><id type="System.Guid">00000000-0000-0000-0000-000000000000</id></parentExecId><testId type="Microsoft.VisualStudio.TestTools.Common.TestId"><id type="System.Guid">81c2fba1-c32d-245d-6ed4-406abdd804cc</id></testId></id><testName type="System.String">ConstructorTest</testName><testType type="Microsoft.VisualStudio.TestTools.Common.TestType"><id type="System.Guid">13cdc9d9-ddb5-4fa4-a97d-d965ccfc6d4b</id></testType><messageKind type="Microsoft.VisualStudio.TestTools.Common.TestMessageKind"><value__ type="System.Int32">1</value__></messageKind><computerInfo type="Microsoft.VisualStudio.TestTools.Common.ComputerInfo"><m_computerName type="System.String">MYCHAT-2E812B01</m_computerName></computerInfo><duration type="System.TimeSpan">00:00:00.0375734</duration><startTime type="System.DateTime"><dateData type="System.UInt64">632764718637187500</dateData></startTime><endTime type="System.DateTime"><dateData type="System.UInt64">632764718638125000</dateData></endTime><spoolMessage type="System.Boolean">True</spoolMessage></UnitTestResult><UnitTestResult type="Microsoft.VisualStudio.TestTools.TestTypes.Unit.UnitTestResult, Microsoft.VisualStudio.QualityTools.Tips.UnitTest.ObjectModel, Version=8.0.0.0, Culture=neutral, PublicKeyToken=b03f5f7f11d50a3a"><resultType type="Microsoft.VisualStudio.TestTools.TestTypes.Unit.UnitTestResultType, Microsoft.VisualStudio.QualityTools.Tips.UnitTest.ObjectModel, Version=8.0.0.0, Culture=neutral, PublicKeyToken=b03f5f7f11d50a3a"><value__ type="System.Int32">0</value__></resultType><m_hasSufficientAccess type="System.Boolean">True</m_hasSufficientAccess><counters type="Microsoft.VisualStudio.TestTools.Common.TestResultCounter"><values type="System.Int32">0,0,0,0,0,0,0,0,0,0,0,0,0,0</values><total type="System.Int32">1</total></counters><categoryId type="Microsoft.VisualStudio.TestTools.Common.TestCategoryId"><id type="System.Guid">8c84fa94-04c1-424b-9868-57a2d4851a1d</id></categoryId><outcome type="Microsoft.VisualStudio.TestTools.Common.TestOutcome"><value__ type="System.Int32">1</value__></outcome><errorInfo type="Microsoft.VisualStudio.TestTools.Common.TestResultErrorInfo"><message type="System.String">Test method TestProject2.CExtractorTest.ExtractTest threw exception:  System.ArgumentNullException: Value cannot be null.
Parameter name: input.</message><stackTrace type="System.String">    at System.Text.RegularExpressions.Regex.Match(String input)
   at ChuiWenChiu.Utility.CExtractor.ExtractItem() in C:\Downloads\ConsoleApplication2\ChuiWenChiu.Utility\CExtractor.cs:line 37
   at ChuiWenChiu.Utility.CExtractor.Extract(String content) in C:\Downloads\ConsoleApplication2\ChuiWenChiu.Utility\CExtractor.cs:line 63
   at TestProject2.CExtractorTest.ExtractTest() in C:\Downloads\ConsoleApplication2\TestProject2\CExtractorTest.cs:line 86
</stackTrace></errorInfo><traceInfo type="Microsoft.VisualStudio.TestTools.Common.TestExecutionTraceInformation"><trace type="System.Text.StringBuilder">Creating instance of class TestProject2.CExtractorTest.
Calling Test method TestProject2.CExtractorTest.Microsoft.VisualStudio.TestTools.TestTypes.Unit.TestMethod.
</trace></traceInfo><stdout type="System.String" /><stderr type="System.String" /><debugTrace type="System.String" /><workItemIds type="System.Collections.Generic.List`1[[System.Int32, mscorlib, Version=2.0.0.0, Culture=neutral, PublicKeyToken=b77a5c561934e089]]"><_size type="System.Int32">0</_size><_version type="System.Int32">1</_version></workItemIds><id type="Microsoft.VisualStudio.TestTools.Common.TestResultId"><runId type="System.Guid">0934e09b-aed6-47ec-9418-b3123de1ee80</runId><executionId type="Microsoft.VisualStudio.TestTools.Common.TestExecId"><id type="System.Guid">540ae560-3304-410e-aeb9-a0c767b9625e</id></executionId><parentExecId type="Microsoft.VisualStudio.TestTools.Common.TestExecId"><id type="System.Guid">00000000-0000-0000-0000-000000000000</id></parentExecId><testId type="Microsoft.VisualStudio.TestTools.Common.TestId"><id type="System.Guid">eeff4375-53a4-a783-c45f-66986e8057a6</id></testId></id><testName type="System.String">ExtractTest</testName><testType type="Microsoft.VisualStudio.TestTools.Common.TestType"><id type="System.Guid">13cdc9d9-ddb5-4fa4-a97d-d965ccfc6d4b</id></testType><messageKind type="Microsoft.VisualStudio.TestTools.Common.TestMessageKind"><value__ type="System.Int32">1</value__></messageKind><computerInfo type="Microsoft.VisualStudio.TestTools.Common.ComputerInfo"><m_computerName type="System.String">MYCHAT-2E812B01</m_computerName></computerInfo><duration type="System.TimeSpan">00:00:00.0294464</duration><startTime type="System.DateTime"><dateData type="System.UInt64">632764718638125000</dateData></startTime><endTime type="System.DateTime"><dateData type="System.UInt64">632764718639062500</dateData></endTime><spoolMessage type="System.Boolean">True</spoolMessage></UnitTestResult><UnitTestResult type="Microsoft.VisualStudio.TestTools.TestTypes.Unit.UnitTestResult, Microsoft.VisualStudio.QualityTools.Tips.UnitTest.ObjectModel, Version=8.0.0.0, Culture=neutral, PublicKeyToken=b03f5f7f11d50a3a"><resultType type="Microsoft.VisualStudio.TestTools.TestTypes.Unit.UnitTestResultType, Microsoft.VisualStudio.QualityTools.Tips.UnitTest.ObjectModel, Version=8.0.0.0, Culture=neutral, PublicKeyToken=b03f5f7f11d50a3a"><value__ type="System.Int32">0</value__></resultType><m_hasSufficientAccess type="System.Boolean">True</m_hasSufficientAccess><counters type="Microsoft.VisualStudio.TestTools.Common.TestResultCounter"><values type="System.Int32">0,0,0,0,0,0,0,0,0,0,0,0,0,0</values><total type="System.Int32">1</total></counters><categoryId type="Microsoft.VisualStudio.TestTools.Common.TestCategoryId"><id type="System.Guid">8c84fa94-04c1-424b-9868-57a2d4851a1d</id></categoryId><outcome type="Microsoft.VisualStudio.TestTools.Common.TestOutcome"><value__ type="System.Int32">4</value__></outcome><errorInfo type="Microsoft.VisualStudio.TestTools.Common.TestResultErrorInfo"><message type="System.String">Assert.Inconclusive failed. A method that does not return a value cannot be verified.</message><stackTrace type="System.String">   at TestProject2.CExtractorTest.ExtractItemTest() in C:\Downloads\ConsoleApplication2\TestProject2\CExtractorTest.cs:line 103
</stackTrace></errorInfo><traceInfo type="Microsoft.VisualStudio.TestTools.Common.TestExecutionTraceInformation"><trace type="System.Text.StringBuilder">Creating instance of class TestProject2.CExtractorTest.
Calling Test method TestProject2.CExtractorTest.Microsoft.VisualStudio.TestTools.TestTypes.Unit.TestMethod.
</trace></traceInfo><stdout type="System.String" /><stderr type="System.String" /><debugTrace type="System.String" /><workItemIds type="System.Collections.Generic.List`1[[System.Int32, mscorlib, Version=2.0.0.0, Culture=neutral, PublicKeyToken=b77a5c561934e089]]"><_size type="System.Int32">0</_size><_version type="System.Int32">1</_version></workItemIds><id type="Microsoft.VisualStudio.TestTools.Common.TestResultId"><runId type="System.Guid">0934e09b-aed6-47ec-9418-b3123de1ee80</runId><executionId type="Microsoft.VisualStudio.TestTools.Common.TestExecId"><id type="System.Guid">edf4432d-7483-4847-af38-0ad614a743d9</id></executionId><parentExecId type="Microsoft.VisualStudio.TestTools.Common.TestExecId"><id type="System.Guid">00000000-0000-0000-0000-000000000000</id></parentExecId><testId type="Microsoft.VisualStudio.TestTools.Common.TestId"><id type="System.Guid">01a5f2d3-193b-526d-e294-40a3149cf9cb</id></testId></id><testName type="System.String">ExtractItemTest</testName><testType type="Microsoft.VisualStudio.TestTools.Common.TestType"><id type="System.Guid">13cdc9d9-ddb5-4fa4-a97d-d965ccfc6d4b</id></testType><messageKind type="Microsoft.VisualStudio.TestTools.Common.TestMessageKind"><value__ type="System.Int32">1</value__></messageKind><computerInfo type="Microsoft.VisualStudio.TestTools.Common.ComputerInfo"><m_computerName type="System.String">MYCHAT-2E812B01</m_computerName></computerInfo><duration type="System.TimeSpan">00:00:00.0144820</duration><startTime type="System.DateTime"><dateData type="System.UInt64">632764718639062500</dateData></startTime><endTime type="System.DateTime"><dateData type="System.UInt64">632764718639687500</dateData></endTime><spoolMessage type="System.Boolean">True</spoolMessage></UnitTestResult><UnitTestResult type="Microsoft.VisualStudio.TestTools.TestTypes.Unit.UnitTestResult, Microsoft.VisualStudio.QualityTools.Tips.UnitTest.ObjectModel, Version=8.0.0.0, Culture=neutral, PublicKeyToken=b03f5f7f11d50a3a"><resultType type="Microsoft.VisualStudio.TestTools.TestTypes.Unit.UnitTestResultType, Microsoft.VisualStudio.QualityTools.Tips.UnitTest.ObjectModel, Version=8.0.0.0, Culture=neutral, PublicKeyToken=b03f5f7f11d50a3a"><value__ type="System.Int32">0</value__></resultType><m_hasSufficientAccess type="System.Boolean">True</m_hasSufficientAccess><counters type="Microsoft.VisualStudio.TestTools.Common.TestResultCounter"><values type="System.Int32">0,0,0,0,0,0,0,0,0,0,0,0,0,0</values><total type="System.Int32">1</total></counters><categoryId type="Microsoft.VisualStudio.TestTools.Common.TestCategoryId"><id type="System.Guid">8c84fa94-04c1-424b-9868-57a2d4851a1d</id></categoryId><outcome type="Microsoft.VisualStudio.TestTools.Common.TestOutcome"><value__ type="System.Int32">4</value__></outcome><errorInfo type="Microsoft.VisualStudio.TestTools.Common.TestResultErrorInfo"><message type="System.String">Assert.Inconclusive failed. Verify the correctness of this test method.</message><stackTrace type="System.String">   at TestProject2.CExtractorTest.IsHaveValueTest() in C:\Downloads\ConsoleApplication2\TestProject2\CExtractorTest.cs:line 117
</stackTrace></errorInfo><traceInfo type="Microsoft.VisualStudio.TestTools.Common.TestExecutionTraceInformation"><trace type="System.Text.StringBuilder">Creating instance of class TestProject2.CExtractorTest.
Calling Test method TestProject2.CExtractorTest.Microsoft.VisualStudio.TestTools.TestTypes.Unit.TestMethod.
</trace></traceInfo><stdout type="System.String" /><stderr type="System.String" /><debugTrace type="System.String" /><workItemIds type="System.Collections.Generic.List`1[[System.Int32, mscorlib, Version=2.0.0.0, Culture=neutral, PublicKeyToken=b77a5c561934e089]]"><_size type="System.Int32">0</_size><_version type="System.Int32">1</_version></workItemIds><id type="Microsoft.VisualStudio.TestTools.Common.TestResultId"><runId type="System.Guid">0934e09b-aed6-47ec-9418-b3123de1ee80</runId><executionId type="Microsoft.VisualStudio.TestTools.Common.TestExecId"><id type="System.Guid">9b089a2d-4b2e-4fd7-9974-ac03a3135677</id></executionId><parentExecId type="Microsoft.VisualStudio.TestTools.Common.TestExecId"><id type="System.Guid">00000000-0000-0000-0000-000000000000</id></parentExecId><testId type="Microsoft.VisualStudio.TestTools.Common.TestId"><id type="System.Guid">e6d1594b-40a2-4911-c853-0289cae0360d</id></testId></id><testName type="System.String">IsHaveValueTest</testName><testType type="Microsoft.VisualStudio.TestTools.Common.TestType"><id type="System.Guid">13cdc9d9-ddb5-4fa4-a97d-d965ccfc6d4b</id></testType><messageKind type="Microsoft.VisualStudio.TestTools.Common.TestMessageKind"><value__ type="System.Int32">1</value__></messageKind><computerInfo type="Microsoft.VisualStudio.TestTools.Common.ComputerInfo"><m_computerName type="System.String">MYCHAT-2E812B01</m_computerName></computerInfo><duration type="System.TimeSpan">00:00:00.0141900</duration><startTime type="System.DateTime"><dateData type="System.UInt64">632764718639687500</dateData></startTime><endTime type="System.DateTime"><dateData type="System.UInt64">632764718640468750</dateData></endTime><spoolMessage type="System.Boolean">True</spoolMessage></UnitTestResult><UnitTestResult type="Microsoft.VisualStudio.TestTools.TestTypes.Unit.UnitTestResult, Microsoft.VisualStudio.QualityTools.Tips.UnitTest.ObjectModel, Version=8.0.0.0, Culture=neutral, PublicKeyToken=b03f5f7f11d50a3a"><resultType type="Microsoft.VisualStudio.TestTools.TestTypes.Unit.UnitTestResultType, Microsoft.VisualStudio.QualityTools.Tips.UnitTest.ObjectModel, Version=8.0.0.0, Culture=neutral, PublicKeyToken=b03f5f7f11d50a3a"><value__ type="System.Int32">0</value__></resultType><m_hasSufficientAccess type="System.Boolean">True</m_hasSufficientAccess><counters type="Microsoft.VisualStudio.TestTools.Common.TestResultCounter"><values type="System.Int32">0,0,0,0,0,0,0,0,0,0,0,0,0,0</values><total type="System.Int32">1</total></counters><categoryId type="Microsoft.VisualStudio.TestTools.Common.TestCategoryId"><id type="System.Guid">8c84fa94-04c1-424b-9868-57a2d4851a1d</id></categoryId><outcome type="Microsoft.VisualStudio.TestTools.Common.TestOutcome"><value__ type="System.Int32">1</value__></outcome><errorInfo type="Microsoft.VisualStudio.TestTools.Common.TestResultErrorInfo"><message type="System.String">Assert.AreEqual failed. Expected:&lt;(null)&gt;, Actual:&lt;&gt;. ChuiWenChiu.Utility.CExtractor.Item was not set correctly.</message><stackTrace type="System.String">   at TestProject2.CExtractorTest.ItemTest() in C:\Downloads\ConsoleApplication2\TestProject2\CExtractorTest.cs:line 130
</stackTrace></errorInfo><traceInfo type="Microsoft.VisualStudio.TestTools.Common.TestExecutionTraceInformation"><trace type="System.Text.StringBuilder">Creating instance of class TestProject2.CExtractorTest.
Calling Test method TestProject2.CExtractorTest.Microsoft.VisualStudio.TestTools.TestTypes.Unit.TestMethod.
</trace></traceInfo><stdout type="System.String" /><stderr type="System.String" /><debugTrace type="System.String" /><workItemIds type="System.Collections.Generic.List`1[[System.Int32, mscorlib, Version=2.0.0.0, Culture=neutral, PublicKeyToken=b77a5c561934e089]]"><_size type="System.Int32">0</_size><_version type="System.Int32">1</_version></workItemIds><id type="Microsoft.VisualStudio.TestTools.Common.TestResultId"><runId type="System.Guid">0934e09b-aed6-47ec-9418-b3123de1ee80</runId><executionId type="Microsoft.VisualStudio.TestTools.Common.TestExecId"><id type="System.Guid">b006dbbc-5a46-4c0d-82a3-7990448ae334</id></executionId><parentExecId type="Microsoft.VisualStudio.TestTools.Common.TestExecId"><id type="System.Guid">00000000-0000-0000-0000-000000000000</id></parentExecId><testId type="Microsoft.VisualStudio.TestTools.Common.TestId"><id type="System.Guid">c6b0fd5b-acac-4b87-8c17-0ccf3a4649f1</id></testId></id><testName type="System.String">ItemTest</testName><testType type="Microsoft.VisualStudio.TestTools.Common.TestType"><id type="System.Guid">13cdc9d9-ddb5-4fa4-a97d-d965ccfc6d4b</id></testType><messageKind type="Microsoft.VisualStudio.TestTools.Common.TestMessageKind"><value__ type="System.Int32">1</value__></messageKind><computerInfo type="Microsoft.VisualStudio.TestTools.Common.ComputerInfo"><m_computerName type="System.String">MYCHAT-2E812B01</m_computerName></computerInfo><duration type="System.TimeSpan">00:00:00.0137785</duration><startTime type="System.DateTime"><dateData type="System.UInt64">632764718640468750</dateData></startTime><endTime type="System.DateTime"><dateData type="System.UInt64">632764718641093750</dateData></endTime><spoolMessage type="System.Boolean">True</spoolMessage></UnitTestResult><UnitTestResult type="Microsoft.VisualStudio.TestTools.TestTypes.Unit.UnitTestResult, Microsoft.VisualStudio.QualityTools.Tips.UnitTest.ObjectModel, Version=8.0.0.0, Culture=neutral, PublicKeyToken=b03f5f7f11d50a3a"><resultType type="Microsoft.VisualStudio.TestTools.TestTypes.Unit.UnitTestResultType, Microsoft.VisualStudio.QualityTools.Tips.UnitTest.ObjectModel, Version=8.0.0.0, Culture=neutral, PublicKeyToken=b03f5f7f11d50a3a"><value__ type="System.Int32">0</value__></resultType><m_hasSufficientAccess type="System.Boolean">True</m_hasSufficientAccess><counters type="Microsoft.VisualStudio.TestTools.Common.TestResultCounter"><values type="System.Int32">0,0,0,0,0,0,0,0,0,0,0,0,0,0</values><total type="System.Int32">1</total></counters><categoryId type="Microsoft.VisualStudio.TestTools.Common.TestCategoryId"><id type="System.Guid">8c84fa94-04c1-424b-9868-57a2d4851a1d</id></categoryId><outcome type="Microsoft.VisualStudio.TestTools.Common.TestOutcome"><value__ type="System.Int32">4</value__></outcome><errorInfo type="Microsoft.VisualStudio.TestTools.Common.TestResultErrorInfo"><message type="System.String">Assert.Inconclusive failed. A method that does not return a value cannot be verified.</message><stackTrace type="System.String">   at TestProject2.CExtractorTest.RemoveTagTest() in C:\Downloads\ConsoleApplication2\TestProject2\CExtractorTest.cs:line 146
</stackTrace></errorInfo><traceInfo type="Microsoft.VisualStudio.TestTools.Common.TestExecutionTraceInformation"><trace type="System.Text.StringBuilder">Creating instance of class TestProject2.CExtractorTest.
Calling Test method TestProject2.CExtractorTest.Microsoft.VisualStudio.TestTools.TestTypes.Unit.TestMethod.
</trace></traceInfo><stdout type="System.String" /><stderr type="System.String" /><debugTrace type="System.String" /><workItemIds type="System.Collections.Generic.List`1[[System.Int32, mscorlib, Version=2.0.0.0, Culture=neutral, PublicKeyToken=b77a5c561934e089]]"><_size type="System.Int32">0</_size><_version type="System.Int32">1</_version></workItemIds><id type="Microsoft.VisualStudio.TestTools.Common.TestResultId"><runId type="System.Guid">0934e09b-aed6-47ec-9418-b3123de1ee80</runId><executionId type="Microsoft.VisualStudio.TestTools.Common.TestExecId"><id type="System.Guid">e7c803d2-5fc5-4845-a816-c0f42f73fc2f</id></executionId><parentExecId type="Microsoft.VisualStudio.TestTools.Common.TestExecId"><id type="System.Guid">00000000-0000-0000-0000-000000000000</id></parentExecId><testId type="Microsoft.VisualStudio.TestTools.Common.TestId"><id type="System.Guid">40451d2f-8fe8-0ef0-d9c2-c5d75097e7e4</id></testId></id><testName type="System.String">RemoveTagTest</testName><testType type="Microsoft.VisualStudio.TestTools.Common.TestType"><id type="System.Guid">13cdc9d9-ddb5-4fa4-a97d-d965ccfc6d4b</id></testType><messageKind type="Microsoft.VisualStudio.TestTools.Common.TestMessageKind"><value__ type="System.Int32">1</value__></messageKind><computerInfo type="Microsoft.VisualStudio.TestTools.Common.ComputerInfo"><m_computerName type="System.String">MYCHAT-2E812B01</m_computerName></computerInfo><duration type="System.TimeSpan">00:00:00.0253032</duration><startTime type="System.DateTime"><dateData type="System.UInt64">632764718641093750</dateData></startTime><endTime type="System.DateTime"><dateData type="System.UInt64">632764718642031250</dateData></endTime><spoolMessage type="System.Boolean">True</spoolMessage></UnitTestResult><UnitTestResult type="Microsoft.VisualStudio.TestTools.TestTypes.Unit.UnitTestResult, Microsoft.VisualStudio.QualityTools.Tips.UnitTest.ObjectModel, Version=8.0.0.0, Culture=neutral, PublicKeyToken=b03f5f7f11d50a3a"><resultType type="Microsoft.VisualStudio.TestTools.TestTypes.Unit.UnitTestResultType, Microsoft.VisualStudio.QualityTools.Tips.UnitTest.ObjectModel, Version=8.0.0.0, Culture=neutral, PublicKeyToken=b03f5f7f11d50a3a"><value__ type="System.Int32">0</value__></resultType><m_hasSufficientAccess type="System.Boolean">True</m_hasSufficientAccess><counters type="Microsoft.VisualStudio.TestTools.Common.TestResultCounter"><values type="System.Int32">0,0,0,0,0,0,0,0,0,0,0,0,0,0</values><total type="System.Int32">1</total></counters><categoryId type="Microsoft.VisualStudio.TestTools.Common.TestCategoryId"><id type="System.Guid">8c84fa94-04c1-424b-9868-57a2d4851a1d</id></categoryId><outcome type="Microsoft.VisualStudio.TestTools.Common.TestOutcome"><value__ type="System.Int32">4</value__></outcome><errorInfo type="Microsoft.VisualStudio.TestTools.Common.TestResultErrorInfo"><message type="System.String">Assert.Inconclusive failed. Verify the correctness of this test method.</message><stackTrace type="System.String">   at TestProject2.CStateTest.CompressNameTest() in C:\Downloads\ConsoleApplication2\TestProject2\CStateTest.cs:line 79
</stackTrace></errorInfo><traceInfo type="Microsoft.VisualStudio.TestTools.Common.TestExecutionTraceInformation"><trace type="System.Text.StringBuilder">Creating instance of class TestProject2.CStateTest.
Calling Test method TestProject2.CStateTest.Microsoft.VisualStudio.TestTools.TestTypes.Unit.TestMethod.
</trace></traceInfo><stdout type="System.String" /><stderr type="System.String" /><debugTrace type="System.String" /><workItemIds type="System.Collections.Generic.List`1[[System.Int32, mscorlib, Version=2.0.0.0, Culture=neutral, PublicKeyToken=b77a5c561934e089]]"><_size type="System.Int32">0</_size><_version type="System.Int32">1</_version></workItemIds><id type="Microsoft.VisualStudio.TestTools.Common.TestResultId"><runId type="System.Guid">0934e09b-aed6-47ec-9418-b3123de1ee80</runId><executionId type="Microsoft.VisualStudio.TestTools.Common.TestExecId"><id type="System.Guid">03357372-420e-4494-878a-a784c79d56ab</id></executionId><parentExecId type="Microsoft.VisualStudio.TestTools.Common.TestExecId"><id type="System.Guid">00000000-0000-0000-0000-000000000000</id></parentExecId><testId type="Microsoft.VisualStudio.TestTools.Common.TestId"><id type="System.Guid">264eb270-0de5-b389-458b-471d55dad441</id></testId></id><testName type="System.String">CompressNameTest</testName><testType type="Microsoft.VisualStudio.TestTools.Common.TestType"><id type="System.Guid">13cdc9d9-ddb5-4fa4-a97d-d965ccfc6d4b</id></testType><messageKind type="Microsoft.VisualStudio.TestTools.Common.TestMessageKind"><value__ type="System.Int32">1</value__></messageKind><computerInfo type="Microsoft.VisualStudio.TestTools.Common.ComputerInfo"><m_computerName type="System.String">MYCHAT-2E812B01</m_computerName></computerInfo><duration type="System.TimeSpan">00:00:00.0178503</duration><startTime type="System.DateTime"><dateData type="System.UInt64">632764718642031250</dateData></startTime><endTime type="System.DateTime"><dateData type="System.UInt64">632764718642812500</dateData></endTime><spoolMessage type="System.Boolean">True</spoolMessage></UnitTestResult><UnitTestResult type="Microsoft.VisualStudio.TestTools.TestTypes.Unit.UnitTestResult, Microsoft.VisualStudio.QualityTools.Tips.UnitTest.ObjectModel, Version=8.0.0.0, Culture=neutral, PublicKeyToken=b03f5f7f11d50a3a"><resultType type="Microsoft.VisualStudio.TestTools.TestTypes.Unit.UnitTestResultType, Microsoft.VisualStudio.QualityTools.Tips.UnitTest.ObjectModel, Version=8.0.0.0, Culture=neutral, PublicKeyToken=b03f5f7f11d50a3a"><value__ type="System.Int32">0</value__></resultType><m_hasSufficientAccess type="System.Boolean">True</m_hasSufficientAccess><counters type="Microsoft.VisualStudio.TestTools.Common.TestResultCounter"><values type="System.Int32">0,0,0,0,0,0,0,0,0,0,0,0,0,0</values><total type="System.Int32">1</total></counters><categoryId type="Microsoft.VisualStudio.TestTools.Common.TestCategoryId"><id type="System.Guid">8c84fa94-04c1-424b-9868-57a2d4851a1d</id></categoryId><outcome type="Microsoft.VisualStudio.TestTools.Common.TestOutcome"><value__ type="System.Int32">4</value__></outcome><errorInfo type="Microsoft.VisualStudio.TestTools.Common.TestResultErrorInfo"><message type="System.String">Assert.Inconclusive failed. TODO: Implement code to verify target</message><stackTrace type="System.String">   at TestProject2.CStateTest.ConstructorTest() in C:\Downloads\ConsoleApplication2\TestProject2\CStateTest.cs:line 90
</stackTrace></errorInfo><traceInfo type="Microsoft.VisualStudio.TestTools.Common.TestExecutionTraceInformation"><trace type="System.Text.StringBuilder">Creating instance of class TestProject2.CStateTest.
Calling Test method TestProject2.CStateTest.Microsoft.VisualStudio.TestTools.TestTypes.Unit.TestMethod.
</trace></traceInfo><stdout type="System.String" /><stderr type="System.String" /><debugTrace type="System.String" /><workItemIds type="System.Collections.Generic.List`1[[System.Int32, mscorlib, Version=2.0.0.0, Culture=neutral, PublicKeyToken=b77a5c561934e089]]"><_size type="System.Int32">0</_size><_version type="System.Int32">1</_version></workItemIds><id type="Microsoft.VisualStudio.TestTools.Common.TestResultId"><runId type="System.Guid">0934e09b-aed6-47ec-9418-b3123de1ee80</runId><executionId type="Microsoft.VisualStudio.TestTools.Common.TestExecId"><id type="System.Guid">47d9f937-7aad-45b3-97a3-1b3c03ba5a89</id></executionId><parentExecId type="Microsoft.VisualStudio.TestTools.Common.TestExecId"><id type="System.Guid">00000000-0000-0000-0000-000000000000</id></parentExecId><testId type="Microsoft.VisualStudio.TestTools.Common.TestId"><id type="System.Guid">7c3c1947-2701-d50d-75df-ba51b311eebe</id></testId></id><testName type="System.String">ConstructorTest</testName><testType type="Microsoft.VisualStudio.TestTools.Common.TestType"><id type="System.Guid">13cdc9d9-ddb5-4fa4-a97d-d965ccfc6d4b</id></testType><messageKind type="Microsoft.VisualStudio.TestTools.Common.TestMessageKind"><value__ type="System.Int32">1</value__></messageKind><computerInfo type="Microsoft.VisualStudio.TestTools.Common.ComputerInfo"><m_computerName type="System.String">MYCHAT-2E812B01</m_computerName></computerInfo><duration type="System.TimeSpan">00:00:00.0181676</duration><startTime type="System.DateTime"><dateData type="System.UInt64">632764718642812500</dateData></startTime><endTime type="System.DateTime"><dateData type="System.UInt64">632764718643593750</dateData></endTime><spoolMessage type="System.Boolean">True</spoolMessage></UnitTestResult><UnitTestResult type="Microsoft.VisualStudio.TestTools.TestTypes.Unit.UnitTestResult, Microsoft.VisualStudio.QualityTools.Tips.UnitTest.ObjectModel, Version=8.0.0.0, Culture=neutral, PublicKeyToken=b03f5f7f11d50a3a"><resultType type="Microsoft.VisualStudio.TestTools.TestTypes.Unit.UnitTestResultType, Microsoft.VisualStudio.QualityTools.Tips.UnitTest.ObjectModel, Version=8.0.0.0, Culture=neutral, PublicKeyToken=b03f5f7f11d50a3a"><value__ type="System.Int32">0</value__></resultType><m_hasSufficientAccess type="System.Boolean">True</m_hasSufficientAccess><counters type="Microsoft.VisualStudio.TestTools.Common.TestResultCounter"><values type="System.Int32">0,0,0,0,0,0,0,0,0,0,0,0,0,0</values><total type="System.Int32">1</total></counters><categoryId type="Microsoft.VisualStudio.TestTools.Common.TestCategoryId"><id type="System.Guid">8c84fa94-04c1-424b-9868-57a2d4851a1d</id></categoryId><outcome type="Microsoft.VisualStudio.TestTools.Common.TestOutcome"><value__ type="System.Int32">4</value__></outcome><errorInfo type="Microsoft.VisualStudio.TestTools.Common.TestResultErrorInfo"><message type="System.String">Assert.Inconclusive failed. Verify the correctness of this test method.</message><stackTrace type="System.String">   at TestProject2.CStateTest.DestPathTest() in C:\Downloads\ConsoleApplication2\TestProject2\CStateTest.cs:line 106
</stackTrace></errorInfo><traceInfo type="Microsoft.VisualStudio.TestTools.Common.TestExecutionTraceInformation"><trace type="System.Text.StringBuilder">Creating instance of class TestProject2.CStateTest.
Calling Test method TestProject2.CStateTest.Microsoft.VisualStudio.TestTools.TestTypes.Unit.TestMethod.
</trace></traceInfo><stdout type="System.String" /><stderr type="System.String" /><debugTrace type="System.String" /><workItemIds type="System.Collections.Generic.List`1[[System.Int32, mscorlib, Version=2.0.0.0, Culture=neutral, PublicKeyToken=b77a5c561934e089]]"><_size type="System.Int32">0</_size><_version type="System.Int32">1</_version></workItemIds><id type="Microsoft.VisualStudio.TestTools.Common.TestResultId"><runId type="System.Guid">0934e09b-aed6-47ec-9418-b3123de1ee80</runId><executionId type="Microsoft.VisualStudio.TestTools.Common.TestExecId"><id type="System.Guid">c0a1ca6b-7d84-44fd-b190-e2e8a5e575c3</id></executionId><parentExecId type="Microsoft.VisualStudio.TestTools.Common.TestExecId"><id type="System.Guid">00000000-0000-0000-0000-000000000000</id></parentExecId><testId type="Microsoft.VisualStudio.TestTools.Common.TestId"><id type="System.Guid">0bdd4102-1828-af99-48fe-ba0cc9508309</id></testId></id><testName type="System.String">DestPathTest</testName><testType type="Microsoft.VisualStudio.TestTools.Common.TestType"><id type="System.Guid">13cdc9d9-ddb5-4fa4-a97d-d965ccfc6d4b</id></testType><messageKind type="Microsoft.VisualStudio.TestTools.Common.TestMessageKind"><value__ type="System.Int32">1</value__></messageKind><computerInfo type="Microsoft.VisualStudio.TestTools.Common.ComputerInfo"><m_computerName type="System.String">MYCHAT-2E812B01</m_computerName></computerInfo><duration type="System.TimeSpan">00:00:00.0137581</duration><startTime type="System.DateTime"><dateData type="System.UInt64">632764718643593750</dateData></startTime><endTime type="System.DateTime"><dateData type="System.UInt64">632764718644218750</dateData></endTime><spoolMessage type="System.Boolean">True</spoolMessage></UnitTestResult><UnitTestResult type="Microsoft.VisualStudio.TestTools.TestTypes.Unit.UnitTestResult, Microsoft.VisualStudio.QualityTools.Tips.UnitTest.ObjectModel, Version=8.0.0.0, Culture=neutral, PublicKeyToken=b03f5f7f11d50a3a"><resultType type="Microsoft.VisualStudio.TestTools.TestTypes.Unit.UnitTestResultType, Microsoft.VisualStudio.QualityTools.Tips.UnitTest.ObjectModel, Version=8.0.0.0, Culture=neutral, PublicKeyToken=b03f5f7f11d50a3a"><value__ type="System.Int32">0</value__></resultType><m_hasSufficientAccess type="System.Boolean">True</m_hasSufficientAccess><counters type="Microsoft.VisualStudio.TestTools.Common.TestResultCounter"><values type="System.Int32">0,0,0,0,0,0,0,0,0,0,0,0,0,0</values><total type="System.Int32">1</total></counters><categoryId type="Microsoft.VisualStudio.TestTools.Common.TestCategoryId"><id type="System.Guid">8c84fa94-04c1-424b-9868-57a2d4851a1d</id></categoryId><outcome type="Microsoft.VisualStudio.TestTools.Common.TestOutcome"><value__ type="System.Int32">4</value__></outcome><errorInfo type="Microsoft.VisualStudio.TestTools.Common.TestResultErrorInfo"><message type="System.String">Assert.Inconclusive failed. Verify the correctness of this test method.</message><stackTrace type="System.String">   at TestProject2.CStateTest.InstallGuideTest() in C:\Downloads\ConsoleApplication2\TestProject2\CStateTest.cs:line 122
</stackTrace></errorInfo><traceInfo type="Microsoft.VisualStudio.TestTools.Common.TestExecutionTraceInformation"><trace type="System.Text.StringBuilder">Creating instance of class TestProject2.CStateTest.
Calling Test method TestProject2.CStateTest.Microsoft.VisualStudio.TestTools.TestTypes.Unit.TestMethod.
</trace></traceInfo><stdout type="System.String" /><stderr type="System.String" /><debugTrace type="System.String" /><workItemIds type="System.Collections.Generic.List`1[[System.Int32, mscorlib, Version=2.0.0.0, Culture=neutral, PublicKeyToken=b77a5c561934e089]]"><_size type="System.Int32">0</_size><_version type="System.Int32">1</_version></workItemIds><id type="Microsoft.VisualStudio.TestTools.Common.TestResultId"><runId type="System.Guid">0934e09b-aed6-47ec-9418-b3123de1ee80</runId><executionId type="Microsoft.VisualStudio.TestTools.Common.TestExecId"><id type="System.Guid">31913010-9b90-468a-a489-01399db9c990</id></executionId><parentExecId type="Microsoft.VisualStudio.TestTools.Common.TestExecId"><id type="System.Guid">00000000-0000-0000-0000-000000000000</id></parentExecId><testId type="Microsoft.VisualStudio.TestTools.Common.TestId"><id type="System.Guid">104233c9-7bab-310c-32f1-b7ce55682642</id></testId></id><testName type="System.String">InstallGuideTest</testName><testType type="Microsoft.VisualStudio.TestTools.Common.TestType"><id type="System.Guid">13cdc9d9-ddb5-4fa4-a97d-d965ccfc6d4b</id></testType><messageKind type="Microsoft.VisualStudio.TestTools.Common.TestMessageKind"><value__ type="System.Int32">1</value__></messageKind><computerInfo type="Microsoft.VisualStudio.TestTools.Common.ComputerInfo"><m_computerName type="System.String">MYCHAT-2E812B01</m_computerName></computerInfo><duration type="System.TimeSpan">00:00:00.0137746</duration><startTime type="System.DateTime"><dateData type="System.UInt64">632764718644218750</dateData></startTime><endTime type="System.DateTime"><dateData type="System.UInt64">632764718645000000</dateData></endTime><spoolMessage type="System.Boolean">True</spoolMessage></UnitTestResult><UnitTestResult type="Microsoft.VisualStudio.TestTools.TestTypes.Unit.UnitTestResult, Microsoft.VisualStudio.QualityTools.Tips.UnitTest.ObjectModel, Version=8.0.0.0, Culture=neutral, PublicKeyToken=b03f5f7f11d50a3a"><resultType type="Microsoft.VisualStudio.TestTools.TestTypes.Unit.UnitTestResultType, Microsoft.VisualStudio.QualityTools.Tips.UnitTest.ObjectModel, Version=8.0.0.0, Culture=neutral, PublicKeyToken=b03f5f7f11d50a3a"><value__ type="System.Int32">0</value__></resultType><m_hasSufficientAccess type="System.Boolean">True</m_hasSufficientAccess><counters type="Microsoft.VisualStudio.TestTools.Common.TestResultCounter"><values type="System.Int32">0,0,0,0,0,0,0,0,0,0,0,0,0,0</values><total type="System.Int32">1</total></counters><categoryId type="Microsoft.VisualStudio.TestTools.Common.TestCategoryId"><id type="System.Guid">8c84fa94-04c1-424b-9868-57a2d4851a1d</id></categoryId><outcome type="Microsoft.VisualStudio.TestTools.Common.TestOutcome"><value__ type="System.Int32">1</value__></outcome><errorInfo type="Microsoft.VisualStudio.TestTools.Common.TestResultErrorInfo"><message type="System.String">Test method TestProject2.CStateTest.LoadTest threw exception:  System.ArgumentNullException: Path cannot be null.
Parameter name: path.</message><stackTrace type="System.String">    at System.IO.FileStream.Init(String path, FileMode mode, FileAccess access, Int32 rights, Boolean useRights, FileShare share, Int32 bufferSize, FileOptions options, SECURITY_ATTRIBUTES secAttrs, String msgPath, Boolean bFromProxy)
   at System.IO.FileStream..ctor(String path, FileMode mode, FileAccess access, FileShare share)
   at System.IO.File.Open(String path, FileMode mode)
   at ChuiWenChiu.Utility.CState.Load(String filename) in C:\Downloads\ConsoleApplication2\ChuiWenChiu.Utility\CState.cs:line 18
   at TestProject2.CStateTest.LoadTest() in C:\Downloads\ConsoleApplication2\TestProject2\CStateTest.cs:line 135
</stackTrace></errorInfo><traceInfo type="Microsoft.VisualStudio.TestTools.Common.TestExecutionTraceInformation"><trace type="System.Text.StringBuilder">Creating instance of class TestProject2.CStateTest.
Calling Test method TestProject2.CStateTest.Microsoft.VisualStudio.TestTools.TestTypes.Unit.TestMethod.
</trace></traceInfo><stdout type="System.String" /><stderr type="System.String" /><debugTrace type="System.String" /><workItemIds type="System.Collections.Generic.List`1[[System.Int32, mscorlib, Version=2.0.0.0, Culture=neutral, PublicKeyToken=b77a5c561934e089]]"><_size type="System.Int32">0</_size><_version type="System.Int32">1</_version></workItemIds><id type="Microsoft.VisualStudio.TestTools.Common.TestResultId"><runId type="System.Guid">0934e09b-aed6-47ec-9418-b3123de1ee80</runId><executionId type="Microsoft.VisualStudio.TestTools.Common.TestExecId"><id type="System.Guid">a2b1be0f-eb39-46eb-ba7c-d6884aafc485</id></executionId><parentExecId type="Microsoft.VisualStudio.TestTools.Common.TestExecId"><id type="System.Guid">00000000-0000-0000-0000-000000000000</id></parentExecId><testId type="Microsoft.VisualStudio.TestTools.Common.TestId"><id type="System.Guid">4bcc1cdc-7130-0b00-e3be-f0fecaa7b050</id></testId></id><testName type="System.String">LoadTest</testName><testType type="Microsoft.VisualStudio.TestTools.Common.TestType"><id type="System.Guid">13cdc9d9-ddb5-4fa4-a97d-d965ccfc6d4b</id></testType><messageKind type="Microsoft.VisualStudio.TestTools.Common.TestMessageKind"><value__ type="System.Int32">1</value__></messageKind><computerInfo type="Microsoft.VisualStudio.TestTools.Common.ComputerInfo"><m_computerName type="System.String">MYCHAT-2E812B01</m_computerName></computerInfo><duration type="System.TimeSpan">00:00:00.0159947</duration><startTime type="System.DateTime"><dateData type="System.UInt64">632764718645000000</dateData></startTime><endTime type="System.DateTime"><dateData type="System.UInt64">632764718645625000</dateData></endTime><spoolMessage type="System.Boolean">True</spoolMessage></UnitTestResult><UnitTestResult type="Microsoft.VisualStudio.TestTools.TestTypes.Unit.UnitTestResult, Microsoft.VisualStudio.QualityTools.Tips.UnitTest.ObjectModel, Version=8.0.0.0, Culture=neutral, PublicKeyToken=b03f5f7f11d50a3a"><resultType type="Microsoft.VisualStudio.TestTools.TestTypes.Unit.UnitTestResultType, Microsoft.VisualStudio.QualityTools.Tips.UnitTest.ObjectModel, Version=8.0.0.0, Culture=neutral, PublicKeyToken=b03f5f7f11d50a3a"><value__ type="System.Int32">0</value__></resultType><m_hasSufficientAccess type="System.Boolean">True</m_hasSufficientAccess><counters type="Microsoft.VisualStudio.TestTools.Common.TestResultCounter"><values type="System.Int32">0,0,0,0,0,0,0,0,0,0,0,0,0,0</values><total type="System.Int32">1</total></counters><categoryId type="Microsoft.VisualStudio.TestTools.Common.TestCategoryId"><id type="System.Guid">8c84fa94-04c1-424b-9868-57a2d4851a1d</id></categoryId><outcome type="Microsoft.VisualStudio.TestTools.Common.TestOutcome"><value__ type="System.Int32">4</value__></outcome><errorInfo type="Microsoft.VisualStudio.TestTools.Common.TestResultErrorInfo"><message type="System.String">Assert.Inconclusive failed. Verify the correctness of this test method.</message><stackTrace type="System.String">   at TestProject2.CStateTest.MapPathTest() in C:\Downloads\ConsoleApplication2\TestProject2\CStateTest.cs:line 154
</stackTrace></errorInfo><traceInfo type="Microsoft.VisualStudio.TestTools.Common.TestExecutionTraceInformation"><trace type="System.Text.StringBuilder">Creating instance of class TestProject2.CStateTest.
Calling Test method TestProject2.CStateTest.Microsoft.VisualStudio.TestTools.TestTypes.Unit.TestMethod.
</trace></traceInfo><stdout type="System.String" /><stderr type="System.String" /><debugTrace type="System.String" /><workItemIds type="System.Collections.Generic.List`1[[System.Int32, mscorlib, Version=2.0.0.0, Culture=neutral, PublicKeyToken=b77a5c561934e089]]"><_size type="System.Int32">0</_size><_version type="System.Int32">1</_version></workItemIds><id type="Microsoft.VisualStudio.TestTools.Common.TestResultId"><runId type="System.Guid">0934e09b-aed6-47ec-9418-b3123de1ee80</runId><executionId type="Microsoft.VisualStudio.TestTools.Common.TestExecId"><id type="System.Guid">51c4d05c-242d-4a29-a441-d92edcd118ed</id></executionId><parentExecId type="Microsoft.VisualStudio.TestTools.Common.TestExecId"><id type="System.Guid">00000000-0000-0000-0000-000000000000</id></parentExecId><testId type="Microsoft.VisualStudio.TestTools.Common.TestId"><id type="System.Guid">f9ac745f-55e5-5ab6-272e-a269a496ea0a</id></testId></id><testName type="System.String">MapPathTest</testName><testType type="Microsoft.VisualStudio.TestTools.Common.TestType"><id type="System.Guid">13cdc9d9-ddb5-4fa4-a97d-d965ccfc6d4b</id></testType><messageKind type="Microsoft.VisualStudio.TestTools.Common.TestMessageKind"><value__ type="System.Int32">1</value__></messageKind><computerInfo type="Microsoft.VisualStudio.TestTools.Common.ComputerInfo"><m_computerName type="System.String">MYCHAT-2E812B01</m_computerName></computerInfo><duration type="System.TimeSpan">00:00:00.0245994</duration><startTime type="System.DateTime"><dateData type="System.UInt64">632764718645625000</dateData></startTime><endTime type="System.DateTime"><dateData type="System.UInt64">632764718646562500</dateData></endTime><spoolMessage type="System.Boolean">True</spoolMessage></UnitTestResult><UnitTestResult type="Microsoft.VisualStudio.TestTools.TestTypes.Unit.UnitTestResult, Microsoft.VisualStudio.QualityTools.Tips.UnitTest.ObjectModel, Version=8.0.0.0, Culture=neutral, PublicKeyToken=b03f5f7f11d50a3a"><resultType type="Microsoft.VisualStudio.TestTools.TestTypes.Unit.UnitTestResultType, Microsoft.VisualStudio.QualityTools.Tips.UnitTest.ObjectModel, Version=8.0.0.0, Culture=neutral, PublicKeyToken=b03f5f7f11d50a3a"><value__ type="System.Int32">0</value__></resultType><m_hasSufficientAccess type="System.Boolean">True</m_hasSufficientAccess><counters type="Microsoft.VisualStudio.TestTools.Common.TestResultCounter"><values type="System.Int32">0,0,0,0,0,0,0,0,0,0,0,0,0,0</values><total type="System.Int32">1</total></counters><categoryId type="Microsoft.VisualStudio.TestTools.Common.TestCategoryId"><id type="System.Guid">8c84fa94-04c1-424b-9868-57a2d4851a1d</id></categoryId><outcome type="Microsoft.VisualStudio.TestTools.Common.TestOutcome"><value__ type="System.Int32">4</value__></outcome><errorInfo type="Microsoft.VisualStudio.TestTools.Common.TestResultErrorInfo"><message type="System.String">Assert.Inconclusive failed. Verify the correctness of this test method.</message><stackTrace type="System.String">   at TestProject2.CStateTest.ModifyDetailTest() in C:\Downloads\ConsoleApplication2\TestProject2\CStateTest.cs:line 170
</stackTrace></errorInfo><traceInfo type="Microsoft.VisualStudio.TestTools.Common.TestExecutionTraceInformation"><trace type="System.Text.StringBuilder">Creating instance of class TestProject2.CStateTest.
Calling Test method TestProject2.CStateTest.Microsoft.VisualStudio.TestTools.TestTypes.Unit.TestMethod.
</trace></traceInfo><stdout type="System.String" /><stderr type="System.String" /><debugTrace type="System.String" /><workItemIds type="System.Collections.Generic.List`1[[System.Int32, mscorlib, Version=2.0.0.0, Culture=neutral, PublicKeyToken=b77a5c561934e089]]"><_size type="System.Int32">0</_size><_version type="System.Int32">1</_version></workItemIds><id type="Microsoft.VisualStudio.TestTools.Common.TestResultId"><runId type="System.Guid">0934e09b-aed6-47ec-9418-b3123de1ee80</runId><executionId type="Microsoft.VisualStudio.TestTools.Common.TestExecId"><id type="System.Guid">3b47a705-1a76-40dc-9307-4f0f0387c913</id></executionId><parentExecId type="Microsoft.VisualStudio.TestTools.Common.TestExecId"><id type="System.Guid">00000000-0000-0000-0000-000000000000</id></parentExecId><testId type="Microsoft.VisualStudio.TestTools.Common.TestId"><id type="System.Guid">7542608f-9ae6-dff3-083e-589f3ba4eaca</id></testId></id><testName type="System.String">ModifyDetailTest</testName><testType type="Microsoft.VisualStudio.TestTools.Common.TestType"><id type="System.Guid">13cdc9d9-ddb5-4fa4-a97d-d965ccfc6d4b</id></testType><messageKind type="Microsoft.VisualStudio.TestTools.Common.TestMessageKind"><value__ type="System.Int32">1</value__></messageKind><computerInfo type="Microsoft.VisualStudio.TestTools.Common.ComputerInfo"><m_computerName type="System.String">MYCHAT-2E812B01</m_computerName></computerInfo><duration type="System.TimeSpan">00:00:00.0166764</duration><startTime type="System.DateTime"><dateData type="System.UInt64">632764718646562500</dateData></startTime><endTime type="System.DateTime"><dateData type="System.UInt64">632764718647187500</dateData></endTime><spoolMessage type="System.Boolean">True</spoolMessage></UnitTestResult><UnitTestResult type="Microsoft.VisualStudio.TestTools.TestTypes.Unit.UnitTestResult, Microsoft.VisualStudio.QualityTools.Tips.UnitTest.ObjectModel, Version=8.0.0.0, Culture=neutral, PublicKeyToken=b03f5f7f11d50a3a"><resultType type="Microsoft.VisualStudio.TestTools.TestTypes.Unit.UnitTestResultType, Microsoft.VisualStudio.QualityTools.Tips.UnitTest.ObjectModel, Version=8.0.0.0, Culture=neutral, PublicKeyToken=b03f5f7f11d50a3a"><value__ type="System.Int32">0</value__></resultType><m_hasSufficientAccess type="System.Boolean">True</m_hasSufficientAccess><counters type="Microsoft.VisualStudio.TestTools.Common.TestResultCounter"><values type="System.Int32">0,0,0,0,0,0,0,0,0,0,0,0,0,0</values><total type="System.Int32">1</total></counters><categoryId type="Microsoft.VisualStudio.TestTools.Common.TestCategoryId"><id type="System.Guid">8c84fa94-04c1-424b-9868-57a2d4851a1d</id></categoryId><outcome type="Microsoft.VisualStudio.TestTools.Common.TestOutcome"><value__ type="System.Int32">4</value__></outcome><errorInfo type="Microsoft.VisualStudio.TestTools.Common.TestResultErrorInfo"><message type="System.String">Assert.Inconclusive failed. Verify the correctness of this test method.</message><stackTrace type="System.String">   at TestProject2.CStateTest.ModifyListTest() in C:\Downloads\ConsoleApplication2\TestProject2\CStateTest.cs:line 186
</stackTrace></errorInfo><traceInfo type="Microsoft.VisualStudio.TestTools.Common.TestExecutionTraceInformation"><trace type="System.Text.StringBuilder">Creating instance of class TestProject2.CStateTest.
Calling Test method TestProject2.CStateTest.Microsoft.VisualStudio.TestTools.TestTypes.Unit.TestMethod.
</trace></traceInfo><stdout type="System.String" /><stderr type="System.String" /><debugTrace type="System.String" /><workItemIds type="System.Collections.Generic.List`1[[System.Int32, mscorlib, Version=2.0.0.0, Culture=neutral, PublicKeyToken=b77a5c561934e089]]"><_size type="System.Int32">0</_size><_version type="System.Int32">1</_version></workItemIds><id type="Microsoft.VisualStudio.TestTools.Common.TestResultId"><runId type="System.Guid">0934e09b-aed6-47ec-9418-b3123de1ee80</runId><executionId type="Microsoft.VisualStudio.TestTools.Common.TestExecId"><id type="System.Guid">1482ec65-1e91-40eb-9e83-4f77110e4315</id></executionId><parentExecId type="Microsoft.VisualStudio.TestTools.Common.TestExecId"><id type="System.Guid">00000000-0000-0000-0000-000000000000</id></parentExecId><testId type="Microsoft.VisualStudio.TestTools.Common.TestId"><id type="System.Guid">03053beb-16f9-71c4-04eb-af0989c376ef</id></testId></id><testName type="System.String">ModifyListTest</testName><testType type="Microsoft.VisualStudio.TestTools.Common.TestType"><id type="System.Guid">13cdc9d9-ddb5-4fa4-a97d-d965ccfc6d4b</id></testType><messageKind type="Microsoft.VisualStudio.TestTools.Common.TestMessageKind"><value__ type="System.Int32">1</value__></messageKind><computerInfo type="Microsoft.VisualStudio.TestTools.Common.ComputerInfo"><m_computerName type="System.String">MYCHAT-2E812B01</m_computerName></computerInfo><duration type="System.TimeSpan">00:00:00.0159221</duration><startTime type="System.DateTime"><dateData type="System.UInt64">632764718647187500</dateData></startTime><endTime type="System.DateTime"><dateData type="System.UInt64">632764718647812500</dateData></endTime><spoolMessage type="System.Boolean">True</spoolMessage></UnitTestResult><UnitTestResult type="Microsoft.VisualStudio.TestTools.TestTypes.Unit.UnitTestResult, Microsoft.VisualStudio.QualityTools.Tips.UnitTest.ObjectModel, Version=8.0.0.0, Culture=neutral, PublicKeyToken=b03f5f7f11d50a3a"><resultType type="Microsoft.VisualStudio.TestTools.TestTypes.Unit.UnitTestResultType, Microsoft.VisualStudio.QualityTools.Tips.UnitTest.ObjectModel, Version=8.0.0.0, Culture=neutral, PublicKeyToken=b03f5f7f11d50a3a"><value__ type="System.Int32">0</value__></resultType><m_hasSufficientAccess type="System.Boolean">True</m_hasSufficientAccess><counters type="Microsoft.VisualStudio.TestTools.Common.TestResultCounter"><values type="System.Int32">0,0,0,0,0,0,0,0,0,0,0,0,0,0</values><total type="System.Int32">1</total></counters><categoryId type="Microsoft.VisualStudio.TestTools.Common.TestCategoryId"><id type="System.Guid">8c84fa94-04c1-424b-9868-57a2d4851a1d</id></categoryId><outcome type="Microsoft.VisualStudio.TestTools.Common.TestOutcome"><value__ type="System.Int32">4</value__></outcome><errorInfo type="Microsoft.VisualStudio.TestTools.Common.TestResultErrorInfo"><message type="System.String">Assert.Inconclusive failed. Verify the correctness of this test method.</message><stackTrace type="System.String">   at TestProject2.CStateTest.PackAllTest() in C:\Downloads\ConsoleApplication2\TestProject2\CStateTest.cs:line 202
</stackTrace></errorInfo><traceInfo type="Microsoft.VisualStudio.TestTools.Common.TestExecutionTraceInformation"><trace type="System.Text.StringBuilder">Creating instance of class TestProject2.CStateTest.
Calling Test method TestProject2.CStateTest.Microsoft.VisualStudio.TestTools.TestTypes.Unit.TestMethod.
</trace></traceInfo><stdout type="System.String" /><stderr type="System.String" /><debugTrace type="System.String" /><workItemIds type="System.Collections.Generic.List`1[[System.Int32, mscorlib, Version=2.0.0.0, Culture=neutral, PublicKeyToken=b77a5c561934e089]]"><_size type="System.Int32">0</_size><_version type="System.Int32">1</_version></workItemIds><id type="Microsoft.VisualStudio.TestTools.Common.TestResultId"><runId type="System.Guid">0934e09b-aed6-47ec-9418-b3123de1ee80</runId><executionId type="Microsoft.VisualStudio.TestTools.Common.TestExecId"><id type="System.Guid">d5a244f3-ab85-491a-9d10-5800fe432342</id></executionId><parentExecId type="Microsoft.VisualStudio.TestTools.Common.TestExecId"><id type="System.Guid">00000000-0000-0000-0000-000000000000</id></parentExecId><testId type="Microsoft.VisualStudio.TestTools.Common.TestId"><id type="System.Guid">3d3bcad1-0b5f-1f1d-5cbb-4b6ed44ee1dd</id></testId></id><testName type="System.String">PackAllTest</testName><testType type="Microsoft.VisualStudio.TestTools.Common.TestType"><id type="System.Guid">13cdc9d9-ddb5-4fa4-a97d-d965ccfc6d4b</id></testType><messageKind type="Microsoft.VisualStudio.TestTools.Common.TestMessageKind"><value__ type="System.Int32">1</value__></messageKind><computerInfo type="Microsoft.VisualStudio.TestTools.Common.ComputerInfo"><m_computerName type="System.String">MYCHAT-2E812B01</m_computerName></computerInfo><duration type="System.TimeSpan">00:00:00.0145850</duration><startTime type="System.DateTime"><dateData type="System.UInt64">632764718647812500</dateData></startTime><endTime type="System.DateTime"><dateData type="System.UInt64">632764718648750000</dateData></endTime><spoolMessage type="System.Boolean">True</spoolMessage></UnitTestResult><UnitTestResult type="Microsoft.VisualStudio.TestTools.TestTypes.Unit.UnitTestResult, Microsoft.VisualStudio.QualityTools.Tips.UnitTest.ObjectModel, Version=8.0.0.0, Culture=neutral, PublicKeyToken=b03f5f7f11d50a3a"><resultType type="Microsoft.VisualStudio.TestTools.TestTypes.Unit.UnitTestResultType, Microsoft.VisualStudio.QualityTools.Tips.UnitTest.ObjectModel, Version=8.0.0.0, Culture=neutral, PublicKeyToken=b03f5f7f11d50a3a"><value__ type="System.Int32">0</value__></resultType><m_hasSufficientAccess type="System.Boolean">True</m_hasSufficientAccess><counters type="Microsoft.VisualStudio.TestTools.Common.TestResultCounter"><values type="System.Int32">0,0,0,0,0,0,0,0,0,0,0,0,0,0</values><total type="System.Int32">1</total></counters><categoryId type="Microsoft.VisualStudio.TestTools.Common.TestCategoryId"><id type="System.Guid">8c84fa94-04c1-424b-9868-57a2d4851a1d</id></categoryId><outcome type="Microsoft.VisualStudio.TestTools.Common.TestOutcome"><value__ type="System.Int32">1</value__></outcome><errorInfo type="Microsoft.VisualStudio.TestTools.Common.TestResultErrorInfo"><message type="System.String">Test method TestProject2.CStateTest.SaveTest threw exception:  System.ArgumentNullException: Path cannot be null.
Parameter name: path.</message><stackTrace type="System.String">    at System.IO.FileStream.Init(String path, FileMode mode, FileAccess access, Int32 rights, Boolean useRights, FileShare share, Int32 bufferSize, FileOptions options, SECURITY_ATTRIBUTES secAttrs, String msgPath, Boolean bFromProxy)
   at System.IO.FileStream..ctor(String path, FileMode mode, FileAccess access, FileShare share)
   at System.IO.File.Open(String path, FileMode mode)
   at ChuiWenChiu.Utility.CState.Save(String filename, CState obj) in C:\Downloads\ConsoleApplication2\ChuiWenChiu.Utility\CState.cs:line 11
   at TestProject2.CStateTest.SaveTest() in C:\Downloads\ConsoleApplication2\TestProject2\CStateTest.cs:line 214
</stackTrace></errorInfo><traceInfo type="Microsoft.VisualStudio.TestTools.Common.TestExecutionTraceInformation"><trace type="System.Text.StringBuilder">Creating instance of class TestProject2.CStateTest.
Calling Test method TestProject2.CStateTest.Microsoft.VisualStudio.TestTools.TestTypes.Unit.TestMethod.
</trace></traceInfo><stdout type="System.String" /><stderr type="System.String" /><debugTrace type="System.String" /><workItemIds type="System.Collections.Generic.List`1[[System.Int32, mscorlib, Version=2.0.0.0, Culture=neutral, PublicKeyToken=b77a5c561934e089]]"><_size type="System.Int32">0</_size><_version type="System.Int32">1</_version></workItemIds><id type="Microsoft.VisualStudio.TestTools.Common.TestResultId"><runId type="System.Guid">0934e09b-aed6-47ec-9418-b3123de1ee80</runId><executionId type="Microsoft.VisualStudio.TestTools.Common.TestExecId"><id type="System.Guid">f74bacac-20ab-4ae5-9e8f-3693b555ef20</id></executionId><parentExecId type="Microsoft.VisualStudio.TestTools.Common.TestExecId"><id type="System.Guid">00000000-0000-0000-0000-000000000000</id></parentExecId><testId type="Microsoft.VisualStudio.TestTools.Common.TestId"><id type="System.Guid">3c90678e-51ec-b483-c6bc-5aed9f0746c3</id></testId></id><testName type="System.String">SaveTest</testName><testType type="Microsoft.VisualStudio.TestTools.Common.TestType"><id type="System.Guid">13cdc9d9-ddb5-4fa4-a97d-d965ccfc6d4b</id></testType><messageKind type="Microsoft.VisualStudio.TestTools.Common.TestMessageKind"><value__ type="System.Int32">1</value__></messageKind><computerInfo type="Microsoft.VisualStudio.TestTools.Common.ComputerInfo"><m_computerName type="System.String">MYCHAT-2E812B01</m_computerName></computerInfo><duration type="System.TimeSpan">00:00:00.0175248</duration><startTime type="System.DateTime"><dateData type="System.UInt64">632764718648750000</dateData></startTime><endTime type="System.DateTime"><dateData type="System.UInt64">632764718649375000</dateData></endTime><spoolMessage type="System.Boolean">True</spoolMessage></UnitTestResult><UnitTestResult type="Microsoft.VisualStudio.TestTools.TestTypes.Unit.UnitTestResult, Microsoft.VisualStudio.QualityTools.Tips.UnitTest.ObjectModel, Version=8.0.0.0, Culture=neutral, PublicKeyToken=b03f5f7f11d50a3a"><resultType type="Microsoft.VisualStudio.TestTools.TestTypes.Unit.UnitTestResultType, Microsoft.VisualStudio.QualityTools.Tips.UnitTest.ObjectModel, Version=8.0.0.0, Culture=neutral, PublicKeyToken=b03f5f7f11d50a3a"><value__ type="System.Int32">0</value__></resultType><m_hasSufficientAccess type="System.Boolean">True</m_hasSufficientAccess><counters type="Microsoft.VisualStudio.TestTools.Common.TestResultCounter"><values type="System.Int32">0,0,0,0,0,0,0,0,0,0,0,0,0,0</values><total type="System.Int32">1</total></counters><categoryId type="Microsoft.VisualStudio.TestTools.Common.TestCategoryId"><id type="System.Guid">8c84fa94-04c1-424b-9868-57a2d4851a1d</id></categoryId><outcome type="Microsoft.VisualStudio.TestTools.Common.TestOutcome"><value__ type="System.Int32">4</value__></outcome><errorInfo type="Microsoft.VisualStudio.TestTools.Common.TestResultErrorInfo"><message type="System.String">Assert.Inconclusive failed. Verify the correctness of this test method.</message><stackTrace type="System.String">   at TestProject2.CStateTest.SourcePathTest() in C:\Downloads\ConsoleApplication2\TestProject2\CStateTest.cs:line 232
</stackTrace></errorInfo><traceInfo type="Microsoft.VisualStudio.TestTools.Common.TestExecutionTraceInformation"><trace type="System.Text.StringBuilder">Creating instance of class TestProject2.CStateTest.
Calling Test method TestProject2.CStateTest.Microsoft.VisualStudio.TestTools.TestTypes.Unit.TestMethod.
</trace></traceInfo><stdout type="System.String" /><stderr type="System.String" /><debugTrace type="System.String" /><workItemIds type="System.Collections.Generic.List`1[[System.Int32, mscorlib, Version=2.0.0.0, Culture=neutral, PublicKeyToken=b77a5c561934e089]]"><_size type="System.Int32">0</_size><_version type="System.Int32">1</_version></workItemIds><id type="Microsoft.VisualStudio.TestTools.Common.TestResultId"><runId type="System.Guid">0934e09b-aed6-47ec-9418-b3123de1ee80</runId><executionId type="Microsoft.VisualStudio.TestTools.Common.TestExecId"><id type="System.Guid">457963c2-967b-4a2b-a901-b1424e14e16a</id></executionId><parentExecId type="Microsoft.VisualStudio.TestTools.Common.TestExecId"><id type="System.Guid">00000000-0000-0000-0000-000000000000</id></parentExecId><testId type="Microsoft.VisualStudio.TestTools.Common.TestId"><id type="System.Guid">dbc5eb0e-b78b-901e-4594-cb3c1dd8b3c2</id></testId></id><testName type="System.String">SourcePathTest</testName><testType type="Microsoft.VisualStudio.TestTools.Common.TestType"><id type="System.Guid">13cdc9d9-ddb5-4fa4-a97d-d965ccfc6d4b</id></testType><messageKind type="Microsoft.VisualStudio.TestTools.Common.TestMessageKind"><value__ type="System.Int32">1</value__></messageKind><computerInfo type="Microsoft.VisualStudio.TestTools.Common.ComputerInfo"><m_computerName type="System.String">MYCHAT-2E812B01</m_computerName></computerInfo><duration type="System.TimeSpan">00:00:00.0112307</duration><startTime type="System.DateTime"><dateData type="System.UInt64">632764718649375000</dateData></startTime><endTime type="System.DateTime"><dateData type="System.UInt64">632764718650156250</dateData></endTime><spoolMessage type="System.Boolean">True</spoolMessage></UnitTestResult><UnitTestResult type="Microsoft.VisualStudio.TestTools.TestTypes.Unit.UnitTestResult, Microsoft.VisualStudio.QualityTools.Tips.UnitTest.ObjectModel, Version=8.0.0.0, Culture=neutral, PublicKeyToken=b03f5f7f11d50a3a"><resultType type="Microsoft.VisualStudio.TestTools.TestTypes.Unit.UnitTestResultType, Microsoft.VisualStudio.QualityTools.Tips.UnitTest.ObjectModel, Version=8.0.0.0, Culture=neutral, PublicKeyToken=b03f5f7f11d50a3a"><value__ type="System.Int32">0</value__></resultType><m_hasSufficientAccess type="System.Boolean">True</m_hasSufficientAccess><counters type="Microsoft.VisualStudio.TestTools.Common.TestResultCounter"><values type="System.Int32">0,0,0,0,0,0,0,0,0,0,0,0,0,0</values><total type="System.Int32">1</total></counters><categoryId type="Microsoft.VisualStudio.TestTools.Common.TestCategoryId"><id type="System.Guid">8c84fa94-04c1-424b-9868-57a2d4851a1d</id></categoryId><outcome type="Microsoft.VisualStudio.TestTools.Common.TestOutcome"><value__ type="System.Int32">4</value__></outcome><errorInfo type="Microsoft.VisualStudio.TestTools.Common.TestResultErrorInfo"><message type="System.String">Assert.Inconclusive failed. Verify the correctness of this test method.</message><stackTrace type="System.String">   at TestProject2.CStateTest.UnencodeListTest() in C:\Downloads\ConsoleApplication2\TestProject2\CStateTest.cs:line 248
</stackTrace></errorInfo><traceInfo type="Microsoft.VisualStudio.TestTools.Common.TestExecutionTraceInformation"><trace type="System.Text.StringBuilder">Creating instance of class TestProject2.CStateTest.
Calling Test method TestProject2.CStateTest.Microsoft.VisualStudio.TestTools.TestTypes.Unit.TestMethod.
</trace></traceInfo><stdout type="System.String" /><stderr type="System.String" /><debugTrace type="System.String" /><workItemIds type="System.Collections.Generic.List`1[[System.Int32, mscorlib, Version=2.0.0.0, Culture=neutral, PublicKeyToken=b77a5c561934e089]]"><_size type="System.Int32">0</_size><_version type="System.Int32">1</_version></workItemIds><id type="Microsoft.VisualStudio.TestTools.Common.TestResultId"><runId type="System.Guid">0934e09b-aed6-47ec-9418-b3123de1ee80</runId><executionId type="Microsoft.VisualStudio.TestTools.Common.TestExecId"><id type="System.Guid">6441c2a5-9ef4-47a3-9240-8bc888cd5882</id></executionId><parentExecId type="Microsoft.VisualStudio.TestTools.Common.TestExecId"><id type="System.Guid">00000000-0000-0000-0000-000000000000</id></parentExecId><testId type="Microsoft.VisualStudio.TestTools.Common.TestId"><id type="System.Guid">9f11d4d2-960b-8eb8-debf-b70d8e9000e6</id></testId></id><testName type="System.String">UnencodeListTest</testName><testType type="Microsoft.VisualStudio.TestTools.Common.TestType"><id type="System.Guid">13cdc9d9-ddb5-4fa4-a97d-d965ccfc6d4b</id></testType><messageKind type="Microsoft.VisualStudio.TestTools.Common.TestMessageKind"><value__ type="System.Int32">1</value__></messageKind><computerInfo type="Microsoft.VisualStudio.TestTools.Common.ComputerInfo"><m_computerName type="System.String">MYCHAT-2E812B01</m_computerName></computerInfo><duration type="System.TimeSpan">00:00:00.0170180</duration><startTime type="System.DateTime"><dateData type="System.UInt64">632764718650156250</dateData></startTime><endTime type="System.DateTime"><dateData type="System.UInt64">632764718650937500</dateData></endTime><spoolMessage type="System.Boolean">True</spoolMessage></UnitTestResult><UnitTestResult type="Microsoft.VisualStudio.TestTools.TestTypes.Unit.UnitTestResult, Microsoft.VisualStudio.QualityTools.Tips.UnitTest.ObjectModel, Version=8.0.0.0, Culture=neutral, PublicKeyToken=b03f5f7f11d50a3a"><resultType type="Microsoft.VisualStudio.TestTools.TestTypes.Unit.UnitTestResultType, Microsoft.VisualStudio.QualityTools.Tips.UnitTest.ObjectModel, Version=8.0.0.0, Culture=neutral, PublicKeyToken=b03f5f7f11d50a3a"><value__ type="System.Int32">0</value__></resultType><m_hasSufficientAccess type="System.Boolean">True</m_hasSufficientAccess><counters type="Microsoft.VisualStudio.TestTools.Common.TestResultCounter"><values type="System.Int32">0,0,0,0,0,0,0,0,0,0,0,0,0,0</values><total type="System.Int32">1</total></counters><categoryId type="Microsoft.VisualStudio.TestTools.Common.TestCategoryId"><id type="System.Guid">8c84fa94-04c1-424b-9868-57a2d4851a1d</id></categoryId><outcome type="Microsoft.VisualStudio.TestTools.Common.TestOutcome"><value__ type="System.Int32">4</value__></outcome><errorInfo type="Microsoft.VisualStudio.TestTools.Common.TestResultErrorInfo"><message type="System.String">Assert.Inconclusive failed. Verify the correctness of this test method.</message><stackTrace type="System.String">   at TestProject2.CStateTest.VersionTest() in C:\Downloads\ConsoleApplication2\TestProject2\CStateTest.cs:line 264
</stackTrace></errorInfo><traceInfo type="Microsoft.VisualStudio.TestTools.Common.TestExecutionTraceInformation"><trace type="System.Text.StringBuilder">Creating instance of class TestProject2.CStateTest.
Calling Test method TestProject2.CStateTest.Microsoft.VisualStudio.TestTools.TestTypes.Unit.TestMethod.
</trace></traceInfo><stdout type="System.String" /><stderr type="System.String" /><debugTrace type="System.String" /><workItemIds type="System.Collections.Generic.List`1[[System.Int32, mscorlib, Version=2.0.0.0, Culture=neutral, PublicKeyToken=b77a5c561934e089]]"><_size type="System.Int32">0</_size><_version type="System.Int32">1</_version></workItemIds><id type="Microsoft.VisualStudio.TestTools.Common.TestResultId"><runId type="System.Guid">0934e09b-aed6-47ec-9418-b3123de1ee80</runId><executionId type="Microsoft.VisualStudio.TestTools.Common.TestExecId"><id type="System.Guid">a9d39e56-ec58-41d4-9158-f9307a31b9cf</id></executionId><parentExecId type="Microsoft.VisualStudio.TestTools.Common.TestExecId"><id type="System.Guid">00000000-0000-0000-0000-000000000000</id></parentExecId><testId type="Microsoft.VisualStudio.TestTools.Common.TestId"><id type="System.Guid">8176b07e-8685-9d7c-a506-1bf5749f04e7</id></testId></id><testName type="System.String">VersionTest</testName><testType type="Microsoft.VisualStudio.TestTools.Common.TestType"><id type="System.Guid">13cdc9d9-ddb5-4fa4-a97d-d965ccfc6d4b</id></testType><messageKind type="Microsoft.VisualStudio.TestTools.Common.TestMessageKind"><value__ type="System.Int32">1</value__></messageKind><computerInfo type="Microsoft.VisualStudio.TestTools.Common.ComputerInfo"><m_computerName type="System.String">MYCHAT-2E812B01</m_computerName></computerInfo><duration type="System.TimeSpan">00:00:00.0165143</duration><startTime type="System.DateTime"><dateData type="System.UInt64">632764718650937500</dateData></startTime><endTime type="System.DateTime"><dateData type="System.UInt64">632764718651562500</dateData></endTime><spoolMessage type="System.Boolean">True</spoolMessage></UnitTestResult><UnitTestResult type="Microsoft.VisualStudio.TestTools.TestTypes.Unit.UnitTestResult, Microsoft.VisualStudio.QualityTools.Tips.UnitTest.ObjectModel, Version=8.0.0.0, Culture=neutral, PublicKeyToken=b03f5f7f11d50a3a"><resultType type="Microsoft.VisualStudio.TestTools.TestTypes.Unit.UnitTestResultType, Microsoft.VisualStudio.QualityTools.Tips.UnitTest.ObjectModel, Version=8.0.0.0, Culture=neutral, PublicKeyToken=b03f5f7f11d50a3a"><value__ type="System.Int32">0</value__></resultType><m_hasSufficientAccess type="System.Boolean">True</m_hasSufficientAccess><counters type="Microsoft.VisualStudio.TestTools.Common.TestResultCounter"><values type="System.Int32">0,0,0,0,0,0,0,0,0,0,0,0,0,0</values><total type="System.Int32">1</total></counters><categoryId type="Microsoft.VisualStudio.TestTools.Common.TestCategoryId"><id type="System.Guid">8c84fa94-04c1-424b-9868-57a2d4851a1d</id></categoryId><outcome type="Microsoft.VisualStudio.TestTools.Common.TestOutcome"><value__ type="System.Int32">4</value__></outcome><errorInfo type="Microsoft.VisualStudio.TestTools.Common.TestResultErrorInfo"><message type="System.String">Assert.Inconclusive failed. Verify the correctness of this test method.</message><stackTrace type="System.String">   at TestProject2.CStateTest.WMProjectTest() in C:\Downloads\ConsoleApplication2\TestProject2\CStateTest.cs:line 280
</stackTrace></errorInfo><traceInfo type="Microsoft.VisualStudio.TestTools.Common.TestExecutionTraceInformation"><trace type="System.Text.StringBuilder">Creating instance of class TestProject2.CStateTest.
Calling Test method TestProject2.CStateTest.Microsoft.VisualStudio.TestTools.TestTypes.Unit.TestMethod.
</trace></traceInfo><stdout type="System.String" /><stderr type="System.String" /><debugTrace type="System.String" /><workItemIds type="System.Collections.Generic.List`1[[System.Int32, mscorlib, Version=2.0.0.0, Culture=neutral, PublicKeyToken=b77a5c561934e089]]"><_size type="System.Int32">0</_size><_version type="System.Int32">1</_version></workItemIds><id type="Microsoft.VisualStudio.TestTools.Common.TestResultId"><runId type="System.Guid">0934e09b-aed6-47ec-9418-b3123de1ee80</runId><executionId type="Microsoft.VisualStudio.TestTools.Common.TestExecId"><id type="System.Guid">c65efe41-315a-4e6a-8247-5edd2d0b817b</id></executionId><parentExecId type="Microsoft.VisualStudio.TestTools.Common.TestExecId"><id type="System.Guid">00000000-0000-0000-0000-000000000000</id></parentExecId><testId type="Microsoft.VisualStudio.TestTools.Common.TestId"><id type="System.Guid">4ebd0251-7610-085f-3cda-92f0813106b3</id></testId></id><testName type="System.String">WMProjectTest</testName><testType type="Microsoft.VisualStudio.TestTools.Common.TestType"><id type="System.Guid">13cdc9d9-ddb5-4fa4-a97d-d965ccfc6d4b</id></testType><messageKind type="Microsoft.VisualStudio.TestTools.Common.TestMessageKind"><value__ type="System.Int32">1</value__></messageKind><computerInfo type="Microsoft.VisualStudio.TestTools.Common.ComputerInfo"><m_computerName type="System.String">MYCHAT-2E812B01</m_computerName></computerInfo><duration type="System.TimeSpan">00:00:00.0214312</duration><startTime type="System.DateTime"><dateData type="System.UInt64">632764718651562500</dateData></startTime><endTime type="System.DateTime"><dateData type="System.UInt64">632764718652187500</dateData></endTime><spoolMessage type="System.Boolean">True</spoolMessage></UnitTestResult><UnitTestResult type="Microsoft.VisualStudio.TestTools.TestTypes.Unit.UnitTestResult, Microsoft.VisualStudio.QualityTools.Tips.UnitTest.ObjectModel, Version=8.0.0.0, Culture=neutral, PublicKeyToken=b03f5f7f11d50a3a"><resultType type="Microsoft.VisualStudio.TestTools.TestTypes.Unit.UnitTestResultType, Microsoft.VisualStudio.QualityTools.Tips.UnitTest.ObjectModel, Version=8.0.0.0, Culture=neutral, PublicKeyToken=b03f5f7f11d50a3a"><value__ type="System.Int32">0</value__></resultType><m_hasSufficientAccess type="System.Boolean">True</m_hasSufficientAccess><counters type="Microsoft.VisualStudio.TestTools.Common.TestResultCounter"><values type="System.Int32">0,0,0,0,0,0,0,0,0,0,0,0,0,0</values><total type="System.Int32">1</total></counters><categoryId type="Microsoft.VisualStudio.TestTools.Common.TestCategoryId"><id type="System.Guid">8c84fa94-04c1-424b-9868-57a2d4851a1d</id></categoryId><outcome type="Microsoft.VisualStudio.TestTools.Common.TestOutcome"><value__ type="System.Int32">4</value__></outcome><errorInfo type="Microsoft.VisualStudio.TestTools.Common.TestResultErrorInfo"><message type="System.String">Assert.Inconclusive failed. Verify the correctness of this test method.</message><stackTrace type="System.String">   at TestProject2.CStateTest.WMVersionTest() in C:\Downloads\ConsoleApplication2\TestProject2\CStateTest.cs:line 296
</stackTrace></errorInfo><traceInfo type="Microsoft.VisualStudio.TestTools.Common.TestExecutionTraceInformation"><trace type="System.Text.StringBuilder">Creating instance of class TestProject2.CStateTest.
Calling Test method TestProject2.CStateTest.Microsoft.VisualStudio.TestTools.TestTypes.Unit.TestMethod.
</trace></traceInfo><stdout type="System.String" /><stderr type="System.String" /><debugTrace type="System.String" /><workItemIds type="System.Collections.Generic.List`1[[System.Int32, mscorlib, Version=2.0.0.0, Culture=neutral, PublicKeyToken=b77a5c561934e089]]"><_size type="System.Int32">0</_size><_version type="System.Int32">1</_version></workItemIds><id type="Microsoft.VisualStudio.TestTools.Common.TestResultId"><runId type="System.Guid">0934e09b-aed6-47ec-9418-b3123de1ee80</runId><executionId type="Microsoft.VisualStudio.TestTools.Common.TestExecId"><id type="System.Guid">63493335-ae10-4465-95db-148457d70dd7</id></executionId><parentExecId type="Microsoft.VisualStudio.TestTools.Common.TestExecId"><id type="System.Guid">00000000-0000-0000-0000-000000000000</id></parentExecId><testId type="Microsoft.VisualStudio.TestTools.Common.TestId"><id type="System.Guid">d0013054-40b0-f293-14ed-d0851a04cfa3</id></testId></id><testName type="System.String">WMVersionTest</testName><testType type="Microsoft.VisualStudio.TestTools.Common.TestType"><id type="System.Guid">13cdc9d9-ddb5-4fa4-a97d-d965ccfc6d4b</id></testType><messageKind type="Microsoft.VisualStudio.TestTools.Common.TestMessageKind"><value__ type="System.Int32">1</value__></messageKind><computerInfo type="Microsoft.VisualStudio.TestTools.Common.ComputerInfo"><m_computerName type="System.String">MYCHAT-2E812B01</m_computerName></computerInfo><duration type="System.TimeSpan">00:00:00.0124647</duration><startTime type="System.DateTime"><dateData type="System.UInt64">632764718652187500</dateData></startTime><endTime type="System.DateTime"><dateData type="System.UInt64">632764718652968750</dateData></endTime><spoolMessage type="System.Boolean">True</spoolMessage></UnitTestResult><UnitTestResult type="Microsoft.VisualStudio.TestTools.TestTypes.Unit.UnitTestResult, Microsoft.VisualStudio.QualityTools.Tips.UnitTest.ObjectModel, Version=8.0.0.0, Culture=neutral, PublicKeyToken=b03f5f7f11d50a3a"><resultType type="Microsoft.VisualStudio.TestTools.TestTypes.Unit.UnitTestResultType, Microsoft.VisualStudio.QualityTools.Tips.UnitTest.ObjectModel, Version=8.0.0.0, Culture=neutral, PublicKeyToken=b03f5f7f11d50a3a"><value__ type="System.Int32">0</value__></resultType><m_hasSufficientAccess type="System.Boolean">True</m_hasSufficientAccess><counters type="Microsoft.VisualStudio.TestTools.Common.TestResultCounter"><values type="System.Int32">0,0,0,0,0,0,0,0,0,0,0,0,0,0</values><total type="System.Int32">1</total></counters><categoryId type="Microsoft.VisualStudio.TestTools.Common.TestCategoryId"><id type="System.Guid">8c84fa94-04c1-424b-9868-57a2d4851a1d</id></categoryId><outcome type="Microsoft.VisualStudio.TestTools.Common.TestOutcome"><value__ type="System.Int32">4</value__></outcome><errorInfo type="Microsoft.VisualStudio.TestTools.Common.TestResultErrorInfo"><message type="System.String">Assert.Inconclusive failed. TODO: Implement code to verify target</message><stackTrace type="System.String">   at TestProject2.CWMConfigTest.ConstructorTest() in C:\Downloads\ConsoleApplication2\TestProject2\CWMConfigTest.cs:line 75
</stackTrace></errorInfo><traceInfo type="Microsoft.VisualStudio.TestTools.Common.TestExecutionTraceInformation"><trace type="System.Text.StringBuilder">Creating instance of class TestProject2.CWMConfigTest.
Calling Test method TestProject2.CWMConfigTest.Microsoft.VisualStudio.TestTools.TestTypes.Unit.TestMethod.
</trace></traceInfo><stdout type="System.String" /><stderr type="System.String" /><debugTrace type="System.String" /><workItemIds type="System.Collections.Generic.List`1[[System.Int32, mscorlib, Version=2.0.0.0, Culture=neutral, PublicKeyToken=b77a5c561934e089]]"><_size type="System.Int32">0</_size><_version type="System.Int32">1</_version></workItemIds><id type="Microsoft.VisualStudio.TestTools.Common.TestResultId"><runId type="System.Guid">0934e09b-aed6-47ec-9418-b3123de1ee80</runId><executionId type="Microsoft.VisualStudio.TestTools.Common.TestExecId"><id type="System.Guid">dfa056ca-44cb-438a-bd8d-2b53e43b5317</id></executionId><parentExecId type="Microsoft.VisualStudio.TestTools.Common.TestExecId"><id type="System.Guid">00000000-0000-0000-0000-000000000000</id></parentExecId><testId type="Microsoft.VisualStudio.TestTools.Common.TestId"><id type="System.Guid">464c2008-7a26-7b56-ea1d-a49c642f3570</id></testId></id><testName type="System.String">ConstructorTest</testName><testType type="Microsoft.VisualStudio.TestTools.Common.TestType"><id type="System.Guid">13cdc9d9-ddb5-4fa4-a97d-d965ccfc6d4b</id></testType><messageKind type="Microsoft.VisualStudio.TestTools.Common.TestMessageKind"><value__ type="System.Int32">1</value__></messageKind><computerInfo type="Microsoft.VisualStudio.TestTools.Common.ComputerInfo"><m_computerName type="System.String">MYCHAT-2E812B01</m_computerName></computerInfo><duration type="System.TimeSpan">00:00:00.0656901</duration><startTime type="System.DateTime"><dateData type="System.UInt64">632764718652968750</dateData></startTime><endTime type="System.DateTime"><dateData type="System.UInt64">632764718654218750</dateData></endTime><spoolMessage type="System.Boolean">True</spoolMessage></UnitTestResult><UnitTestResult type="Microsoft.VisualStudio.TestTools.TestTypes.Unit.UnitTestResult, Microsoft.VisualStudio.QualityTools.Tips.UnitTest.ObjectModel, Version=8.0.0.0, Culture=neutral, PublicKeyToken=b03f5f7f11d50a3a"><resultType type="Microsoft.VisualStudio.TestTools.TestTypes.Unit.UnitTestResultType, Microsoft.VisualStudio.QualityTools.Tips.UnitTest.ObjectModel, Version=8.0.0.0, Culture=neutral, PublicKeyToken=b03f5f7f11d50a3a"><value__ type="System.Int32">0</value__></resultType><m_hasSufficientAccess type="System.Boolean">True</m_hasSufficientAccess><counters type="Microsoft.VisualStudio.TestTools.Common.TestResultCounter"><values type="System.Int32">0,0,0,0,0,0,0,0,0,0,0,0,0,0</values><total type="System.Int32">1</total></counters><categoryId type="Microsoft.VisualStudio.TestTools.Common.TestCategoryId"><id type="System.Guid">8c84fa94-04c1-424b-9868-57a2d4851a1d</id></categoryId><outcome type="Microsoft.VisualStudio.TestTools.Common.TestOutcome"><value__ type="System.Int32">1</value__></outcome><errorInfo type="Microsoft.VisualStudio.TestTools.Common.TestResultErrorInfo"><message type="System.String">Test method TestProject2.CWMConfigTest.ConstructorTest1 threw exception:  System.NullReferenceException: Object reference not set to an instance of an object..</message><stackTrace type="System.String">    at System.Xml.XmlDocument.get_NameTable()
   at System.Xml.DomNameTable..ctor(XmlDocument document)
   at System.Xml.XmlDocument..ctor(XmlImplementation imp)
   at ChuiWenChiu.Utility.CWMConfig..ctor(XmlImplementation imp) in C:\Downloads\ConsoleApplication2\ChuiWenChiu.Utility\CWMConfig.cs:line 19
   at TestProject2.CWMConfigTest.ConstructorTest1() in C:\Downloads\ConsoleApplication2\TestProject2\CWMConfigTest.cs:line 85
</stackTrace></errorInfo><traceInfo type="Microsoft.VisualStudio.TestTools.Common.TestExecutionTraceInformation"><trace type="System.Text.StringBuilder">Creating instance of class TestProject2.CWMConfigTest.
Calling Test method TestProject2.CWMConfigTest.Microsoft.VisualStudio.TestTools.TestTypes.Unit.TestMethod.
</trace></traceInfo><stdout type="System.String" /><stderr type="System.String" /><debugTrace type="System.String" /><workItemIds type="System.Collections.Generic.List`1[[System.Int32, mscorlib, Version=2.0.0.0, Culture=neutral, PublicKeyToken=b77a5c561934e089]]"><_size type="System.Int32">0</_size><_version type="System.Int32">1</_version></workItemIds><id type="Microsoft.VisualStudio.TestTools.Common.TestResultId"><runId type="System.Guid">0934e09b-aed6-47ec-9418-b3123de1ee80</runId><executionId type="Microsoft.VisualStudio.TestTools.Common.TestExecId"><id type="System.Guid">86e0eb39-19b3-4889-8a5f-f4ee8a08f834</id></executionId><parentExecId type="Microsoft.VisualStudio.TestTools.Common.TestExecId"><id type="System.Guid">00000000-0000-0000-0000-000000000000</id></parentExecId><testId type="Microsoft.VisualStudio.TestTools.Common.TestId"><id type="System.Guid">5136b357-52d7-3247-3bbb-361aea14ebd6</id></testId></id><testName type="System.String">ConstructorTest1</testName><testType type="Microsoft.VisualStudio.TestTools.Common.TestType"><id type="System.Guid">13cdc9d9-ddb5-4fa4-a97d-d965ccfc6d4b</id></testType><messageKind type="Microsoft.VisualStudio.TestTools.Common.TestMessageKind"><value__ type="System.Int32">1</value__></messageKind><computerInfo type="Microsoft.VisualStudio.TestTools.Common.ComputerInfo"><m_computerName type="System.String">MYCHAT-2E812B01</m_computerName></computerInfo><duration type="System.TimeSpan">00:00:00.0283751</duration><startTime type="System.DateTime"><dateData type="System.UInt64">632764718654218750</dateData></startTime><endTime type="System.DateTime"><dateData type="System.UInt64">632764718655156250</dateData></endTime><spoolMessage type="System.Boolean">True</spoolMessage></UnitTestResult><UnitTestResult type="Microsoft.VisualStudio.TestTools.TestTypes.Unit.UnitTestResult, Microsoft.VisualStudio.QualityTools.Tips.UnitTest.ObjectModel, Version=8.0.0.0, Culture=neutral, PublicKeyToken=b03f5f7f11d50a3a"><resultType type="Microsoft.VisualStudio.TestTools.TestTypes.Unit.UnitTestResultType, Microsoft.VisualStudio.QualityTools.Tips.UnitTest.ObjectModel, Version=8.0.0.0, Culture=neutral, PublicKeyToken=b03f5f7f11d50a3a"><value__ type="System.Int32">0</value__></resultType><m_hasSufficientAccess type="System.Boolean">True</m_hasSufficientAccess><counters type="Microsoft.VisualStudio.TestTools.Common.TestResultCounter"><values type="System.Int32">0,0,0,0,0,0,0,0,0,0,0,0,0,0</values><total type="System.Int32">1</total></counters><categoryId type="Microsoft.VisualStudio.TestTools.Common.TestCategoryId"><id type="System.Guid">8c84fa94-04c1-424b-9868-57a2d4851a1d</id></categoryId><outcome type="Microsoft.VisualStudio.TestTools.Common.TestOutcome"><value__ type="System.Int32">1</value__></outcome><errorInfo type="Microsoft.VisualStudio.TestTools.Common.TestResultErrorInfo"><message type="System.String">Test method TestProject2.CWMConfigTest.ConstructorTest2 threw exception:  System.NullReferenceException: Object reference not set to an instance of an object..</message><stackTrace type="System.String">    at System.Xml.XmlDocument..ctor(XmlImplementation imp)
   at System.Xml.XmlDocument..ctor(XmlNameTable nt)
   at ChuiWenChiu.Utility.CWMConfig..ctor(XmlNameTable tbl) in C:\Downloads\ConsoleApplication2\ChuiWenChiu.Utility\CWMConfig.cs:line 27
   at TestProject2.CWMConfigTest.ConstructorTest2() in C:\Downloads\ConsoleApplication2\TestProject2\CWMConfigTest.cs:line 98
</stackTrace></errorInfo><traceInfo type="Microsoft.VisualStudio.TestTools.Common.TestExecutionTraceInformation"><trace type="System.Text.StringBuilder">Creating instance of class TestProject2.CWMConfigTest.
Calling Test method TestProject2.CWMConfigTest.Microsoft.VisualStudio.TestTools.TestTypes.Unit.TestMethod.
</trace></traceInfo><stdout type="System.String" /><stderr type="System.String" /><debugTrace type="System.String" /><workItemIds type="System.Collections.Generic.List`1[[System.Int32, mscorlib, Version=2.0.0.0, Culture=neutral, PublicKeyToken=b77a5c561934e089]]"><_size type="System.Int32">0</_size><_version type="System.Int32">1</_version></workItemIds><id type="Microsoft.VisualStudio.TestTools.Common.TestResultId"><runId type="System.Guid">0934e09b-aed6-47ec-9418-b3123de1ee80</runId><executionId type="Microsoft.VisualStudio.TestTools.Common.TestExecId"><id type="System.Guid">233a15b6-2c95-4c60-aa2e-9315651df315</id></executionId><parentExecId type="Microsoft.VisualStudio.TestTools.Common.TestExecId"><id type="System.Guid">00000000-0000-0000-0000-000000000000</id></parentExecId><testId type="Microsoft.VisualStudio.TestTools.Common.TestId"><id type="System.Guid">df31bb2d-a423-298e-4f8a-23d99bdae02d</id></testId></id><testName type="System.String">ConstructorTest2</testName><testType type="Microsoft.VisualStudio.TestTools.Common.TestType"><id type="System.Guid">13cdc9d9-ddb5-4fa4-a97d-d965ccfc6d4b</id></testType><messageKind type="Microsoft.VisualStudio.TestTools.Common.TestMessageKind"><value__ type="System.Int32">1</value__></messageKind><computerInfo type="Microsoft.VisualStudio.TestTools.Common.ComputerInfo"><m_computerName type="System.String">MYCHAT-2E812B01</m_computerName></computerInfo><duration type="System.TimeSpan">00:00:00.0164177</duration><startTime type="System.DateTime"><dateData type="System.UInt64">632764718655156250</dateData></startTime><endTime type="System.DateTime"><dateData type="System.UInt64">632764718655781250</dateData></endTime><spoolMessage type="System.Boolean">True</spoolMessage></UnitTestResult><UnitTestResult type="Microsoft.VisualStudio.TestTools.TestTypes.Unit.UnitTestResult, Microsoft.VisualStudio.QualityTools.Tips.UnitTest.ObjectModel, Version=8.0.0.0, Culture=neutral, PublicKeyToken=b03f5f7f11d50a3a"><resultType type="Microsoft.VisualStudio.TestTools.TestTypes.Unit.UnitTestResultType, Microsoft.VisualStudio.QualityTools.Tips.UnitTest.ObjectModel, Version=8.0.0.0, Culture=neutral, PublicKeyToken=b03f5f7f11d50a3a"><value__ type="System.Int32">0</value__></resultType><m_hasSufficientAccess type="System.Boolean">True</m_hasSufficientAccess><counters type="Microsoft.VisualStudio.TestTools.Common.TestResultCounter"><values type="System.Int32">0,0,0,0,0,0,0,0,0,0,0,0,0,0</values><total type="System.Int32">1</total></counters><categoryId type="Microsoft.VisualStudio.TestTools.Common.TestCategoryId"><id type="System.Guid">8c84fa94-04c1-424b-9868-57a2d4851a1d</id></categoryId><outcome type="Microsoft.VisualStudio.TestTools.Common.TestOutcome"><value__ type="System.Int32">1</value__></outcome><errorInfo type="Microsoft.VisualStudio.TestTools.Common.TestResultErrorInfo"><message type="System.String">Test method TestProject2.CWMConfigTest.getTextTest threw exception:  System.Reflection.TargetInvocationException: Exception has been thrown by the target of an invocation. ---&gt;  System.NullReferenceException: Object reference not set to an instance of an object..</message><stackTrace type="System.String">    at ChuiWenChiu.Utility.CWMConfig.getText(String tagName) in C:\Downloads\ConsoleApplication2\ChuiWenChiu.Utility\CWMConfig.cs:line 67
 --- End of inner exception stack trace ---
    at System.RuntimeMethodHandle._InvokeMethodFast(Object target, Object[] arguments, SignatureStruct&amp; sig, MethodAttributes methodAttributes, RuntimeTypeHandle typeOwner)
   at System.RuntimeMethodHandle.InvokeMethodFast(Object target, Object[] arguments, Signature sig, MethodAttributes methodAttributes, RuntimeTypeHandle typeOwner)
   at System.Reflection.RuntimeMethodInfo.Invoke(Object obj, BindingFlags invokeAttr, Binder binder, Object[] parameters, CultureInfo culture, Boolean skipVisibilityChecks)
   at System.Reflection.RuntimeMethodInfo.Invoke(Object obj, BindingFlags invokeAttr, Binder binder, Object[] parameters, CultureInfo culture)
   at Microsoft.VisualStudio.TestTools.UnitTesting.PrivateObject.Invoke(String name, BindingFlags invokeAttr, Type[] parameterTypes, Object[] args, CultureInfo culture)
   at Microsoft.VisualStudio.TestTools.UnitTesting.PrivateObject.Invoke(String name, Type[] parameterTypes, Object[] args, CultureInfo culture)
   at Microsoft.VisualStudio.TestTools.UnitTesting.PrivateObject.Invoke(String name, Type[] parameterTypes, Object[] args)
   at TestProject2.ChuiWenChiu_Utility_CWMConfigAccessor.getText(String tagName) in C:\Downloads\ConsoleApplication2\TestProject2\VSCodeGenAccessors.cs:line 303
   at TestProject2.CWMConfigTest.getTextTest() in C:\Downloads\ConsoleApplication2\TestProject2\CWMConfigTest.cs:line 119
</stackTrace></errorInfo><traceInfo type="Microsoft.VisualStudio.TestTools.Common.TestExecutionTraceInformation"><trace type="System.Text.StringBuilder">Creating instance of class TestProject2.CWMConfigTest.
Calling Test method TestProject2.CWMConfigTest.Microsoft.VisualStudio.TestTools.TestTypes.Unit.TestMethod.
</trace></traceInfo><stdout type="System.String" /><stderr type="System.String" /><debugTrace type="System.String" /><workItemIds type="System.Collections.Generic.List`1[[System.Int32, mscorlib, Version=2.0.0.0, Culture=neutral, PublicKeyToken=b77a5c561934e089]]"><_size type="System.Int32">0</_size><_version type="System.Int32">1</_version></workItemIds><id type="Microsoft.VisualStudio.TestTools.Common.TestResultId"><runId type="System.Guid">0934e09b-aed6-47ec-9418-b3123de1ee80</runId><executionId type="Microsoft.VisualStudio.TestTools.Common.TestExecId"><id type="System.Guid">09ea7fdb-1109-4723-9633-4486cf4065ba</id></executionId><parentExecId type="Microsoft.VisualStudio.TestTools.Common.TestExecId"><id type="System.Guid">00000000-0000-0000-0000-000000000000</id></parentExecId><testId type="Microsoft.VisualStudio.TestTools.Common.TestId"><id type="System.Guid">da94bf9d-d1bc-969d-fef6-97262e1589cc</id></testId></id><testName type="System.String">getTextTest</testName><testType type="Microsoft.VisualStudio.TestTools.Common.TestType"><id type="System.Guid">13cdc9d9-ddb5-4fa4-a97d-d965ccfc6d4b</id></testType><messageKind type="Microsoft.VisualStudio.TestTools.Common.TestMessageKind"><value__ type="System.Int32">1</value__></messageKind><computerInfo type="Microsoft.VisualStudio.TestTools.Common.ComputerInfo"><m_computerName type="System.String">MYCHAT-2E812B01</m_computerName></computerInfo><duration type="System.TimeSpan">00:00:00.0272562</duration><startTime type="System.DateTime"><dateData type="System.UInt64">632764718655781250</dateData></startTime><endTime type="System.DateTime"><dateData type="System.UInt64">632764718656718750</dateData></endTime><spoolMessage type="System.Boolean">True</spoolMessage></UnitTestResult><UnitTestResult type="Microsoft.VisualStudio.TestTools.TestTypes.Unit.UnitTestResult, Microsoft.VisualStudio.QualityTools.Tips.UnitTest.ObjectModel, Version=8.0.0.0, Culture=neutral, PublicKeyToken=b03f5f7f11d50a3a"><resultType type="Microsoft.VisualStudio.TestTools.TestTypes.Unit.UnitTestResultType, Microsoft.VisualStudio.QualityTools.Tips.UnitTest.ObjectModel, Version=8.0.0.0, Culture=neutral, PublicKeyToken=b03f5f7f11d50a3a"><value__ type="System.Int32">0</value__></resultType><m_hasSufficientAccess type="System.Boolean">True</m_hasSufficientAccess><counters type="Microsoft.VisualStudio.TestTools.Common.TestResultCounter"><values type="System.Int32">0,0,0,0,0,0,0,0,0,0,0,0,0,0</values><total type="System.Int32">1</total></counters><categoryId type="Microsoft.VisualStudio.TestTools.Common.TestCategoryId"><id type="System.Guid">8c84fa94-04c1-424b-9868-57a2d4851a1d</id></categoryId><outcome type="Microsoft.VisualStudio.TestTools.Common.TestOutcome"><value__ type="System.Int32">1</value__></outcome><errorInfo type="Microsoft.VisualStudio.TestTools.Common.TestResultErrorInfo"><message type="System.String">Assert.AreEqual failed. Expected:&lt;(null)&gt;, Actual:&lt;ChuiWenChiu.Utility.CWMVersions&gt;. ChuiWenChiu.Utility.CWMConfig.GetWMs did not return the expected value.</message><stackTrace type="System.String">   at TestProject2.CWMConfigTest.GetWMsTest() in C:\Downloads\ConsoleApplication2\TestProject2\CWMConfigTest.cs:line 137
</stackTrace></errorInfo><traceInfo type="Microsoft.VisualStudio.TestTools.Common.TestExecutionTraceInformation"><trace type="System.Text.StringBuilder">Creating instance of class TestProject2.CWMConfigTest.
Calling Test method TestProject2.CWMConfigTest.Microsoft.VisualStudio.TestTools.TestTypes.Unit.TestMethod.
</trace></traceInfo><stdout type="System.String" /><stderr type="System.String" /><debugTrace type="System.String" /><workItemIds type="System.Collections.Generic.List`1[[System.Int32, mscorlib, Version=2.0.0.0, Culture=neutral, PublicKeyToken=b77a5c561934e089]]"><_size type="System.Int32">0</_size><_version type="System.Int32">1</_version></workItemIds><id type="Microsoft.VisualStudio.TestTools.Common.TestResultId"><runId type="System.Guid">0934e09b-aed6-47ec-9418-b3123de1ee80</runId><executionId type="Microsoft.VisualStudio.TestTools.Common.TestExecId"><id type="System.Guid">67ac010f-5c47-4000-bfbc-aefc37240878</id></executionId><parentExecId type="Microsoft.VisualStudio.TestTools.Common.TestExecId"><id type="System.Guid">00000000-0000-0000-0000-000000000000</id></parentExecId><testId type="Microsoft.VisualStudio.TestTools.Common.TestId"><id type="System.Guid">34faeb91-f5e7-923a-9a5b-d63d8dfdf48a</id></testId></id><testName type="System.String">GetWMsTest</testName><testType type="Microsoft.VisualStudio.TestTools.Common.TestType"><id type="System.Guid">13cdc9d9-ddb5-4fa4-a97d-d965ccfc6d4b</id></testType><messageKind type="Microsoft.VisualStudio.TestTools.Common.TestMessageKind"><value__ type="System.Int32">1</value__></messageKind><computerInfo type="Microsoft.VisualStudio.TestTools.Common.ComputerInfo"><m_computerName type="System.String">MYCHAT-2E812B01</m_computerName></computerInfo><duration type="System.TimeSpan">00:00:00.0919658</duration><startTime type="System.DateTime"><dateData type="System.UInt64">632764718656718750</dateData></startTime><endTime type="System.DateTime"><dateData type="System.UInt64">632764718658281250</dateData></endTime><spoolMessage type="System.Boolean">True</spoolMessage></UnitTestResult><UnitTestResult type="Microsoft.VisualStudio.TestTools.TestTypes.Unit.UnitTestResult, Microsoft.VisualStudio.QualityTools.Tips.UnitTest.ObjectModel, Version=8.0.0.0, Culture=neutral, PublicKeyToken=b03f5f7f11d50a3a"><resultType type="Microsoft.VisualStudio.TestTools.TestTypes.Unit.UnitTestResultType, Microsoft.VisualStudio.QualityTools.Tips.UnitTest.ObjectModel, Version=8.0.0.0, Culture=neutral, PublicKeyToken=b03f5f7f11d50a3a"><value__ type="System.Int32">0</value__></resultType><m_hasSufficientAccess type="System.Boolean">True</m_hasSufficientAccess><counters type="Microsoft.VisualStudio.TestTools.Common.TestResultCounter"><values type="System.Int32">0,0,0,0,0,0,0,0,0,0,0,0,0,0</values><total type="System.Int32">1</total></counters><categoryId type="Microsoft.VisualStudio.TestTools.Common.TestCategoryId"><id type="System.Guid">8c84fa94-04c1-424b-9868-57a2d4851a1d</id></categoryId><outcome type="Microsoft.VisualStudio.TestTools.Common.TestOutcome"><value__ type="System.Int32">1</value__></outcome><errorInfo type="Microsoft.VisualStudio.TestTools.Common.TestResultErrorInfo"><message type="System.String">Test method TestProject2.CWMConfigTest.setTextTest threw exception:  System.Reflection.TargetInvocationException: Exception has been thrown by the target of an invocation. ---&gt;  System.NullReferenceException: Object reference not set to an instance of an object..</message><stackTrace type="System.String">    at ChuiWenChiu.Utility.CWMConfig.setText(String tagName, String value) in C:\Downloads\ConsoleApplication2\ChuiWenChiu.Utility\CWMConfig.cs:line 76
 --- End of inner exception stack trace ---
    at System.RuntimeMethodHandle._InvokeMethodFast(Object target, Object[] arguments, SignatureStruct&amp; sig, MethodAttributes methodAttributes, RuntimeTypeHandle typeOwner)
   at System.RuntimeMethodHandle.InvokeMethodFast(Object target, Object[] arguments, Signature sig, MethodAttributes methodAttributes, RuntimeTypeHandle typeOwner)
   at System.Reflection.RuntimeMethodInfo.Invoke(Object obj, BindingFlags invokeAttr, Binder binder, Object[] parameters, CultureInfo culture, Boolean skipVisibilityChecks)
   at System.Reflection.RuntimeMethodInfo.Invoke(Object obj, BindingFlags invokeAttr, Binder binder, Object[] parameters, CultureInfo culture)
   at Microsoft.VisualStudio.TestTools.UnitTesting.PrivateObject.Invoke(String name, BindingFlags invokeAttr, Type[] parameterTypes, Object[] args, CultureInfo culture)
   at Microsoft.VisualStudio.TestTools.UnitTesting.PrivateObject.Invoke(String name, Type[] parameterTypes, Object[] args, CultureInfo culture)
   at Microsoft.VisualStudio.TestTools.UnitTesting.PrivateObject.Invoke(String name, Type[] parameterTypes, Object[] args)
   at TestProject2.ChuiWenChiu_Utility_CWMConfigAccessor.setText(String tagName, String value) in C:\Downloads\ConsoleApplication2\TestProject2\VSCodeGenAccessors.cs:line 312
   at TestProject2.CWMConfigTest.setTextTest() in C:\Downloads\ConsoleApplication2\TestProject2\CWMConfigTest.cs:line 155
</stackTrace></errorInfo><traceInfo type="Microsoft.VisualStudio.TestTools.Common.TestExecutionTraceInformation"><trace type="System.Text.StringBuilder">Creating instance of class TestProject2.CWMConfigTest.
Calling Test method TestProject2.CWMConfigTest.Microsoft.VisualStudio.TestTools.TestTypes.Unit.TestMethod.
</trace></traceInfo><stdout type="System.String" /><stderr type="System.String" /><debugTrace type="System.String" /><workItemIds type="System.Collections.Generic.List`1[[System.Int32, mscorlib, Version=2.0.0.0, Culture=neutral, PublicKeyToken=b77a5c561934e089]]"><_size type="System.Int32">0</_size><_version type="System.Int32">1</_version></workItemIds><id type="Microsoft.VisualStudio.TestTools.Common.TestResultId"><runId type="System.Guid">0934e09b-aed6-47ec-9418-b3123de1ee80</runId><executionId type="Microsoft.VisualStudio.TestTools.Common.TestExecId"><id type="System.Guid">41a27305-aafc-4b9a-855d-1469b1160b58</id></executionId><parentExecId type="Microsoft.VisualStudio.TestTools.Common.TestExecId"><id type="System.Guid">00000000-0000-0000-0000-000000000000</id></parentExecId><testId type="Microsoft.VisualStudio.TestTools.Common.TestId"><id type="System.Guid">3ef2d793-bb31-9203-2e64-90dfa9eea048</id></testId></id><testName type="System.String">setTextTest</testName><testType type="Microsoft.VisualStudio.TestTools.Common.TestType"><id type="System.Guid">13cdc9d9-ddb5-4fa4-a97d-d965ccfc6d4b</id></testType><messageKind type="Microsoft.VisualStudio.TestTools.Common.TestMessageKind"><value__ type="System.Int32">1</value__></messageKind><computerInfo type="Microsoft.VisualStudio.TestTools.Common.ComputerInfo"><m_computerName type="System.String">MYCHAT-2E812B01</m_computerName></computerInfo><duration type="System.TimeSpan">00:00:00.0228308</duration><startTime type="System.DateTime"><dateData type="System.UInt64">632764718658281250</dateData></startTime><endTime type="System.DateTime"><dateData type="System.UInt64">632764718659062500</dateData></endTime><spoolMessage type="System.Boolean">True</spoolMessage></UnitTestResult><UnitTestResult type="Microsoft.VisualStudio.TestTools.TestTypes.Unit.UnitTestResult, Microsoft.VisualStudio.QualityTools.Tips.UnitTest.ObjectModel, Version=8.0.0.0, Culture=neutral, PublicKeyToken=b03f5f7f11d50a3a"><resultType type="Microsoft.VisualStudio.TestTools.TestTypes.Unit.UnitTestResultType, Microsoft.VisualStudio.QualityTools.Tips.UnitTest.ObjectModel, Version=8.0.0.0, Culture=neutral, PublicKeyToken=b03f5f7f11d50a3a"><value__ type="System.Int32">0</value__></resultType><m_hasSufficientAccess type="System.Boolean">True</m_hasSufficientAccess><counters type="Microsoft.VisualStudio.TestTools.Common.TestResultCounter"><values type="System.Int32">0,0,0,0,0,0,0,0,0,0,0,0,0,0</values><total type="System.Int32">1</total></counters><categoryId type="Microsoft.VisualStudio.TestTools.Common.TestCategoryId"><id type="System.Guid">8c84fa94-04c1-424b-9868-57a2d4851a1d</id></categoryId><outcome type="Microsoft.VisualStudio.TestTools.Common.TestOutcome"><value__ type="System.Int32">4</value__></outcome><errorInfo type="Microsoft.VisualStudio.TestTools.Common.TestResultErrorInfo"><message type="System.String">Assert.Inconclusive failed. TODO: Implement code to verify target</message><stackTrace type="System.String">   at TestProject2.CWMProjectTest.ConstructorTest() in C:\Downloads\ConsoleApplication2\TestProject2\CProjectTest.cs:line 74
</stackTrace></errorInfo><traceInfo type="Microsoft.VisualStudio.TestTools.Common.TestExecutionTraceInformation"><trace type="System.Text.StringBuilder">Creating instance of class TestProject2.CWMProjectTest.
Calling Test method TestProject2.CWMProjectTest.Microsoft.VisualStudio.TestTools.TestTypes.Unit.TestMethod.
</trace></traceInfo><stdout type="System.String" /><stderr type="System.String" /><debugTrace type="System.String" /><workItemIds type="System.Collections.Generic.List`1[[System.Int32, mscorlib, Version=2.0.0.0, Culture=neutral, PublicKeyToken=b77a5c561934e089]]"><_size type="System.Int32">0</_size><_version type="System.Int32">1</_version></workItemIds><id type="Microsoft.VisualStudio.TestTools.Common.TestResultId"><runId type="System.Guid">0934e09b-aed6-47ec-9418-b3123de1ee80</runId><executionId type="Microsoft.VisualStudio.TestTools.Common.TestExecId"><id type="System.Guid">3189991a-c39b-4436-8015-a6166ee56569</id></executionId><parentExecId type="Microsoft.VisualStudio.TestTools.Common.TestExecId"><id type="System.Guid">00000000-0000-0000-0000-000000000000</id></parentExecId><testId type="Microsoft.VisualStudio.TestTools.Common.TestId"><id type="System.Guid">0f4278cf-a9a4-3a20-c553-5a210cc57751</id></testId></id><testName type="System.String">ConstructorTest</testName><testType type="Microsoft.VisualStudio.TestTools.Common.TestType"><id type="System.Guid">13cdc9d9-ddb5-4fa4-a97d-d965ccfc6d4b</id></testType><messageKind type="Microsoft.VisualStudio.TestTools.Common.TestMessageKind"><value__ type="System.Int32">1</value__></messageKind><computerInfo type="Microsoft.VisualStudio.TestTools.Common.ComputerInfo"><m_computerName type="System.String">MYCHAT-2E812B01</m_computerName></computerInfo><duration type="System.TimeSpan">00:00:00.0190004</duration><startTime type="System.DateTime"><dateData type="System.UInt64">632764718659062500</dateData></startTime><endTime type="System.DateTime"><dateData type="System.UInt64">632764718659687500</dateData></endTime><spoolMessage type="System.Boolean">True</spoolMessage></UnitTestResult><UnitTestResult type="Microsoft.VisualStudio.TestTools.TestTypes.Unit.UnitTestResult, Microsoft.VisualStudio.QualityTools.Tips.UnitTest.ObjectModel, Version=8.0.0.0, Culture=neutral, PublicKeyToken=b03f5f7f11d50a3a"><resultType type="Microsoft.VisualStudio.TestTools.TestTypes.Unit.UnitTestResultType, Microsoft.VisualStudio.QualityTools.Tips.UnitTest.ObjectModel, Version=8.0.0.0, Culture=neutral, PublicKeyToken=b03f5f7f11d50a3a"><value__ type="System.Int32">0</value__></resultType><m_hasSufficientAccess type="System.Boolean">True</m_hasSufficientAccess><counters type="Microsoft.VisualStudio.TestTools.Common.TestResultCounter"><values type="System.Int32">0,0,0,0,0,0,0,0,0,0,0,0,0,0</values><total type="System.Int32">1</total></counters><categoryId type="Microsoft.VisualStudio.TestTools.Common.TestCategoryId"><id type="System.Guid">8c84fa94-04c1-424b-9868-57a2d4851a1d</id></categoryId><outcome type="Microsoft.VisualStudio.TestTools.Common.TestOutcome"><value__ type="System.Int32">4</value__></outcome><errorInfo type="Microsoft.VisualStudio.TestTools.Common.TestResultErrorInfo"><message type="System.String">Assert.Inconclusive failed. TODO: Implement code to verify target</message><stackTrace type="System.String">   at TestProject2.CWMProjectTest.ConstructorTest1() in C:\Downloads\ConsoleApplication2\TestProject2\CProjectTest.cs:line 89
</stackTrace></errorInfo><traceInfo type="Microsoft.VisualStudio.TestTools.Common.TestExecutionTraceInformation"><trace type="System.Text.StringBuilder">Creating instance of class TestProject2.CWMProjectTest.
Calling Test method TestProject2.CWMProjectTest.Microsoft.VisualStudio.TestTools.TestTypes.Unit.TestMethod.
</trace></traceInfo><stdout type="System.String" /><stderr type="System.String" /><debugTrace type="System.String" /><workItemIds type="System.Collections.Generic.List`1[[System.Int32, mscorlib, Version=2.0.0.0, Culture=neutral, PublicKeyToken=b77a5c561934e089]]"><_size type="System.Int32">0</_size><_version type="System.Int32">1</_version></workItemIds><id type="Microsoft.VisualStudio.TestTools.Common.TestResultId"><runId type="System.Guid">0934e09b-aed6-47ec-9418-b3123de1ee80</runId><executionId type="Microsoft.VisualStudio.TestTools.Common.TestExecId"><id type="System.Guid">1d2e6b42-1e7b-43b3-a7ef-84d1b3cec46a</id></executionId><parentExecId type="Microsoft.VisualStudio.TestTools.Common.TestExecId"><id type="System.Guid">00000000-0000-0000-0000-000000000000</id></parentExecId><testId type="Microsoft.VisualStudio.TestTools.Common.TestId"><id type="System.Guid">74224eb0-ed75-90a1-08b7-066f695ef676</id></testId></id><testName type="System.String">ConstructorTest1</testName><testType type="Microsoft.VisualStudio.TestTools.Common.TestType"><id type="System.Guid">13cdc9d9-ddb5-4fa4-a97d-d965ccfc6d4b</id></testType><messageKind type="Microsoft.VisualStudio.TestTools.Common.TestMessageKind"><value__ type="System.Int32">1</value__></messageKind><computerInfo type="Microsoft.VisualStudio.TestTools.Common.ComputerInfo"><m_computerName type="System.String">MYCHAT-2E812B01</m_computerName></computerInfo><duration type="System.TimeSpan">00:00:00.0131312</duration><startTime type="System.DateTime"><dateData type="System.UInt64">632764718659843750</dateData></startTime><endTime type="System.DateTime"><dateData type="System.UInt64">632764718660468750</dateData></endTime><spoolMessage type="System.Boolean">True</spoolMessage></UnitTestResult><UnitTestResult type="Microsoft.VisualStudio.TestTools.TestTypes.Unit.UnitTestResult, Microsoft.VisualStudio.QualityTools.Tips.UnitTest.ObjectModel, Version=8.0.0.0, Culture=neutral, PublicKeyToken=b03f5f7f11d50a3a"><resultType type="Microsoft.VisualStudio.TestTools.TestTypes.Unit.UnitTestResultType, Microsoft.VisualStudio.QualityTools.Tips.UnitTest.ObjectModel, Version=8.0.0.0, Culture=neutral, PublicKeyToken=b03f5f7f11d50a3a"><value__ type="System.Int32">0</value__></resultType><m_hasSufficientAccess type="System.Boolean">True</m_hasSufficientAccess><counters type="Microsoft.VisualStudio.TestTools.Common.TestResultCounter"><values type="System.Int32">0,0,0,0,0,0,0,0,0,0,0,0,0,0</values><total type="System.Int32">1</total></counters><categoryId type="Microsoft.VisualStudio.TestTools.Common.TestCategoryId"><id type="System.Guid">8c84fa94-04c1-424b-9868-57a2d4851a1d</id></categoryId><outcome type="Microsoft.VisualStudio.TestTools.Common.TestOutcome"><value__ type="System.Int32">4</value__></outcome><errorInfo type="Microsoft.VisualStudio.TestTools.Common.TestResultErrorInfo"><message type="System.String">Assert.Inconclusive failed. Verify the correctness of this test method.</message><stackTrace type="System.String">   at TestProject2.CWMProjectTest.nameTest() in C:\Downloads\ConsoleApplication2\TestProject2\CProjectTest.cs:line 105
</stackTrace></errorInfo><traceInfo type="Microsoft.VisualStudio.TestTools.Common.TestExecutionTraceInformation"><trace type="System.Text.StringBuilder">Creating instance of class TestProject2.CWMProjectTest.
Calling Test method TestProject2.CWMProjectTest.Microsoft.VisualStudio.TestTools.TestTypes.Unit.TestMethod.
</trace></traceInfo><stdout type="System.String" /><stderr type="System.String" /><debugTrace type="System.String" /><workItemIds type="System.Collections.Generic.List`1[[System.Int32, mscorlib, Version=2.0.0.0, Culture=neutral, PublicKeyToken=b77a5c561934e089]]"><_size type="System.Int32">0</_size><_version type="System.Int32">1</_version></workItemIds><id type="Microsoft.VisualStudio.TestTools.Common.TestResultId"><runId type="System.Guid">0934e09b-aed6-47ec-9418-b3123de1ee80</runId><executionId type="Microsoft.VisualStudio.TestTools.Common.TestExecId"><id type="System.Guid">2c5bfa1f-6242-4285-bd67-d03ab902185c</id></executionId><parentExecId type="Microsoft.VisualStudio.TestTools.Common.TestExecId"><id type="System.Guid">00000000-0000-0000-0000-000000000000</id></parentExecId><testId type="Microsoft.VisualStudio.TestTools.Common.TestId"><id type="System.Guid">60d8f64f-e7d0-a098-a11f-498fe0d561e9</id></testId></id><testName type="System.String">nameTest</testName><testType type="Microsoft.VisualStudio.TestTools.Common.TestType"><id type="System.Guid">13cdc9d9-ddb5-4fa4-a97d-d965ccfc6d4b</id></testType><messageKind type="Microsoft.VisualStudio.TestTools.Common.TestMessageKind"><value__ type="System.Int32">1</value__></messageKind><computerInfo type="Microsoft.VisualStudio.TestTools.Common.ComputerInfo"><m_computerName type="System.String">MYCHAT-2E812B01</m_computerName></computerInfo><duration type="System.TimeSpan">00:00:00.0141487</duration><startTime type="System.DateTime"><dateData type="System.UInt64">632764718660468750</dateData></startTime><endTime type="System.DateTime"><dateData type="System.UInt64">632764718661250000</dateData></endTime><spoolMessage type="System.Boolean">True</spoolMessage></UnitTestResult><UnitTestResult type="Microsoft.VisualStudio.TestTools.TestTypes.Unit.UnitTestResult, Microsoft.VisualStudio.QualityTools.Tips.UnitTest.ObjectModel, Version=8.0.0.0, Culture=neutral, PublicKeyToken=b03f5f7f11d50a3a"><resultType type="Microsoft.VisualStudio.TestTools.TestTypes.Unit.UnitTestResultType, Microsoft.VisualStudio.QualityTools.Tips.UnitTest.ObjectModel, Version=8.0.0.0, Culture=neutral, PublicKeyToken=b03f5f7f11d50a3a"><value__ type="System.Int32">0</value__></resultType><m_hasSufficientAccess type="System.Boolean">True</m_hasSufficientAccess><counters type="Microsoft.VisualStudio.TestTools.Common.TestResultCounter"><values type="System.Int32">0,0,0,0,0,0,0,0,0,0,0,0,0,0</values><total type="System.Int32">1</total></counters><categoryId type="Microsoft.VisualStudio.TestTools.Common.TestCategoryId"><id type="System.Guid">8c84fa94-04c1-424b-9868-57a2d4851a1d</id></categoryId><outcome type="Microsoft.VisualStudio.TestTools.Common.TestOutcome"><value__ type="System.Int32">4</value__></outcome><errorInfo type="Microsoft.VisualStudio.TestTools.Common.TestResultErrorInfo"><message type="System.String">Assert.Inconclusive failed. Verify the correctness of this test method.</message><stackTrace type="System.String">   at TestProject2.CWMProjectTest.tagTest() in C:\Downloads\ConsoleApplication2\TestProject2\CProjectTest.cs:line 121
</stackTrace></errorInfo><traceInfo type="Microsoft.VisualStudio.TestTools.Common.TestExecutionTraceInformation"><trace type="System.Text.StringBuilder">Creating instance of class TestProject2.CWMProjectTest.
Calling Test method TestProject2.CWMProjectTest.Microsoft.VisualStudio.TestTools.TestTypes.Unit.TestMethod.
</trace></traceInfo><stdout type="System.String" /><stderr type="System.String" /><debugTrace type="System.String" /><workItemIds type="System.Collections.Generic.List`1[[System.Int32, mscorlib, Version=2.0.0.0, Culture=neutral, PublicKeyToken=b77a5c561934e089]]"><_size type="System.Int32">0</_size><_version type="System.Int32">1</_version></workItemIds><id type="Microsoft.VisualStudio.TestTools.Common.TestResultId"><runId type="System.Guid">0934e09b-aed6-47ec-9418-b3123de1ee80</runId><executionId type="Microsoft.VisualStudio.TestTools.Common.TestExecId"><id type="System.Guid">f09dd7b6-13b2-47a0-af1b-d3c14bbc7879</id></executionId><parentExecId type="Microsoft.VisualStudio.TestTools.Common.TestExecId"><id type="System.Guid">00000000-0000-0000-0000-000000000000</id></parentExecId><testId type="Microsoft.VisualStudio.TestTools.Common.TestId"><id type="System.Guid">5b2c98ee-a00d-1293-b40e-de6dbea693ff</id></testId></id><testName type="System.String">tagTest</testName><testType type="Microsoft.VisualStudio.TestTools.Common.TestType"><id type="System.Guid">13cdc9d9-ddb5-4fa4-a97d-d965ccfc6d4b</id></testType><messageKind type="Microsoft.VisualStudio.TestTools.Common.TestMessageKind"><value__ type="System.Int32">1</value__></messageKind><computerInfo type="Microsoft.VisualStudio.TestTools.Common.ComputerInfo"><m_computerName type="System.String">MYCHAT-2E812B01</m_computerName></computerInfo><duration type="System.TimeSpan">00:00:00.0165208</duration><startTime type="System.DateTime"><dateData type="System.UInt64">632764718661250000</dateData></startTime><endTime type="System.DateTime"><dateData type="System.UInt64">632764718662031250</dateData></endTime><spoolMessage type="System.Boolean">True</spoolMessage></UnitTestResult><UnitTestResult type="Microsoft.VisualStudio.TestTools.TestTypes.Unit.UnitTestResult, Microsoft.VisualStudio.QualityTools.Tips.UnitTest.ObjectModel, Version=8.0.0.0, Culture=neutral, PublicKeyToken=b03f5f7f11d50a3a"><resultType type="Microsoft.VisualStudio.TestTools.TestTypes.Unit.UnitTestResultType, Microsoft.VisualStudio.QualityTools.Tips.UnitTest.ObjectModel, Version=8.0.0.0, Culture=neutral, PublicKeyToken=b03f5f7f11d50a3a"><value__ type="System.Int32">0</value__></resultType><m_hasSufficientAccess type="System.Boolean">True</m_hasSufficientAccess><counters type="Microsoft.VisualStudio.TestTools.Common.TestResultCounter"><values type="System.Int32">0,0,0,0,0,0,0,0,0,0,0,0,0,0</values><total type="System.Int32">1</total></counters><categoryId type="Microsoft.VisualStudio.TestTools.Common.TestCategoryId"><id type="System.Guid">8c84fa94-04c1-424b-9868-57a2d4851a1d</id></categoryId><outcome type="Microsoft.VisualStudio.TestTools.Common.TestOutcome"><value__ type="System.Int32">4</value__></outcome><errorInfo type="Microsoft.VisualStudio.TestTools.Common.TestResultErrorInfo"><message type="System.String">Assert.Inconclusive failed. A method that does not return a value cannot be verified.</message><stackTrace type="System.String">   at TestProject2.CWMProjectsTest.AddTest() in C:\Downloads\ConsoleApplication2\TestProject2\CWMProjectsTest.cs:line 77
</stackTrace></errorInfo><traceInfo type="Microsoft.VisualStudio.TestTools.Common.TestExecutionTraceInformation"><trace type="System.Text.StringBuilder">Creating instance of class TestProject2.CWMProjectsTest.
Calling Test method TestProject2.CWMProjectsTest.Microsoft.VisualStudio.TestTools.TestTypes.Unit.TestMethod.
</trace></traceInfo><stdout type="System.String" /><stderr type="System.String" /><debugTrace type="System.String" /><workItemIds type="System.Collections.Generic.List`1[[System.Int32, mscorlib, Version=2.0.0.0, Culture=neutral, PublicKeyToken=b77a5c561934e089]]"><_size type="System.Int32">0</_size><_version type="System.Int32">1</_version></workItemIds><id type="Microsoft.VisualStudio.TestTools.Common.TestResultId"><runId type="System.Guid">0934e09b-aed6-47ec-9418-b3123de1ee80</runId><executionId type="Microsoft.VisualStudio.TestTools.Common.TestExecId"><id type="System.Guid">21b52ca6-a172-4a49-9571-97c9218b5d77</id></executionId><parentExecId type="Microsoft.VisualStudio.TestTools.Common.TestExecId"><id type="System.Guid">00000000-0000-0000-0000-000000000000</id></parentExecId><testId type="Microsoft.VisualStudio.TestTools.Common.TestId"><id type="System.Guid">e11b40fe-1252-9beb-2910-fdc6152c2f72</id></testId></id><testName type="System.String">AddTest</testName><testType type="Microsoft.VisualStudio.TestTools.Common.TestType"><id type="System.Guid">13cdc9d9-ddb5-4fa4-a97d-d965ccfc6d4b</id></testType><messageKind type="Microsoft.VisualStudio.TestTools.Common.TestMessageKind"><value__ type="System.Int32">1</value__></messageKind><computerInfo type="Microsoft.VisualStudio.TestTools.Common.ComputerInfo"><m_computerName type="System.String">MYCHAT-2E812B01</m_computerName></computerInfo><duration type="System.TimeSpan">00:00:00.0145331</duration><startTime type="System.DateTime"><dateData type="System.UInt64">632764718662031250</dateData></startTime><endTime type="System.DateTime"><dateData type="System.UInt64">632764718662812500</dateData></endTime><spoolMessage type="System.Boolean">True</spoolMessage></UnitTestResult><UnitTestResult type="Microsoft.VisualStudio.TestTools.TestTypes.Unit.UnitTestResult, Microsoft.VisualStudio.QualityTools.Tips.UnitTest.ObjectModel, Version=8.0.0.0, Culture=neutral, PublicKeyToken=b03f5f7f11d50a3a"><resultType type="Microsoft.VisualStudio.TestTools.TestTypes.Unit.UnitTestResultType, Microsoft.VisualStudio.QualityTools.Tips.UnitTest.ObjectModel, Version=8.0.0.0, Culture=neutral, PublicKeyToken=b03f5f7f11d50a3a"><value__ type="System.Int32">0</value__></resultType><m_hasSufficientAccess type="System.Boolean">True</m_hasSufficientAccess><counters type="Microsoft.VisualStudio.TestTools.Common.TestResultCounter"><values type="System.Int32">0,0,0,0,0,0,0,0,0,0,0,0,0,0</values><total type="System.Int32">1</total></counters><categoryId type="Microsoft.VisualStudio.TestTools.Common.TestCategoryId"><id type="System.Guid">8c84fa94-04c1-424b-9868-57a2d4851a1d</id></categoryId><outcome type="Microsoft.VisualStudio.TestTools.Common.TestOutcome"><value__ type="System.Int32">4</value__></outcome><errorInfo type="Microsoft.VisualStudio.TestTools.Common.TestResultErrorInfo"><message type="System.String">Assert.Inconclusive failed. Verify the correctness of this test method.</message><stackTrace type="System.String">   at TestProject2.CWMProjectsTest.CountTest() in C:\Downloads\ConsoleApplication2\TestProject2\CWMProjectsTest.cs:line 91
</stackTrace></errorInfo><traceInfo type="Microsoft.VisualStudio.TestTools.Common.TestExecutionTraceInformation"><trace type="System.Text.StringBuilder">Creating instance of class TestProject2.CWMProjectsTest.
Calling Test method TestProject2.CWMProjectsTest.Microsoft.VisualStudio.TestTools.TestTypes.Unit.TestMethod.
</trace></traceInfo><stdout type="System.String" /><stderr type="System.String" /><debugTrace type="System.String" /><workItemIds type="System.Collections.Generic.List`1[[System.Int32, mscorlib, Version=2.0.0.0, Culture=neutral, PublicKeyToken=b77a5c561934e089]]"><_size type="System.Int32">0</_size><_version type="System.Int32">1</_version></workItemIds><id type="Microsoft.VisualStudio.TestTools.Common.TestResultId"><runId type="System.Guid">0934e09b-aed6-47ec-9418-b3123de1ee80</runId><executionId type="Microsoft.VisualStudio.TestTools.Common.TestExecId"><id type="System.Guid">330dc61b-b675-4290-9c66-2815e4b169e2</id></executionId><parentExecId type="Microsoft.VisualStudio.TestTools.Common.TestExecId"><id type="System.Guid">00000000-0000-0000-0000-000000000000</id></parentExecId><testId type="Microsoft.VisualStudio.TestTools.Common.TestId"><id type="System.Guid">f5a9805d-ac31-31a6-4dae-718d90890ca3</id></testId></id><testName type="System.String">CountTest</testName><testType type="Microsoft.VisualStudio.TestTools.Common.TestType"><id type="System.Guid">13cdc9d9-ddb5-4fa4-a97d-d965ccfc6d4b</id></testType><messageKind type="Microsoft.VisualStudio.TestTools.Common.TestMessageKind"><value__ type="System.Int32">1</value__></messageKind><computerInfo type="Microsoft.VisualStudio.TestTools.Common.ComputerInfo"><m_computerName type="System.String">MYCHAT-2E812B01</m_computerName></computerInfo><duration type="System.TimeSpan">00:00:00.0200681</duration><startTime type="System.DateTime"><dateData type="System.UInt64">632764718662812500</dateData></startTime><endTime type="System.DateTime"><dateData type="System.UInt64">632764718663593750</dateData></endTime><spoolMessage type="System.Boolean">True</spoolMessage></UnitTestResult><UnitTestResult type="Microsoft.VisualStudio.TestTools.TestTypes.Unit.UnitTestResult, Microsoft.VisualStudio.QualityTools.Tips.UnitTest.ObjectModel, Version=8.0.0.0, Culture=neutral, PublicKeyToken=b03f5f7f11d50a3a"><resultType type="Microsoft.VisualStudio.TestTools.TestTypes.Unit.UnitTestResultType, Microsoft.VisualStudio.QualityTools.Tips.UnitTest.ObjectModel, Version=8.0.0.0, Culture=neutral, PublicKeyToken=b03f5f7f11d50a3a"><value__ type="System.Int32">0</value__></resultType><m_hasSufficientAccess type="System.Boolean">True</m_hasSufficientAccess><counters type="Microsoft.VisualStudio.TestTools.Common.TestResultCounter"><values type="System.Int32">0,0,0,0,0,0,0,0,0,0,0,0,0,0</values><total type="System.Int32">1</total></counters><categoryId type="Microsoft.VisualStudio.TestTools.Common.TestCategoryId"><id type="System.Guid">8c84fa94-04c1-424b-9868-57a2d4851a1d</id></categoryId><outcome type="Microsoft.VisualStudio.TestTools.Common.TestOutcome"><value__ type="System.Int32">4</value__></outcome><errorInfo type="Microsoft.VisualStudio.TestTools.Common.TestResultErrorInfo"><message type="System.String">Assert.Inconclusive failed. TODO: Implement code to verify target</message><stackTrace type="System.String">   at TestProject2.CWMProjectsTest.ConstructorTest() in C:\Downloads\ConsoleApplication2\TestProject2\CWMProjectsTest.cs:line 102
</stackTrace></errorInfo><traceInfo type="Microsoft.VisualStudio.TestTools.Common.TestExecutionTraceInformation"><trace type="System.Text.StringBuilder">Creating instance of class TestProject2.CWMProjectsTest.
Calling Test method TestProject2.CWMProjectsTest.Microsoft.VisualStudio.TestTools.TestTypes.Unit.TestMethod.
</trace></traceInfo><stdout type="System.String" /><stderr type="System.String" /><debugTrace type="System.String" /><workItemIds type="System.Collections.Generic.List`1[[System.Int32, mscorlib, Version=2.0.0.0, Culture=neutral, PublicKeyToken=b77a5c561934e089]]"><_size type="System.Int32">0</_size><_version type="System.Int32">1</_version></workItemIds><id type="Microsoft.VisualStudio.TestTools.Common.TestResultId"><runId type="System.Guid">0934e09b-aed6-47ec-9418-b3123de1ee80</runId><executionId type="Microsoft.VisualStudio.TestTools.Common.TestExecId"><id type="System.Guid">30dacfd1-47da-4376-8801-35ef62b9d681</id></executionId><parentExecId type="Microsoft.VisualStudio.TestTools.Common.TestExecId"><id type="System.Guid">00000000-0000-0000-0000-000000000000</id></parentExecId><testId type="Microsoft.VisualStudio.TestTools.Common.TestId"><id type="System.Guid">78978cc9-5f64-724d-a404-1571961d553b</id></testId></id><testName type="System.String">ConstructorTest</testName><testType type="Microsoft.VisualStudio.TestTools.Common.TestType"><id type="System.Guid">13cdc9d9-ddb5-4fa4-a97d-d965ccfc6d4b</id></testType><messageKind type="Microsoft.VisualStudio.TestTools.Common.TestMessageKind"><value__ type="System.Int32">1</value__></messageKind><computerInfo type="Microsoft.VisualStudio.TestTools.Common.ComputerInfo"><m_computerName type="System.String">MYCHAT-2E812B01</m_computerName></computerInfo><duration type="System.TimeSpan">00:00:00.0165588</duration><startTime type="System.DateTime"><dateData type="System.UInt64">632764718663593750</dateData></startTime><endTime type="System.DateTime"><dateData type="System.UInt64">632764718664218750</dateData></endTime><spoolMessage type="System.Boolean">True</spoolMessage></UnitTestResult><UnitTestResult type="Microsoft.VisualStudio.TestTools.TestTypes.Unit.UnitTestResult, Microsoft.VisualStudio.QualityTools.Tips.UnitTest.ObjectModel, Version=8.0.0.0, Culture=neutral, PublicKeyToken=b03f5f7f11d50a3a"><resultType type="Microsoft.VisualStudio.TestTools.TestTypes.Unit.UnitTestResultType, Microsoft.VisualStudio.QualityTools.Tips.UnitTest.ObjectModel, Version=8.0.0.0, Culture=neutral, PublicKeyToken=b03f5f7f11d50a3a"><value__ type="System.Int32">0</value__></resultType><m_hasSufficientAccess type="System.Boolean">True</m_hasSufficientAccess><counters type="Microsoft.VisualStudio.TestTools.Common.TestResultCounter"><values type="System.Int32">0,0,0,0,0,0,0,0,0,0,0,0,0,0</values><total type="System.Int32">1</total></counters><categoryId type="Microsoft.VisualStudio.TestTools.Common.TestCategoryId"><id type="System.Guid">8c84fa94-04c1-424b-9868-57a2d4851a1d</id></categoryId><outcome type="Microsoft.VisualStudio.TestTools.Common.TestOutcome"><value__ type="System.Int32">1</value__></outcome><errorInfo type="Microsoft.VisualStudio.TestTools.Common.TestResultErrorInfo"><message type="System.String">Test method TestProject2.CWMProjectsTest.ItemTest threw exception:  System.ArgumentOutOfRangeException: Index was out of range. Must be non-negative and less than the size of the collection.
Parameter name: index.</message><stackTrace type="System.String">    at System.Collections.ArrayList.get_Item(Int32 index)
   at ChuiWenChiu.Utility.CWMProjects.get_Item(Int32 index) in C:\Downloads\ConsoleApplication2\ChuiWenChiu.Utility\CWMProjects.cs:line 26
   at TestProject2.CWMProjectsTest.ItemTest() in C:\Downloads\ConsoleApplication2\TestProject2\CWMProjectsTest.cs:line 117
</stackTrace></errorInfo><traceInfo type="Microsoft.VisualStudio.TestTools.Common.TestExecutionTraceInformation"><trace type="System.Text.StringBuilder">Creating instance of class TestProject2.CWMProjectsTest.
Calling Test method TestProject2.CWMProjectsTest.Microsoft.VisualStudio.TestTools.TestTypes.Unit.TestMethod.
</trace></traceInfo><stdout type="System.String" /><stderr type="System.String" /><debugTrace type="System.String" /><workItemIds type="System.Collections.Generic.List`1[[System.Int32, mscorlib, Version=2.0.0.0, Culture=neutral, PublicKeyToken=b77a5c561934e089]]"><_size type="System.Int32">0</_size><_version type="System.Int32">1</_version></workItemIds><id type="Microsoft.VisualStudio.TestTools.Common.TestResultId"><runId type="System.Guid">0934e09b-aed6-47ec-9418-b3123de1ee80</runId><executionId type="Microsoft.VisualStudio.TestTools.Common.TestExecId"><id type="System.Guid">460611f2-f1a0-4c6e-864a-434300bbe44e</id></executionId><parentExecId type="Microsoft.VisualStudio.TestTools.Common.TestExecId"><id type="System.Guid">00000000-0000-0000-0000-000000000000</id></parentExecId><testId type="Microsoft.VisualStudio.TestTools.Common.TestId"><id type="System.Guid">ca50a3b7-d71b-5722-8dab-37dc16090296</id></testId></id><testName type="System.String">ItemTest</testName><testType type="Microsoft.VisualStudio.TestTools.Common.TestType"><id type="System.Guid">13cdc9d9-ddb5-4fa4-a97d-d965ccfc6d4b</id></testType><messageKind type="Microsoft.VisualStudio.TestTools.Common.TestMessageKind"><value__ type="System.Int32">1</value__></messageKind><computerInfo type="Microsoft.VisualStudio.TestTools.Common.ComputerInfo"><m_computerName type="System.String">MYCHAT-2E812B01</m_computerName></computerInfo><duration type="System.TimeSpan">00:00:00.0535819</duration><startTime type="System.DateTime"><dateData type="System.UInt64">632764718664218750</dateData></startTime><endTime type="System.DateTime"><dateData type="System.UInt64">632764718665312500</dateData></endTime><spoolMessage type="System.Boolean">True</spoolMessage></UnitTestResult><UnitTestResult type="Microsoft.VisualStudio.TestTools.TestTypes.Unit.UnitTestResult, Microsoft.VisualStudio.QualityTools.Tips.UnitTest.ObjectModel, Version=8.0.0.0, Culture=neutral, PublicKeyToken=b03f5f7f11d50a3a"><resultType type="Microsoft.VisualStudio.TestTools.TestTypes.Unit.UnitTestResultType, Microsoft.VisualStudio.QualityTools.Tips.UnitTest.ObjectModel, Version=8.0.0.0, Culture=neutral, PublicKeyToken=b03f5f7f11d50a3a"><value__ type="System.Int32">0</value__></resultType><m_hasSufficientAccess type="System.Boolean">True</m_hasSufficientAccess><counters type="Microsoft.VisualStudio.TestTools.Common.TestResultCounter"><values type="System.Int32">0,0,0,0,0,0,0,0,0,0,0,0,0,0</values><total type="System.Int32">1</total></counters><categoryId type="Microsoft.VisualStudio.TestTools.Common.TestCategoryId"><id type="System.Guid">8c84fa94-04c1-424b-9868-57a2d4851a1d</id></categoryId><outcome type="Microsoft.VisualStudio.TestTools.Common.TestOutcome"><value__ type="System.Int32">4</value__></outcome><errorInfo type="Microsoft.VisualStudio.TestTools.Common.TestResultErrorInfo"><message type="System.String">Assert.Inconclusive failed. TODO: Implement code to verify target</message><stackTrace type="System.String">   at TestProject2.CWMVersionTest.ConstructorTest() in C:\Downloads\ConsoleApplication2\TestProject2\CWMVersionTest.cs:line 74
</stackTrace></errorInfo><traceInfo type="Microsoft.VisualStudio.TestTools.Common.TestExecutionTraceInformation"><trace type="System.Text.StringBuilder">Creating instance of class TestProject2.CWMVersionTest.
Calling Test method TestProject2.CWMVersionTest.Microsoft.VisualStudio.TestTools.TestTypes.Unit.TestMethod.
</trace></traceInfo><stdout type="System.String" /><stderr type="System.String" /><debugTrace type="System.String" /><workItemIds type="System.Collections.Generic.List`1[[System.Int32, mscorlib, Version=2.0.0.0, Culture=neutral, PublicKeyToken=b77a5c561934e089]]"><_size type="System.Int32">0</_size><_version type="System.Int32">1</_version></workItemIds><id type="Microsoft.VisualStudio.TestTools.Common.TestResultId"><runId type="System.Guid">0934e09b-aed6-47ec-9418-b3123de1ee80</runId><executionId type="Microsoft.VisualStudio.TestTools.Common.TestExecId"><id type="System.Guid">2bf758bb-bf4f-4a89-a2b6-f33a7d39f952</id></executionId><parentExecId type="Microsoft.VisualStudio.TestTools.Common.TestExecId"><id type="System.Guid">00000000-0000-0000-0000-000000000000</id></parentExecId><testId type="Microsoft.VisualStudio.TestTools.Common.TestId"><id type="System.Guid">4baa049e-d8f1-64d8-a8cd-5104e2570818</id></testId></id><testName type="System.String">ConstructorTest</testName><testType type="Microsoft.VisualStudio.TestTools.Common.TestType"><id type="System.Guid">13cdc9d9-ddb5-4fa4-a97d-d965ccfc6d4b</id></testType><messageKind type="Microsoft.VisualStudio.TestTools.Common.TestMessageKind"><value__ type="System.Int32">1</value__></messageKind><computerInfo type="Microsoft.VisualStudio.TestTools.Common.ComputerInfo"><m_computerName type="System.String">MYCHAT-2E812B01</m_computerName></computerInfo><duration type="System.TimeSpan">00:00:00.0138704</duration><startTime type="System.DateTime"><dateData type="System.UInt64">632764718665312500</dateData></startTime><endTime type="System.DateTime"><dateData type="System.UInt64">632764718666093750</dateData></endTime><spoolMessage type="System.Boolean">True</spoolMessage></UnitTestResult><UnitTestResult type="Microsoft.VisualStudio.TestTools.TestTypes.Unit.UnitTestResult, Microsoft.VisualStudio.QualityTools.Tips.UnitTest.ObjectModel, Version=8.0.0.0, Culture=neutral, PublicKeyToken=b03f5f7f11d50a3a"><resultType type="Microsoft.VisualStudio.TestTools.TestTypes.Unit.UnitTestResultType, Microsoft.VisualStudio.QualityTools.Tips.UnitTest.ObjectModel, Version=8.0.0.0, Culture=neutral, PublicKeyToken=b03f5f7f11d50a3a"><value__ type="System.Int32">0</value__></resultType><m_hasSufficientAccess type="System.Boolean">True</m_hasSufficientAccess><counters type="Microsoft.VisualStudio.TestTools.Common.TestResultCounter"><values type="System.Int32">0,0,0,0,0,0,0,0,0,0,0,0,0,0</values><total type="System.Int32">1</total></counters><categoryId type="Microsoft.VisualStudio.TestTools.Common.TestCategoryId"><id type="System.Guid">8c84fa94-04c1-424b-9868-57a2d4851a1d</id></categoryId><outcome type="Microsoft.VisualStudio.TestTools.Common.TestOutcome"><value__ type="System.Int32">4</value__></outcome><errorInfo type="Microsoft.VisualStudio.TestTools.Common.TestResultErrorInfo"><message type="System.String">Assert.Inconclusive failed. TODO: Implement code to verify target</message><stackTrace type="System.String">   at TestProject2.CWMVersionTest.ConstructorTest1() in C:\Downloads\ConsoleApplication2\TestProject2\CWMVersionTest.cs:line 93
</stackTrace></errorInfo><traceInfo type="Microsoft.VisualStudio.TestTools.Common.TestExecutionTraceInformation"><trace type="System.Text.StringBuilder">Creating instance of class TestProject2.CWMVersionTest.
Calling Test method TestProject2.CWMVersionTest.Microsoft.VisualStudio.TestTools.TestTypes.Unit.TestMethod.
</trace></traceInfo><stdout type="System.String" /><stderr type="System.String" /><debugTrace type="System.String" /><workItemIds type="System.Collections.Generic.List`1[[System.Int32, mscorlib, Version=2.0.0.0, Culture=neutral, PublicKeyToken=b77a5c561934e089]]"><_size type="System.Int32">0</_size><_version type="System.Int32">1</_version></workItemIds><id type="Microsoft.VisualStudio.TestTools.Common.TestResultId"><runId type="System.Guid">0934e09b-aed6-47ec-9418-b3123de1ee80</runId><executionId type="Microsoft.VisualStudio.TestTools.Common.TestExecId"><id type="System.Guid">83b8cdd0-58f4-403e-bc33-4bc45d30df3e</id></executionId><parentExecId type="Microsoft.VisualStudio.TestTools.Common.TestExecId"><id type="System.Guid">00000000-0000-0000-0000-000000000000</id></parentExecId><testId type="Microsoft.VisualStudio.TestTools.Common.TestId"><id type="System.Guid">6b07cf31-515b-510f-4b52-6e189178bdb4</id></testId></id><testName type="System.String">ConstructorTest1</testName><testType type="Microsoft.VisualStudio.TestTools.Common.TestType"><id type="System.Guid">13cdc9d9-ddb5-4fa4-a97d-d965ccfc6d4b</id></testType><messageKind type="Microsoft.VisualStudio.TestTools.Common.TestMessageKind"><value__ type="System.Int32">1</value__></messageKind><computerInfo type="Microsoft.VisualStudio.TestTools.Common.ComputerInfo"><m_computerName type="System.String">MYCHAT-2E812B01</m_computerName></computerInfo><duration type="System.TimeSpan">00:00:00.0414443</duration><startTime type="System.DateTime"><dateData type="System.UInt64">632764718666093750</dateData></startTime><endTime type="System.DateTime"><dateData type="System.UInt64">632764718667187500</dateData></endTime><spoolMessage type="System.Boolean">True</spoolMessage></UnitTestResult><UnitTestResult type="Microsoft.VisualStudio.TestTools.TestTypes.Unit.UnitTestResult, Microsoft.VisualStudio.QualityTools.Tips.UnitTest.ObjectModel, Version=8.0.0.0, Culture=neutral, PublicKeyToken=b03f5f7f11d50a3a"><resultType type="Microsoft.VisualStudio.TestTools.TestTypes.Unit.UnitTestResultType, Microsoft.VisualStudio.QualityTools.Tips.UnitTest.ObjectModel, Version=8.0.0.0, Culture=neutral, PublicKeyToken=b03f5f7f11d50a3a"><value__ type="System.Int32">0</value__></resultType><m_hasSufficientAccess type="System.Boolean">True</m_hasSufficientAccess><counters type="Microsoft.VisualStudio.TestTools.Common.TestResultCounter"><values type="System.Int32">0,0,0,0,0,0,0,0,0,0,0,0,0,0</values><total type="System.Int32">1</total></counters><categoryId type="Microsoft.VisualStudio.TestTools.Common.TestCategoryId"><id type="System.Guid">8c84fa94-04c1-424b-9868-57a2d4851a1d</id></categoryId><outcome type="Microsoft.VisualStudio.TestTools.Common.TestOutcome"><value__ type="System.Int32">4</value__></outcome><errorInfo type="Microsoft.VisualStudio.TestTools.Common.TestResultErrorInfo"><message type="System.String">Assert.Inconclusive failed. Verify the correctness of this test method.</message><stackTrace type="System.String">   at TestProject2.CWMVersionTest.IDTest() in C:\Downloads\ConsoleApplication2\TestProject2\CWMVersionTest.cs:line 109
</stackTrace></errorInfo><traceInfo type="Microsoft.VisualStudio.TestTools.Common.TestExecutionTraceInformation"><trace type="System.Text.StringBuilder">Creating instance of class TestProject2.CWMVersionTest.
Calling Test method TestProject2.CWMVersionTest.Microsoft.VisualStudio.TestTools.TestTypes.Unit.TestMethod.
</trace></traceInfo><stdout type="System.String" /><stderr type="System.String" /><debugTrace type="System.String" /><workItemIds type="System.Collections.Generic.List`1[[System.Int32, mscorlib, Version=2.0.0.0, Culture=neutral, PublicKeyToken=b77a5c561934e089]]"><_size type="System.Int32">0</_size><_version type="System.Int32">1</_version></workItemIds><id type="Microsoft.VisualStudio.TestTools.Common.TestResultId"><runId type="System.Guid">0934e09b-aed6-47ec-9418-b3123de1ee80</runId><executionId type="Microsoft.VisualStudio.TestTools.Common.TestExecId"><id type="System.Guid">6f1a119d-4697-49ee-a87d-dd0023abff19</id></executionId><parentExecId type="Microsoft.VisualStudio.TestTools.Common.TestExecId"><id type="System.Guid">00000000-0000-0000-0000-000000000000</id></parentExecId><testId type="Microsoft.VisualStudio.TestTools.Common.TestId"><id type="System.Guid">1a6062fd-8b9d-4226-1aef-f32d7450a892</id></testId></id><testName type="System.String">IDTest</testName><testType type="Microsoft.VisualStudio.TestTools.Common.TestType"><id type="System.Guid">13cdc9d9-ddb5-4fa4-a97d-d965ccfc6d4b</id></testType><messageKind type="Microsoft.VisualStudio.TestTools.Common.TestMessageKind"><value__ type="System.Int32">1</value__></messageKind><computerInfo type="Microsoft.VisualStudio.TestTools.Common.ComputerInfo"><m_computerName type="System.String">MYCHAT-2E812B01</m_computerName></computerInfo><duration type="System.TimeSpan">00:00:00.0193831</duration><startTime type="System.DateTime"><dateData type="System.UInt64">632764718667187500</dateData></startTime><endTime type="System.DateTime"><dateData type="System.UInt64">632764718667812500</dateData></endTime><spoolMessage type="System.Boolean">True</spoolMessage></UnitTestResult><UnitTestResult type="Microsoft.VisualStudio.TestTools.TestTypes.Unit.UnitTestResult, Microsoft.VisualStudio.QualityTools.Tips.UnitTest.ObjectModel, Version=8.0.0.0, Culture=neutral, PublicKeyToken=b03f5f7f11d50a3a"><resultType type="Microsoft.VisualStudio.TestTools.TestTypes.Unit.UnitTestResultType, Microsoft.VisualStudio.QualityTools.Tips.UnitTest.ObjectModel, Version=8.0.0.0, Culture=neutral, PublicKeyToken=b03f5f7f11d50a3a"><value__ type="System.Int32">0</value__></resultType><m_hasSufficientAccess type="System.Boolean">True</m_hasSufficientAccess><counters type="Microsoft.VisualStudio.TestTools.Common.TestResultCounter"><values type="System.Int32">0,0,0,0,0,0,0,0,0,0,0,0,0,0</values><total type="System.Int32">1</total></counters><categoryId type="Microsoft.VisualStudio.TestTools.Common.TestCategoryId"><id type="System.Guid">8c84fa94-04c1-424b-9868-57a2d4851a1d</id></categoryId><outcome type="Microsoft.VisualStudio.TestTools.Common.TestOutcome"><value__ type="System.Int32">4</value__></outcome><errorInfo type="Microsoft.VisualStudio.TestTools.Common.TestResultErrorInfo"><message type="System.String">Assert.Inconclusive failed. Verify the correctness of this test method.</message><stackTrace type="System.String">   at TestProject2.CWMVersionTest.IPTest() in C:\Downloads\ConsoleApplication2\TestProject2\CWMVersionTest.cs:line 125
</stackTrace></errorInfo><traceInfo type="Microsoft.VisualStudio.TestTools.Common.TestExecutionTraceInformation"><trace type="System.Text.StringBuilder">Creating instance of class TestProject2.CWMVersionTest.
Calling Test method TestProject2.CWMVersionTest.Microsoft.VisualStudio.TestTools.TestTypes.Unit.TestMethod.
</trace></traceInfo><stdout type="System.String" /><stderr type="System.String" /><debugTrace type="System.String" /><workItemIds type="System.Collections.Generic.List`1[[System.Int32, mscorlib, Version=2.0.0.0, Culture=neutral, PublicKeyToken=b77a5c561934e089]]"><_size type="System.Int32">0</_size><_version type="System.Int32">1</_version></workItemIds><id type="Microsoft.VisualStudio.TestTools.Common.TestResultId"><runId type="System.Guid">0934e09b-aed6-47ec-9418-b3123de1ee80</runId><executionId type="Microsoft.VisualStudio.TestTools.Common.TestExecId"><id type="System.Guid">b7e41286-4f85-47a7-a39e-9b2412b053b4</id></executionId><parentExecId type="Microsoft.VisualStudio.TestTools.Common.TestExecId"><id type="System.Guid">00000000-0000-0000-0000-000000000000</id></parentExecId><testId type="Microsoft.VisualStudio.TestTools.Common.TestId"><id type="System.Guid">5fb21fa6-0600-90e9-8638-91495cddc057</id></testId></id><testName type="System.String">IPTest</testName><testType type="Microsoft.VisualStudio.TestTools.Common.TestType"><id type="System.Guid">13cdc9d9-ddb5-4fa4-a97d-d965ccfc6d4b</id></testType><messageKind type="Microsoft.VisualStudio.TestTools.Common.TestMessageKind"><value__ type="System.Int32">1</value__></messageKind><computerInfo type="Microsoft.VisualStudio.TestTools.Common.ComputerInfo"><m_computerName type="System.String">MYCHAT-2E812B01</m_computerName></computerInfo><duration type="System.TimeSpan">00:00:00.0186948</duration><startTime type="System.DateTime"><dateData type="System.UInt64">632764718667812500</dateData></startTime><endTime type="System.DateTime"><dateData type="System.UInt64">632764718668593750</dateData></endTime><spoolMessage type="System.Boolean">True</spoolMessage></UnitTestResult><UnitTestResult type="Microsoft.VisualStudio.TestTools.TestTypes.Unit.UnitTestResult, Microsoft.VisualStudio.QualityTools.Tips.UnitTest.ObjectModel, Version=8.0.0.0, Culture=neutral, PublicKeyToken=b03f5f7f11d50a3a"><resultType type="Microsoft.VisualStudio.TestTools.TestTypes.Unit.UnitTestResultType, Microsoft.VisualStudio.QualityTools.Tips.UnitTest.ObjectModel, Version=8.0.0.0, Culture=neutral, PublicKeyToken=b03f5f7f11d50a3a"><value__ type="System.Int32">0</value__></resultType><m_hasSufficientAccess type="System.Boolean">True</m_hasSufficientAccess><counters type="Microsoft.VisualStudio.TestTools.Common.TestResultCounter"><values type="System.Int32">0,0,0,0,0,0,0,0,0,0,0,0,0,0</values><total type="System.Int32">1</total></counters><categoryId type="Microsoft.VisualStudio.TestTools.Common.TestCategoryId"><id type="System.Guid">8c84fa94-04c1-424b-9868-57a2d4851a1d</id></categoryId><outcome type="Microsoft.VisualStudio.TestTools.Common.TestOutcome"><value__ type="System.Int32">4</value__></outcome><errorInfo type="Microsoft.VisualStudio.TestTools.Common.TestResultErrorInfo"><message type="System.String">Assert.Inconclusive failed. Verify the correctness of this test method.</message><stackTrace type="System.String">   at TestProject2.CWMVersionTest.ProjectsTest() in C:\Downloads\ConsoleApplication2\TestProject2\CWMVersionTest.cs:line 141
</stackTrace></errorInfo><traceInfo type="Microsoft.VisualStudio.TestTools.Common.TestExecutionTraceInformation"><trace type="System.Text.StringBuilder">Creating instance of class TestProject2.CWMVersionTest.
Calling Test method TestProject2.CWMVersionTest.Microsoft.VisualStudio.TestTools.TestTypes.Unit.TestMethod.
</trace></traceInfo><stdout type="System.String" /><stderr type="System.String" /><debugTrace type="System.String" /><workItemIds type="System.Collections.Generic.List`1[[System.Int32, mscorlib, Version=2.0.0.0, Culture=neutral, PublicKeyToken=b77a5c561934e089]]"><_size type="System.Int32">0</_size><_version type="System.Int32">1</_version></workItemIds><id type="Microsoft.VisualStudio.TestTools.Common.TestResultId"><runId type="System.Guid">0934e09b-aed6-47ec-9418-b3123de1ee80</runId><executionId type="Microsoft.VisualStudio.TestTools.Common.TestExecId"><id type="System.Guid">62ea459f-a94b-4efe-b199-51d18faf5a2e</id></executionId><parentExecId type="Microsoft.VisualStudio.TestTools.Common.TestExecId"><id type="System.Guid">00000000-0000-0000-0000-000000000000</id></parentExecId><testId type="Microsoft.VisualStudio.TestTools.Common.TestId"><id type="System.Guid">817820d8-0940-dfd4-7da5-3e52da9e3001</id></testId></id><testName type="System.String">ProjectsTest</testName><testType type="Microsoft.VisualStudio.TestTools.Common.TestType"><id type="System.Guid">13cdc9d9-ddb5-4fa4-a97d-d965ccfc6d4b</id></testType><messageKind type="Microsoft.VisualStudio.TestTools.Common.TestMessageKind"><value__ type="System.Int32">1</value__></messageKind><computerInfo type="Microsoft.VisualStudio.TestTools.Common.ComputerInfo"><m_computerName type="System.String">MYCHAT-2E812B01</m_computerName></computerInfo><duration type="System.TimeSpan">00:00:00.0170085</duration><startTime type="System.DateTime"><dateData type="System.UInt64">632764718668593750</dateData></startTime><endTime type="System.DateTime"><dateData type="System.UInt64">632764718669375000</dateData></endTime><spoolMessage type="System.Boolean">True</spoolMessage></UnitTestResult><UnitTestResult type="Microsoft.VisualStudio.TestTools.TestTypes.Unit.UnitTestResult, Microsoft.VisualStudio.QualityTools.Tips.UnitTest.ObjectModel, Version=8.0.0.0, Culture=neutral, PublicKeyToken=b03f5f7f11d50a3a"><resultType type="Microsoft.VisualStudio.TestTools.TestTypes.Unit.UnitTestResultType, Microsoft.VisualStudio.QualityTools.Tips.UnitTest.ObjectModel, Version=8.0.0.0, Culture=neutral, PublicKeyToken=b03f5f7f11d50a3a"><value__ type="System.Int32">0</value__></resultType><m_hasSufficientAccess type="System.Boolean">True</m_hasSufficientAccess><counters type="Microsoft.VisualStudio.TestTools.Common.TestResultCounter"><values type="System.Int32">0,0,0,0,0,0,0,0,0,0,0,0,0,0</values><total type="System.Int32">1</total></counters><categoryId type="Microsoft.VisualStudio.TestTools.Common.TestCategoryId"><id type="System.Guid">8c84fa94-04c1-424b-9868-57a2d4851a1d</id></categoryId><outcome type="Microsoft.VisualStudio.TestTools.Common.TestOutcome"><value__ type="System.Int32">4</value__></outcome><errorInfo type="Microsoft.VisualStudio.TestTools.Common.TestResultErrorInfo"><message type="System.String">Assert.Inconclusive failed. Verify the correctness of this test method.</message><stackTrace type="System.String">   at TestProject2.CWMVersionTest.WorkDirTest() in C:\Downloads\ConsoleApplication2\TestProject2\CWMVersionTest.cs:line 157
</stackTrace></errorInfo><traceInfo type="Microsoft.VisualStudio.TestTools.Common.TestExecutionTraceInformation"><trace type="System.Text.StringBuilder">Creating instance of class TestProject2.CWMVersionTest.
Calling Test method TestProject2.CWMVersionTest.Microsoft.VisualStudio.TestTools.TestTypes.Unit.TestMethod.
</trace></traceInfo><stdout type="System.String" /><stderr type="System.String" /><debugTrace type="System.String" /><workItemIds type="System.Collections.Generic.List`1[[System.Int32, mscorlib, Version=2.0.0.0, Culture=neutral, PublicKeyToken=b77a5c561934e089]]"><_size type="System.Int32">0</_size><_version type="System.Int32">1</_version></workItemIds><id type="Microsoft.VisualStudio.TestTools.Common.TestResultId"><runId type="System.Guid">0934e09b-aed6-47ec-9418-b3123de1ee80</runId><executionId type="Microsoft.VisualStudio.TestTools.Common.TestExecId"><id type="System.Guid">8b3e2732-d12f-4d99-af13-0632aabf6ada</id></executionId><parentExecId type="Microsoft.VisualStudio.TestTools.Common.TestExecId"><id type="System.Guid">00000000-0000-0000-0000-000000000000</id></parentExecId><testId type="Microsoft.VisualStudio.TestTools.Common.TestId"><id type="System.Guid">cb845be6-2a80-f3d4-6b31-64b33bf848f8</id></testId></id><testName type="System.String">WorkDirTest</testName><testType type="Microsoft.VisualStudio.TestTools.Common.TestType"><id type="System.Guid">13cdc9d9-ddb5-4fa4-a97d-d965ccfc6d4b</id></testType><messageKind type="Microsoft.VisualStudio.TestTools.Common.TestMessageKind"><value__ type="System.Int32">1</value__></messageKind><computerInfo type="Microsoft.VisualStudio.TestTools.Common.ComputerInfo"><m_computerName type="System.String">MYCHAT-2E812B01</m_computerName></computerInfo><duration type="System.TimeSpan">00:00:00.0148476</duration><startTime type="System.DateTime"><dateData type="System.UInt64">632764718669375000</dateData></startTime><endTime type="System.DateTime"><dateData type="System.UInt64">632764718670156250</dateData></endTime><spoolMessage type="System.Boolean">True</spoolMessage></UnitTestResult><UnitTestResult type="Microsoft.VisualStudio.TestTools.TestTypes.Unit.UnitTestResult, Microsoft.VisualStudio.QualityTools.Tips.UnitTest.ObjectModel, Version=8.0.0.0, Culture=neutral, PublicKeyToken=b03f5f7f11d50a3a"><resultType type="Microsoft.VisualStudio.TestTools.TestTypes.Unit.UnitTestResultType, Microsoft.VisualStudio.QualityTools.Tips.UnitTest.ObjectModel, Version=8.0.0.0, Culture=neutral, PublicKeyToken=b03f5f7f11d50a3a"><value__ type="System.Int32">0</value__></resultType><m_hasSufficientAccess type="System.Boolean">True</m_hasSufficientAccess><counters type="Microsoft.VisualStudio.TestTools.Common.TestResultCounter"><values type="System.Int32">0,0,0,0,0,0,0,0,0,0,0,0,0,0</values><total type="System.Int32">1</total></counters><categoryId type="Microsoft.VisualStudio.TestTools.Common.TestCategoryId"><id type="System.Guid">8c84fa94-04c1-424b-9868-57a2d4851a1d</id></categoryId><outcome type="Microsoft.VisualStudio.TestTools.Common.TestOutcome"><value__ type="System.Int32">4</value__></outcome><errorInfo type="Microsoft.VisualStudio.TestTools.Common.TestResultErrorInfo"><message type="System.String">Assert.Inconclusive failed. A method that does not return a value cannot be verified.</message><stackTrace type="System.String">   at TestProject2.CWMVersionsTest.AddTest() in C:\Downloads\ConsoleApplication2\TestProject2\CWMVersionsTest.cs:line 77
</stackTrace></errorInfo><traceInfo type="Microsoft.VisualStudio.TestTools.Common.TestExecutionTraceInformation"><trace type="System.Text.StringBuilder">Creating instance of class TestProject2.CWMVersionsTest.
Calling Test method TestProject2.CWMVersionsTest.Microsoft.VisualStudio.TestTools.TestTypes.Unit.TestMethod.
</trace></traceInfo><stdout type="System.String" /><stderr type="System.String" /><debugTrace type="System.String" /><workItemIds type="System.Collections.Generic.List`1[[System.Int32, mscorlib, Version=2.0.0.0, Culture=neutral, PublicKeyToken=b77a5c561934e089]]"><_size type="System.Int32">0</_size><_version type="System.Int32">1</_version></workItemIds><id type="Microsoft.VisualStudio.TestTools.Common.TestResultId"><runId type="System.Guid">0934e09b-aed6-47ec-9418-b3123de1ee80</runId><executionId type="Microsoft.VisualStudio.TestTools.Common.TestExecId"><id type="System.Guid">d6a0cb77-3913-4951-88ec-1113ffa1657a</id></executionId><parentExecId type="Microsoft.VisualStudio.TestTools.Common.TestExecId"><id type="System.Guid">00000000-0000-0000-0000-000000000000</id></parentExecId><testId type="Microsoft.VisualStudio.TestTools.Common.TestId"><id type="System.Guid">4910d05c-fe5a-fb38-6248-350b28fc853d</id></testId></id><testName type="System.String">AddTest</testName><testType type="Microsoft.VisualStudio.TestTools.Common.TestType"><id type="System.Guid">13cdc9d9-ddb5-4fa4-a97d-d965ccfc6d4b</id></testType><messageKind type="Microsoft.VisualStudio.TestTools.Common.TestMessageKind"><value__ type="System.Int32">1</value__></messageKind><computerInfo type="Microsoft.VisualStudio.TestTools.Common.ComputerInfo"><m_computerName type="System.String">MYCHAT-2E812B01</m_computerName></computerInfo><duration type="System.TimeSpan">00:00:00.0154433</duration><startTime type="System.DateTime"><dateData type="System.UInt64">632764718670156250</dateData></startTime><endTime type="System.DateTime"><dateData type="System.UInt64">632764718670625000</dateData></endTime><spoolMessage type="System.Boolean">True</spoolMessage></UnitTestResult><UnitTestResult type="Microsoft.VisualStudio.TestTools.TestTypes.Unit.UnitTestResult, Microsoft.VisualStudio.QualityTools.Tips.UnitTest.ObjectModel, Version=8.0.0.0, Culture=neutral, PublicKeyToken=b03f5f7f11d50a3a"><resultType type="Microsoft.VisualStudio.TestTools.TestTypes.Unit.UnitTestResultType, Microsoft.VisualStudio.QualityTools.Tips.UnitTest.ObjectModel, Version=8.0.0.0, Culture=neutral, PublicKeyToken=b03f5f7f11d50a3a"><value__ type="System.Int32">0</value__></resultType><m_hasSufficientAccess type="System.Boolean">True</m_hasSufficientAccess><counters type="Microsoft.VisualStudio.TestTools.Common.TestResultCounter"><values type="System.Int32">0,0,0,0,0,0,0,0,0,0,0,0,0,0</values><total type="System.Int32">1</total></counters><categoryId type="Microsoft.VisualStudio.TestTools.Common.TestCategoryId"><id type="System.Guid">8c84fa94-04c1-424b-9868-57a2d4851a1d</id></categoryId><outcome type="Microsoft.VisualStudio.TestTools.Common.TestOutcome"><value__ type="System.Int32">4</value__></outcome><errorInfo type="Microsoft.VisualStudio.TestTools.Common.TestResultErrorInfo"><message type="System.String">Assert.Inconclusive failed. Verify the correctness of this test method.</message><stackTrace type="System.String">   at TestProject2.CWMVersionsTest.CountTest() in C:\Downloads\ConsoleApplication2\TestProject2\CWMVersionsTest.cs:line 91
</stackTrace></errorInfo><traceInfo type="Microsoft.VisualStudio.TestTools.Common.TestExecutionTraceInformation"><trace type="System.Text.StringBuilder">Creating instance of class TestProject2.CWMVersionsTest.
Calling Test method TestProject2.CWMVersionsTest.Microsoft.VisualStudio.TestTools.TestTypes.Unit.TestMethod.
</trace></traceInfo><stdout type="System.String" /><stderr type="System.String" /><debugTrace type="System.String" /><workItemIds type="System.Collections.Generic.List`1[[System.Int32, mscorlib, Version=2.0.0.0, Culture=neutral, PublicKeyToken=b77a5c561934e089]]"><_size type="System.Int32">0</_size><_version type="System.Int32">1</_version></workItemIds><id type="Microsoft.VisualStudio.TestTools.Common.TestResultId"><runId type="System.Guid">0934e09b-aed6-47ec-9418-b3123de1ee80</runId><executionId type="Microsoft.VisualStudio.TestTools.Common.TestExecId"><id type="System.Guid">fbea5ec3-9c71-44a7-8584-cccd16e7722e</id></executionId><parentExecId type="Microsoft.VisualStudio.TestTools.Common.TestExecId"><id type="System.Guid">00000000-0000-0000-0000-000000000000</id></parentExecId><testId type="Microsoft.VisualStudio.TestTools.Common.TestId"><id type="System.Guid">505af99d-2785-fb32-2c91-d67e5092d29f</id></testId></id><testName type="System.String">CountTest</testName><testType type="Microsoft.VisualStudio.TestTools.Common.TestType"><id type="System.Guid">13cdc9d9-ddb5-4fa4-a97d-d965ccfc6d4b</id></testType><messageKind type="Microsoft.VisualStudio.TestTools.Common.TestMessageKind"><value__ type="System.Int32">1</value__></messageKind><computerInfo type="Microsoft.VisualStudio.TestTools.Common.ComputerInfo"><m_computerName type="System.String">MYCHAT-2E812B01</m_computerName></computerInfo><duration type="System.TimeSpan">00:00:00.0177044</duration><startTime type="System.DateTime"><dateData type="System.UInt64">632764718670625000</dateData></startTime><endTime type="System.DateTime"><dateData type="System.UInt64">632764718671562500</dateData></endTime><spoolMessage type="System.Boolean">True</spoolMessage></UnitTestResult><UnitTestResult type="Microsoft.VisualStudio.TestTools.TestTypes.Unit.UnitTestResult, Microsoft.VisualStudio.QualityTools.Tips.UnitTest.ObjectModel, Version=8.0.0.0, Culture=neutral, PublicKeyToken=b03f5f7f11d50a3a"><resultType type="Microsoft.VisualStudio.TestTools.TestTypes.Unit.UnitTestResultType, Microsoft.VisualStudio.QualityTools.Tips.UnitTest.ObjectModel, Version=8.0.0.0, Culture=neutral, PublicKeyToken=b03f5f7f11d50a3a"><value__ type="System.Int32">0</value__></resultType><m_hasSufficientAccess type="System.Boolean">True</m_hasSufficientAccess><counters type="Microsoft.VisualStudio.TestTools.Common.TestResultCounter"><values type="System.Int32">0,0,0,0,0,0,0,0,0,0,0,0,0,0</values><total type="System.Int32">1</total></counters><categoryId type="Microsoft.VisualStudio.TestTools.Common.TestCategoryId"><id type="System.Guid">8c84fa94-04c1-424b-9868-57a2d4851a1d</id></categoryId><outcome type="Microsoft.VisualStudio.TestTools.Common.TestOutcome"><value__ type="System.Int32">4</value__></outcome><errorInfo type="Microsoft.VisualStudio.TestTools.Common.TestResultErrorInfo"><message type="System.String">Assert.Inconclusive failed. TODO: Implement code to verify target</message><stackTrace type="System.String">   at TestProject2.CWMVersionsTest.ConstructorTest() in C:\Downloads\ConsoleApplication2\TestProject2\CWMVersionsTest.cs:line 102
</stackTrace></errorInfo><traceInfo type="Microsoft.VisualStudio.TestTools.Common.TestExecutionTraceInformation"><trace type="System.Text.StringBuilder">Creating instance of class TestProject2.CWMVersionsTest.
Calling Test method TestProject2.CWMVersionsTest.Microsoft.VisualStudio.TestTools.TestTypes.Unit.TestMethod.
</trace></traceInfo><stdout type="System.String" /><stderr type="System.String" /><debugTrace type="System.String" /><workItemIds type="System.Collections.Generic.List`1[[System.Int32, mscorlib, Version=2.0.0.0, Culture=neutral, PublicKeyToken=b77a5c561934e089]]"><_size type="System.Int32">0</_size><_version type="System.Int32">1</_version></workItemIds><id type="Microsoft.VisualStudio.TestTools.Common.TestResultId"><runId type="System.Guid">0934e09b-aed6-47ec-9418-b3123de1ee80</runId><executionId type="Microsoft.VisualStudio.TestTools.Common.TestExecId"><id type="System.Guid">929423a1-7dc6-4be4-ad86-94edc33b771e</id></executionId><parentExecId type="Microsoft.VisualStudio.TestTools.Common.TestExecId"><id type="System.Guid">00000000-0000-0000-0000-000000000000</id></parentExecId><testId type="Microsoft.VisualStudio.TestTools.Common.TestId"><id type="System.Guid">0e21c245-348c-7885-cbc3-b223bda017e2</id></testId></id><testName type="System.String">ConstructorTest</testName><testType type="Microsoft.VisualStudio.TestTools.Common.TestType"><id type="System.Guid">13cdc9d9-ddb5-4fa4-a97d-d965ccfc6d4b</id></testType><messageKind type="Microsoft.VisualStudio.TestTools.Common.TestMessageKind"><value__ type="System.Int32">1</value__></messageKind><computerInfo type="Microsoft.VisualStudio.TestTools.Common.ComputerInfo"><m_computerName type="System.String">MYCHAT-2E812B01</m_computerName></computerInfo><duration type="System.TimeSpan">00:00:00.0201304</duration><startTime type="System.DateTime"><dateData type="System.UInt64">632764718671562500</dateData></startTime><endTime type="System.DateTime"><dateData type="System.UInt64">632764718672187500</dateData></endTime><spoolMessage type="System.Boolean">True</spoolMessage></UnitTestResult><UnitTestResult type="Microsoft.VisualStudio.TestTools.TestTypes.Unit.UnitTestResult, Microsoft.VisualStudio.QualityTools.Tips.UnitTest.ObjectModel, Version=8.0.0.0, Culture=neutral, PublicKeyToken=b03f5f7f11d50a3a"><resultType type="Microsoft.VisualStudio.TestTools.TestTypes.Unit.UnitTestResultType, Microsoft.VisualStudio.QualityTools.Tips.UnitTest.ObjectModel, Version=8.0.0.0, Culture=neutral, PublicKeyToken=b03f5f7f11d50a3a"><value__ type="System.Int32">0</value__></resultType><m_hasSufficientAccess type="System.Boolean">True</m_hasSufficientAccess><counters type="Microsoft.VisualStudio.TestTools.Common.TestResultCounter"><values type="System.Int32">0,0,0,0,0,0,0,0,0,0,0,0,0,0</values><total type="System.Int32">1</total></counters><categoryId type="Microsoft.VisualStudio.TestTools.Common.TestCategoryId"><id type="System.Guid">8c84fa94-04c1-424b-9868-57a2d4851a1d</id></categoryId><outcome type="Microsoft.VisualStudio.TestTools.Common.TestOutcome"><value__ type="System.Int32">1</value__></outcome><errorInfo type="Microsoft.VisualStudio.TestTools.Common.TestResultErrorInfo"><message type="System.String">Test method TestProject2.CWMVersionsTest.ItemTest threw exception:  System.ArgumentOutOfRangeException: Index was out of range. Must be non-negative and less than the size of the collection.
Parameter name: index.</message><stackTrace type="System.String">    at System.Collections.ArrayList.get_Item(Int32 index)
   at ChuiWenChiu.Utility.CWMVersions.get_Item(Int32 index) in C:\Downloads\ConsoleApplication2\ChuiWenChiu.Utility\CWMVersions.cs:line 29
   at TestProject2.CWMVersionsTest.ItemTest() in C:\Downloads\ConsoleApplication2\TestProject2\CWMVersionsTest.cs:line 117
</stackTrace></errorInfo><traceInfo type="Microsoft.VisualStudio.TestTools.Common.TestExecutionTraceInformation"><trace type="System.Text.StringBuilder">Creating instance of class TestProject2.CWMVersionsTest.
Calling Test method TestProject2.CWMVersionsTest.Microsoft.VisualStudio.TestTools.TestTypes.Unit.TestMethod.
</trace></traceInfo><stdout type="System.String" /><stderr type="System.String" /><debugTrace type="System.String" /><workItemIds type="System.Collections.Generic.List`1[[System.Int32, mscorlib, Version=2.0.0.0, Culture=neutral, PublicKeyToken=b77a5c561934e089]]"><_size type="System.Int32">0</_size><_version type="System.Int32">1</_version></workItemIds><id type="Microsoft.VisualStudio.TestTools.Common.TestResultId"><runId type="System.Guid">0934e09b-aed6-47ec-9418-b3123de1ee80</runId><executionId type="Microsoft.VisualStudio.TestTools.Common.TestExecId"><id type="System.Guid">72e03d3c-4133-4fe5-ba43-39ea3e73986e</id></executionId><parentExecId type="Microsoft.VisualStudio.TestTools.Common.TestExecId"><id type="System.Guid">00000000-0000-0000-0000-000000000000</id></parentExecId><testId type="Microsoft.VisualStudio.TestTools.Common.TestId"><id type="System.Guid">965e0dd4-b4ef-60dd-daab-4c5631af3ffb</id></testId></id><testName type="System.String">ItemTest</testName><testType type="Microsoft.VisualStudio.TestTools.Common.TestType"><id type="System.Guid">13cdc9d9-ddb5-4fa4-a97d-d965ccfc6d4b</id></testType><messageKind type="Microsoft.VisualStudio.TestTools.Common.TestMessageKind"><value__ type="System.Int32">1</value__></messageKind><computerInfo type="Microsoft.VisualStudio.TestTools.Common.ComputerInfo"><m_computerName type="System.String">MYCHAT-2E812B01</m_computerName></computerInfo><duration type="System.TimeSpan">00:00:00.0190074</duration><startTime type="System.DateTime"><dateData type="System.UInt64">632764718672187500</dateData></startTime><endTime type="System.DateTime"><dateData type="System.UInt64">632764718673125000</dateData></endTime><spoolMessage type="System.Boolean">True</spoolMessage></UnitTestResult><UnitTestResult type="Microsoft.VisualStudio.TestTools.TestTypes.Unit.UnitTestResult, Microsoft.VisualStudio.QualityTools.Tips.UnitTest.ObjectModel, Version=8.0.0.0, Culture=neutral, PublicKeyToken=b03f5f7f11d50a3a"><resultType type="Microsoft.VisualStudio.TestTools.TestTypes.Unit.UnitTestResultType, Microsoft.VisualStudio.QualityTools.Tips.UnitTest.ObjectModel, Version=8.0.0.0, Culture=neutral, PublicKeyToken=b03f5f7f11d50a3a"><value__ type="System.Int32">0</value__></resultType><m_hasSufficientAccess type="System.Boolean">True</m_hasSufficientAccess><counters type="Microsoft.VisualStudio.TestTools.Common.TestResultCounter"><values type="System.Int32">0,0,0,0,0,0,0,0,0,0,0,0,0,0</values><total type="System.Int32">1</total></counters><categoryId type="Microsoft.VisualStudio.TestTools.Common.TestCategoryId"><id type="System.Guid">8c84fa94-04c1-424b-9868-57a2d4851a1d</id></categoryId><outcome type="Microsoft.VisualStudio.TestTools.Common.TestOutcome"><value__ type="System.Int32">4</value__></outcome><errorInfo type="Microsoft.VisualStudio.TestTools.Common.TestResultErrorInfo"><message type="System.String">Assert.Inconclusive failed. TODO: Implement code to verify target</message><stackTrace type="System.String">   at TestProject2.CXMLConfigTest.ConstructorTest() in C:\Downloads\ConsoleApplication2\TestProject2\CXMLConfigTest.cs:line 74
</stackTrace></errorInfo><traceInfo type="Microsoft.VisualStudio.TestTools.Common.TestExecutionTraceInformation"><trace type="System.Text.StringBuilder">Creating instance of class TestProject2.CXMLConfigTest.
Calling Test method TestProject2.CXMLConfigTest.Microsoft.VisualStudio.TestTools.TestTypes.Unit.TestMethod.
</trace></traceInfo><stdout type="System.String" /><stderr type="System.String" /><debugTrace type="System.String" /><workItemIds type="System.Collections.Generic.List`1[[System.Int32, mscorlib, Version=2.0.0.0, Culture=neutral, PublicKeyToken=b77a5c561934e089]]"><_size type="System.Int32">0</_size><_version type="System.Int32">1</_version></workItemIds><id type="Microsoft.VisualStudio.TestTools.Common.TestResultId"><runId type="System.Guid">0934e09b-aed6-47ec-9418-b3123de1ee80</runId><executionId type="Microsoft.VisualStudio.TestTools.Common.TestExecId"><id type="System.Guid">e807d3e6-afc8-4799-bbb7-0b66b01e1cd7</id></executionId><parentExecId type="Microsoft.VisualStudio.TestTools.Common.TestExecId"><id type="System.Guid">00000000-0000-0000-0000-000000000000</id></parentExecId><testId type="Microsoft.VisualStudio.TestTools.Common.TestId"><id type="System.Guid">99dea150-18f8-6115-52e9-66d9efa01523</id></testId></id><testName type="System.String">ConstructorTest</testName><testType type="Microsoft.VisualStudio.TestTools.Common.TestType"><id type="System.Guid">13cdc9d9-ddb5-4fa4-a97d-d965ccfc6d4b</id></testType><messageKind type="Microsoft.VisualStudio.TestTools.Common.TestMessageKind"><value__ type="System.Int32">1</value__></messageKind><computerInfo type="Microsoft.VisualStudio.TestTools.Common.ComputerInfo"><m_computerName type="System.String">MYCHAT-2E812B01</m_computerName></computerInfo><duration type="System.TimeSpan">00:00:00.0186467</duration><startTime type="System.DateTime"><dateData type="System.UInt64">632764718673125000</dateData></startTime><endTime type="System.DateTime"><dateData type="System.UInt64">632764718673906250</dateData></endTime><spoolMessage type="System.Boolean">True</spoolMessage></UnitTestResult><UnitTestResult type="Microsoft.VisualStudio.TestTools.TestTypes.Unit.UnitTestResult, Microsoft.VisualStudio.QualityTools.Tips.UnitTest.ObjectModel, Version=8.0.0.0, Culture=neutral, PublicKeyToken=b03f5f7f11d50a3a"><resultType type="Microsoft.VisualStudio.TestTools.TestTypes.Unit.UnitTestResultType, Microsoft.VisualStudio.QualityTools.Tips.UnitTest.ObjectModel, Version=8.0.0.0, Culture=neutral, PublicKeyToken=b03f5f7f11d50a3a"><value__ type="System.Int32">0</value__></resultType><m_hasSufficientAccess type="System.Boolean">True</m_hasSufficientAccess><counters type="Microsoft.VisualStudio.TestTools.Common.TestResultCounter"><values type="System.Int32">0,0,0,0,0,0,0,0,0,0,0,0,0,0</values><total type="System.Int32">1</total></counters><categoryId type="Microsoft.VisualStudio.TestTools.Common.TestCategoryId"><id type="System.Guid">8c84fa94-04c1-424b-9868-57a2d4851a1d</id></categoryId><outcome type="Microsoft.VisualStudio.TestTools.Common.TestOutcome"><value__ type="System.Int32">1</value__></outcome><errorInfo type="Microsoft.VisualStudio.TestTools.Common.TestResultErrorInfo"><message type="System.String">Test method TestProject2.CXMLConfigTest.ConstructorTest1 threw exception:  System.ArgumentNullException: Value cannot be null.
Parameter name: url.</message><stackTrace type="System.String">    at System.Xml.XmlTextReaderImpl..ctor(String url, XmlNameTable nt)
   at System.Xml.XmlTextReader..ctor(String url, XmlNameTable nt)
   at System.Xml.XmlDocument.Load(String filename)
   at ChuiWenChiu.Utility.CXMLConfig.load(String config) in C:\Downloads\ConsoleApplication2\ChuiWenChiu.Utility\CXMLConfig.cs:line 47
   at ChuiWenChiu.Utility.CXMLConfig..ctor(String filename) in C:\Downloads\ConsoleApplication2\ChuiWenChiu.Utility\CXMLConfig.cs:line 37
   at TestProject2.CXMLConfigTest.ConstructorTest1() in C:\Downloads\ConsoleApplication2\TestProject2\CXMLConfigTest.cs:line 84
</stackTrace></errorInfo><traceInfo type="Microsoft.VisualStudio.TestTools.Common.TestExecutionTraceInformation"><trace type="System.Text.StringBuilder">Creating instance of class TestProject2.CXMLConfigTest.
Calling Test method TestProject2.CXMLConfigTest.Microsoft.VisualStudio.TestTools.TestTypes.Unit.TestMethod.
</trace></traceInfo><stdout type="System.String" /><stderr type="System.String" /><debugTrace type="System.String" /><workItemIds type="System.Collections.Generic.List`1[[System.Int32, mscorlib, Version=2.0.0.0, Culture=neutral, PublicKeyToken=b77a5c561934e089]]"><_size type="System.Int32">0</_size><_version type="System.Int32">1</_version></workItemIds><id type="Microsoft.VisualStudio.TestTools.Common.TestResultId"><runId type="System.Guid">0934e09b-aed6-47ec-9418-b3123de1ee80</runId><executionId type="Microsoft.VisualStudio.TestTools.Common.TestExecId"><id type="System.Guid">75882f7f-7cf1-4e25-b8b1-cfdd663cd367</id></executionId><parentExecId type="Microsoft.VisualStudio.TestTools.Common.TestExecId"><id type="System.Guid">00000000-0000-0000-0000-000000000000</id></parentExecId><testId type="Microsoft.VisualStudio.TestTools.Common.TestId"><id type="System.Guid">97e7eaa6-7039-8471-5070-72ef559473cc</id></testId></id><testName type="System.String">ConstructorTest1</testName><testType type="Microsoft.VisualStudio.TestTools.Common.TestType"><id type="System.Guid">13cdc9d9-ddb5-4fa4-a97d-d965ccfc6d4b</id></testType><messageKind type="Microsoft.VisualStudio.TestTools.Common.TestMessageKind"><value__ type="System.Int32">1</value__></messageKind><computerInfo type="Microsoft.VisualStudio.TestTools.Common.ComputerInfo"><m_computerName type="System.String">MYCHAT-2E812B01</m_computerName></computerInfo><duration type="System.TimeSpan">00:00:00.0228973</duration><startTime type="System.DateTime"><dateData type="System.UInt64">632764718673906250</dateData></startTime><endTime type="System.DateTime"><dateData type="System.UInt64">632764718674687500</dateData></endTime><spoolMessage type="System.Boolean">True</spoolMessage></UnitTestResult><UnitTestResult type="Microsoft.VisualStudio.TestTools.TestTypes.Unit.UnitTestResult, Microsoft.VisualStudio.QualityTools.Tips.UnitTest.ObjectModel, Version=8.0.0.0, Culture=neutral, PublicKeyToken=b03f5f7f11d50a3a"><resultType type="Microsoft.VisualStudio.TestTools.TestTypes.Unit.UnitTestResultType, Microsoft.VisualStudio.QualityTools.Tips.UnitTest.ObjectModel, Version=8.0.0.0, Culture=neutral, PublicKeyToken=b03f5f7f11d50a3a"><value__ type="System.Int32">0</value__></resultType><m_hasSufficientAccess type="System.Boolean">True</m_hasSufficientAccess><counters type="Microsoft.VisualStudio.TestTools.Common.TestResultCounter"><values type="System.Int32">0,0,0,0,0,0,0,0,0,0,0,0,0,0</values><total type="System.Int32">1</total></counters><categoryId type="Microsoft.VisualStudio.TestTools.Common.TestCategoryId"><id type="System.Guid">8c84fa94-04c1-424b-9868-57a2d4851a1d</id></categoryId><outcome type="Microsoft.VisualStudio.TestTools.Common.TestOutcome"><value__ type="System.Int32">1</value__></outcome><errorInfo type="Microsoft.VisualStudio.TestTools.Common.TestResultErrorInfo"><message type="System.String">Test method TestProject2.CXMLConfigTest.EncoderFolderTest threw exception:  System.NullReferenceException: Object reference not set to an instance of an object..</message><stackTrace type="System.String">    at ChuiWenChiu.Utility.CXMLConfig.setText(String tagName, String value) in C:\Downloads\ConsoleApplication2\ChuiWenChiu.Utility\CXMLConfig.cs:line 190
   at ChuiWenChiu.Utility.CXMLConfig.set_EncoderFolder(String value) in C:\Downloads\ConsoleApplication2\ChuiWenChiu.Utility\CXMLConfig.cs:line 102
   at TestProject2.CXMLConfigTest.EncoderFolderTest() in C:\Downloads\ConsoleApplication2\TestProject2\CXMLConfigTest.cs:line 99
</stackTrace></errorInfo><traceInfo type="Microsoft.VisualStudio.TestTools.Common.TestExecutionTraceInformation"><trace type="System.Text.StringBuilder">Creating instance of class TestProject2.CXMLConfigTest.
Calling Test method TestProject2.CXMLConfigTest.Microsoft.VisualStudio.TestTools.TestTypes.Unit.TestMethod.
</trace></traceInfo><stdout type="System.String" /><stderr type="System.String" /><debugTrace type="System.String" /><workItemIds type="System.Collections.Generic.List`1[[System.Int32, mscorlib, Version=2.0.0.0, Culture=neutral, PublicKeyToken=b77a5c561934e089]]"><_size type="System.Int32">0</_size><_version type="System.Int32">1</_version></workItemIds><id type="Microsoft.VisualStudio.TestTools.Common.TestResultId"><runId type="System.Guid">0934e09b-aed6-47ec-9418-b3123de1ee80</runId><executionId type="Microsoft.VisualStudio.TestTools.Common.TestExecId"><id type="System.Guid">415c3371-3eca-4d71-a19a-9d10ab61b6b3</id></executionId><parentExecId type="Microsoft.VisualStudio.TestTools.Common.TestExecId"><id type="System.Guid">00000000-0000-0000-0000-000000000000</id></parentExecId><testId type="Microsoft.VisualStudio.TestTools.Common.TestId"><id type="System.Guid">dc58626d-fe61-7d1a-5e3d-2600720813f5</id></testId></id><testName type="System.String">EncoderFolderTest</testName><testType type="Microsoft.VisualStudio.TestTools.Common.TestType"><id type="System.Guid">13cdc9d9-ddb5-4fa4-a97d-d965ccfc6d4b</id></testType><messageKind type="Microsoft.VisualStudio.TestTools.Common.TestMessageKind"><value__ type="System.Int32">1</value__></messageKind><computerInfo type="Microsoft.VisualStudio.TestTools.Common.ComputerInfo"><m_computerName type="System.String">MYCHAT-2E812B01</m_computerName></computerInfo><duration type="System.TimeSpan">00:00:00.0175307</duration><startTime type="System.DateTime"><dateData type="System.UInt64">632764718674687500</dateData></startTime><endTime type="System.DateTime"><dateData type="System.UInt64">632764718675468750</dateData></endTime><spoolMessage type="System.Boolean">True</spoolMessage></UnitTestResult><UnitTestResult type="Microsoft.VisualStudio.TestTools.TestTypes.Unit.UnitTestResult, Microsoft.VisualStudio.QualityTools.Tips.UnitTest.ObjectModel, Version=8.0.0.0, Culture=neutral, PublicKeyToken=b03f5f7f11d50a3a"><resultType type="Microsoft.VisualStudio.TestTools.TestTypes.Unit.UnitTestResultType, Microsoft.VisualStudio.QualityTools.Tips.UnitTest.ObjectModel, Version=8.0.0.0, Culture=neutral, PublicKeyToken=b03f5f7f11d50a3a"><value__ type="System.Int32">0</value__></resultType><m_hasSufficientAccess type="System.Boolean">True</m_hasSufficientAccess><counters type="Microsoft.VisualStudio.TestTools.Common.TestResultCounter"><values type="System.Int32">0,0,0,0,0,0,0,0,0,0,0,0,0,0</values><total type="System.Int32">1</total></counters><categoryId type="Microsoft.VisualStudio.TestTools.Common.TestCategoryId"><id type="System.Guid">8c84fa94-04c1-424b-9868-57a2d4851a1d</id></categoryId><outcome type="Microsoft.VisualStudio.TestTools.Common.TestOutcome"><value__ type="System.Int32">1</value__></outcome><errorInfo type="Microsoft.VisualStudio.TestTools.Common.TestResultErrorInfo"><message type="System.String">Test method TestProject2.CXMLConfigTest.EncoderPasswordTest threw exception:  System.NullReferenceException: Object reference not set to an instance of an object..</message><stackTrace type="System.String">    at ChuiWenChiu.Utility.CXMLConfig.setText(String tagName, String value) in C:\Downloads\ConsoleApplication2\ChuiWenChiu.Utility\CXMLConfig.cs:line 190
   at ChuiWenChiu.Utility.CXMLConfig.set_EncoderPassword(String value) in C:\Downloads\ConsoleApplication2\ChuiWenChiu.Utility\CXMLConfig.cs:line 157
   at TestProject2.CXMLConfigTest.EncoderPasswordTest() in C:\Downloads\ConsoleApplication2\TestProject2\CXMLConfigTest.cs:line 115
</stackTrace></errorInfo><traceInfo type="Microsoft.VisualStudio.TestTools.Common.TestExecutionTraceInformation"><trace type="System.Text.StringBuilder">Creating instance of class TestProject2.CXMLConfigTest.
Calling Test method TestProject2.CXMLConfigTest.Microsoft.VisualStudio.TestTools.TestTypes.Unit.TestMethod.
</trace></traceInfo><stdout type="System.String" /><stderr type="System.String" /><debugTrace type="System.String" /><workItemIds type="System.Collections.Generic.List`1[[System.Int32, mscorlib, Version=2.0.0.0, Culture=neutral, PublicKeyToken=b77a5c561934e089]]"><_size type="System.Int32">0</_size><_version type="System.Int32">1</_version></workItemIds><id type="Microsoft.VisualStudio.TestTools.Common.TestResultId"><runId type="System.Guid">0934e09b-aed6-47ec-9418-b3123de1ee80</runId><executionId type="Microsoft.VisualStudio.TestTools.Common.TestExecId"><id type="System.Guid">1c317f5f-a871-456b-862b-68875a687af7</id></executionId><parentExecId type="Microsoft.VisualStudio.TestTools.Common.TestExecId"><id type="System.Guid">00000000-0000-0000-0000-000000000000</id></parentExecId><testId type="Microsoft.VisualStudio.TestTools.Common.TestId"><id type="System.Guid">cade1b93-5900-31b8-423c-0f3d8fe76345</id></testId></id><testName type="System.String">EncoderPasswordTest</testName><testType type="Microsoft.VisualStudio.TestTools.Common.TestType"><id type="System.Guid">13cdc9d9-ddb5-4fa4-a97d-d965ccfc6d4b</id></testType><messageKind type="Microsoft.VisualStudio.TestTools.Common.TestMessageKind"><value__ type="System.Int32">1</value__></messageKind><computerInfo type="Microsoft.VisualStudio.TestTools.Common.ComputerInfo"><m_computerName type="System.String">MYCHAT-2E812B01</m_computerName></computerInfo><duration type="System.TimeSpan">00:00:00.0134712</duration><startTime type="System.DateTime"><dateData type="System.UInt64">632764718675468750</dateData></startTime><endTime type="System.DateTime"><dateData type="System.UInt64">632764718676093750</dateData></endTime><spoolMessage type="System.Boolean">True</spoolMessage></UnitTestResult><UnitTestResult type="Microsoft.VisualStudio.TestTools.TestTypes.Unit.UnitTestResult, Microsoft.VisualStudio.QualityTools.Tips.UnitTest.ObjectModel, Version=8.0.0.0, Culture=neutral, PublicKeyToken=b03f5f7f11d50a3a"><resultType type="Microsoft.VisualStudio.TestTools.TestTypes.Unit.UnitTestResultType, Microsoft.VisualStudio.QualityTools.Tips.UnitTest.ObjectModel, Version=8.0.0.0, Culture=neutral, PublicKeyToken=b03f5f7f11d50a3a"><value__ type="System.Int32">0</value__></resultType><m_hasSufficientAccess type="System.Boolean">True</m_hasSufficientAccess><counters type="Microsoft.VisualStudio.TestTools.Common.TestResultCounter"><values type="System.Int32">0,0,0,0,0,0,0,0,0,0,0,0,0,0</values><total type="System.Int32">1</total></counters><categoryId type="Microsoft.VisualStudio.TestTools.Common.TestCategoryId"><id type="System.Guid">8c84fa94-04c1-424b-9868-57a2d4851a1d</id></categoryId><outcome type="Microsoft.VisualStudio.TestTools.Common.TestOutcome"><value__ type="System.Int32">1</value__></outcome><errorInfo type="Microsoft.VisualStudio.TestTools.Common.TestResultErrorInfo"><message type="System.String">Test method TestProject2.CXMLConfigTest.EncoderPortTest threw exception:  System.NullReferenceException: Object reference not set to an instance of an object..</message><stackTrace type="System.String">    at ChuiWenChiu.Utility.CXMLConfig.setText(String tagName, String value) in C:\Downloads\ConsoleApplication2\ChuiWenChiu.Utility\CXMLConfig.cs:line 190
   at ChuiWenChiu.Utility.CXMLConfig.set_EncoderPort(String value) in C:\Downloads\ConsoleApplication2\ChuiWenChiu.Utility\CXMLConfig.cs:line 139
   at TestProject2.CXMLConfigTest.EncoderPortTest() in C:\Downloads\ConsoleApplication2\TestProject2\CXMLConfigTest.cs:line 131
</stackTrace></errorInfo><traceInfo type="Microsoft.VisualStudio.TestTools.Common.TestExecutionTraceInformation"><trace type="System.Text.StringBuilder">Creating instance of class TestProject2.CXMLConfigTest.
Calling Test method TestProject2.CXMLConfigTest.Microsoft.VisualStudio.TestTools.TestTypes.Unit.TestMethod.
</trace></traceInfo><stdout type="System.String" /><stderr type="System.String" /><debugTrace type="System.String" /><workItemIds type="System.Collections.Generic.List`1[[System.Int32, mscorlib, Version=2.0.0.0, Culture=neutral, PublicKeyToken=b77a5c561934e089]]"><_size type="System.Int32">0</_size><_version type="System.Int32">1</_version></workItemIds><id type="Microsoft.VisualStudio.TestTools.Common.TestResultId"><runId type="System.Guid">0934e09b-aed6-47ec-9418-b3123de1ee80</runId><executionId type="Microsoft.VisualStudio.TestTools.Common.TestExecId"><id type="System.Guid">3e7a1804-e311-4fab-b3a4-f52064a7ef0b</id></executionId><parentExecId type="Microsoft.VisualStudio.TestTools.Common.TestExecId"><id type="System.Guid">00000000-0000-0000-0000-000000000000</id></parentExecId><testId type="Microsoft.VisualStudio.TestTools.Common.TestId"><id type="System.Guid">b155b1c0-ca7b-1875-0ad6-b407d01f3c44</id></testId></id><testName type="System.String">EncoderPortTest</testName><testType type="Microsoft.VisualStudio.TestTools.Common.TestType"><id type="System.Guid">13cdc9d9-ddb5-4fa4-a97d-d965ccfc6d4b</id></testType><messageKind type="Microsoft.VisualStudio.TestTools.Common.TestMessageKind"><value__ type="System.Int32">1</value__></messageKind><computerInfo type="Microsoft.VisualStudio.TestTools.Common.ComputerInfo"><m_computerName type="System.String">MYCHAT-2E812B01</m_computerName></computerInfo><duration type="System.TimeSpan">00:00:00.0175938</duration><startTime type="System.DateTime"><dateData type="System.UInt64">632764718676093750</dateData></startTime><endTime type="System.DateTime"><dateData type="System.UInt64">632764718676875000</dateData></endTime><spoolMessage type="System.Boolean">True</spoolMessage></UnitTestResult><UnitTestResult type="Microsoft.VisualStudio.TestTools.TestTypes.Unit.UnitTestResult, Microsoft.VisualStudio.QualityTools.Tips.UnitTest.ObjectModel, Version=8.0.0.0, Culture=neutral, PublicKeyToken=b03f5f7f11d50a3a"><resultType type="Microsoft.VisualStudio.TestTools.TestTypes.Unit.UnitTestResultType, Microsoft.VisualStudio.QualityTools.Tips.UnitTest.ObjectModel, Version=8.0.0.0, Culture=neutral, PublicKeyToken=b03f5f7f11d50a3a"><value__ type="System.Int32">0</value__></resultType><m_hasSufficientAccess type="System.Boolean">True</m_hasSufficientAccess><counters type="Microsoft.VisualStudio.TestTools.Common.TestResultCounter"><values type="System.Int32">0,0,0,0,0,0,0,0,0,0,0,0,0,0</values><total type="System.Int32">1</total></counters><categoryId type="Microsoft.VisualStudio.TestTools.Common.TestCategoryId"><id type="System.Guid">8c84fa94-04c1-424b-9868-57a2d4851a1d</id></categoryId><outcome type="Microsoft.VisualStudio.TestTools.Common.TestOutcome"><value__ type="System.Int32">1</value__></outcome><errorInfo type="Microsoft.VisualStudio.TestTools.Common.TestResultErrorInfo"><message type="System.String">Test method TestProject2.CXMLConfigTest.EncoderServerTest threw exception:  System.NullReferenceException: Object reference not set to an instance of an object..</message><stackTrace type="System.String">    at ChuiWenChiu.Utility.CXMLConfig.setText(String tagName, String value) in C:\Downloads\ConsoleApplication2\ChuiWenChiu.Utility\CXMLConfig.cs:line 190
   at ChuiWenChiu.Utility.CXMLConfig.set_EncoderServer(String value) in C:\Downloads\ConsoleApplication2\ChuiWenChiu.Utility\CXMLConfig.cs:line 92
   at TestProject2.CXMLConfigTest.EncoderServerTest() in C:\Downloads\ConsoleApplication2\TestProject2\CXMLConfigTest.cs:line 147
</stackTrace></errorInfo><traceInfo type="Microsoft.VisualStudio.TestTools.Common.TestExecutionTraceInformation"><trace type="System.Text.StringBuilder">Creating instance of class TestProject2.CXMLConfigTest.
Calling Test method TestProject2.CXMLConfigTest.Microsoft.VisualStudio.TestTools.TestTypes.Unit.TestMethod.
</trace></traceInfo><stdout type="System.String" /><stderr type="System.String" /><debugTrace type="System.String" /><workItemIds type="System.Collections.Generic.List`1[[System.Int32, mscorlib, Version=2.0.0.0, Culture=neutral, PublicKeyToken=b77a5c561934e089]]"><_size type="System.Int32">0</_size><_version type="System.Int32">1</_version></workItemIds><id type="Microsoft.VisualStudio.TestTools.Common.TestResultId"><runId type="System.Guid">0934e09b-aed6-47ec-9418-b3123de1ee80</runId><executionId type="Microsoft.VisualStudio.TestTools.Common.TestExecId"><id type="System.Guid">3dae1f59-90f1-4a9c-9fe2-bd08e5537ef2</id></executionId><parentExecId type="Microsoft.VisualStudio.TestTools.Common.TestExecId"><id type="System.Guid">00000000-0000-0000-0000-000000000000</id></parentExecId><testId type="Microsoft.VisualStudio.TestTools.Common.TestId"><id type="System.Guid">76422338-8352-e7fb-9bfa-e9183d1e5f74</id></testId></id><testName type="System.String">EncoderServerTest</testName><testType type="Microsoft.VisualStudio.TestTools.Common.TestType"><id type="System.Guid">13cdc9d9-ddb5-4fa4-a97d-d965ccfc6d4b</id></testType><messageKind type="Microsoft.VisualStudio.TestTools.Common.TestMessageKind"><value__ type="System.Int32">1</value__></messageKind><computerInfo type="Microsoft.VisualStudio.TestTools.Common.ComputerInfo"><m_computerName type="System.String">MYCHAT-2E812B01</m_computerName></computerInfo><duration type="System.TimeSpan">00:00:00.0185163</duration><startTime type="System.DateTime"><dateData type="System.UInt64">632764718676875000</dateData></startTime><endTime type="System.DateTime"><dateData type="System.UInt64">632764718677656250</dateData></endTime><spoolMessage type="System.Boolean">True</spoolMessage></UnitTestResult><UnitTestResult type="Microsoft.VisualStudio.TestTools.TestTypes.Unit.UnitTestResult, Microsoft.VisualStudio.QualityTools.Tips.UnitTest.ObjectModel, Version=8.0.0.0, Culture=neutral, PublicKeyToken=b03f5f7f11d50a3a"><resultType type="Microsoft.VisualStudio.TestTools.TestTypes.Unit.UnitTestResultType, Microsoft.VisualStudio.QualityTools.Tips.UnitTest.ObjectModel, Version=8.0.0.0, Culture=neutral, PublicKeyToken=b03f5f7f11d50a3a"><value__ type="System.Int32">0</value__></resultType><m_hasSufficientAccess type="System.Boolean">True</m_hasSufficientAccess><counters type="Microsoft.VisualStudio.TestTools.Common.TestResultCounter"><values type="System.Int32">0,0,0,0,0,0,0,0,0,0,0,0,0,0</values><total type="System.Int32">1</total></counters><categoryId type="Microsoft.VisualStudio.TestTools.Common.TestCategoryId"><id type="System.Guid">8c84fa94-04c1-424b-9868-57a2d4851a1d</id></categoryId><outcome type="Microsoft.VisualStudio.TestTools.Common.TestOutcome"><value__ type="System.Int32">1</value__></outcome><errorInfo type="Microsoft.VisualStudio.TestTools.Common.TestResultErrorInfo"><message type="System.String">Test method TestProject2.CXMLConfigTest.EncoderShellScriptTest threw exception:  System.NullReferenceException: Object reference not set to an instance of an object..</message><stackTrace type="System.String">    at ChuiWenChiu.Utility.CXMLConfig.setText(String tagName, String value) in C:\Downloads\ConsoleApplication2\ChuiWenChiu.Utility\CXMLConfig.cs:line 190
   at ChuiWenChiu.Utility.CXMLConfig.set_EncoderShellScript(String value) in C:\Downloads\ConsoleApplication2\ChuiWenChiu.Utility\CXMLConfig.cs:line 166
   at TestProject2.CXMLConfigTest.EncoderShellScriptTest() in C:\Downloads\ConsoleApplication2\TestProject2\CXMLConfigTest.cs:line 163
</stackTrace></errorInfo><traceInfo type="Microsoft.VisualStudio.TestTools.Common.TestExecutionTraceInformation"><trace type="System.Text.StringBuilder">Creating instance of class TestProject2.CXMLConfigTest.
Calling Test method TestProject2.CXMLConfigTest.Microsoft.VisualStudio.TestTools.TestTypes.Unit.TestMethod.
</trace></traceInfo><stdout type="System.String" /><stderr type="System.String" /><debugTrace type="System.String" /><workItemIds type="System.Collections.Generic.List`1[[System.Int32, mscorlib, Version=2.0.0.0, Culture=neutral, PublicKeyToken=b77a5c561934e089]]"><_size type="System.Int32">0</_size><_version type="System.Int32">1</_version></workItemIds><id type="Microsoft.VisualStudio.TestTools.Common.TestResultId"><runId type="System.Guid">0934e09b-aed6-47ec-9418-b3123de1ee80</runId><executionId type="Microsoft.VisualStudio.TestTools.Common.TestExecId"><id type="System.Guid">9a14401b-26a4-42e3-98f1-750158d347a1</id></executionId><parentExecId type="Microsoft.VisualStudio.TestTools.Common.TestExecId"><id type="System.Guid">00000000-0000-0000-0000-000000000000</id></parentExecId><testId type="Microsoft.VisualStudio.TestTools.Common.TestId"><id type="System.Guid">ea36e490-9e53-1087-202d-ce0854a11cce</id></testId></id><testName type="System.String">EncoderShellScriptTest</testName><testType type="Microsoft.VisualStudio.TestTools.Common.TestType"><id type="System.Guid">13cdc9d9-ddb5-4fa4-a97d-d965ccfc6d4b</id></testType><messageKind type="Microsoft.VisualStudio.TestTools.Common.TestMessageKind"><value__ type="System.Int32">1</value__></messageKind><computerInfo type="Microsoft.VisualStudio.TestTools.Common.ComputerInfo"><m_computerName type="System.String">MYCHAT-2E812B01</m_computerName></computerInfo><duration type="System.TimeSpan">00:00:00.0174762</duration><startTime type="System.DateTime"><dateData type="System.UInt64">632764718677656250</dateData></startTime><endTime type="System.DateTime"><dateData type="System.UInt64">632764718678125000</dateData></endTime><spoolMessage type="System.Boolean">True</spoolMessage></UnitTestResult><UnitTestResult type="Microsoft.VisualStudio.TestTools.TestTypes.Unit.UnitTestResult, Microsoft.VisualStudio.QualityTools.Tips.UnitTest.ObjectModel, Version=8.0.0.0, Culture=neutral, PublicKeyToken=b03f5f7f11d50a3a"><resultType type="Microsoft.VisualStudio.TestTools.TestTypes.Unit.UnitTestResultType, Microsoft.VisualStudio.QualityTools.Tips.UnitTest.ObjectModel, Version=8.0.0.0, Culture=neutral, PublicKeyToken=b03f5f7f11d50a3a"><value__ type="System.Int32">0</value__></resultType><m_hasSufficientAccess type="System.Boolean">True</m_hasSufficientAccess><counters type="Microsoft.VisualStudio.TestTools.Common.TestResultCounter"><values type="System.Int32">0,0,0,0,0,0,0,0,0,0,0,0,0,0</values><total type="System.Int32">1</total></counters><categoryId type="Microsoft.VisualStudio.TestTools.Common.TestCategoryId"><id type="System.Guid">8c84fa94-04c1-424b-9868-57a2d4851a1d</id></categoryId><outcome type="Microsoft.VisualStudio.TestTools.Common.TestOutcome"><value__ type="System.Int32">1</value__></outcome><errorInfo type="Microsoft.VisualStudio.TestTools.Common.TestResultErrorInfo"><message type="System.String">Test method TestProject2.CXMLConfigTest.EncoderUsernameTest threw exception:  System.NullReferenceException: Object reference not set to an instance of an object..</message><stackTrace type="System.String">    at ChuiWenChiu.Utility.CXMLConfig.setText(String tagName, String value) in C:\Downloads\ConsoleApplication2\ChuiWenChiu.Utility\CXMLConfig.cs:line 190
   at ChuiWenChiu.Utility.CXMLConfig.set_EncoderUsername(String value) in C:\Downloads\ConsoleApplication2\ChuiWenChiu.Utility\CXMLConfig.cs:line 148
   at TestProject2.CXMLConfigTest.EncoderUsernameTest() in C:\Downloads\ConsoleApplication2\TestProject2\CXMLConfigTest.cs:line 179
</stackTrace></errorInfo><traceInfo type="Microsoft.VisualStudio.TestTools.Common.TestExecutionTraceInformation"><trace type="System.Text.StringBuilder">Creating instance of class TestProject2.CXMLConfigTest.
Calling Test method TestProject2.CXMLConfigTest.Microsoft.VisualStudio.TestTools.TestTypes.Unit.TestMethod.
</trace></traceInfo><stdout type="System.String" /><stderr type="System.String" /><debugTrace type="System.String" /><workItemIds type="System.Collections.Generic.List`1[[System.Int32, mscorlib, Version=2.0.0.0, Culture=neutral, PublicKeyToken=b77a5c561934e089]]"><_size type="System.Int32">0</_size><_version type="System.Int32">1</_version></workItemIds><id type="Microsoft.VisualStudio.TestTools.Common.TestResultId"><runId type="System.Guid">0934e09b-aed6-47ec-9418-b3123de1ee80</runId><executionId type="Microsoft.VisualStudio.TestTools.Common.TestExecId"><id type="System.Guid">708b284d-861e-473d-a241-9d460deb3bb5</id></executionId><parentExecId type="Microsoft.VisualStudio.TestTools.Common.TestExecId"><id type="System.Guid">00000000-0000-0000-0000-000000000000</id></parentExecId><testId type="Microsoft.VisualStudio.TestTools.Common.TestId"><id type="System.Guid">ae5d35ed-e499-9fbf-2cd0-62ee4af477db</id></testId></id><testName type="System.String">EncoderUsernameTest</testName><testType type="Microsoft.VisualStudio.TestTools.Common.TestType"><id type="System.Guid">13cdc9d9-ddb5-4fa4-a97d-d965ccfc6d4b</id></testType><messageKind type="Microsoft.VisualStudio.TestTools.Common.TestMessageKind"><value__ type="System.Int32">1</value__></messageKind><computerInfo type="Microsoft.VisualStudio.TestTools.Common.ComputerInfo"><m_computerName type="System.String">MYCHAT-2E812B01</m_computerName></computerInfo><duration type="System.TimeSpan">00:00:00.0160056</duration><startTime type="System.DateTime"><dateData type="System.UInt64">632764718678125000</dateData></startTime><endTime type="System.DateTime"><dateData type="System.UInt64">632764718679062500</dateData></endTime><spoolMessage type="System.Boolean">True</spoolMessage></UnitTestResult><UnitTestResult type="Microsoft.VisualStudio.TestTools.TestTypes.Unit.UnitTestResult, Microsoft.VisualStudio.QualityTools.Tips.UnitTest.ObjectModel, Version=8.0.0.0, Culture=neutral, PublicKeyToken=b03f5f7f11d50a3a"><resultType type="Microsoft.VisualStudio.TestTools.TestTypes.Unit.UnitTestResultType, Microsoft.VisualStudio.QualityTools.Tips.UnitTest.ObjectModel, Version=8.0.0.0, Culture=neutral, PublicKeyToken=b03f5f7f11d50a3a"><value__ type="System.Int32">0</value__></resultType><m_hasSufficientAccess type="System.Boolean">True</m_hasSufficientAccess><counters type="Microsoft.VisualStudio.TestTools.Common.TestResultCounter"><values type="System.Int32">0,0,0,0,0,0,0,0,0,0,0,0,0,0</values><total type="System.Int32">1</total></counters><categoryId type="Microsoft.VisualStudio.TestTools.Common.TestCategoryId"><id type="System.Guid">8c84fa94-04c1-424b-9868-57a2d4851a1d</id></categoryId><outcome type="Microsoft.VisualStudio.TestTools.Common.TestOutcome"><value__ type="System.Int32">1</value__></outcome><errorInfo type="Microsoft.VisualStudio.TestTools.Common.TestResultErrorInfo"><message type="System.String">Test method TestProject2.CXMLConfigTest.getTextTest threw exception:  System.Reflection.TargetInvocationException: Exception has been thrown by the target of an invocation. ---&gt;  System.ApplicationException: 尚未呼叫load.</message><stackTrace type="System.String">    at ChuiWenChiu.Utility.CXMLConfig.getText(String tagName) in C:\Downloads\ConsoleApplication2\ChuiWenChiu.Utility\CXMLConfig.cs:line 179
 --- End of inner exception stack trace ---
    at System.RuntimeMethodHandle._InvokeMethodFast(Object target, Object[] arguments, SignatureStruct&amp; sig, MethodAttributes methodAttributes, RuntimeTypeHandle typeOwner)
   at System.RuntimeMethodHandle.InvokeMethodFast(Object target, Object[] arguments, Signature sig, MethodAttributes methodAttributes, RuntimeTypeHandle typeOwner)
   at System.Reflection.RuntimeMethodInfo.Invoke(Object obj, BindingFlags invokeAttr, Binder binder, Object[] parameters, CultureInfo culture, Boolean skipVisibilityChecks)
   at System.Reflection.RuntimeMethodInfo.Invoke(Object obj, BindingFlags invokeAttr, Binder binder, Object[] parameters, CultureInfo culture)
   at Microsoft.VisualStudio.TestTools.UnitTesting.PrivateObject.Invoke(String name, BindingFlags invokeAttr, Type[] parameterTypes, Object[] args, CultureInfo culture)
   at Microsoft.VisualStudio.TestTools.UnitTesting.PrivateObject.Invoke(String name, Type[] parameterTypes, Object[] args, CultureInfo culture)
   at Microsoft.VisualStudio.TestTools.UnitTesting.PrivateObject.Invoke(String name, Type[] parameterTypes, Object[] args)
   at TestProject2.ChuiWenChiu_Utility_CXMLConfigAccessor.getText(String tagName) in C:\Downloads\ConsoleApplication2\TestProject2\VSCodeGenAccessors.cs:line 460
   at TestProject2.CXMLConfigTest.getTextTest() in C:\Downloads\ConsoleApplication2\TestProject2\CXMLConfigTest.cs:line 201
</stackTrace></errorInfo><traceInfo type="Microsoft.VisualStudio.TestTools.Common.TestExecutionTraceInformation"><trace type="System.Text.StringBuilder">Creating instance of class TestProject2.CXMLConfigTest.
Calling Test method TestProject2.CXMLConfigTest.Microsoft.VisualStudio.TestTools.TestTypes.Unit.TestMethod.
</trace></traceInfo><stdout type="System.String" /><stderr type="System.String" /><debugTrace type="System.String" /><workItemIds type="System.Collections.Generic.List`1[[System.Int32, mscorlib, Version=2.0.0.0, Culture=neutral, PublicKeyToken=b77a5c561934e089]]"><_size type="System.Int32">0</_size><_version type="System.Int32">1</_version></workItemIds><id type="Microsoft.VisualStudio.TestTools.Common.TestResultId"><runId type="System.Guid">0934e09b-aed6-47ec-9418-b3123de1ee80</runId><executionId type="Microsoft.VisualStudio.TestTools.Common.TestExecId"><id type="System.Guid">ea989a81-64a0-4085-ab73-fac3a6865c23</id></executionId><parentExecId type="Microsoft.VisualStudio.TestTools.Common.TestExecId"><id type="System.Guid">00000000-0000-0000-0000-000000000000</id></parentExecId><testId type="Microsoft.VisualStudio.TestTools.Common.TestId"><id type="System.Guid">c9fd94c7-0af2-a61e-0bc7-4d5c4df1a08a</id></testId></id><testName type="System.String">getTextTest</testName><testType type="Microsoft.VisualStudio.TestTools.Common.TestType"><id type="System.Guid">13cdc9d9-ddb5-4fa4-a97d-d965ccfc6d4b</id></testType><messageKind type="Microsoft.VisualStudio.TestTools.Common.TestMessageKind"><value__ type="System.Int32">1</value__></messageKind><computerInfo type="Microsoft.VisualStudio.TestTools.Common.ComputerInfo"><m_computerName type="System.String">MYCHAT-2E812B01</m_computerName></computerInfo><duration type="System.TimeSpan">00:00:00.0527701</duration><startTime type="System.DateTime"><dateData type="System.UInt64">632764718679062500</dateData></startTime><endTime type="System.DateTime"><dateData type="System.UInt64">632764718680156250</dateData></endTime><spoolMessage type="System.Boolean">True</spoolMessage></UnitTestResult><UnitTestResult type="Microsoft.VisualStudio.TestTools.TestTypes.Unit.UnitTestResult, Microsoft.VisualStudio.QualityTools.Tips.UnitTest.ObjectModel, Version=8.0.0.0, Culture=neutral, PublicKeyToken=b03f5f7f11d50a3a"><resultType type="Microsoft.VisualStudio.TestTools.TestTypes.Unit.UnitTestResultType, Microsoft.VisualStudio.QualityTools.Tips.UnitTest.ObjectModel, Version=8.0.0.0, Culture=neutral, PublicKeyToken=b03f5f7f11d50a3a"><value__ type="System.Int32">0</value__></resultType><m_hasSufficientAccess type="System.Boolean">True</m_hasSufficientAccess><counters type="Microsoft.VisualStudio.TestTools.Common.TestResultCounter"><values type="System.Int32">0,0,0,0,0,0,0,0,0,0,0,0,0,0</values><total type="System.Int32">1</total></counters><categoryId type="Microsoft.VisualStudio.TestTools.Common.TestCategoryId"><id type="System.Guid">8c84fa94-04c1-424b-9868-57a2d4851a1d</id></categoryId><outcome type="Microsoft.VisualStudio.TestTools.Common.TestOutcome"><value__ type="System.Int32">4</value__></outcome><errorInfo type="Microsoft.VisualStudio.TestTools.Common.TestResultErrorInfo"><message type="System.String">Assert.Inconclusive failed. A method that does not return a value cannot be verified.</message><stackTrace type="System.String">   at TestProject2.CXMLConfigTest.initTest() in C:\Downloads\ConsoleApplication2\TestProject2\CXMLConfigTest.cs:line 219
</stackTrace></errorInfo><traceInfo type="Microsoft.VisualStudio.TestTools.Common.TestExecutionTraceInformation"><trace type="System.Text.StringBuilder">Creating instance of class TestProject2.CXMLConfigTest.
Calling Test method TestProject2.CXMLConfigTest.Microsoft.VisualStudio.TestTools.TestTypes.Unit.TestMethod.
</trace></traceInfo><stdout type="System.String" /><stderr type="System.String" /><debugTrace type="System.String" /><workItemIds type="System.Collections.Generic.List`1[[System.Int32, mscorlib, Version=2.0.0.0, Culture=neutral, PublicKeyToken=b77a5c561934e089]]"><_size type="System.Int32">0</_size><_version type="System.Int32">1</_version></workItemIds><id type="Microsoft.VisualStudio.TestTools.Common.TestResultId"><runId type="System.Guid">0934e09b-aed6-47ec-9418-b3123de1ee80</runId><executionId type="Microsoft.VisualStudio.TestTools.Common.TestExecId"><id type="System.Guid">e3e8255e-91be-4b2c-970a-e960c54488ae</id></executionId><parentExecId type="Microsoft.VisualStudio.TestTools.Common.TestExecId"><id type="System.Guid">00000000-0000-0000-0000-000000000000</id></parentExecId><testId type="Microsoft.VisualStudio.TestTools.Common.TestId"><id type="System.Guid">17bc7c71-b76f-fff4-5721-b318a237e8ba</id></testId></id><testName type="System.String">initTest</testName><testType type="Microsoft.VisualStudio.TestTools.Common.TestType"><id type="System.Guid">13cdc9d9-ddb5-4fa4-a97d-d965ccfc6d4b</id></testType><messageKind type="Microsoft.VisualStudio.TestTools.Common.TestMessageKind"><value__ type="System.Int32">1</value__></messageKind><computerInfo type="Microsoft.VisualStudio.TestTools.Common.ComputerInfo"><m_computerName type="System.String">MYCHAT-2E812B01</m_computerName></computerInfo><duration type="System.TimeSpan">00:00:00.0172868</duration><startTime type="System.DateTime"><dateData type="System.UInt64">632764718680156250</dateData></startTime><endTime type="System.DateTime"><dateData type="System.UInt64">632764718680937500</dateData></endTime><spoolMessage type="System.Boolean">True</spoolMessage></UnitTestResult><UnitTestResult type="Microsoft.VisualStudio.TestTools.TestTypes.Unit.UnitTestResult, Microsoft.VisualStudio.QualityTools.Tips.UnitTest.ObjectModel, Version=8.0.0.0, Culture=neutral, PublicKeyToken=b03f5f7f11d50a3a"><resultType type="Microsoft.VisualStudio.TestTools.TestTypes.Unit.UnitTestResultType, Microsoft.VisualStudio.QualityTools.Tips.UnitTest.ObjectModel, Version=8.0.0.0, Culture=neutral, PublicKeyToken=b03f5f7f11d50a3a"><value__ type="System.Int32">0</value__></resultType><m_hasSufficientAccess type="System.Boolean">True</m_hasSufficientAccess><counters type="Microsoft.VisualStudio.TestTools.Common.TestResultCounter"><values type="System.Int32">0,0,0,0,0,0,0,0,0,0,0,0,0,0</values><total type="System.Int32">1</total></counters><categoryId type="Microsoft.VisualStudio.TestTools.Common.TestCategoryId"><id type="System.Guid">8c84fa94-04c1-424b-9868-57a2d4851a1d</id></categoryId><outcome type="Microsoft.VisualStudio.TestTools.Common.TestOutcome"><value__ type="System.Int32">1</value__></outcome><errorInfo type="Microsoft.VisualStudio.TestTools.Common.TestResultErrorInfo"><message type="System.String">Test method TestProject2.CXMLConfigTest.loadTest threw exception:  System.ArgumentNullException: Value cannot be null.
Parameter name: url.</message><stackTrace type="System.String">    at System.Xml.XmlTextReaderImpl..ctor(String url, XmlNameTable nt)
   at System.Xml.XmlTextReader..ctor(String url, XmlNameTable nt)
   at System.Xml.XmlDocument.Load(String filename)
   at ChuiWenChiu.Utility.CXMLConfig.load(String config) in C:\Downloads\ConsoleApplication2\ChuiWenChiu.Utility\CXMLConfig.cs:line 47
   at TestProject2.CXMLConfigTest.loadTest() in C:\Downloads\ConsoleApplication2\TestProject2\CXMLConfigTest.cs:line 231
</stackTrace></errorInfo><traceInfo type="Microsoft.VisualStudio.TestTools.Common.TestExecutionTraceInformation"><trace type="System.Text.StringBuilder">Creating instance of class TestProject2.CXMLConfigTest.
Calling Test method TestProject2.CXMLConfigTest.Microsoft.VisualStudio.TestTools.TestTypes.Unit.TestMethod.
</trace></traceInfo><stdout type="System.String" /><stderr type="System.String" /><debugTrace type="System.String" /><workItemIds type="System.Collections.Generic.List`1[[System.Int32, mscorlib, Version=2.0.0.0, Culture=neutral, PublicKeyToken=b77a5c561934e089]]"><_size type="System.Int32">0</_size><_version type="System.Int32">1</_version></workItemIds><id type="Microsoft.VisualStudio.TestTools.Common.TestResultId"><runId type="System.Guid">0934e09b-aed6-47ec-9418-b3123de1ee80</runId><executionId type="Microsoft.VisualStudio.TestTools.Common.TestExecId"><id type="System.Guid">b9d2fcfb-5bb6-4db5-be17-cf533b887e6e</id></executionId><parentExecId type="Microsoft.VisualStudio.TestTools.Common.TestExecId"><id type="System.Guid">00000000-0000-0000-0000-000000000000</id></parentExecId><testId type="Microsoft.VisualStudio.TestTools.Common.TestId"><id type="System.Guid">e4498e02-8ccd-f825-06aa-5ed9e71c9a1d</id></testId></id><testName type="System.String">loadTest</testName><testType type="Microsoft.VisualStudio.TestTools.Common.TestType"><id type="System.Guid">13cdc9d9-ddb5-4fa4-a97d-d965ccfc6d4b</id></testType><messageKind type="Microsoft.VisualStudio.TestTools.Common.TestMessageKind"><value__ type="System.Int32">1</value__></messageKind><computerInfo type="Microsoft.VisualStudio.TestTools.Common.ComputerInfo"><m_computerName type="System.String">MYCHAT-2E812B01</m_computerName></computerInfo><duration type="System.TimeSpan">00:00:00.0171667</duration><startTime type="System.DateTime"><dateData type="System.UInt64">632764718680937500</dateData></startTime><endTime type="System.DateTime"><dateData type="System.UInt64">632764718681562500</dateData></endTime><spoolMessage type="System.Boolean">True</spoolMessage></UnitTestResult><UnitTestResult type="Microsoft.VisualStudio.TestTools.TestTypes.Unit.UnitTestResult, Microsoft.VisualStudio.QualityTools.Tips.UnitTest.ObjectModel, Version=8.0.0.0, Culture=neutral, PublicKeyToken=b03f5f7f11d50a3a"><resultType type="Microsoft.VisualStudio.TestTools.TestTypes.Unit.UnitTestResultType, Microsoft.VisualStudio.QualityTools.Tips.UnitTest.ObjectModel, Version=8.0.0.0, Culture=neutral, PublicKeyToken=b03f5f7f11d50a3a"><value__ type="System.Int32">0</value__></resultType><m_hasSufficientAccess type="System.Boolean">True</m_hasSufficientAccess><counters type="Microsoft.VisualStudio.TestTools.Common.TestResultCounter"><values type="System.Int32">0,0,0,0,0,0,0,0,0,0,0,0,0,0</values><total type="System.Int32">1</total></counters><categoryId type="Microsoft.VisualStudio.TestTools.Common.TestCategoryId"><id type="System.Guid">8c84fa94-04c1-424b-9868-57a2d4851a1d</id></categoryId><outcome type="Microsoft.VisualStudio.TestTools.Common.TestOutcome"><value__ type="System.Int32">1</value__></outcome><errorInfo type="Microsoft.VisualStudio.TestTools.Common.TestResultErrorInfo"><message type="System.String">Test method TestProject2.CXMLConfigTest.PackFolderTest threw exception:  System.NullReferenceException: Object reference not set to an instance of an object..</message><stackTrace type="System.String">    at ChuiWenChiu.Utility.CXMLConfig.setText(String tagName, String value) in C:\Downloads\ConsoleApplication2\ChuiWenChiu.Utility\CXMLConfig.cs:line 190
   at ChuiWenChiu.Utility.CXMLConfig.set_PackFolder(String value) in C:\Downloads\ConsoleApplication2\ChuiWenChiu.Utility\CXMLConfig.cs:line 73
   at TestProject2.CXMLConfigTest.PackFolderTest() in C:\Downloads\ConsoleApplication2\TestProject2\CXMLConfigTest.cs:line 245
</stackTrace></errorInfo><traceInfo type="Microsoft.VisualStudio.TestTools.Common.TestExecutionTraceInformation"><trace type="System.Text.StringBuilder">Creating instance of class TestProject2.CXMLConfigTest.
Calling Test method TestProject2.CXMLConfigTest.Microsoft.VisualStudio.TestTools.TestTypes.Unit.TestMethod.
</trace></traceInfo><stdout type="System.String" /><stderr type="System.String" /><debugTrace type="System.String" /><workItemIds type="System.Collections.Generic.List`1[[System.Int32, mscorlib, Version=2.0.0.0, Culture=neutral, PublicKeyToken=b77a5c561934e089]]"><_size type="System.Int32">0</_size><_version type="System.Int32">1</_version></workItemIds><id type="Microsoft.VisualStudio.TestTools.Common.TestResultId"><runId type="System.Guid">0934e09b-aed6-47ec-9418-b3123de1ee80</runId><executionId type="Microsoft.VisualStudio.TestTools.Common.TestExecId"><id type="System.Guid">b5b63717-5dbd-4c5f-b8b6-0c3e33083516</id></executionId><parentExecId type="Microsoft.VisualStudio.TestTools.Common.TestExecId"><id type="System.Guid">00000000-0000-0000-0000-000000000000</id></parentExecId><testId type="Microsoft.VisualStudio.TestTools.Common.TestId"><id type="System.Guid">802b5280-4c00-8661-e170-9538279338f0</id></testId></id><testName type="System.String">PackFolderTest</testName><testType type="Microsoft.VisualStudio.TestTools.Common.TestType"><id type="System.Guid">13cdc9d9-ddb5-4fa4-a97d-d965ccfc6d4b</id></testType><messageKind type="Microsoft.VisualStudio.TestTools.Common.TestMessageKind"><value__ type="System.Int32">1</value__></messageKind><computerInfo type="Microsoft.VisualStudio.TestTools.Common.ComputerInfo"><m_computerName type="System.String">MYCHAT-2E812B01</m_computerName></computerInfo><duration type="System.TimeSpan">00:00:00.0178911</duration><startTime type="System.DateTime"><dateData type="System.UInt64">632764718681562500</dateData></startTime><endTime type="System.DateTime"><dateData type="System.UInt64">632764718682343750</dateData></endTime><spoolMessage type="System.Boolean">True</spoolMessage></UnitTestResult><UnitTestResult type="Microsoft.VisualStudio.TestTools.TestTypes.Unit.UnitTestResult, Microsoft.VisualStudio.QualityTools.Tips.UnitTest.ObjectModel, Version=8.0.0.0, Culture=neutral, PublicKeyToken=b03f5f7f11d50a3a"><resultType type="Microsoft.VisualStudio.TestTools.TestTypes.Unit.UnitTestResultType, Microsoft.VisualStudio.QualityTools.Tips.UnitTest.ObjectModel, Version=8.0.0.0, Culture=neutral, PublicKeyToken=b03f5f7f11d50a3a"><value__ type="System.Int32">0</value__></resultType><m_hasSufficientAccess type="System.Boolean">True</m_hasSufficientAccess><counters type="Microsoft.VisualStudio.TestTools.Common.TestResultCounter"><values type="System.Int32">0,0,0,0,0,0,0,0,0,0,0,0,0,0</values><total type="System.Int32">1</total></counters><categoryId type="Microsoft.VisualStudio.TestTools.Common.TestCategoryId"><id type="System.Guid">8c84fa94-04c1-424b-9868-57a2d4851a1d</id></categoryId><outcome type="Microsoft.VisualStudio.TestTools.Common.TestOutcome"><value__ type="System.Int32">1</value__></outcome><errorInfo type="Microsoft.VisualStudio.TestTools.Common.TestResultErrorInfo"><message type="System.String">Test method TestProject2.CXMLConfigTest.ProjectTagTest threw exception:  System.NullReferenceException: Object reference not set to an instance of an object..</message><stackTrace type="System.String">    at ChuiWenChiu.Utility.CXMLConfig.setText(String tagName, String value) in C:\Downloads\ConsoleApplication2\ChuiWenChiu.Utility\CXMLConfig.cs:line 190
   at ChuiWenChiu.Utility.CXMLConfig.set_ProjectTag(String value) in C:\Downloads\ConsoleApplication2\ChuiWenChiu.Utility\CXMLConfig.cs:line 112
   at TestProject2.CXMLConfigTest.ProjectTagTest() in C:\Downloads\ConsoleApplication2\TestProject2\CXMLConfigTest.cs:line 261
</stackTrace></errorInfo><traceInfo type="Microsoft.VisualStudio.TestTools.Common.TestExecutionTraceInformation"><trace type="System.Text.StringBuilder">Creating instance of class TestProject2.CXMLConfigTest.
Calling Test method TestProject2.CXMLConfigTest.Microsoft.VisualStudio.TestTools.TestTypes.Unit.TestMethod.
</trace></traceInfo><stdout type="System.String" /><stderr type="System.String" /><debugTrace type="System.String" /><workItemIds type="System.Collections.Generic.List`1[[System.Int32, mscorlib, Version=2.0.0.0, Culture=neutral, PublicKeyToken=b77a5c561934e089]]"><_size type="System.Int32">0</_size><_version type="System.Int32">1</_version></workItemIds><id type="Microsoft.VisualStudio.TestTools.Common.TestResultId"><runId type="System.Guid">0934e09b-aed6-47ec-9418-b3123de1ee80</runId><executionId type="Microsoft.VisualStudio.TestTools.Common.TestExecId"><id type="System.Guid">9e4ef86a-07e1-4174-8c16-b088d9bfff93</id></executionId><parentExecId type="Microsoft.VisualStudio.TestTools.Common.TestExecId"><id type="System.Guid">00000000-0000-0000-0000-000000000000</id></parentExecId><testId type="Microsoft.VisualStudio.TestTools.Common.TestId"><id type="System.Guid">6bc9153c-ae06-a6ea-b5b5-ceb75c0401c1</id></testId></id><testName type="System.String">ProjectTagTest</testName><testType type="Microsoft.VisualStudio.TestTools.Common.TestType"><id type="System.Guid">13cdc9d9-ddb5-4fa4-a97d-d965ccfc6d4b</id></testType><messageKind type="Microsoft.VisualStudio.TestTools.Common.TestMessageKind"><value__ type="System.Int32">1</value__></messageKind><computerInfo type="Microsoft.VisualStudio.TestTools.Common.ComputerInfo"><m_computerName type="System.String">MYCHAT-2E812B01</m_computerName></computerInfo><duration type="System.TimeSpan">00:00:00.0181590</duration><startTime type="System.DateTime"><dateData type="System.UInt64">632764718682343750</dateData></startTime><endTime type="System.DateTime"><dateData type="System.UInt64">632764718682968750</dateData></endTime><spoolMessage type="System.Boolean">True</spoolMessage></UnitTestResult><UnitTestResult type="Microsoft.VisualStudio.TestTools.TestTypes.Unit.UnitTestResult, Microsoft.VisualStudio.QualityTools.Tips.UnitTest.ObjectModel, Version=8.0.0.0, Culture=neutral, PublicKeyToken=b03f5f7f11d50a3a"><resultType type="Microsoft.VisualStudio.TestTools.TestTypes.Unit.UnitTestResultType, Microsoft.VisualStudio.QualityTools.Tips.UnitTest.ObjectModel, Version=8.0.0.0, Culture=neutral, PublicKeyToken=b03f5f7f11d50a3a"><value__ type="System.Int32">0</value__></resultType><m_hasSufficientAccess type="System.Boolean">True</m_hasSufficientAccess><counters type="Microsoft.VisualStudio.TestTools.Common.TestResultCounter"><values type="System.Int32">0,0,0,0,0,0,0,0,0,0,0,0,0,0</values><total type="System.Int32">1</total></counters><categoryId type="Microsoft.VisualStudio.TestTools.Common.TestCategoryId"><id type="System.Guid">8c84fa94-04c1-424b-9868-57a2d4851a1d</id></categoryId><outcome type="Microsoft.VisualStudio.TestTools.Common.TestOutcome"><value__ type="System.Int32">1</value__></outcome><errorInfo type="Microsoft.VisualStudio.TestTools.Common.TestResultErrorInfo"><message type="System.String">Test method TestProject2.CXMLConfigTest.saveTest threw exception:  System.Xml.XmlException: Invalid XML document, The document does not have a root element...</message><stackTrace type="System.String">    at System.Xml.XmlDocument.Save(String filename)
   at ChuiWenChiu.Utility.CXMLConfig.save() in C:\Downloads\ConsoleApplication2\ChuiWenChiu.Utility\CXMLConfig.cs:line 54
   at TestProject2.CXMLConfigTest.saveTest() in C:\Downloads\ConsoleApplication2\TestProject2\CXMLConfigTest.cs:line 275
</stackTrace></errorInfo><traceInfo type="Microsoft.VisualStudio.TestTools.Common.TestExecutionTraceInformation"><trace type="System.Text.StringBuilder">Creating instance of class TestProject2.CXMLConfigTest.
Calling Test method TestProject2.CXMLConfigTest.Microsoft.VisualStudio.TestTools.TestTypes.Unit.TestMethod.
</trace></traceInfo><stdout type="System.String" /><stderr type="System.String" /><debugTrace type="System.String" /><workItemIds type="System.Collections.Generic.List`1[[System.Int32, mscorlib, Version=2.0.0.0, Culture=neutral, PublicKeyToken=b77a5c561934e089]]"><_size type="System.Int32">0</_size><_version type="System.Int32">1</_version></workItemIds><id type="Microsoft.VisualStudio.TestTools.Common.TestResultId"><runId type="System.Guid">0934e09b-aed6-47ec-9418-b3123de1ee80</runId><executionId type="Microsoft.VisualStudio.TestTools.Common.TestExecId"><id type="System.Guid">83cf06ce-e958-4c5a-ac8d-aa38faed1a71</id></executionId><parentExecId type="Microsoft.VisualStudio.TestTools.Common.TestExecId"><id type="System.Guid">00000000-0000-0000-0000-000000000000</id></parentExecId><testId type="Microsoft.VisualStudio.TestTools.Common.TestId"><id type="System.Guid">334cf0c6-a6f0-c2d8-4370-35833d3a18b6</id></testId></id><testName type="System.String">saveTest</testName><testType type="Microsoft.VisualStudio.TestTools.Common.TestType"><id type="System.Guid">13cdc9d9-ddb5-4fa4-a97d-d965ccfc6d4b</id></testType><messageKind type="Microsoft.VisualStudio.TestTools.Common.TestMessageKind"><value__ type="System.Int32">1</value__></messageKind><computerInfo type="Microsoft.VisualStudio.TestTools.Common.ComputerInfo"><m_computerName type="System.String">MYCHAT-2E812B01</m_computerName></computerInfo><duration type="System.TimeSpan">00:00:00.1297033</duration><startTime type="System.DateTime"><dateData type="System.UInt64">632764718682968750</dateData></startTime><endTime type="System.DateTime"><dateData type="System.UInt64">632764718685000000</dateData></endTime><spoolMessage type="System.Boolean">True</spoolMessage></UnitTestResult><UnitTestResult type="Microsoft.VisualStudio.TestTools.TestTypes.Unit.UnitTestResult, Microsoft.VisualStudio.QualityTools.Tips.UnitTest.ObjectModel, Version=8.0.0.0, Culture=neutral, PublicKeyToken=b03f5f7f11d50a3a"><resultType type="Microsoft.VisualStudio.TestTools.TestTypes.Unit.UnitTestResultType, Microsoft.VisualStudio.QualityTools.Tips.UnitTest.ObjectModel, Version=8.0.0.0, Culture=neutral, PublicKeyToken=b03f5f7f11d50a3a"><value__ type="System.Int32">0</value__></resultType><m_hasSufficientAccess type="System.Boolean">True</m_hasSufficientAccess><counters type="Microsoft.VisualStudio.TestTools.Common.TestResultCounter"><values type="System.Int32">0,0,0,0,0,0,0,0,0,0,0,0,0,0</values><total type="System.Int32">1</total></counters><categoryId type="Microsoft.VisualStudio.TestTools.Common.TestCategoryId"><id type="System.Guid">8c84fa94-04c1-424b-9868-57a2d4851a1d</id></categoryId><outcome type="Microsoft.VisualStudio.TestTools.Common.TestOutcome"><value__ type="System.Int32">1</value__></outcome><errorInfo type="Microsoft.VisualStudio.TestTools.Common.TestResultErrorInfo"><message type="System.String">Test method TestProject2.CXMLConfigTest.saveTest1 threw exception:  System.Xml.XmlException: Invalid XML document, The document does not have a root element...</message><stackTrace type="System.String">    at System.Xml.XmlDocument.Save(String filename)
   at ChuiWenChiu.Utility.CXMLConfig.save() in C:\Downloads\ConsoleApplication2\ChuiWenChiu.Utility\CXMLConfig.cs:line 54
   at ChuiWenChiu.Utility.CXMLConfig.save(String filename) in C:\Downloads\ConsoleApplication2\ChuiWenChiu.Utility\CXMLConfig.cs:line 63
   at TestProject2.CXMLConfigTest.saveTest1() in C:\Downloads\ConsoleApplication2\TestProject2\CXMLConfigTest.cs:line 289
</stackTrace></errorInfo><traceInfo type="Microsoft.VisualStudio.TestTools.Common.TestExecutionTraceInformation"><trace type="System.Text.StringBuilder">Creating instance of class TestProject2.CXMLConfigTest.
Calling Test method TestProject2.CXMLConfigTest.Microsoft.VisualStudio.TestTools.TestTypes.Unit.TestMethod.
</trace></traceInfo><stdout type="System.String" /><stderr type="System.String" /><debugTrace type="System.String" /><workItemIds type="System.Collections.Generic.List`1[[System.Int32, mscorlib, Version=2.0.0.0, Culture=neutral, PublicKeyToken=b77a5c561934e089]]"><_size type="System.Int32">0</_size><_version type="System.Int32">1</_version></workItemIds><id type="Microsoft.VisualStudio.TestTools.Common.TestResultId"><runId type="System.Guid">0934e09b-aed6-47ec-9418-b3123de1ee80</runId><executionId type="Microsoft.VisualStudio.TestTools.Common.TestExecId"><id type="System.Guid">75b1b344-0677-442a-b164-e4f1e490b025</id></executionId><parentExecId type="Microsoft.VisualStudio.TestTools.Common.TestExecId"><id type="System.Guid">00000000-0000-0000-0000-000000000000</id></parentExecId><testId type="Microsoft.VisualStudio.TestTools.Common.TestId"><id type="System.Guid">4b7733ed-b9b8-ae45-c755-e3719f29c015</id></testId></id><testName type="System.String">saveTest1</testName><testType type="Microsoft.VisualStudio.TestTools.Common.TestType"><id type="System.Guid">13cdc9d9-ddb5-4fa4-a97d-d965ccfc6d4b</id></testType><messageKind type="Microsoft.VisualStudio.TestTools.Common.TestMessageKind"><value__ type="System.Int32">1</value__></messageKind><computerInfo type="Microsoft.VisualStudio.TestTools.Common.ComputerInfo"><m_computerName type="System.String">MYCHAT-2E812B01</m_computerName></computerInfo><duration type="System.TimeSpan">00:00:00.0317741</duration><startTime type="System.DateTime"><dateData type="System.UInt64">632764718685000000</dateData></startTime><endTime type="System.DateTime"><dateData type="System.UInt64">632764718685937500</dateData></endTime><spoolMessage type="System.Boolean">True</spoolMessage></UnitTestResult><UnitTestResult type="Microsoft.VisualStudio.TestTools.TestTypes.Unit.UnitTestResult, Microsoft.VisualStudio.QualityTools.Tips.UnitTest.ObjectModel, Version=8.0.0.0, Culture=neutral, PublicKeyToken=b03f5f7f11d50a3a"><resultType type="Microsoft.VisualStudio.TestTools.TestTypes.Unit.UnitTestResultType, Microsoft.VisualStudio.QualityTools.Tips.UnitTest.ObjectModel, Version=8.0.0.0, Culture=neutral, PublicKeyToken=b03f5f7f11d50a3a"><value__ type="System.Int32">0</value__></resultType><m_hasSufficientAccess type="System.Boolean">True</m_hasSufficientAccess><counters type="Microsoft.VisualStudio.TestTools.Common.TestResultCounter"><values type="System.Int32">0,0,0,0,0,0,0,0,0,0,0,0,0,0</values><total type="System.Int32">1</total></counters><categoryId type="Microsoft.VisualStudio.TestTools.Common.TestCategoryId"><id type="System.Guid">8c84fa94-04c1-424b-9868-57a2d4851a1d</id></categoryId><outcome type="Microsoft.VisualStudio.TestTools.Common.TestOutcome"><value__ type="System.Int32">1</value__></outcome><errorInfo type="Microsoft.VisualStudio.TestTools.Common.TestResultErrorInfo"><message type="System.String">Test method TestProject2.CXMLConfigTest.setTextTest threw exception:  System.Reflection.TargetInvocationException: Exception has been thrown by the target of an invocation. ---&gt;  System.NullReferenceException: Object reference not set to an instance of an object..</message><stackTrace type="System.String">    at ChuiWenChiu.Utility.CXMLConfig.setText(String tagName, String value) in C:\Downloads\ConsoleApplication2\ChuiWenChiu.Utility\CXMLConfig.cs:line 190
 --- End of inner exception stack trace ---
    at System.RuntimeMethodHandle._InvokeMethodFast(Object target, Object[] arguments, SignatureStruct&amp; sig, MethodAttributes methodAttributes, RuntimeTypeHandle typeOwner)
   at System.RuntimeMethodHandle.InvokeMethodFast(Object target, Object[] arguments, Signature sig, MethodAttributes methodAttributes, RuntimeTypeHandle typeOwner)
   at System.Reflection.RuntimeMethodInfo.Invoke(Object obj, BindingFlags invokeAttr, Binder binder, Object[] parameters, CultureInfo culture, Boolean skipVisibilityChecks)
   at System.Reflection.RuntimeMethodInfo.Invoke(Object obj, BindingFlags invokeAttr, Binder binder, Object[] parameters, CultureInfo culture)
   at Microsoft.VisualStudio.TestTools.UnitTesting.PrivateObject.Invoke(String name, BindingFlags invokeAttr, Type[] parameterTypes, Object[] args, CultureInfo culture)
   at Microsoft.VisualStudio.TestTools.UnitTesting.PrivateObject.Invoke(String name, Type[] parameterTypes, Object[] args, CultureInfo culture)
   at Microsoft.VisualStudio.TestTools.UnitTesting.PrivateObject.Invoke(String name, Type[] parameterTypes, Object[] args)
   at TestProject2.ChuiWenChiu_Utility_CXMLConfigAccessor.setText(String tagName, String value) in C:\Downloads\ConsoleApplication2\TestProject2\VSCodeGenAccessors.cs:line 469
   at TestProject2.CXMLConfigTest.setTextTest() in C:\Downloads\ConsoleApplication2\TestProject2\CXMLConfigTest.cs:line 308
</stackTrace></errorInfo><traceInfo type="Microsoft.VisualStudio.TestTools.Common.TestExecutionTraceInformation"><trace type="System.Text.StringBuilder">Creating instance of class TestProject2.CXMLConfigTest.
Calling Test method TestProject2.CXMLConfigTest.Microsoft.VisualStudio.TestTools.TestTypes.Unit.TestMethod.
</trace></traceInfo><stdout type="System.String" /><stderr type="System.String" /><debugTrace type="System.String" /><workItemIds type="System.Collections.Generic.List`1[[System.Int32, mscorlib, Version=2.0.0.0, Culture=neutral, PublicKeyToken=b77a5c561934e089]]"><_size type="System.Int32">0</_size><_version type="System.Int32">1</_version></workItemIds><id type="Microsoft.VisualStudio.TestTools.Common.TestResultId"><runId type="System.Guid">0934e09b-aed6-47ec-9418-b3123de1ee80</runId><executionId type="Microsoft.VisualStudio.TestTools.Common.TestExecId"><id type="System.Guid">e4f0052b-ce5f-47b0-b607-12a4d1a29d95</id></executionId><parentExecId type="Microsoft.VisualStudio.TestTools.Common.TestExecId"><id type="System.Guid">00000000-0000-0000-0000-000000000000</id></parentExecId><testId type="Microsoft.VisualStudio.TestTools.Common.TestId"><id type="System.Guid">c2a293c6-423e-4ad4-4088-4b1423b0b8f3</id></testId></id><testName type="System.String">setTextTest</testName><testType type="Microsoft.VisualStudio.TestTools.Common.TestType"><id type="System.Guid">13cdc9d9-ddb5-4fa4-a97d-d965ccfc6d4b</id></testType><messageKind type="Microsoft.VisualStudio.TestTools.Common.TestMessageKind"><value__ type="System.Int32">1</value__></messageKind><computerInfo type="Microsoft.VisualStudio.TestTools.Common.ComputerInfo"><m_computerName type="System.String">MYCHAT-2E812B01</m_computerName></computerInfo><duration type="System.TimeSpan">00:00:00.0260686</duration><startTime type="System.DateTime"><dateData type="System.UInt64">632764718685937500</dateData></startTime><endTime type="System.DateTime"><dateData type="System.UInt64">632764718686562500</dateData></endTime><spoolMessage type="System.Boolean">True</spoolMessage></UnitTestResult><UnitTestResult type="Microsoft.VisualStudio.TestTools.TestTypes.Unit.UnitTestResult, Microsoft.VisualStudio.QualityTools.Tips.UnitTest.ObjectModel, Version=8.0.0.0, Culture=neutral, PublicKeyToken=b03f5f7f11d50a3a"><resultType type="Microsoft.VisualStudio.TestTools.TestTypes.Unit.UnitTestResultType, Microsoft.VisualStudio.QualityTools.Tips.UnitTest.ObjectModel, Version=8.0.0.0, Culture=neutral, PublicKeyToken=b03f5f7f11d50a3a"><value__ type="System.Int32">0</value__></resultType><m_hasSufficientAccess type="System.Boolean">True</m_hasSufficientAccess><counters type="Microsoft.VisualStudio.TestTools.Common.TestResultCounter"><values type="System.Int32">0,0,0,0,0,0,0,0,0,0,0,0,0,0</values><total type="System.Int32">1</total></counters><categoryId type="Microsoft.VisualStudio.TestTools.Common.TestCategoryId"><id type="System.Guid">8c84fa94-04c1-424b-9868-57a2d4851a1d</id></categoryId><outcome type="Microsoft.VisualStudio.TestTools.Common.TestOutcome"><value__ type="System.Int32">1</value__></outcome><errorInfo type="Microsoft.VisualStudio.TestTools.Common.TestResultErrorInfo"><message type="System.String">Test method TestProject2.CXMLConfigTest.SMTPServerTest threw exception:  System.NullReferenceException: Object reference not set to an instance of an object..</message><stackTrace type="System.String">    at ChuiWenChiu.Utility.CXMLConfig.setText(String tagName, String value) in C:\Downloads\ConsoleApplication2\ChuiWenChiu.Utility\CXMLConfig.cs:line 190
   at ChuiWenChiu.Utility.CXMLConfig.set_SMTPServer(String value) in C:\Downloads\ConsoleApplication2\ChuiWenChiu.Utility\CXMLConfig.cs:line 121
   at TestProject2.CXMLConfigTest.SMTPServerTest() in C:\Downloads\ConsoleApplication2\TestProject2\CXMLConfigTest.cs:line 322
</stackTrace></errorInfo><traceInfo type="Microsoft.VisualStudio.TestTools.Common.TestExecutionTraceInformation"><trace type="System.Text.StringBuilder">Creating instance of class TestProject2.CXMLConfigTest.
Calling Test method TestProject2.CXMLConfigTest.Microsoft.VisualStudio.TestTools.TestTypes.Unit.TestMethod.
</trace></traceInfo><stdout type="System.String" /><stderr type="System.String" /><debugTrace type="System.String" /><workItemIds type="System.Collections.Generic.List`1[[System.Int32, mscorlib, Version=2.0.0.0, Culture=neutral, PublicKeyToken=b77a5c561934e089]]"><_size type="System.Int32">0</_size><_version type="System.Int32">1</_version></workItemIds><id type="Microsoft.VisualStudio.TestTools.Common.TestResultId"><runId type="System.Guid">0934e09b-aed6-47ec-9418-b3123de1ee80</runId><executionId type="Microsoft.VisualStudio.TestTools.Common.TestExecId"><id type="System.Guid">d169666e-94ee-4e7b-ac22-8b31159c0c1d</id></executionId><parentExecId type="Microsoft.VisualStudio.TestTools.Common.TestExecId"><id type="System.Guid">00000000-0000-0000-0000-000000000000</id></parentExecId><testId type="Microsoft.VisualStudio.TestTools.Common.TestId"><id type="System.Guid">a0132fec-140e-0513-f77a-fdc22e4e4164</id></testId></id><testName type="System.String">SMTPServerTest</testName><testType type="Microsoft.VisualStudio.TestTools.Common.TestType"><id type="System.Guid">13cdc9d9-ddb5-4fa4-a97d-d965ccfc6d4b</id></testType><messageKind type="Microsoft.VisualStudio.TestTools.Common.TestMessageKind"><value__ type="System.Int32">1</value__></messageKind><computerInfo type="Microsoft.VisualStudio.TestTools.Common.ComputerInfo"><m_computerName type="System.String">MYCHAT-2E812B01</m_computerName></computerInfo><duration type="System.TimeSpan">00:00:00.0177572</duration><startTime type="System.DateTime"><dateData type="System.UInt64">632764718686562500</dateData></startTime><endTime type="System.DateTime"><dateData type="System.UInt64">632764718687343750</dateData></endTime><spoolMessage type="System.Boolean">True</spoolMessage></UnitTestResult><UnitTestResult type="Microsoft.VisualStudio.TestTools.TestTypes.Unit.UnitTestResult, Microsoft.VisualStudio.QualityTools.Tips.UnitTest.ObjectModel, Version=8.0.0.0, Culture=neutral, PublicKeyToken=b03f5f7f11d50a3a"><resultType type="Microsoft.VisualStudio.TestTools.TestTypes.Unit.UnitTestResultType, Microsoft.VisualStudio.QualityTools.Tips.UnitTest.ObjectModel, Version=8.0.0.0, Culture=neutral, PublicKeyToken=b03f5f7f11d50a3a"><value__ type="System.Int32">0</value__></resultType><m_hasSufficientAccess type="System.Boolean">True</m_hasSufficientAccess><counters type="Microsoft.VisualStudio.TestTools.Common.TestResultCounter"><values type="System.Int32">0,0,0,0,0,0,0,0,0,0,0,0,0,0</values><total type="System.Int32">1</total></counters><categoryId type="Microsoft.VisualStudio.TestTools.Common.TestCategoryId"><id type="System.Guid">8c84fa94-04c1-424b-9868-57a2d4851a1d</id></categoryId><outcome type="Microsoft.VisualStudio.TestTools.Common.TestOutcome"><value__ type="System.Int32">1</value__></outcome><errorInfo type="Microsoft.VisualStudio.TestTools.Common.TestResultErrorInfo"><message type="System.String">Test method TestProject2.CXMLConfigTest.SourceFolderTest threw exception:  System.NullReferenceException: Object reference not set to an instance of an object..</message><stackTrace type="System.String">    at ChuiWenChiu.Utility.CXMLConfig.setText(String tagName, String value) in C:\Downloads\ConsoleApplication2\ChuiWenChiu.Utility\CXMLConfig.cs:line 190
   at ChuiWenChiu.Utility.CXMLConfig.set_SourceFolder(String value) in C:\Downloads\ConsoleApplication2\ChuiWenChiu.Utility\CXMLConfig.cs:line 82
   at TestProject2.CXMLConfigTest.SourceFolderTest() in C:\Downloads\ConsoleApplication2\TestProject2\CXMLConfigTest.cs:line 338
</stackTrace></errorInfo><traceInfo type="Microsoft.VisualStudio.TestTools.Common.TestExecutionTraceInformation"><trace type="System.Text.StringBuilder">Creating instance of class TestProject2.CXMLConfigTest.
Calling Test method TestProject2.CXMLConfigTest.Microsoft.VisualStudio.TestTools.TestTypes.Unit.TestMethod.
</trace></traceInfo><stdout type="System.String" /><stderr type="System.String" /><debugTrace type="System.String" /><workItemIds type="System.Collections.Generic.List`1[[System.Int32, mscorlib, Version=2.0.0.0, Culture=neutral, PublicKeyToken=b77a5c561934e089]]"><_size type="System.Int32">0</_size><_version type="System.Int32">1</_version></workItemIds><id type="Microsoft.VisualStudio.TestTools.Common.TestResultId"><runId type="System.Guid">0934e09b-aed6-47ec-9418-b3123de1ee80</runId><executionId type="Microsoft.VisualStudio.TestTools.Common.TestExecId"><id type="System.Guid">5a73cc18-2136-417d-a8dd-29627985e63d</id></executionId><parentExecId type="Microsoft.VisualStudio.TestTools.Common.TestExecId"><id type="System.Guid">00000000-0000-0000-0000-000000000000</id></parentExecId><testId type="Microsoft.VisualStudio.TestTools.Common.TestId"><id type="System.Guid">7be6ea42-5844-a330-4f2b-c62f7882f026</id></testId></id><testName type="System.String">SourceFolderTest</testName><testType type="Microsoft.VisualStudio.TestTools.Common.TestType"><id type="System.Guid">13cdc9d9-ddb5-4fa4-a97d-d965ccfc6d4b</id></testType><messageKind type="Microsoft.VisualStudio.TestTools.Common.TestMessageKind"><value__ type="System.Int32">1</value__></messageKind><computerInfo type="Microsoft.VisualStudio.TestTools.Common.ComputerInfo"><m_computerName type="System.String">MYCHAT-2E812B01</m_computerName></computerInfo><duration type="System.TimeSpan">00:00:00.0170991</duration><startTime type="System.DateTime"><dateData type="System.UInt64">632764718687343750</dateData></startTime><endTime type="System.DateTime"><dateData type="System.UInt64">632764718687968750</dateData></endTime><spoolMessage type="System.Boolean">True</spoolMessage></UnitTestResult><UnitTestResult type="Microsoft.VisualStudio.TestTools.TestTypes.Unit.UnitTestResult, Microsoft.VisualStudio.QualityTools.Tips.UnitTest.ObjectModel, Version=8.0.0.0, Culture=neutral, PublicKeyToken=b03f5f7f11d50a3a"><resultType type="Microsoft.VisualStudio.TestTools.TestTypes.Unit.UnitTestResultType, Microsoft.VisualStudio.QualityTools.Tips.UnitTest.ObjectModel, Version=8.0.0.0, Culture=neutral, PublicKeyToken=b03f5f7f11d50a3a"><value__ type="System.Int32">0</value__></resultType><m_hasSufficientAccess type="System.Boolean">True</m_hasSufficientAccess><counters type="Microsoft.VisualStudio.TestTools.Common.TestResultCounter"><values type="System.Int32">0,0,0,0,0,0,0,0,0,0,0,0,0,0</values><total type="System.Int32">1</total></counters><categoryId type="Microsoft.VisualStudio.TestTools.Common.TestCategoryId"><id type="System.Guid">8c84fa94-04c1-424b-9868-57a2d4851a1d</id></categoryId><outcome type="Microsoft.VisualStudio.TestTools.Common.TestOutcome"><value__ type="System.Int32">1</value__></outcome><errorInfo type="Microsoft.VisualStudio.TestTools.Common.TestResultErrorInfo"><message type="System.String">Test method TestProject2.CXMLConfigTest.SourceServerTest threw exception:  System.NullReferenceException: Object reference not set to an instance of an object..</message><stackTrace type="System.String">    at ChuiWenChiu.Utility.CXMLConfig.setText(String tagName, String value) in C:\Downloads\ConsoleApplication2\ChuiWenChiu.Utility\CXMLConfig.cs:line 190
   at ChuiWenChiu.Utility.CXMLConfig.set_SourceServer(String value) in C:\Downloads\ConsoleApplication2\ChuiWenChiu.Utility\CXMLConfig.cs:line 130
   at TestProject2.CXMLConfigTest.SourceServerTest() in C:\Downloads\ConsoleApplication2\TestProject2\CXMLConfigTest.cs:line 354
</stackTrace></errorInfo><traceInfo type="Microsoft.VisualStudio.TestTools.Common.TestExecutionTraceInformation"><trace type="System.Text.StringBuilder">Creating instance of class TestProject2.CXMLConfigTest.
Calling Test method TestProject2.CXMLConfigTest.Microsoft.VisualStudio.TestTools.TestTypes.Unit.TestMethod.
</trace></traceInfo><stdout type="System.String" /><stderr type="System.String" /><debugTrace type="System.String" /><workItemIds type="System.Collections.Generic.List`1[[System.Int32, mscorlib, Version=2.0.0.0, Culture=neutral, PublicKeyToken=b77a5c561934e089]]"><_size type="System.Int32">0</_size><_version type="System.Int32">1</_version></workItemIds><id type="Microsoft.VisualStudio.TestTools.Common.TestResultId"><runId type="System.Guid">0934e09b-aed6-47ec-9418-b3123de1ee80</runId><executionId type="Microsoft.VisualStudio.TestTools.Common.TestExecId"><id type="System.Guid">47ec7d7c-fbc9-47de-b592-f6d8d8450e6c</id></executionId><parentExecId type="Microsoft.VisualStudio.TestTools.Common.TestExecId"><id type="System.Guid">00000000-0000-0000-0000-000000000000</id></parentExecId><testId type="Microsoft.VisualStudio.TestTools.Common.TestId"><id type="System.Guid">923da155-950a-9c90-6906-07dce58087c2</id></testId></id><testName type="System.String">SourceServerTest</testName><testType type="Microsoft.VisualStudio.TestTools.Common.TestType"><id type="System.Guid">13cdc9d9-ddb5-4fa4-a97d-d965ccfc6d4b</id></testType><messageKind type="Microsoft.VisualStudio.TestTools.Common.TestMessageKind"><value__ type="System.Int32">1</value__></messageKind><computerInfo type="Microsoft.VisualStudio.TestTools.Common.ComputerInfo"><m_computerName type="System.String">MYCHAT-2E812B01</m_computerName></computerInfo><duration type="System.TimeSpan">00:00:00.0361001</duration><startTime type="System.DateTime"><dateData type="System.UInt64">632764718687968750</dateData></startTime><endTime type="System.DateTime"><dateData type="System.UInt64">632764718688906250</dateData></endTime><spoolMessage type="System.Boolean">True</spoolMessage></UnitTestResult><UnitTestResult type="Microsoft.VisualStudio.TestTools.TestTypes.Unit.UnitTestResult, Microsoft.VisualStudio.QualityTools.Tips.UnitTest.ObjectModel, Version=8.0.0.0, Culture=neutral, PublicKeyToken=b03f5f7f11d50a3a"><resultType type="Microsoft.VisualStudio.TestTools.TestTypes.Unit.UnitTestResultType, Microsoft.VisualStudio.QualityTools.Tips.UnitTest.ObjectModel, Version=8.0.0.0, Culture=neutral, PublicKeyToken=b03f5f7f11d50a3a"><value__ type="System.Int32">0</value__></resultType><m_hasSufficientAccess type="System.Boolean">True</m_hasSufficientAccess><counters type="Microsoft.VisualStudio.TestTools.Common.TestResultCounter"><values type="System.Int32">0,0,0,0,0,0,0,0,0,0,0,0,0,0</values><total type="System.Int32">1</total></counters><categoryId type="Microsoft.VisualStudio.TestTools.Common.TestCategoryId"><id type="System.Guid">8c84fa94-04c1-424b-9868-57a2d4851a1d</id></categoryId><outcome type="Microsoft.VisualStudio.TestTools.Common.TestOutcome"><value__ type="System.Int32">1</value__></outcome><errorInfo type="Microsoft.VisualStudio.TestTools.Common.TestResultErrorInfo"><message type="System.String">Test method TestProject2.RegexPackNameTest.isValidTest threw exception:  System.ArgumentNullException: Value cannot be null.
Parameter name: input.</message><stackTrace type="System.String">    at System.Text.RegularExpressions.Regex.IsMatch(String input)
   at ChuiWenChiu.Utility.RegexPackName.isValid(String str) in C:\Downloads\ConsoleApplication2\ChuiWenChiu.Utility\RegexPackName.cs:line 9
   at TestProject2.RegexPackNameTest.isValidTest() in C:\Downloads\ConsoleApplication2\TestProject2\RegexPackNameTest.cs:line 78
</stackTrace></errorInfo><traceInfo type="Microsoft.VisualStudio.TestTools.Common.TestExecutionTraceInformation"><trace type="System.Text.StringBuilder">Creating instance of class TestProject2.RegexPackNameTest.
Calling Test method TestProject2.RegexPackNameTest.Microsoft.VisualStudio.TestTools.TestTypes.Unit.TestMethod.
</trace></traceInfo><stdout type="System.String" /><stderr type="System.String" /><debugTrace type="System.String" /><workItemIds type="System.Collections.Generic.List`1[[System.Int32, mscorlib, Version=2.0.0.0, Culture=neutral, PublicKeyToken=b77a5c561934e089]]"><_size type="System.Int32">0</_size><_version type="System.Int32">1</_version></workItemIds><id type="Microsoft.VisualStudio.TestTools.Common.TestResultId"><runId type="System.Guid">0934e09b-aed6-47ec-9418-b3123de1ee80</runId><executionId type="Microsoft.VisualStudio.TestTools.Common.TestExecId"><id type="System.Guid">9a7aad20-4f96-48d3-b685-a6d181ab9f00</id></executionId><parentExecId type="Microsoft.VisualStudio.TestTools.Common.TestExecId"><id type="System.Guid">00000000-0000-0000-0000-000000000000</id></parentExecId><testId type="Microsoft.VisualStudio.TestTools.Common.TestId"><id type="System.Guid">91269a72-d82c-618c-6526-c68a0fe7e71b</id></testId></id><testName type="System.String">isValidTest</testName><testType type="Microsoft.VisualStudio.TestTools.Common.TestType"><id type="System.Guid">13cdc9d9-ddb5-4fa4-a97d-d965ccfc6d4b</id></testType><messageKind type="Microsoft.VisualStudio.TestTools.Common.TestMessageKind"><value__ type="System.Int32">1</value__></messageKind><computerInfo type="Microsoft.VisualStudio.TestTools.Common.ComputerInfo"><m_computerName type="System.String">MYCHAT-2E812B01</m_computerName></computerInfo><duration type="System.TimeSpan">00:00:00.0221986</duration><startTime type="System.DateTime"><dateData type="System.UInt64">632764718688906250</dateData></startTime><endTime type="System.DateTime"><dateData type="System.UInt64">632764718689687500</dateData></endTime><spoolMessage type="System.Boolean">True</spoolMessage></UnitTestResult><UnitTestResult type="Microsoft.VisualStudio.TestTools.TestTypes.Unit.UnitTestResult, Microsoft.VisualStudio.QualityTools.Tips.UnitTest.ObjectModel, Version=8.0.0.0, Culture=neutral, PublicKeyToken=b03f5f7f11d50a3a"><resultType type="Microsoft.VisualStudio.TestTools.TestTypes.Unit.UnitTestResultType, Microsoft.VisualStudio.QualityTools.Tips.UnitTest.ObjectModel, Version=8.0.0.0, Culture=neutral, PublicKeyToken=b03f5f7f11d50a3a"><value__ type="System.Int32">0</value__></resultType><m_hasSufficientAccess type="System.Boolean">True</m_hasSufficientAccess><counters type="Microsoft.VisualStudio.TestTools.Common.TestResultCounter"><values type="System.Int32">0,0,0,0,0,0,0,0,0,0,0,0,0,0</values><total type="System.Int32">1</total></counters><categoryId type="Microsoft.VisualStudio.TestTools.Common.TestCategoryId"><id type="System.Guid">8c84fa94-04c1-424b-9868-57a2d4851a1d</id></categoryId><outcome type="Microsoft.VisualStudio.TestTools.Common.TestOutcome"><value__ type="System.Int32">4</value__></outcome><errorInfo type="Microsoft.VisualStudio.TestTools.Common.TestResultErrorInfo"><message type="System.String">Assert.Inconclusive failed. TODO: Implement code to verify target</message><stackTrace type="System.String">   at TestProject2.RegexPackNameTest.ConstructorTest() in C:\Downloads\ConsoleApplication2\TestProject2\RegexPackNameTest.cs:line 92
</stackTrace></errorInfo><traceInfo type="Microsoft.VisualStudio.TestTools.Common.TestExecutionTraceInformation"><trace type="System.Text.StringBuilder">Creating instance of class TestProject2.RegexPackNameTest.
Calling Test method TestProject2.RegexPackNameTest.Microsoft.VisualStudio.TestTools.TestTypes.Unit.TestMethod.
</trace></traceInfo><stdout type="System.String" /><stderr type="System.String" /><debugTrace type="System.String" /><workItemIds type="System.Collections.Generic.List`1[[System.Int32, mscorlib, Version=2.0.0.0, Culture=neutral, PublicKeyToken=b77a5c561934e089]]"><_size type="System.Int32">0</_size><_version type="System.Int32">1</_version></workItemIds><id type="Microsoft.VisualStudio.TestTools.Common.TestResultId"><runId type="System.Guid">0934e09b-aed6-47ec-9418-b3123de1ee80</runId><executionId type="Microsoft.VisualStudio.TestTools.Common.TestExecId"><id type="System.Guid">26f32c2b-3d3b-435e-86ec-45f92e8a434a</id></executionId><parentExecId type="Microsoft.VisualStudio.TestTools.Common.TestExecId"><id type="System.Guid">00000000-0000-0000-0000-000000000000</id></parentExecId><testId type="Microsoft.VisualStudio.TestTools.Common.TestId"><id type="System.Guid">c1cdd32f-2964-5d26-5882-de4d0229562e</id></testId></id><testName type="System.String">ConstructorTest</testName><testType type="Microsoft.VisualStudio.TestTools.Common.TestType"><id type="System.Guid">13cdc9d9-ddb5-4fa4-a97d-d965ccfc6d4b</id></testType><messageKind type="Microsoft.VisualStudio.TestTools.Common.TestMessageKind"><value__ type="System.Int32">1</value__></messageKind><computerInfo type="Microsoft.VisualStudio.TestTools.Common.ComputerInfo"><m_computerName type="System.String">MYCHAT-2E812B01</m_computerName></computerInfo><duration type="System.TimeSpan">00:00:00.0159489</duration><startTime type="System.DateTime"><dateData type="System.UInt64">632764718689687500</dateData></startTime><endTime type="System.DateTime"><dateData type="System.UInt64">632764718690312500</dateData></endTime><spoolMessage type="System.Boolean">True</spoolMessage></UnitTestResult></Tests>